CRITICAL - 2021-03-12 10:54:47 --> Unexpected "form_open" tag (expecting closing tag for the "block" tag defined near line 7).
#0 C:\xampp\htdocs\www\PHP\CodeIgniterTP\vendor\twig\twig\src\TokenParser\BlockTokenParser.php(47): Twig\Parser->subparse(Array, true)
#1 C:\xampp\htdocs\www\PHP\CodeIgniterTP\vendor\twig\twig\src\Parser.php(171): Twig\TokenParser\BlockTokenParser->parse(Object(Twig\Token))
#2 C:\xampp\htdocs\www\PHP\CodeIgniterTP\vendor\twig\twig\src\Parser.php(84): Twig\Parser->subparse(NULL, false)
#3 C:\xampp\htdocs\www\PHP\CodeIgniterTP\vendor\twig\twig\src\Environment.php(479): Twig\Parser->parse(Object(Twig\TokenStream))
#4 C:\xampp\htdocs\www\PHP\CodeIgniterTP\vendor\twig\twig\src\Environment.php(507): Twig\Environment->parse(Object(Twig\TokenStream))
#5 C:\xampp\htdocs\www\PHP\CodeIgniterTP\vendor\twig\twig\src\Environment.php(348): Twig\Environment->compileSource(Object(Twig\Source))
#6 C:\xampp\htdocs\www\PHP\CodeIgniterTP\vendor\twig\twig\src\Environment.php(309): Twig\Environment->loadTemplate('__TwigTemplate_...', 'tag/allTags.twi...')
#7 C:\xampp\htdocs\www\PHP\CodeIgniterTP\vendor\twig\twig\src\Environment.php(277): Twig\Environment->load('tag/allTags.twi...')
#8 C:\xampp\htdocs\www\PHP\CodeIgniterTP\vendor\kenjis\codeigniter-ss-twig\src\CI4Twig\Twig.php(177): Twig\Environment->render('tag/allTags.twi...', Array)
#9 C:\xampp\htdocs\www\PHP\CodeIgniterTP\vendor\kenjis\codeigniter-ss-twig\src\CI4Twig\Twig.php(156): Kenjis\CI4Twig\Twig->render('tag/allTags.twi...', Array)
#10 C:\xampp\htdocs\www\PHP\CodeIgniterTP\app\Controllers\Tagcontroller.php(17): Kenjis\CI4Twig\Twig->display('tag/allTags', Array)
#11 C:\xampp\htdocs\www\PHP\CodeIgniterTP\vendor\codeigniter4\framework\system\CodeIgniter.php(937): App\Controllers\Tagcontroller->allTags()
#12 C:\xampp\htdocs\www\PHP\CodeIgniterTP\vendor\codeigniter4\framework\system\CodeIgniter.php(433): CodeIgniter\CodeIgniter->runController(Object(App\Controllers\Tagcontroller))
#13 C:\xampp\htdocs\www\PHP\CodeIgniterTP\vendor\codeigniter4\framework\system\CodeIgniter.php(334): CodeIgniter\CodeIgniter->handleRequest(NULL, Object(Config\Cache), false)
#14 C:\xampp\htdocs\www\PHP\CodeIgniterTP\public\index.php(44): CodeIgniter\CodeIgniter->run()
#15 {main}
CRITICAL - 2021-03-12 11:31:17 --> Unknown "form_open" function.
#0 C:\xampp\htdocs\www\PHP\CodeIgniterTP\vendor\twig\twig\src\ExpressionParser.php(455): Twig\ExpressionParser->getFunctionNodeClass('form_open', 36)
#1 C:\xampp\htdocs\www\PHP\CodeIgniterTP\vendor\twig\twig\src\ExpressionParser.php(235): Twig\ExpressionParser->getFunctionNode('form_open', 36)
#2 C:\xampp\htdocs\www\PHP\CodeIgniterTP\vendor\twig\twig\src\ExpressionParser.php(175): Twig\ExpressionParser->parsePrimaryExpression()
#3 C:\xampp\htdocs\www\PHP\CodeIgniterTP\vendor\twig\twig\src\ExpressionParser.php(70): Twig\ExpressionParser->getPrimary()
#4 C:\xampp\htdocs\www\PHP\CodeIgniterTP\vendor\twig\twig\src\Parser.php(128): Twig\ExpressionParser->parseExpression()
#5 C:\xampp\htdocs\www\PHP\CodeIgniterTP\vendor\twig\twig\src\TokenParser\BlockTokenParser.php(47): Twig\Parser->subparse(Array, true)
#6 C:\xampp\htdocs\www\PHP\CodeIgniterTP\vendor\twig\twig\src\Parser.php(171): Twig\TokenParser\BlockTokenParser->parse(Object(Twig\Token))
#7 C:\xampp\htdocs\www\PHP\CodeIgniterTP\vendor\twig\twig\src\Parser.php(84): Twig\Parser->subparse(NULL, false)
#8 C:\xampp\htdocs\www\PHP\CodeIgniterTP\vendor\twig\twig\src\Environment.php(479): Twig\Parser->parse(Object(Twig\TokenStream))
#9 C:\xampp\htdocs\www\PHP\CodeIgniterTP\vendor\twig\twig\src\Environment.php(507): Twig\Environment->parse(Object(Twig\TokenStream))
#10 C:\xampp\htdocs\www\PHP\CodeIgniterTP\vendor\twig\twig\src\Environment.php(348): Twig\Environment->compileSource(Object(Twig\Source))
#11 C:\xampp\htdocs\www\PHP\CodeIgniterTP\vendor\twig\twig\src\Environment.php(309): Twig\Environment->loadTemplate('__TwigTemplate_...', 'tag/allTags.twi...')
#12 C:\xampp\htdocs\www\PHP\CodeIgniterTP\vendor\twig\twig\src\Environment.php(277): Twig\Environment->load('tag/allTags.twi...')
#13 C:\xampp\htdocs\www\PHP\CodeIgniterTP\vendor\kenjis\codeigniter-ss-twig\src\CI4Twig\Twig.php(177): Twig\Environment->render('tag/allTags.twi...', Array)
#14 C:\xampp\htdocs\www\PHP\CodeIgniterTP\vendor\kenjis\codeigniter-ss-twig\src\CI4Twig\Twig.php(156): Kenjis\CI4Twig\Twig->render('tag/allTags.twi...', Array)
#15 C:\xampp\htdocs\www\PHP\CodeIgniterTP\app\Controllers\Tagcontroller.php(17): Kenjis\CI4Twig\Twig->display('tag/allTags', Array)
#16 C:\xampp\htdocs\www\PHP\CodeIgniterTP\vendor\codeigniter4\framework\system\CodeIgniter.php(937): App\Controllers\Tagcontroller->allTags()
#17 C:\xampp\htdocs\www\PHP\CodeIgniterTP\vendor\codeigniter4\framework\system\CodeIgniter.php(433): CodeIgniter\CodeIgniter->runController(Object(App\Controllers\Tagcontroller))
#18 C:\xampp\htdocs\www\PHP\CodeIgniterTP\vendor\codeigniter4\framework\system\CodeIgniter.php(334): CodeIgniter\CodeIgniter->handleRequest(NULL, Object(Config\Cache), false)
#19 C:\xampp\htdocs\www\PHP\CodeIgniterTP\public\index.php(44): CodeIgniter\CodeIgniter->run()
#20 {main}
CRITICAL - 2021-03-12 11:31:35 --> Unknown "form_open" function.
#0 C:\xampp\htdocs\www\PHP\CodeIgniterTP\vendor\twig\twig\src\ExpressionParser.php(455): Twig\ExpressionParser->getFunctionNodeClass('form_open', 36)
#1 C:\xampp\htdocs\www\PHP\CodeIgniterTP\vendor\twig\twig\src\ExpressionParser.php(235): Twig\ExpressionParser->getFunctionNode('form_open', 36)
#2 C:\xampp\htdocs\www\PHP\CodeIgniterTP\vendor\twig\twig\src\ExpressionParser.php(175): Twig\ExpressionParser->parsePrimaryExpression()
#3 C:\xampp\htdocs\www\PHP\CodeIgniterTP\vendor\twig\twig\src\ExpressionParser.php(70): Twig\ExpressionParser->getPrimary()
#4 C:\xampp\htdocs\www\PHP\CodeIgniterTP\vendor\twig\twig\src\Parser.php(128): Twig\ExpressionParser->parseExpression()
#5 C:\xampp\htdocs\www\PHP\CodeIgniterTP\vendor\twig\twig\src\TokenParser\BlockTokenParser.php(47): Twig\Parser->subparse(Array, true)
#6 C:\xampp\htdocs\www\PHP\CodeIgniterTP\vendor\twig\twig\src\Parser.php(171): Twig\TokenParser\BlockTokenParser->parse(Object(Twig\Token))
#7 C:\xampp\htdocs\www\PHP\CodeIgniterTP\vendor\twig\twig\src\Parser.php(84): Twig\Parser->subparse(NULL, false)
#8 C:\xampp\htdocs\www\PHP\CodeIgniterTP\vendor\twig\twig\src\Environment.php(479): Twig\Parser->parse(Object(Twig\TokenStream))
#9 C:\xampp\htdocs\www\PHP\CodeIgniterTP\vendor\twig\twig\src\Environment.php(507): Twig\Environment->parse(Object(Twig\TokenStream))
#10 C:\xampp\htdocs\www\PHP\CodeIgniterTP\vendor\twig\twig\src\Environment.php(348): Twig\Environment->compileSource(Object(Twig\Source))
#11 C:\xampp\htdocs\www\PHP\CodeIgniterTP\vendor\twig\twig\src\Environment.php(309): Twig\Environment->loadTemplate('__TwigTemplate_...', 'tag/allTags.twi...')
#12 C:\xampp\htdocs\www\PHP\CodeIgniterTP\vendor\twig\twig\src\Environment.php(277): Twig\Environment->load('tag/allTags.twi...')
#13 C:\xampp\htdocs\www\PHP\CodeIgniterTP\vendor\kenjis\codeigniter-ss-twig\src\CI4Twig\Twig.php(177): Twig\Environment->render('tag/allTags.twi...', Array)
#14 C:\xampp\htdocs\www\PHP\CodeIgniterTP\vendor\kenjis\codeigniter-ss-twig\src\CI4Twig\Twig.php(156): Kenjis\CI4Twig\Twig->render('tag/allTags.twi...', Array)
#15 C:\xampp\htdocs\www\PHP\CodeIgniterTP\app\Controllers\Tagcontroller.php(17): Kenjis\CI4Twig\Twig->display('tag/allTags', Array)
#16 C:\xampp\htdocs\www\PHP\CodeIgniterTP\vendor\codeigniter4\framework\system\CodeIgniter.php(937): App\Controllers\Tagcontroller->allTags()
#17 C:\xampp\htdocs\www\PHP\CodeIgniterTP\vendor\codeigniter4\framework\system\CodeIgniter.php(433): CodeIgniter\CodeIgniter->runController(Object(App\Controllers\Tagcontroller))
#18 C:\xampp\htdocs\www\PHP\CodeIgniterTP\vendor\codeigniter4\framework\system\CodeIgniter.php(334): CodeIgniter\CodeIgniter->handleRequest(NULL, Object(Config\Cache), false)
#19 C:\xampp\htdocs\www\PHP\CodeIgniterTP\public\index.php(44): CodeIgniter\CodeIgniter->run()
#20 {main}
CRITICAL - 2021-03-12 11:31:59 --> Unexpected token "operator" of value "%".
#0 C:\xampp\htdocs\www\PHP\CodeIgniterTP\vendor\twig\twig\src\ExpressionParser.php(175): Twig\ExpressionParser->parsePrimaryExpression()
#1 C:\xampp\htdocs\www\PHP\CodeIgniterTP\vendor\twig\twig\src\ExpressionParser.php(70): Twig\ExpressionParser->getPrimary()
#2 C:\xampp\htdocs\www\PHP\CodeIgniterTP\vendor\twig\twig\src\Parser.php(128): Twig\ExpressionParser->parseExpression()
#3 C:\xampp\htdocs\www\PHP\CodeIgniterTP\vendor\twig\twig\src\TokenParser\BlockTokenParser.php(47): Twig\Parser->subparse(Array, true)
#4 C:\xampp\htdocs\www\PHP\CodeIgniterTP\vendor\twig\twig\src\Parser.php(171): Twig\TokenParser\BlockTokenParser->parse(Object(Twig\Token))
#5 C:\xampp\htdocs\www\PHP\CodeIgniterTP\vendor\twig\twig\src\Parser.php(84): Twig\Parser->subparse(NULL, false)
#6 C:\xampp\htdocs\www\PHP\CodeIgniterTP\vendor\twig\twig\src\Environment.php(479): Twig\Parser->parse(Object(Twig\TokenStream))
#7 C:\xampp\htdocs\www\PHP\CodeIgniterTP\vendor\twig\twig\src\Environment.php(507): Twig\Environment->parse(Object(Twig\TokenStream))
#8 C:\xampp\htdocs\www\PHP\CodeIgniterTP\vendor\twig\twig\src\Environment.php(348): Twig\Environment->compileSource(Object(Twig\Source))
#9 C:\xampp\htdocs\www\PHP\CodeIgniterTP\vendor\twig\twig\src\Environment.php(309): Twig\Environment->loadTemplate('__TwigTemplate_...', 'tag/allTags.twi...')
#10 C:\xampp\htdocs\www\PHP\CodeIgniterTP\vendor\twig\twig\src\Environment.php(277): Twig\Environment->load('tag/allTags.twi...')
#11 C:\xampp\htdocs\www\PHP\CodeIgniterTP\vendor\kenjis\codeigniter-ss-twig\src\CI4Twig\Twig.php(177): Twig\Environment->render('tag/allTags.twi...', Array)
#12 C:\xampp\htdocs\www\PHP\CodeIgniterTP\vendor\kenjis\codeigniter-ss-twig\src\CI4Twig\Twig.php(156): Kenjis\CI4Twig\Twig->render('tag/allTags.twi...', Array)
#13 C:\xampp\htdocs\www\PHP\CodeIgniterTP\app\Controllers\Tagcontroller.php(17): Kenjis\CI4Twig\Twig->display('tag/allTags', Array)
#14 C:\xampp\htdocs\www\PHP\CodeIgniterTP\vendor\codeigniter4\framework\system\CodeIgniter.php(937): App\Controllers\Tagcontroller->allTags()
#15 C:\xampp\htdocs\www\PHP\CodeIgniterTP\vendor\codeigniter4\framework\system\CodeIgniter.php(433): CodeIgniter\CodeIgniter->runController(Object(App\Controllers\Tagcontroller))
#16 C:\xampp\htdocs\www\PHP\CodeIgniterTP\vendor\codeigniter4\framework\system\CodeIgniter.php(334): CodeIgniter\CodeIgniter->handleRequest(NULL, Object(Config\Cache), false)
#17 C:\xampp\htdocs\www\PHP\CodeIgniterTP\public\index.php(44): CodeIgniter\CodeIgniter->run()
#18 {main}
CRITICAL - 2021-03-12 11:32:14 --> Unexpected "form_open" tag (expecting closing tag for the "block" tag defined near line 7).
#0 C:\xampp\htdocs\www\PHP\CodeIgniterTP\vendor\twig\twig\src\TokenParser\BlockTokenParser.php(47): Twig\Parser->subparse(Array, true)
#1 C:\xampp\htdocs\www\PHP\CodeIgniterTP\vendor\twig\twig\src\Parser.php(171): Twig\TokenParser\BlockTokenParser->parse(Object(Twig\Token))
#2 C:\xampp\htdocs\www\PHP\CodeIgniterTP\vendor\twig\twig\src\Parser.php(84): Twig\Parser->subparse(NULL, false)
#3 C:\xampp\htdocs\www\PHP\CodeIgniterTP\vendor\twig\twig\src\Environment.php(479): Twig\Parser->parse(Object(Twig\TokenStream))
#4 C:\xampp\htdocs\www\PHP\CodeIgniterTP\vendor\twig\twig\src\Environment.php(507): Twig\Environment->parse(Object(Twig\TokenStream))
#5 C:\xampp\htdocs\www\PHP\CodeIgniterTP\vendor\twig\twig\src\Environment.php(348): Twig\Environment->compileSource(Object(Twig\Source))
#6 C:\xampp\htdocs\www\PHP\CodeIgniterTP\vendor\twig\twig\src\Environment.php(309): Twig\Environment->loadTemplate('__TwigTemplate_...', 'tag/allTags.twi...')
#7 C:\xampp\htdocs\www\PHP\CodeIgniterTP\vendor\twig\twig\src\Environment.php(277): Twig\Environment->load('tag/allTags.twi...')
#8 C:\xampp\htdocs\www\PHP\CodeIgniterTP\vendor\kenjis\codeigniter-ss-twig\src\CI4Twig\Twig.php(177): Twig\Environment->render('tag/allTags.twi...', Array)
#9 C:\xampp\htdocs\www\PHP\CodeIgniterTP\vendor\kenjis\codeigniter-ss-twig\src\CI4Twig\Twig.php(156): Kenjis\CI4Twig\Twig->render('tag/allTags.twi...', Array)
#10 C:\xampp\htdocs\www\PHP\CodeIgniterTP\app\Controllers\Tagcontroller.php(17): Kenjis\CI4Twig\Twig->display('tag/allTags', Array)
#11 C:\xampp\htdocs\www\PHP\CodeIgniterTP\vendor\codeigniter4\framework\system\CodeIgniter.php(937): App\Controllers\Tagcontroller->allTags()
#12 C:\xampp\htdocs\www\PHP\CodeIgniterTP\vendor\codeigniter4\framework\system\CodeIgniter.php(433): CodeIgniter\CodeIgniter->runController(Object(App\Controllers\Tagcontroller))
#13 C:\xampp\htdocs\www\PHP\CodeIgniterTP\vendor\codeigniter4\framework\system\CodeIgniter.php(334): CodeIgniter\CodeIgniter->handleRequest(NULL, Object(Config\Cache), false)
#14 C:\xampp\htdocs\www\PHP\CodeIgniterTP\public\index.php(44): CodeIgniter\CodeIgniter->run()
#15 {main}
CRITICAL - 2021-03-12 11:45:59 --> Unexpected "form_open" tag (expecting closing tag for the "block" tag defined near line 7).
#0 C:\xampp\htdocs\www\PHP\CodeIgniterTP\vendor\twig\twig\src\TokenParser\BlockTokenParser.php(47): Twig\Parser->subparse(Array, true)
#1 C:\xampp\htdocs\www\PHP\CodeIgniterTP\vendor\twig\twig\src\Parser.php(171): Twig\TokenParser\BlockTokenParser->parse(Object(Twig\Token))
#2 C:\xampp\htdocs\www\PHP\CodeIgniterTP\vendor\twig\twig\src\Parser.php(84): Twig\Parser->subparse(NULL, false)
#3 C:\xampp\htdocs\www\PHP\CodeIgniterTP\vendor\twig\twig\src\Environment.php(479): Twig\Parser->parse(Object(Twig\TokenStream))
#4 C:\xampp\htdocs\www\PHP\CodeIgniterTP\vendor\twig\twig\src\Environment.php(507): Twig\Environment->parse(Object(Twig\TokenStream))
#5 C:\xampp\htdocs\www\PHP\CodeIgniterTP\vendor\twig\twig\src\Environment.php(348): Twig\Environment->compileSource(Object(Twig\Source))
#6 C:\xampp\htdocs\www\PHP\CodeIgniterTP\vendor\twig\twig\src\Environment.php(309): Twig\Environment->loadTemplate('__TwigTemplate_...', 'tag/allTags.twi...')
#7 C:\xampp\htdocs\www\PHP\CodeIgniterTP\vendor\twig\twig\src\Environment.php(277): Twig\Environment->load('tag/allTags.twi...')
#8 C:\xampp\htdocs\www\PHP\CodeIgniterTP\vendor\kenjis\codeigniter-ss-twig\src\CI4Twig\Twig.php(177): Twig\Environment->render('tag/allTags.twi...', Array)
#9 C:\xampp\htdocs\www\PHP\CodeIgniterTP\vendor\kenjis\codeigniter-ss-twig\src\CI4Twig\Twig.php(156): Kenjis\CI4Twig\Twig->render('tag/allTags.twi...', Array)
#10 C:\xampp\htdocs\www\PHP\CodeIgniterTP\app\Controllers\Tagcontroller.php(17): Kenjis\CI4Twig\Twig->display('tag/allTags', Array)
#11 C:\xampp\htdocs\www\PHP\CodeIgniterTP\vendor\codeigniter4\framework\system\CodeIgniter.php(937): App\Controllers\Tagcontroller->allTags()
#12 C:\xampp\htdocs\www\PHP\CodeIgniterTP\vendor\codeigniter4\framework\system\CodeIgniter.php(433): CodeIgniter\CodeIgniter->runController(Object(App\Controllers\Tagcontroller))
#13 C:\xampp\htdocs\www\PHP\CodeIgniterTP\vendor\codeigniter4\framework\system\CodeIgniter.php(334): CodeIgniter\CodeIgniter->handleRequest(NULL, Object(Config\Cache), false)
#14 C:\xampp\htdocs\www\PHP\CodeIgniterTP\public\index.php(44): CodeIgniter\CodeIgniter->run()
#15 {main}
CRITICAL - 2021-03-12 11:46:21 --> Unknown "form_open" function.
#0 C:\xampp\htdocs\www\PHP\CodeIgniterTP\vendor\twig\twig\src\ExpressionParser.php(455): Twig\ExpressionParser->getFunctionNodeClass('form_open', 36)
#1 C:\xampp\htdocs\www\PHP\CodeIgniterTP\vendor\twig\twig\src\ExpressionParser.php(235): Twig\ExpressionParser->getFunctionNode('form_open', 36)
#2 C:\xampp\htdocs\www\PHP\CodeIgniterTP\vendor\twig\twig\src\ExpressionParser.php(175): Twig\ExpressionParser->parsePrimaryExpression()
#3 C:\xampp\htdocs\www\PHP\CodeIgniterTP\vendor\twig\twig\src\ExpressionParser.php(70): Twig\ExpressionParser->getPrimary()
#4 C:\xampp\htdocs\www\PHP\CodeIgniterTP\vendor\twig\twig\src\Parser.php(128): Twig\ExpressionParser->parseExpression()
#5 C:\xampp\htdocs\www\PHP\CodeIgniterTP\vendor\twig\twig\src\TokenParser\BlockTokenParser.php(47): Twig\Parser->subparse(Array, true)
#6 C:\xampp\htdocs\www\PHP\CodeIgniterTP\vendor\twig\twig\src\Parser.php(171): Twig\TokenParser\BlockTokenParser->parse(Object(Twig\Token))
#7 C:\xampp\htdocs\www\PHP\CodeIgniterTP\vendor\twig\twig\src\Parser.php(84): Twig\Parser->subparse(NULL, false)
#8 C:\xampp\htdocs\www\PHP\CodeIgniterTP\vendor\twig\twig\src\Environment.php(479): Twig\Parser->parse(Object(Twig\TokenStream))
#9 C:\xampp\htdocs\www\PHP\CodeIgniterTP\vendor\twig\twig\src\Environment.php(507): Twig\Environment->parse(Object(Twig\TokenStream))
#10 C:\xampp\htdocs\www\PHP\CodeIgniterTP\vendor\twig\twig\src\Environment.php(348): Twig\Environment->compileSource(Object(Twig\Source))
#11 C:\xampp\htdocs\www\PHP\CodeIgniterTP\vendor\twig\twig\src\Environment.php(309): Twig\Environment->loadTemplate('__TwigTemplate_...', 'tag/allTags.twi...')
#12 C:\xampp\htdocs\www\PHP\CodeIgniterTP\vendor\twig\twig\src\Environment.php(277): Twig\Environment->load('tag/allTags.twi...')
#13 C:\xampp\htdocs\www\PHP\CodeIgniterTP\vendor\kenjis\codeigniter-ss-twig\src\CI4Twig\Twig.php(177): Twig\Environment->render('tag/allTags.twi...', Array)
#14 C:\xampp\htdocs\www\PHP\CodeIgniterTP\vendor\kenjis\codeigniter-ss-twig\src\CI4Twig\Twig.php(156): Kenjis\CI4Twig\Twig->render('tag/allTags.twi...', Array)
#15 C:\xampp\htdocs\www\PHP\CodeIgniterTP\app\Controllers\Tagcontroller.php(17): Kenjis\CI4Twig\Twig->display('tag/allTags', Array)
#16 C:\xampp\htdocs\www\PHP\CodeIgniterTP\vendor\codeigniter4\framework\system\CodeIgniter.php(937): App\Controllers\Tagcontroller->allTags()
#17 C:\xampp\htdocs\www\PHP\CodeIgniterTP\vendor\codeigniter4\framework\system\CodeIgniter.php(433): CodeIgniter\CodeIgniter->runController(Object(App\Controllers\Tagcontroller))
#18 C:\xampp\htdocs\www\PHP\CodeIgniterTP\vendor\codeigniter4\framework\system\CodeIgniter.php(334): CodeIgniter\CodeIgniter->handleRequest(NULL, Object(Config\Cache), false)
#19 C:\xampp\htdocs\www\PHP\CodeIgniterTP\public\index.php(44): CodeIgniter\CodeIgniter->run()
#20 {main}
CRITICAL - 2021-03-12 11:46:35 --> Unknown "form_open" function.
#0 C:\xampp\htdocs\www\PHP\CodeIgniterTP\vendor\twig\twig\src\ExpressionParser.php(455): Twig\ExpressionParser->getFunctionNodeClass('form_open', 36)
#1 C:\xampp\htdocs\www\PHP\CodeIgniterTP\vendor\twig\twig\src\ExpressionParser.php(235): Twig\ExpressionParser->getFunctionNode('form_open', 36)
#2 C:\xampp\htdocs\www\PHP\CodeIgniterTP\vendor\twig\twig\src\ExpressionParser.php(175): Twig\ExpressionParser->parsePrimaryExpression()
#3 C:\xampp\htdocs\www\PHP\CodeIgniterTP\vendor\twig\twig\src\ExpressionParser.php(70): Twig\ExpressionParser->getPrimary()
#4 C:\xampp\htdocs\www\PHP\CodeIgniterTP\vendor\twig\twig\src\Parser.php(128): Twig\ExpressionParser->parseExpression()
#5 C:\xampp\htdocs\www\PHP\CodeIgniterTP\vendor\twig\twig\src\TokenParser\BlockTokenParser.php(47): Twig\Parser->subparse(Array, true)
#6 C:\xampp\htdocs\www\PHP\CodeIgniterTP\vendor\twig\twig\src\Parser.php(171): Twig\TokenParser\BlockTokenParser->parse(Object(Twig\Token))
#7 C:\xampp\htdocs\www\PHP\CodeIgniterTP\vendor\twig\twig\src\Parser.php(84): Twig\Parser->subparse(NULL, false)
#8 C:\xampp\htdocs\www\PHP\CodeIgniterTP\vendor\twig\twig\src\Environment.php(479): Twig\Parser->parse(Object(Twig\TokenStream))
#9 C:\xampp\htdocs\www\PHP\CodeIgniterTP\vendor\twig\twig\src\Environment.php(507): Twig\Environment->parse(Object(Twig\TokenStream))
#10 C:\xampp\htdocs\www\PHP\CodeIgniterTP\vendor\twig\twig\src\Environment.php(348): Twig\Environment->compileSource(Object(Twig\Source))
#11 C:\xampp\htdocs\www\PHP\CodeIgniterTP\vendor\twig\twig\src\Environment.php(309): Twig\Environment->loadTemplate('__TwigTemplate_...', 'tag/allTags.twi...')
#12 C:\xampp\htdocs\www\PHP\CodeIgniterTP\vendor\twig\twig\src\Environment.php(277): Twig\Environment->load('tag/allTags.twi...')
#13 C:\xampp\htdocs\www\PHP\CodeIgniterTP\vendor\kenjis\codeigniter-ss-twig\src\CI4Twig\Twig.php(177): Twig\Environment->render('tag/allTags.twi...', Array)
#14 C:\xampp\htdocs\www\PHP\CodeIgniterTP\vendor\kenjis\codeigniter-ss-twig\src\CI4Twig\Twig.php(156): Kenjis\CI4Twig\Twig->render('tag/allTags.twi...', Array)
#15 C:\xampp\htdocs\www\PHP\CodeIgniterTP\app\Controllers\Tagcontroller.php(17): Kenjis\CI4Twig\Twig->display('tag/allTags', Array)
#16 C:\xampp\htdocs\www\PHP\CodeIgniterTP\vendor\codeigniter4\framework\system\CodeIgniter.php(937): App\Controllers\Tagcontroller->allTags()
#17 C:\xampp\htdocs\www\PHP\CodeIgniterTP\vendor\codeigniter4\framework\system\CodeIgniter.php(433): CodeIgniter\CodeIgniter->runController(Object(App\Controllers\Tagcontroller))
#18 C:\xampp\htdocs\www\PHP\CodeIgniterTP\vendor\codeigniter4\framework\system\CodeIgniter.php(334): CodeIgniter\CodeIgniter->handleRequest(NULL, Object(Config\Cache), false)
#19 C:\xampp\htdocs\www\PHP\CodeIgniterTP\public\index.php(44): CodeIgniter\CodeIgniter->run()
#20 {main}
CRITICAL - 2021-03-12 11:46:48 --> Unexpected "form_open" tag (expecting closing tag for the "block" tag defined near line 7).
#0 C:\xampp\htdocs\www\PHP\CodeIgniterTP\vendor\twig\twig\src\TokenParser\BlockTokenParser.php(47): Twig\Parser->subparse(Array, true)
#1 C:\xampp\htdocs\www\PHP\CodeIgniterTP\vendor\twig\twig\src\Parser.php(171): Twig\TokenParser\BlockTokenParser->parse(Object(Twig\Token))
#2 C:\xampp\htdocs\www\PHP\CodeIgniterTP\vendor\twig\twig\src\Parser.php(84): Twig\Parser->subparse(NULL, false)
#3 C:\xampp\htdocs\www\PHP\CodeIgniterTP\vendor\twig\twig\src\Environment.php(479): Twig\Parser->parse(Object(Twig\TokenStream))
#4 C:\xampp\htdocs\www\PHP\CodeIgniterTP\vendor\twig\twig\src\Environment.php(507): Twig\Environment->parse(Object(Twig\TokenStream))
#5 C:\xampp\htdocs\www\PHP\CodeIgniterTP\vendor\twig\twig\src\Environment.php(348): Twig\Environment->compileSource(Object(Twig\Source))
#6 C:\xampp\htdocs\www\PHP\CodeIgniterTP\vendor\twig\twig\src\Environment.php(309): Twig\Environment->loadTemplate('__TwigTemplate_...', 'tag/allTags.twi...')
#7 C:\xampp\htdocs\www\PHP\CodeIgniterTP\vendor\twig\twig\src\Environment.php(277): Twig\Environment->load('tag/allTags.twi...')
#8 C:\xampp\htdocs\www\PHP\CodeIgniterTP\vendor\kenjis\codeigniter-ss-twig\src\CI4Twig\Twig.php(177): Twig\Environment->render('tag/allTags.twi...', Array)
#9 C:\xampp\htdocs\www\PHP\CodeIgniterTP\vendor\kenjis\codeigniter-ss-twig\src\CI4Twig\Twig.php(156): Kenjis\CI4Twig\Twig->render('tag/allTags.twi...', Array)
#10 C:\xampp\htdocs\www\PHP\CodeIgniterTP\app\Controllers\Tagcontroller.php(17): Kenjis\CI4Twig\Twig->display('tag/allTags', Array)
#11 C:\xampp\htdocs\www\PHP\CodeIgniterTP\vendor\codeigniter4\framework\system\CodeIgniter.php(937): App\Controllers\Tagcontroller->allTags()
#12 C:\xampp\htdocs\www\PHP\CodeIgniterTP\vendor\codeigniter4\framework\system\CodeIgniter.php(433): CodeIgniter\CodeIgniter->runController(Object(App\Controllers\Tagcontroller))
#13 C:\xampp\htdocs\www\PHP\CodeIgniterTP\vendor\codeigniter4\framework\system\CodeIgniter.php(334): CodeIgniter\CodeIgniter->handleRequest(NULL, Object(Config\Cache), false)
#14 C:\xampp\htdocs\www\PHP\CodeIgniterTP\public\index.php(44): CodeIgniter\CodeIgniter->run()
#15 {main}
CRITICAL - 2021-03-12 11:47:51 --> Unknown "form_open" function.
#0 C:\xampp\htdocs\www\PHP\CodeIgniterTP\vendor\twig\twig\src\ExpressionParser.php(455): Twig\ExpressionParser->getFunctionNodeClass('form_open', 36)
#1 C:\xampp\htdocs\www\PHP\CodeIgniterTP\vendor\twig\twig\src\ExpressionParser.php(235): Twig\ExpressionParser->getFunctionNode('form_open', 36)
#2 C:\xampp\htdocs\www\PHP\CodeIgniterTP\vendor\twig\twig\src\ExpressionParser.php(175): Twig\ExpressionParser->parsePrimaryExpression()
#3 C:\xampp\htdocs\www\PHP\CodeIgniterTP\vendor\twig\twig\src\ExpressionParser.php(70): Twig\ExpressionParser->getPrimary()
#4 C:\xampp\htdocs\www\PHP\CodeIgniterTP\vendor\twig\twig\src\Parser.php(128): Twig\ExpressionParser->parseExpression()
#5 C:\xampp\htdocs\www\PHP\CodeIgniterTP\vendor\twig\twig\src\TokenParser\BlockTokenParser.php(47): Twig\Parser->subparse(Array, true)
#6 C:\xampp\htdocs\www\PHP\CodeIgniterTP\vendor\twig\twig\src\Parser.php(171): Twig\TokenParser\BlockTokenParser->parse(Object(Twig\Token))
#7 C:\xampp\htdocs\www\PHP\CodeIgniterTP\vendor\twig\twig\src\Parser.php(84): Twig\Parser->subparse(NULL, false)
#8 C:\xampp\htdocs\www\PHP\CodeIgniterTP\vendor\twig\twig\src\Environment.php(479): Twig\Parser->parse(Object(Twig\TokenStream))
#9 C:\xampp\htdocs\www\PHP\CodeIgniterTP\vendor\twig\twig\src\Environment.php(507): Twig\Environment->parse(Object(Twig\TokenStream))
#10 C:\xampp\htdocs\www\PHP\CodeIgniterTP\vendor\twig\twig\src\Environment.php(348): Twig\Environment->compileSource(Object(Twig\Source))
#11 C:\xampp\htdocs\www\PHP\CodeIgniterTP\vendor\twig\twig\src\Environment.php(309): Twig\Environment->loadTemplate('__TwigTemplate_...', 'tag/allTags.twi...')
#12 C:\xampp\htdocs\www\PHP\CodeIgniterTP\vendor\twig\twig\src\Environment.php(277): Twig\Environment->load('tag/allTags.twi...')
#13 C:\xampp\htdocs\www\PHP\CodeIgniterTP\vendor\kenjis\codeigniter-ss-twig\src\CI4Twig\Twig.php(177): Twig\Environment->render('tag/allTags.twi...', Array)
#14 C:\xampp\htdocs\www\PHP\CodeIgniterTP\vendor\kenjis\codeigniter-ss-twig\src\CI4Twig\Twig.php(156): Kenjis\CI4Twig\Twig->render('tag/allTags.twi...', Array)
#15 C:\xampp\htdocs\www\PHP\CodeIgniterTP\app\Controllers\Tagcontroller.php(17): Kenjis\CI4Twig\Twig->display('tag/allTags', Array)
#16 C:\xampp\htdocs\www\PHP\CodeIgniterTP\vendor\codeigniter4\framework\system\CodeIgniter.php(937): App\Controllers\Tagcontroller->allTags()
#17 C:\xampp\htdocs\www\PHP\CodeIgniterTP\vendor\codeigniter4\framework\system\CodeIgniter.php(433): CodeIgniter\CodeIgniter->runController(Object(App\Controllers\Tagcontroller))
#18 C:\xampp\htdocs\www\PHP\CodeIgniterTP\vendor\codeigniter4\framework\system\CodeIgniter.php(334): CodeIgniter\CodeIgniter->handleRequest(NULL, Object(Config\Cache), false)
#19 C:\xampp\htdocs\www\PHP\CodeIgniterTP\public\index.php(44): CodeIgniter\CodeIgniter->run()
#20 {main}
CRITICAL - 2021-03-12 11:48:04 --> Unknown "form_open" function.
#0 C:\xampp\htdocs\www\PHP\CodeIgniterTP\vendor\twig\twig\src\ExpressionParser.php(455): Twig\ExpressionParser->getFunctionNodeClass('form_open', 36)
#1 C:\xampp\htdocs\www\PHP\CodeIgniterTP\vendor\twig\twig\src\ExpressionParser.php(235): Twig\ExpressionParser->getFunctionNode('form_open', 36)
#2 C:\xampp\htdocs\www\PHP\CodeIgniterTP\vendor\twig\twig\src\ExpressionParser.php(175): Twig\ExpressionParser->parsePrimaryExpression()
#3 C:\xampp\htdocs\www\PHP\CodeIgniterTP\vendor\twig\twig\src\ExpressionParser.php(70): Twig\ExpressionParser->getPrimary()
#4 C:\xampp\htdocs\www\PHP\CodeIgniterTP\vendor\twig\twig\src\Parser.php(128): Twig\ExpressionParser->parseExpression()
#5 C:\xampp\htdocs\www\PHP\CodeIgniterTP\vendor\twig\twig\src\TokenParser\BlockTokenParser.php(47): Twig\Parser->subparse(Array, true)
#6 C:\xampp\htdocs\www\PHP\CodeIgniterTP\vendor\twig\twig\src\Parser.php(171): Twig\TokenParser\BlockTokenParser->parse(Object(Twig\Token))
#7 C:\xampp\htdocs\www\PHP\CodeIgniterTP\vendor\twig\twig\src\Parser.php(84): Twig\Parser->subparse(NULL, false)
#8 C:\xampp\htdocs\www\PHP\CodeIgniterTP\vendor\twig\twig\src\Environment.php(479): Twig\Parser->parse(Object(Twig\TokenStream))
#9 C:\xampp\htdocs\www\PHP\CodeIgniterTP\vendor\twig\twig\src\Environment.php(507): Twig\Environment->parse(Object(Twig\TokenStream))
#10 C:\xampp\htdocs\www\PHP\CodeIgniterTP\vendor\twig\twig\src\Environment.php(348): Twig\Environment->compileSource(Object(Twig\Source))
#11 C:\xampp\htdocs\www\PHP\CodeIgniterTP\vendor\twig\twig\src\Environment.php(309): Twig\Environment->loadTemplate('__TwigTemplate_...', 'tag/allTags.twi...')
#12 C:\xampp\htdocs\www\PHP\CodeIgniterTP\vendor\twig\twig\src\Environment.php(277): Twig\Environment->load('tag/allTags.twi...')
#13 C:\xampp\htdocs\www\PHP\CodeIgniterTP\vendor\kenjis\codeigniter-ss-twig\src\CI4Twig\Twig.php(177): Twig\Environment->render('tag/allTags.twi...', Array)
#14 C:\xampp\htdocs\www\PHP\CodeIgniterTP\vendor\kenjis\codeigniter-ss-twig\src\CI4Twig\Twig.php(156): Kenjis\CI4Twig\Twig->render('tag/allTags.twi...', Array)
#15 C:\xampp\htdocs\www\PHP\CodeIgniterTP\app\Controllers\Tagcontroller.php(17): Kenjis\CI4Twig\Twig->display('tag/allTags', Array)
#16 C:\xampp\htdocs\www\PHP\CodeIgniterTP\vendor\codeigniter4\framework\system\CodeIgniter.php(937): App\Controllers\Tagcontroller->allTags()
#17 C:\xampp\htdocs\www\PHP\CodeIgniterTP\vendor\codeigniter4\framework\system\CodeIgniter.php(433): CodeIgniter\CodeIgniter->runController(Object(App\Controllers\Tagcontroller))
#18 C:\xampp\htdocs\www\PHP\CodeIgniterTP\vendor\codeigniter4\framework\system\CodeIgniter.php(334): CodeIgniter\CodeIgniter->handleRequest(NULL, Object(Config\Cache), false)
#19 C:\xampp\htdocs\www\PHP\CodeIgniterTP\public\index.php(44): CodeIgniter\CodeIgniter->run()
#20 {main}
CRITICAL - 2021-03-12 11:50:07 --> Unknown "form_close" function.
#0 C:\xampp\htdocs\www\PHP\CodeIgniterTP\vendor\twig\twig\src\ExpressionParser.php(455): Twig\ExpressionParser->getFunctionNodeClass('form_close', 40)
#1 C:\xampp\htdocs\www\PHP\CodeIgniterTP\vendor\twig\twig\src\ExpressionParser.php(235): Twig\ExpressionParser->getFunctionNode('form_close', 40)
#2 C:\xampp\htdocs\www\PHP\CodeIgniterTP\vendor\twig\twig\src\ExpressionParser.php(175): Twig\ExpressionParser->parsePrimaryExpression()
#3 C:\xampp\htdocs\www\PHP\CodeIgniterTP\vendor\twig\twig\src\ExpressionParser.php(70): Twig\ExpressionParser->getPrimary()
#4 C:\xampp\htdocs\www\PHP\CodeIgniterTP\vendor\twig\twig\src\Parser.php(128): Twig\ExpressionParser->parseExpression()
#5 C:\xampp\htdocs\www\PHP\CodeIgniterTP\vendor\twig\twig\src\TokenParser\BlockTokenParser.php(47): Twig\Parser->subparse(Array, true)
#6 C:\xampp\htdocs\www\PHP\CodeIgniterTP\vendor\twig\twig\src\Parser.php(171): Twig\TokenParser\BlockTokenParser->parse(Object(Twig\Token))
#7 C:\xampp\htdocs\www\PHP\CodeIgniterTP\vendor\twig\twig\src\Parser.php(84): Twig\Parser->subparse(NULL, false)
#8 C:\xampp\htdocs\www\PHP\CodeIgniterTP\vendor\twig\twig\src\Environment.php(479): Twig\Parser->parse(Object(Twig\TokenStream))
#9 C:\xampp\htdocs\www\PHP\CodeIgniterTP\vendor\twig\twig\src\Environment.php(507): Twig\Environment->parse(Object(Twig\TokenStream))
#10 C:\xampp\htdocs\www\PHP\CodeIgniterTP\vendor\twig\twig\src\Environment.php(348): Twig\Environment->compileSource(Object(Twig\Source))
#11 C:\xampp\htdocs\www\PHP\CodeIgniterTP\vendor\twig\twig\src\Environment.php(309): Twig\Environment->loadTemplate('__TwigTemplate_...', 'tag/allTags.twi...')
#12 C:\xampp\htdocs\www\PHP\CodeIgniterTP\vendor\twig\twig\src\Environment.php(277): Twig\Environment->load('tag/allTags.twi...')
#13 C:\xampp\htdocs\www\PHP\CodeIgniterTP\vendor\kenjis\codeigniter-ss-twig\src\CI4Twig\Twig.php(177): Twig\Environment->render('tag/allTags.twi...', Array)
#14 C:\xampp\htdocs\www\PHP\CodeIgniterTP\vendor\kenjis\codeigniter-ss-twig\src\CI4Twig\Twig.php(156): Kenjis\CI4Twig\Twig->render('tag/allTags.twi...', Array)
#15 C:\xampp\htdocs\www\PHP\CodeIgniterTP\app\Controllers\Tagcontroller.php(17): Kenjis\CI4Twig\Twig->display('tag/allTags', Array)
#16 C:\xampp\htdocs\www\PHP\CodeIgniterTP\vendor\codeigniter4\framework\system\CodeIgniter.php(937): App\Controllers\Tagcontroller->allTags()
#17 C:\xampp\htdocs\www\PHP\CodeIgniterTP\vendor\codeigniter4\framework\system\CodeIgniter.php(433): CodeIgniter\CodeIgniter->runController(Object(App\Controllers\Tagcontroller))
#18 C:\xampp\htdocs\www\PHP\CodeIgniterTP\vendor\codeigniter4\framework\system\CodeIgniter.php(334): CodeIgniter\CodeIgniter->handleRequest(NULL, Object(Config\Cache), false)
#19 C:\xampp\htdocs\www\PHP\CodeIgniterTP\public\index.php(44): CodeIgniter\CodeIgniter->run()
#20 {main}
CRITICAL - 2021-03-12 11:50:32 --> Unknown "form_open" function.
#0 C:\xampp\htdocs\www\PHP\CodeIgniterTP\vendor\twig\twig\src\ExpressionParser.php(455): Twig\ExpressionParser->getFunctionNodeClass('form_open', 36)
#1 C:\xampp\htdocs\www\PHP\CodeIgniterTP\vendor\twig\twig\src\ExpressionParser.php(235): Twig\ExpressionParser->getFunctionNode('form_open', 36)
#2 C:\xampp\htdocs\www\PHP\CodeIgniterTP\vendor\twig\twig\src\ExpressionParser.php(175): Twig\ExpressionParser->parsePrimaryExpression()
#3 C:\xampp\htdocs\www\PHP\CodeIgniterTP\vendor\twig\twig\src\ExpressionParser.php(70): Twig\ExpressionParser->getPrimary()
#4 C:\xampp\htdocs\www\PHP\CodeIgniterTP\vendor\twig\twig\src\Parser.php(128): Twig\ExpressionParser->parseExpression()
#5 C:\xampp\htdocs\www\PHP\CodeIgniterTP\vendor\twig\twig\src\TokenParser\BlockTokenParser.php(47): Twig\Parser->subparse(Array, true)
#6 C:\xampp\htdocs\www\PHP\CodeIgniterTP\vendor\twig\twig\src\Parser.php(171): Twig\TokenParser\BlockTokenParser->parse(Object(Twig\Token))
#7 C:\xampp\htdocs\www\PHP\CodeIgniterTP\vendor\twig\twig\src\Parser.php(84): Twig\Parser->subparse(NULL, false)
#8 C:\xampp\htdocs\www\PHP\CodeIgniterTP\vendor\twig\twig\src\Environment.php(479): Twig\Parser->parse(Object(Twig\TokenStream))
#9 C:\xampp\htdocs\www\PHP\CodeIgniterTP\vendor\twig\twig\src\Environment.php(507): Twig\Environment->parse(Object(Twig\TokenStream))
#10 C:\xampp\htdocs\www\PHP\CodeIgniterTP\vendor\twig\twig\src\Environment.php(348): Twig\Environment->compileSource(Object(Twig\Source))
#11 C:\xampp\htdocs\www\PHP\CodeIgniterTP\vendor\twig\twig\src\Environment.php(309): Twig\Environment->loadTemplate('__TwigTemplate_...', 'tag/allTags.twi...')
#12 C:\xampp\htdocs\www\PHP\CodeIgniterTP\vendor\twig\twig\src\Environment.php(277): Twig\Environment->load('tag/allTags.twi...')
#13 C:\xampp\htdocs\www\PHP\CodeIgniterTP\vendor\kenjis\codeigniter-ss-twig\src\CI4Twig\Twig.php(177): Twig\Environment->render('tag/allTags.twi...', Array)
#14 C:\xampp\htdocs\www\PHP\CodeIgniterTP\vendor\kenjis\codeigniter-ss-twig\src\CI4Twig\Twig.php(156): Kenjis\CI4Twig\Twig->render('tag/allTags.twi...', Array)
#15 C:\xampp\htdocs\www\PHP\CodeIgniterTP\app\Controllers\Tagcontroller.php(17): Kenjis\CI4Twig\Twig->display('tag/allTags', Array)
#16 C:\xampp\htdocs\www\PHP\CodeIgniterTP\vendor\codeigniter4\framework\system\CodeIgniter.php(937): App\Controllers\Tagcontroller->allTags()
#17 C:\xampp\htdocs\www\PHP\CodeIgniterTP\vendor\codeigniter4\framework\system\CodeIgniter.php(433): CodeIgniter\CodeIgniter->runController(Object(App\Controllers\Tagcontroller))
#18 C:\xampp\htdocs\www\PHP\CodeIgniterTP\vendor\codeigniter4\framework\system\CodeIgniter.php(334): CodeIgniter\CodeIgniter->handleRequest(NULL, Object(Config\Cache), false)
#19 C:\xampp\htdocs\www\PHP\CodeIgniterTP\public\index.php(44): CodeIgniter\CodeIgniter->run()
#20 {main}
