ERROR - 2021-04-09 14:49:13 --> mysqli_sql_exception: Table 'nesti_php.view_api_recipes_ingredients' doesn't exist in C:\xampp\htdocs\www\PHP\NestiECommerce\vendor\codeigniter4\framework\system\Database\MySQLi\Connection.php:314
Stack trace:
#0 C:\xampp\htdocs\www\PHP\NestiECommerce\vendor\codeigniter4\framework\system\Database\MySQLi\Connection.php(314): mysqli->query('SELECT *\nFROM `...')
#1 C:\xampp\htdocs\www\PHP\NestiECommerce\vendor\codeigniter4\framework\system\Database\BaseConnection.php(713): CodeIgniter\Database\MySQLi\Connection->execute('SELECT *\nFROM `...')
#2 C:\xampp\htdocs\www\PHP\NestiECommerce\vendor\codeigniter4\framework\system\Database\BaseConnection.php(641): CodeIgniter\Database\BaseConnection->simpleQuery('SELECT *\nFROM `...')
#3 C:\xampp\htdocs\www\PHP\NestiECommerce\vendor\codeigniter4\framework\system\Database\BaseBuilder.php(1866): CodeIgniter\Database\BaseConnection->query('SELECT *\nFROM `...', Array, false)
#4 C:\xampp\htdocs\www\PHP\NestiECommerce\app\Models\RecipeModel.php(33): CodeIgniter\Database\BaseBuilder->get()
#5 C:\xampp\htdocs\www\PHP\NestiECommerce\app\Controllers\ApiController.php(32): App\Models\RecipeModel->findIngredientsForApi('3')
#6 C:\xampp\htdocs\www\PHP\NestiECommerce\vendor\codeigniter4\framework\system\CodeIgniter.php(937): App\Controllers\ApiController->recipesIngredient('3')
#7 C:\xampp\htdocs\www\PHP\NestiECommerce\vendor\codeigniter4\framework\system\CodeIgniter.php(433): CodeIgniter\CodeIgniter->runController(Object(App\Controllers\ApiController))
#8 C:\xampp\htdocs\www\PHP\NestiECommerce\vendor\codeigniter4\framework\system\CodeIgniter.php(334): CodeIgniter\CodeIgniter->handleRequest(NULL, Object(Config\Cache), false)
#9 C:\xampp\htdocs\www\PHP\NestiECommerce\public\index.php(44): CodeIgniter\CodeIgniter->run()
#10 {main}
CRITICAL - 2021-04-09 14:49:14 --> Table 'nesti_php.view_api_recipes_ingredients' doesn't exist
#0 C:\xampp\htdocs\www\PHP\NestiECommerce\vendor\codeigniter4\framework\system\Database\MySQLi\Connection.php(314): mysqli->query('SELECT *\nFROM `...')
#1 C:\xampp\htdocs\www\PHP\NestiECommerce\vendor\codeigniter4\framework\system\Database\BaseConnection.php(713): CodeIgniter\Database\MySQLi\Connection->execute('SELECT *\nFROM `...')
#2 C:\xampp\htdocs\www\PHP\NestiECommerce\vendor\codeigniter4\framework\system\Database\BaseConnection.php(641): CodeIgniter\Database\BaseConnection->simpleQuery('SELECT *\nFROM `...')
#3 C:\xampp\htdocs\www\PHP\NestiECommerce\vendor\codeigniter4\framework\system\Database\BaseBuilder.php(1866): CodeIgniter\Database\BaseConnection->query('SELECT *\nFROM `...', Array, false)
#4 C:\xampp\htdocs\www\PHP\NestiECommerce\app\Models\RecipeModel.php(33): CodeIgniter\Database\BaseBuilder->get()
#5 C:\xampp\htdocs\www\PHP\NestiECommerce\app\Controllers\ApiController.php(32): App\Models\RecipeModel->findIngredientsForApi('3')
#6 C:\xampp\htdocs\www\PHP\NestiECommerce\vendor\codeigniter4\framework\system\CodeIgniter.php(937): App\Controllers\ApiController->recipesIngredient('3')
#7 C:\xampp\htdocs\www\PHP\NestiECommerce\vendor\codeigniter4\framework\system\CodeIgniter.php(433): CodeIgniter\CodeIgniter->runController(Object(App\Controllers\ApiController))
#8 C:\xampp\htdocs\www\PHP\NestiECommerce\vendor\codeigniter4\framework\system\CodeIgniter.php(334): CodeIgniter\CodeIgniter->handleRequest(NULL, Object(Config\Cache), false)
#9 C:\xampp\htdocs\www\PHP\NestiECommerce\public\index.php(44): CodeIgniter\CodeIgniter->run()
#10 {main}
ERROR - 2021-04-09 14:50:33 --> mysqli_sql_exception: Unknown column 'id' in 'where clause' in C:\xampp\htdocs\www\PHP\NestiECommerce\vendor\codeigniter4\framework\system\Database\MySQLi\Connection.php:314
Stack trace:
#0 C:\xampp\htdocs\www\PHP\NestiECommerce\vendor\codeigniter4\framework\system\Database\MySQLi\Connection.php(314): mysqli->query('SELECT *\nFROM `...')
#1 C:\xampp\htdocs\www\PHP\NestiECommerce\vendor\codeigniter4\framework\system\Database\BaseConnection.php(713): CodeIgniter\Database\MySQLi\Connection->execute('SELECT *\nFROM `...')
#2 C:\xampp\htdocs\www\PHP\NestiECommerce\vendor\codeigniter4\framework\system\Database\BaseConnection.php(641): CodeIgniter\Database\BaseConnection->simpleQuery('SELECT *\nFROM `...')
#3 C:\xampp\htdocs\www\PHP\NestiECommerce\vendor\codeigniter4\framework\system\Database\BaseBuilder.php(1866): CodeIgniter\Database\BaseConnection->query('SELECT *\nFROM `...', Array, false)
#4 C:\xampp\htdocs\www\PHP\NestiECommerce\app\Models\RecipeModel.php(33): CodeIgniter\Database\BaseBuilder->get()
#5 C:\xampp\htdocs\www\PHP\NestiECommerce\app\Controllers\ApiController.php(32): App\Models\RecipeModel->findIngredientsForApi('3')
#6 C:\xampp\htdocs\www\PHP\NestiECommerce\vendor\codeigniter4\framework\system\CodeIgniter.php(937): App\Controllers\ApiController->recipesIngredient('3')
#7 C:\xampp\htdocs\www\PHP\NestiECommerce\vendor\codeigniter4\framework\system\CodeIgniter.php(433): CodeIgniter\CodeIgniter->runController(Object(App\Controllers\ApiController))
#8 C:\xampp\htdocs\www\PHP\NestiECommerce\vendor\codeigniter4\framework\system\CodeIgniter.php(334): CodeIgniter\CodeIgniter->handleRequest(NULL, Object(Config\Cache), false)
#9 C:\xampp\htdocs\www\PHP\NestiECommerce\public\index.php(44): CodeIgniter\CodeIgniter->run()
#10 {main}
CRITICAL - 2021-04-09 14:50:33 --> Unknown column 'id' in 'where clause'
#0 C:\xampp\htdocs\www\PHP\NestiECommerce\vendor\codeigniter4\framework\system\Database\MySQLi\Connection.php(314): mysqli->query('SELECT *\nFROM `...')
#1 C:\xampp\htdocs\www\PHP\NestiECommerce\vendor\codeigniter4\framework\system\Database\BaseConnection.php(713): CodeIgniter\Database\MySQLi\Connection->execute('SELECT *\nFROM `...')
#2 C:\xampp\htdocs\www\PHP\NestiECommerce\vendor\codeigniter4\framework\system\Database\BaseConnection.php(641): CodeIgniter\Database\BaseConnection->simpleQuery('SELECT *\nFROM `...')
#3 C:\xampp\htdocs\www\PHP\NestiECommerce\vendor\codeigniter4\framework\system\Database\BaseBuilder.php(1866): CodeIgniter\Database\BaseConnection->query('SELECT *\nFROM `...', Array, false)
#4 C:\xampp\htdocs\www\PHP\NestiECommerce\app\Models\RecipeModel.php(33): CodeIgniter\Database\BaseBuilder->get()
#5 C:\xampp\htdocs\www\PHP\NestiECommerce\app\Controllers\ApiController.php(32): App\Models\RecipeModel->findIngredientsForApi('3')
#6 C:\xampp\htdocs\www\PHP\NestiECommerce\vendor\codeigniter4\framework\system\CodeIgniter.php(937): App\Controllers\ApiController->recipesIngredient('3')
#7 C:\xampp\htdocs\www\PHP\NestiECommerce\vendor\codeigniter4\framework\system\CodeIgniter.php(433): CodeIgniter\CodeIgniter->runController(Object(App\Controllers\ApiController))
#8 C:\xampp\htdocs\www\PHP\NestiECommerce\vendor\codeigniter4\framework\system\CodeIgniter.php(334): CodeIgniter\CodeIgniter->handleRequest(NULL, Object(Config\Cache), false)
#9 C:\xampp\htdocs\www\PHP\NestiECommerce\public\index.php(44): CodeIgniter\CodeIgniter->run()
#10 {main}
