CRITICAL - 2021-03-10 07:25:27 --> Call to undefined method App\Entities\Tag::name()
#0 C:\xampp\htdocs\www\PHP\CodeIgniterTP\vendor\codeigniter4\framework\system\View\View.php(220): include()
#1 C:\xampp\htdocs\www\PHP\CodeIgniterTP\vendor\codeigniter4\framework\system\View\View.php(222): CodeIgniter\View\View->CodeIgniter\View\{closure}()
#2 C:\xampp\htdocs\www\PHP\CodeIgniterTP\vendor\codeigniter4\framework\system\Common.php(1217): CodeIgniter\View\View->render('tag/allTags', Array, true)
#3 C:\xampp\htdocs\www\PHP\CodeIgniterTP\app\Controllers\BaseController.php(62): view('tag/allTags', Array)
#4 C:\xampp\htdocs\www\PHP\CodeIgniterTP\app\Controllers\Tagcontroller.php(15): App\Controllers\BaseController->renderTemplate('tag/allTags', Array)
#5 C:\xampp\htdocs\www\PHP\CodeIgniterTP\vendor\codeigniter4\framework\system\CodeIgniter.php(937): App\Controllers\Tagcontroller->allTags()
#6 C:\xampp\htdocs\www\PHP\CodeIgniterTP\vendor\codeigniter4\framework\system\CodeIgniter.php(433): CodeIgniter\CodeIgniter->runController(Object(App\Controllers\Tagcontroller))
#7 C:\xampp\htdocs\www\PHP\CodeIgniterTP\vendor\codeigniter4\framework\system\CodeIgniter.php(334): CodeIgniter\CodeIgniter->handleRequest(NULL, Object(Config\Cache), false)
#8 C:\xampp\htdocs\www\PHP\CodeIgniterTP\public\index.php(44): CodeIgniter\CodeIgniter->run()
#9 {main}
ERROR - 2021-03-10 08:02:25 --> mysqli_sql_exception: Unknown column 'tag.id' in 'where clause' in C:\xampp\htdocs\www\PHP\CodeIgniterTP\vendor\codeigniter4\framework\system\Database\MySQLi\Connection.php:314
Stack trace:
#0 C:\xampp\htdocs\www\PHP\CodeIgniterTP\vendor\codeigniter4\framework\system\Database\MySQLi\Connection.php(314): mysqli->query('SELECT *\nFROM `...')
#1 C:\xampp\htdocs\www\PHP\CodeIgniterTP\vendor\codeigniter4\framework\system\Database\BaseConnection.php(713): CodeIgniter\Database\MySQLi\Connection->execute('SELECT *\nFROM `...')
#2 C:\xampp\htdocs\www\PHP\CodeIgniterTP\vendor\codeigniter4\framework\system\Database\BaseConnection.php(641): CodeIgniter\Database\BaseConnection->simpleQuery('SELECT *\nFROM `...')
#3 C:\xampp\htdocs\www\PHP\CodeIgniterTP\vendor\codeigniter4\framework\system\Database\BaseBuilder.php(1866): CodeIgniter\Database\BaseConnection->query('SELECT *\nFROM `...', Array, false)
#4 C:\xampp\htdocs\www\PHP\CodeIgniterTP\vendor\codeigniter4\framework\system\Model.php(169): CodeIgniter\Database\BaseBuilder->get()
#5 C:\xampp\htdocs\www\PHP\CodeIgniterTP\vendor\codeigniter4\framework\system\BaseModel.php(518): CodeIgniter\Model->doFind(true, 1)
#6 C:\xampp\htdocs\www\PHP\CodeIgniterTP\app\Controllers\Tagcontroller.php(36): CodeIgniter\BaseModel->find(1)
#7 C:\xampp\htdocs\www\PHP\CodeIgniterTP\vendor\codeigniter4\framework\system\CodeIgniter.php(937): App\Controllers\Tagcontroller->oneTag()
#8 C:\xampp\htdocs\www\PHP\CodeIgniterTP\vendor\codeigniter4\framework\system\CodeIgniter.php(433): CodeIgniter\CodeIgniter->runController(Object(App\Controllers\Tagcontroller))
#9 C:\xampp\htdocs\www\PHP\CodeIgniterTP\vendor\codeigniter4\framework\system\CodeIgniter.php(334): CodeIgniter\CodeIgniter->handleRequest(NULL, Object(Config\Cache), false)
#10 C:\xampp\htdocs\www\PHP\CodeIgniterTP\public\index.php(44): CodeIgniter\CodeIgniter->run()
#11 {main}
CRITICAL - 2021-03-10 08:02:25 --> Unknown column 'tag.id' in 'where clause'
#0 C:\xampp\htdocs\www\PHP\CodeIgniterTP\vendor\codeigniter4\framework\system\Database\MySQLi\Connection.php(314): mysqli->query('SELECT *\nFROM `...')
#1 C:\xampp\htdocs\www\PHP\CodeIgniterTP\vendor\codeigniter4\framework\system\Database\BaseConnection.php(713): CodeIgniter\Database\MySQLi\Connection->execute('SELECT *\nFROM `...')
#2 C:\xampp\htdocs\www\PHP\CodeIgniterTP\vendor\codeigniter4\framework\system\Database\BaseConnection.php(641): CodeIgniter\Database\BaseConnection->simpleQuery('SELECT *\nFROM `...')
#3 C:\xampp\htdocs\www\PHP\CodeIgniterTP\vendor\codeigniter4\framework\system\Database\BaseBuilder.php(1866): CodeIgniter\Database\BaseConnection->query('SELECT *\nFROM `...', Array, false)
#4 C:\xampp\htdocs\www\PHP\CodeIgniterTP\vendor\codeigniter4\framework\system\Model.php(169): CodeIgniter\Database\BaseBuilder->get()
#5 C:\xampp\htdocs\www\PHP\CodeIgniterTP\vendor\codeigniter4\framework\system\BaseModel.php(518): CodeIgniter\Model->doFind(true, 1)
#6 C:\xampp\htdocs\www\PHP\CodeIgniterTP\app\Controllers\Tagcontroller.php(36): CodeIgniter\BaseModel->find(1)
#7 C:\xampp\htdocs\www\PHP\CodeIgniterTP\vendor\codeigniter4\framework\system\CodeIgniter.php(937): App\Controllers\Tagcontroller->oneTag()
#8 C:\xampp\htdocs\www\PHP\CodeIgniterTP\vendor\codeigniter4\framework\system\CodeIgniter.php(433): CodeIgniter\CodeIgniter->runController(Object(App\Controllers\Tagcontroller))
#9 C:\xampp\htdocs\www\PHP\CodeIgniterTP\vendor\codeigniter4\framework\system\CodeIgniter.php(334): CodeIgniter\CodeIgniter->handleRequest(NULL, Object(Config\Cache), false)
#10 C:\xampp\htdocs\www\PHP\CodeIgniterTP\public\index.php(44): CodeIgniter\CodeIgniter->run()
#11 {main}
ERROR - 2021-03-10 08:03:51 --> mysqli_sql_exception: Unknown column 'tag.id' in 'where clause' in C:\xampp\htdocs\www\PHP\CodeIgniterTP\vendor\codeigniter4\framework\system\Database\MySQLi\Connection.php:314
Stack trace:
#0 C:\xampp\htdocs\www\PHP\CodeIgniterTP\vendor\codeigniter4\framework\system\Database\MySQLi\Connection.php(314): mysqli->query('SELECT *\nFROM `...')
#1 C:\xampp\htdocs\www\PHP\CodeIgniterTP\vendor\codeigniter4\framework\system\Database\BaseConnection.php(713): CodeIgniter\Database\MySQLi\Connection->execute('SELECT *\nFROM `...')
#2 C:\xampp\htdocs\www\PHP\CodeIgniterTP\vendor\codeigniter4\framework\system\Database\BaseConnection.php(641): CodeIgniter\Database\BaseConnection->simpleQuery('SELECT *\nFROM `...')
#3 C:\xampp\htdocs\www\PHP\CodeIgniterTP\vendor\codeigniter4\framework\system\Database\BaseBuilder.php(1866): CodeIgniter\Database\BaseConnection->query('SELECT *\nFROM `...', Array, false)
#4 C:\xampp\htdocs\www\PHP\CodeIgniterTP\vendor\codeigniter4\framework\system\Model.php(169): CodeIgniter\Database\BaseBuilder->get()
#5 C:\xampp\htdocs\www\PHP\CodeIgniterTP\vendor\codeigniter4\framework\system\BaseModel.php(518): CodeIgniter\Model->doFind(true, 1)
#6 C:\xampp\htdocs\www\PHP\CodeIgniterTP\app\Controllers\Tagcontroller.php(36): CodeIgniter\BaseModel->find(1)
#7 C:\xampp\htdocs\www\PHP\CodeIgniterTP\vendor\codeigniter4\framework\system\CodeIgniter.php(937): App\Controllers\Tagcontroller->oneTag()
#8 C:\xampp\htdocs\www\PHP\CodeIgniterTP\vendor\codeigniter4\framework\system\CodeIgniter.php(433): CodeIgniter\CodeIgniter->runController(Object(App\Controllers\Tagcontroller))
#9 C:\xampp\htdocs\www\PHP\CodeIgniterTP\vendor\codeigniter4\framework\system\CodeIgniter.php(334): CodeIgniter\CodeIgniter->handleRequest(NULL, Object(Config\Cache), false)
#10 C:\xampp\htdocs\www\PHP\CodeIgniterTP\public\index.php(44): CodeIgniter\CodeIgniter->run()
#11 {main}
CRITICAL - 2021-03-10 08:03:51 --> Unknown column 'tag.id' in 'where clause'
#0 C:\xampp\htdocs\www\PHP\CodeIgniterTP\vendor\codeigniter4\framework\system\Database\MySQLi\Connection.php(314): mysqli->query('SELECT *\nFROM `...')
#1 C:\xampp\htdocs\www\PHP\CodeIgniterTP\vendor\codeigniter4\framework\system\Database\BaseConnection.php(713): CodeIgniter\Database\MySQLi\Connection->execute('SELECT *\nFROM `...')
#2 C:\xampp\htdocs\www\PHP\CodeIgniterTP\vendor\codeigniter4\framework\system\Database\BaseConnection.php(641): CodeIgniter\Database\BaseConnection->simpleQuery('SELECT *\nFROM `...')
#3 C:\xampp\htdocs\www\PHP\CodeIgniterTP\vendor\codeigniter4\framework\system\Database\BaseBuilder.php(1866): CodeIgniter\Database\BaseConnection->query('SELECT *\nFROM `...', Array, false)
#4 C:\xampp\htdocs\www\PHP\CodeIgniterTP\vendor\codeigniter4\framework\system\Model.php(169): CodeIgniter\Database\BaseBuilder->get()
#5 C:\xampp\htdocs\www\PHP\CodeIgniterTP\vendor\codeigniter4\framework\system\BaseModel.php(518): CodeIgniter\Model->doFind(true, 1)
#6 C:\xampp\htdocs\www\PHP\CodeIgniterTP\app\Controllers\Tagcontroller.php(36): CodeIgniter\BaseModel->find(1)
#7 C:\xampp\htdocs\www\PHP\CodeIgniterTP\vendor\codeigniter4\framework\system\CodeIgniter.php(937): App\Controllers\Tagcontroller->oneTag()
#8 C:\xampp\htdocs\www\PHP\CodeIgniterTP\vendor\codeigniter4\framework\system\CodeIgniter.php(433): CodeIgniter\CodeIgniter->runController(Object(App\Controllers\Tagcontroller))
#9 C:\xampp\htdocs\www\PHP\CodeIgniterTP\vendor\codeigniter4\framework\system\CodeIgniter.php(334): CodeIgniter\CodeIgniter->handleRequest(NULL, Object(Config\Cache), false)
#10 C:\xampp\htdocs\www\PHP\CodeIgniterTP\public\index.php(44): CodeIgniter\CodeIgniter->run()
#11 {main}
ERROR - 2021-03-10 08:04:00 --> mysqli_sql_exception: Unknown column 'tag.id' in 'where clause' in C:\xampp\htdocs\www\PHP\CodeIgniterTP\vendor\codeigniter4\framework\system\Database\MySQLi\Connection.php:314
Stack trace:
#0 C:\xampp\htdocs\www\PHP\CodeIgniterTP\vendor\codeigniter4\framework\system\Database\MySQLi\Connection.php(314): mysqli->query('SELECT *\nFROM `...')
#1 C:\xampp\htdocs\www\PHP\CodeIgniterTP\vendor\codeigniter4\framework\system\Database\BaseConnection.php(713): CodeIgniter\Database\MySQLi\Connection->execute('SELECT *\nFROM `...')
#2 C:\xampp\htdocs\www\PHP\CodeIgniterTP\vendor\codeigniter4\framework\system\Database\BaseConnection.php(641): CodeIgniter\Database\BaseConnection->simpleQuery('SELECT *\nFROM `...')
#3 C:\xampp\htdocs\www\PHP\CodeIgniterTP\vendor\codeigniter4\framework\system\Database\BaseBuilder.php(1866): CodeIgniter\Database\BaseConnection->query('SELECT *\nFROM `...', Array, false)
#4 C:\xampp\htdocs\www\PHP\CodeIgniterTP\vendor\codeigniter4\framework\system\Model.php(169): CodeIgniter\Database\BaseBuilder->get()
#5 C:\xampp\htdocs\www\PHP\CodeIgniterTP\vendor\codeigniter4\framework\system\BaseModel.php(518): CodeIgniter\Model->doFind(true, 1)
#6 C:\xampp\htdocs\www\PHP\CodeIgniterTP\app\Controllers\Tagcontroller.php(36): CodeIgniter\BaseModel->find(1)
#7 C:\xampp\htdocs\www\PHP\CodeIgniterTP\vendor\codeigniter4\framework\system\CodeIgniter.php(937): App\Controllers\Tagcontroller->oneTag()
#8 C:\xampp\htdocs\www\PHP\CodeIgniterTP\vendor\codeigniter4\framework\system\CodeIgniter.php(433): CodeIgniter\CodeIgniter->runController(Object(App\Controllers\Tagcontroller))
#9 C:\xampp\htdocs\www\PHP\CodeIgniterTP\vendor\codeigniter4\framework\system\CodeIgniter.php(334): CodeIgniter\CodeIgniter->handleRequest(NULL, Object(Config\Cache), false)
#10 C:\xampp\htdocs\www\PHP\CodeIgniterTP\public\index.php(44): CodeIgniter\CodeIgniter->run()
#11 {main}
CRITICAL - 2021-03-10 08:04:01 --> Unknown column 'tag.id' in 'where clause'
#0 C:\xampp\htdocs\www\PHP\CodeIgniterTP\vendor\codeigniter4\framework\system\Database\MySQLi\Connection.php(314): mysqli->query('SELECT *\nFROM `...')
#1 C:\xampp\htdocs\www\PHP\CodeIgniterTP\vendor\codeigniter4\framework\system\Database\BaseConnection.php(713): CodeIgniter\Database\MySQLi\Connection->execute('SELECT *\nFROM `...')
#2 C:\xampp\htdocs\www\PHP\CodeIgniterTP\vendor\codeigniter4\framework\system\Database\BaseConnection.php(641): CodeIgniter\Database\BaseConnection->simpleQuery('SELECT *\nFROM `...')
#3 C:\xampp\htdocs\www\PHP\CodeIgniterTP\vendor\codeigniter4\framework\system\Database\BaseBuilder.php(1866): CodeIgniter\Database\BaseConnection->query('SELECT *\nFROM `...', Array, false)
#4 C:\xampp\htdocs\www\PHP\CodeIgniterTP\vendor\codeigniter4\framework\system\Model.php(169): CodeIgniter\Database\BaseBuilder->get()
#5 C:\xampp\htdocs\www\PHP\CodeIgniterTP\vendor\codeigniter4\framework\system\BaseModel.php(518): CodeIgniter\Model->doFind(true, 1)
#6 C:\xampp\htdocs\www\PHP\CodeIgniterTP\app\Controllers\Tagcontroller.php(36): CodeIgniter\BaseModel->find(1)
#7 C:\xampp\htdocs\www\PHP\CodeIgniterTP\vendor\codeigniter4\framework\system\CodeIgniter.php(937): App\Controllers\Tagcontroller->oneTag()
#8 C:\xampp\htdocs\www\PHP\CodeIgniterTP\vendor\codeigniter4\framework\system\CodeIgniter.php(433): CodeIgniter\CodeIgniter->runController(Object(App\Controllers\Tagcontroller))
#9 C:\xampp\htdocs\www\PHP\CodeIgniterTP\vendor\codeigniter4\framework\system\CodeIgniter.php(334): CodeIgniter\CodeIgniter->handleRequest(NULL, Object(Config\Cache), false)
#10 C:\xampp\htdocs\www\PHP\CodeIgniterTP\public\index.php(44): CodeIgniter\CodeIgniter->run()
#11 {main}
ERROR - 2021-03-10 08:19:44 --> mysqli_sql_exception: Unknown column 'tag.id' in 'where clause' in C:\xampp\htdocs\www\PHP\CodeIgniterTP\vendor\codeigniter4\framework\system\Database\MySQLi\Connection.php:314
Stack trace:
#0 C:\xampp\htdocs\www\PHP\CodeIgniterTP\vendor\codeigniter4\framework\system\Database\MySQLi\Connection.php(314): mysqli->query('SELECT *\nFROM `...')
#1 C:\xampp\htdocs\www\PHP\CodeIgniterTP\vendor\codeigniter4\framework\system\Database\BaseConnection.php(713): CodeIgniter\Database\MySQLi\Connection->execute('SELECT *\nFROM `...')
#2 C:\xampp\htdocs\www\PHP\CodeIgniterTP\vendor\codeigniter4\framework\system\Database\BaseConnection.php(641): CodeIgniter\Database\BaseConnection->simpleQuery('SELECT *\nFROM `...')
#3 C:\xampp\htdocs\www\PHP\CodeIgniterTP\vendor\codeigniter4\framework\system\Database\BaseBuilder.php(1866): CodeIgniter\Database\BaseConnection->query('SELECT *\nFROM `...', Array, false)
#4 C:\xampp\htdocs\www\PHP\CodeIgniterTP\vendor\codeigniter4\framework\system\Model.php(169): CodeIgniter\Database\BaseBuilder->get()
#5 C:\xampp\htdocs\www\PHP\CodeIgniterTP\vendor\codeigniter4\framework\system\BaseModel.php(518): CodeIgniter\Model->doFind(true, 1)
#6 C:\xampp\htdocs\www\PHP\CodeIgniterTP\app\Controllers\Tagcontroller.php(37): CodeIgniter\BaseModel->find(1)
#7 C:\xampp\htdocs\www\PHP\CodeIgniterTP\vendor\codeigniter4\framework\system\CodeIgniter.php(937): App\Controllers\Tagcontroller->oneTag()
#8 C:\xampp\htdocs\www\PHP\CodeIgniterTP\vendor\codeigniter4\framework\system\CodeIgniter.php(433): CodeIgniter\CodeIgniter->runController(Object(App\Controllers\Tagcontroller))
#9 C:\xampp\htdocs\www\PHP\CodeIgniterTP\vendor\codeigniter4\framework\system\CodeIgniter.php(334): CodeIgniter\CodeIgniter->handleRequest(NULL, Object(Config\Cache), false)
#10 C:\xampp\htdocs\www\PHP\CodeIgniterTP\public\index.php(44): CodeIgniter\CodeIgniter->run()
#11 {main}
CRITICAL - 2021-03-10 08:19:44 --> Unknown column 'tag.id' in 'where clause'
#0 C:\xampp\htdocs\www\PHP\CodeIgniterTP\vendor\codeigniter4\framework\system\Database\MySQLi\Connection.php(314): mysqli->query('SELECT *\nFROM `...')
#1 C:\xampp\htdocs\www\PHP\CodeIgniterTP\vendor\codeigniter4\framework\system\Database\BaseConnection.php(713): CodeIgniter\Database\MySQLi\Connection->execute('SELECT *\nFROM `...')
#2 C:\xampp\htdocs\www\PHP\CodeIgniterTP\vendor\codeigniter4\framework\system\Database\BaseConnection.php(641): CodeIgniter\Database\BaseConnection->simpleQuery('SELECT *\nFROM `...')
#3 C:\xampp\htdocs\www\PHP\CodeIgniterTP\vendor\codeigniter4\framework\system\Database\BaseBuilder.php(1866): CodeIgniter\Database\BaseConnection->query('SELECT *\nFROM `...', Array, false)
#4 C:\xampp\htdocs\www\PHP\CodeIgniterTP\vendor\codeigniter4\framework\system\Model.php(169): CodeIgniter\Database\BaseBuilder->get()
#5 C:\xampp\htdocs\www\PHP\CodeIgniterTP\vendor\codeigniter4\framework\system\BaseModel.php(518): CodeIgniter\Model->doFind(true, 1)
#6 C:\xampp\htdocs\www\PHP\CodeIgniterTP\app\Controllers\Tagcontroller.php(37): CodeIgniter\BaseModel->find(1)
#7 C:\xampp\htdocs\www\PHP\CodeIgniterTP\vendor\codeigniter4\framework\system\CodeIgniter.php(937): App\Controllers\Tagcontroller->oneTag()
#8 C:\xampp\htdocs\www\PHP\CodeIgniterTP\vendor\codeigniter4\framework\system\CodeIgniter.php(433): CodeIgniter\CodeIgniter->runController(Object(App\Controllers\Tagcontroller))
#9 C:\xampp\htdocs\www\PHP\CodeIgniterTP\vendor\codeigniter4\framework\system\CodeIgniter.php(334): CodeIgniter\CodeIgniter->handleRequest(NULL, Object(Config\Cache), false)
#10 C:\xampp\htdocs\www\PHP\CodeIgniterTP\public\index.php(44): CodeIgniter\CodeIgniter->run()
#11 {main}
ERROR - 2021-03-10 08:25:01 --> mysqli_sql_exception: Unknown column 'tag.id' in 'where clause' in C:\xampp\htdocs\www\PHP\CodeIgniterTP\vendor\codeigniter4\framework\system\Database\MySQLi\Connection.php:314
Stack trace:
#0 C:\xampp\htdocs\www\PHP\CodeIgniterTP\vendor\codeigniter4\framework\system\Database\MySQLi\Connection.php(314): mysqli->query('SELECT *\nFROM `...')
#1 C:\xampp\htdocs\www\PHP\CodeIgniterTP\vendor\codeigniter4\framework\system\Database\BaseConnection.php(713): CodeIgniter\Database\MySQLi\Connection->execute('SELECT *\nFROM `...')
#2 C:\xampp\htdocs\www\PHP\CodeIgniterTP\vendor\codeigniter4\framework\system\Database\BaseConnection.php(641): CodeIgniter\Database\BaseConnection->simpleQuery('SELECT *\nFROM `...')
#3 C:\xampp\htdocs\www\PHP\CodeIgniterTP\vendor\codeigniter4\framework\system\Database\BaseBuilder.php(1866): CodeIgniter\Database\BaseConnection->query('SELECT *\nFROM `...', Array, false)
#4 C:\xampp\htdocs\www\PHP\CodeIgniterTP\vendor\codeigniter4\framework\system\Model.php(169): CodeIgniter\Database\BaseBuilder->get()
#5 C:\xampp\htdocs\www\PHP\CodeIgniterTP\vendor\codeigniter4\framework\system\BaseModel.php(518): CodeIgniter\Model->doFind(true, 1)
#6 C:\xampp\htdocs\www\PHP\CodeIgniterTP\app\Controllers\Tagcontroller.php(37): CodeIgniter\BaseModel->find(1)
#7 C:\xampp\htdocs\www\PHP\CodeIgniterTP\vendor\codeigniter4\framework\system\CodeIgniter.php(937): App\Controllers\Tagcontroller->oneTag()
#8 C:\xampp\htdocs\www\PHP\CodeIgniterTP\vendor\codeigniter4\framework\system\CodeIgniter.php(433): CodeIgniter\CodeIgniter->runController(Object(App\Controllers\Tagcontroller))
#9 C:\xampp\htdocs\www\PHP\CodeIgniterTP\vendor\codeigniter4\framework\system\CodeIgniter.php(334): CodeIgniter\CodeIgniter->handleRequest(NULL, Object(Config\Cache), false)
#10 C:\xampp\htdocs\www\PHP\CodeIgniterTP\public\index.php(44): CodeIgniter\CodeIgniter->run()
#11 {main}
CRITICAL - 2021-03-10 08:25:01 --> Unknown column 'tag.id' in 'where clause'
#0 C:\xampp\htdocs\www\PHP\CodeIgniterTP\vendor\codeigniter4\framework\system\Database\MySQLi\Connection.php(314): mysqli->query('SELECT *\nFROM `...')
#1 C:\xampp\htdocs\www\PHP\CodeIgniterTP\vendor\codeigniter4\framework\system\Database\BaseConnection.php(713): CodeIgniter\Database\MySQLi\Connection->execute('SELECT *\nFROM `...')
#2 C:\xampp\htdocs\www\PHP\CodeIgniterTP\vendor\codeigniter4\framework\system\Database\BaseConnection.php(641): CodeIgniter\Database\BaseConnection->simpleQuery('SELECT *\nFROM `...')
#3 C:\xampp\htdocs\www\PHP\CodeIgniterTP\vendor\codeigniter4\framework\system\Database\BaseBuilder.php(1866): CodeIgniter\Database\BaseConnection->query('SELECT *\nFROM `...', Array, false)
#4 C:\xampp\htdocs\www\PHP\CodeIgniterTP\vendor\codeigniter4\framework\system\Model.php(169): CodeIgniter\Database\BaseBuilder->get()
#5 C:\xampp\htdocs\www\PHP\CodeIgniterTP\vendor\codeigniter4\framework\system\BaseModel.php(518): CodeIgniter\Model->doFind(true, 1)
#6 C:\xampp\htdocs\www\PHP\CodeIgniterTP\app\Controllers\Tagcontroller.php(37): CodeIgniter\BaseModel->find(1)
#7 C:\xampp\htdocs\www\PHP\CodeIgniterTP\vendor\codeigniter4\framework\system\CodeIgniter.php(937): App\Controllers\Tagcontroller->oneTag()
#8 C:\xampp\htdocs\www\PHP\CodeIgniterTP\vendor\codeigniter4\framework\system\CodeIgniter.php(433): CodeIgniter\CodeIgniter->runController(Object(App\Controllers\Tagcontroller))
#9 C:\xampp\htdocs\www\PHP\CodeIgniterTP\vendor\codeigniter4\framework\system\CodeIgniter.php(334): CodeIgniter\CodeIgniter->handleRequest(NULL, Object(Config\Cache), false)
#10 C:\xampp\htdocs\www\PHP\CodeIgniterTP\public\index.php(44): CodeIgniter\CodeIgniter->run()
#11 {main}
ERROR - 2021-03-10 08:58:03 --> mysqli_sql_exception: Unknown column 'tag.id' in 'where clause' in C:\xampp\htdocs\www\PHP\CodeIgniterTP\vendor\codeigniter4\framework\system\Database\MySQLi\Connection.php:314
Stack trace:
#0 C:\xampp\htdocs\www\PHP\CodeIgniterTP\vendor\codeigniter4\framework\system\Database\MySQLi\Connection.php(314): mysqli->query('SELECT *\nFROM `...')
#1 C:\xampp\htdocs\www\PHP\CodeIgniterTP\vendor\codeigniter4\framework\system\Database\BaseConnection.php(713): CodeIgniter\Database\MySQLi\Connection->execute('SELECT *\nFROM `...')
#2 C:\xampp\htdocs\www\PHP\CodeIgniterTP\vendor\codeigniter4\framework\system\Database\BaseConnection.php(641): CodeIgniter\Database\BaseConnection->simpleQuery('SELECT *\nFROM `...')
#3 C:\xampp\htdocs\www\PHP\CodeIgniterTP\vendor\codeigniter4\framework\system\Database\BaseBuilder.php(1866): CodeIgniter\Database\BaseConnection->query('SELECT *\nFROM `...', Array, false)
#4 C:\xampp\htdocs\www\PHP\CodeIgniterTP\vendor\codeigniter4\framework\system\Model.php(169): CodeIgniter\Database\BaseBuilder->get()
#5 C:\xampp\htdocs\www\PHP\CodeIgniterTP\vendor\codeigniter4\framework\system\BaseModel.php(518): CodeIgniter\Model->doFind(true, 1)
#6 C:\xampp\htdocs\www\PHP\CodeIgniterTP\app\Controllers\Tagcontroller.php(37): CodeIgniter\BaseModel->find(1)
#7 C:\xampp\htdocs\www\PHP\CodeIgniterTP\vendor\codeigniter4\framework\system\CodeIgniter.php(937): App\Controllers\Tagcontroller->oneTag('1')
#8 C:\xampp\htdocs\www\PHP\CodeIgniterTP\vendor\codeigniter4\framework\system\CodeIgniter.php(433): CodeIgniter\CodeIgniter->runController(Object(App\Controllers\Tagcontroller))
#9 C:\xampp\htdocs\www\PHP\CodeIgniterTP\vendor\codeigniter4\framework\system\CodeIgniter.php(334): CodeIgniter\CodeIgniter->handleRequest(NULL, Object(Config\Cache), false)
#10 C:\xampp\htdocs\www\PHP\CodeIgniterTP\public\index.php(44): CodeIgniter\CodeIgniter->run()
#11 {main}
CRITICAL - 2021-03-10 08:58:04 --> Unknown column 'tag.id' in 'where clause'
#0 C:\xampp\htdocs\www\PHP\CodeIgniterTP\vendor\codeigniter4\framework\system\Database\MySQLi\Connection.php(314): mysqli->query('SELECT *\nFROM `...')
#1 C:\xampp\htdocs\www\PHP\CodeIgniterTP\vendor\codeigniter4\framework\system\Database\BaseConnection.php(713): CodeIgniter\Database\MySQLi\Connection->execute('SELECT *\nFROM `...')
#2 C:\xampp\htdocs\www\PHP\CodeIgniterTP\vendor\codeigniter4\framework\system\Database\BaseConnection.php(641): CodeIgniter\Database\BaseConnection->simpleQuery('SELECT *\nFROM `...')
#3 C:\xampp\htdocs\www\PHP\CodeIgniterTP\vendor\codeigniter4\framework\system\Database\BaseBuilder.php(1866): CodeIgniter\Database\BaseConnection->query('SELECT *\nFROM `...', Array, false)
#4 C:\xampp\htdocs\www\PHP\CodeIgniterTP\vendor\codeigniter4\framework\system\Model.php(169): CodeIgniter\Database\BaseBuilder->get()
#5 C:\xampp\htdocs\www\PHP\CodeIgniterTP\vendor\codeigniter4\framework\system\BaseModel.php(518): CodeIgniter\Model->doFind(true, 1)
#6 C:\xampp\htdocs\www\PHP\CodeIgniterTP\app\Controllers\Tagcontroller.php(37): CodeIgniter\BaseModel->find(1)
#7 C:\xampp\htdocs\www\PHP\CodeIgniterTP\vendor\codeigniter4\framework\system\CodeIgniter.php(937): App\Controllers\Tagcontroller->oneTag('1')
#8 C:\xampp\htdocs\www\PHP\CodeIgniterTP\vendor\codeigniter4\framework\system\CodeIgniter.php(433): CodeIgniter\CodeIgniter->runController(Object(App\Controllers\Tagcontroller))
#9 C:\xampp\htdocs\www\PHP\CodeIgniterTP\vendor\codeigniter4\framework\system\CodeIgniter.php(334): CodeIgniter\CodeIgniter->handleRequest(NULL, Object(Config\Cache), false)
#10 C:\xampp\htdocs\www\PHP\CodeIgniterTP\public\index.php(44): CodeIgniter\CodeIgniter->run()
#11 {main}
ERROR - 2021-03-10 09:00:20 --> mysqli_sql_exception: Unknown column 'tag.id' in 'where clause' in C:\xampp\htdocs\www\PHP\CodeIgniterTP\vendor\codeigniter4\framework\system\Database\MySQLi\Connection.php:314
Stack trace:
#0 C:\xampp\htdocs\www\PHP\CodeIgniterTP\vendor\codeigniter4\framework\system\Database\MySQLi\Connection.php(314): mysqli->query('SELECT *\nFROM `...')
#1 C:\xampp\htdocs\www\PHP\CodeIgniterTP\vendor\codeigniter4\framework\system\Database\BaseConnection.php(713): CodeIgniter\Database\MySQLi\Connection->execute('SELECT *\nFROM `...')
#2 C:\xampp\htdocs\www\PHP\CodeIgniterTP\vendor\codeigniter4\framework\system\Database\BaseConnection.php(641): CodeIgniter\Database\BaseConnection->simpleQuery('SELECT *\nFROM `...')
#3 C:\xampp\htdocs\www\PHP\CodeIgniterTP\vendor\codeigniter4\framework\system\Database\BaseBuilder.php(1866): CodeIgniter\Database\BaseConnection->query('SELECT *\nFROM `...', Array, false)
#4 C:\xampp\htdocs\www\PHP\CodeIgniterTP\vendor\codeigniter4\framework\system\Model.php(169): CodeIgniter\Database\BaseBuilder->get()
#5 C:\xampp\htdocs\www\PHP\CodeIgniterTP\vendor\codeigniter4\framework\system\BaseModel.php(518): CodeIgniter\Model->doFind(true, '1')
#6 C:\xampp\htdocs\www\PHP\CodeIgniterTP\app\Controllers\Tagcontroller.php(37): CodeIgniter\BaseModel->find('1')
#7 C:\xampp\htdocs\www\PHP\CodeIgniterTP\vendor\codeigniter4\framework\system\CodeIgniter.php(937): App\Controllers\Tagcontroller->oneTag('1')
#8 C:\xampp\htdocs\www\PHP\CodeIgniterTP\vendor\codeigniter4\framework\system\CodeIgniter.php(433): CodeIgniter\CodeIgniter->runController(Object(App\Controllers\Tagcontroller))
#9 C:\xampp\htdocs\www\PHP\CodeIgniterTP\vendor\codeigniter4\framework\system\CodeIgniter.php(334): CodeIgniter\CodeIgniter->handleRequest(NULL, Object(Config\Cache), false)
#10 C:\xampp\htdocs\www\PHP\CodeIgniterTP\public\index.php(44): CodeIgniter\CodeIgniter->run()
#11 {main}
CRITICAL - 2021-03-10 09:00:21 --> Unknown column 'tag.id' in 'where clause'
#0 C:\xampp\htdocs\www\PHP\CodeIgniterTP\vendor\codeigniter4\framework\system\Database\MySQLi\Connection.php(314): mysqli->query('SELECT *\nFROM `...')
#1 C:\xampp\htdocs\www\PHP\CodeIgniterTP\vendor\codeigniter4\framework\system\Database\BaseConnection.php(713): CodeIgniter\Database\MySQLi\Connection->execute('SELECT *\nFROM `...')
#2 C:\xampp\htdocs\www\PHP\CodeIgniterTP\vendor\codeigniter4\framework\system\Database\BaseConnection.php(641): CodeIgniter\Database\BaseConnection->simpleQuery('SELECT *\nFROM `...')
#3 C:\xampp\htdocs\www\PHP\CodeIgniterTP\vendor\codeigniter4\framework\system\Database\BaseBuilder.php(1866): CodeIgniter\Database\BaseConnection->query('SELECT *\nFROM `...', Array, false)
#4 C:\xampp\htdocs\www\PHP\CodeIgniterTP\vendor\codeigniter4\framework\system\Model.php(169): CodeIgniter\Database\BaseBuilder->get()
#5 C:\xampp\htdocs\www\PHP\CodeIgniterTP\vendor\codeigniter4\framework\system\BaseModel.php(518): CodeIgniter\Model->doFind(true, '1')
#6 C:\xampp\htdocs\www\PHP\CodeIgniterTP\app\Controllers\Tagcontroller.php(37): CodeIgniter\BaseModel->find('1')
#7 C:\xampp\htdocs\www\PHP\CodeIgniterTP\vendor\codeigniter4\framework\system\CodeIgniter.php(937): App\Controllers\Tagcontroller->oneTag('1')
#8 C:\xampp\htdocs\www\PHP\CodeIgniterTP\vendor\codeigniter4\framework\system\CodeIgniter.php(433): CodeIgniter\CodeIgniter->runController(Object(App\Controllers\Tagcontroller))
#9 C:\xampp\htdocs\www\PHP\CodeIgniterTP\vendor\codeigniter4\framework\system\CodeIgniter.php(334): CodeIgniter\CodeIgniter->handleRequest(NULL, Object(Config\Cache), false)
#10 C:\xampp\htdocs\www\PHP\CodeIgniterTP\public\index.php(44): CodeIgniter\CodeIgniter->run()
#11 {main}
ERROR - 2021-03-10 09:02:53 --> mysqli_sql_exception: Unknown column 'tag.id' in 'where clause' in C:\xampp\htdocs\www\PHP\CodeIgniterTP\vendor\codeigniter4\framework\system\Database\MySQLi\Connection.php:314
Stack trace:
#0 C:\xampp\htdocs\www\PHP\CodeIgniterTP\vendor\codeigniter4\framework\system\Database\MySQLi\Connection.php(314): mysqli->query('SELECT *\nFROM `...')
#1 C:\xampp\htdocs\www\PHP\CodeIgniterTP\vendor\codeigniter4\framework\system\Database\BaseConnection.php(713): CodeIgniter\Database\MySQLi\Connection->execute('SELECT *\nFROM `...')
#2 C:\xampp\htdocs\www\PHP\CodeIgniterTP\vendor\codeigniter4\framework\system\Database\BaseConnection.php(641): CodeIgniter\Database\BaseConnection->simpleQuery('SELECT *\nFROM `...')
#3 C:\xampp\htdocs\www\PHP\CodeIgniterTP\vendor\codeigniter4\framework\system\Database\BaseBuilder.php(1866): CodeIgniter\Database\BaseConnection->query('SELECT *\nFROM `...', Array, false)
#4 C:\xampp\htdocs\www\PHP\CodeIgniterTP\vendor\codeigniter4\framework\system\Model.php(169): CodeIgniter\Database\BaseBuilder->get()
#5 C:\xampp\htdocs\www\PHP\CodeIgniterTP\vendor\codeigniter4\framework\system\BaseModel.php(518): CodeIgniter\Model->doFind(true, '1')
#6 C:\xampp\htdocs\www\PHP\CodeIgniterTP\app\Controllers\Tagcontroller.php(36): CodeIgniter\BaseModel->find('1')
#7 C:\xampp\htdocs\www\PHP\CodeIgniterTP\vendor\codeigniter4\framework\system\CodeIgniter.php(937): App\Controllers\Tagcontroller->oneTag('1')
#8 C:\xampp\htdocs\www\PHP\CodeIgniterTP\vendor\codeigniter4\framework\system\CodeIgniter.php(433): CodeIgniter\CodeIgniter->runController(Object(App\Controllers\Tagcontroller))
#9 C:\xampp\htdocs\www\PHP\CodeIgniterTP\vendor\codeigniter4\framework\system\CodeIgniter.php(334): CodeIgniter\CodeIgniter->handleRequest(NULL, Object(Config\Cache), false)
#10 C:\xampp\htdocs\www\PHP\CodeIgniterTP\public\index.php(44): CodeIgniter\CodeIgniter->run()
#11 {main}
CRITICAL - 2021-03-10 09:02:54 --> Unknown column 'tag.id' in 'where clause'
#0 C:\xampp\htdocs\www\PHP\CodeIgniterTP\vendor\codeigniter4\framework\system\Database\MySQLi\Connection.php(314): mysqli->query('SELECT *\nFROM `...')
#1 C:\xampp\htdocs\www\PHP\CodeIgniterTP\vendor\codeigniter4\framework\system\Database\BaseConnection.php(713): CodeIgniter\Database\MySQLi\Connection->execute('SELECT *\nFROM `...')
#2 C:\xampp\htdocs\www\PHP\CodeIgniterTP\vendor\codeigniter4\framework\system\Database\BaseConnection.php(641): CodeIgniter\Database\BaseConnection->simpleQuery('SELECT *\nFROM `...')
#3 C:\xampp\htdocs\www\PHP\CodeIgniterTP\vendor\codeigniter4\framework\system\Database\BaseBuilder.php(1866): CodeIgniter\Database\BaseConnection->query('SELECT *\nFROM `...', Array, false)
#4 C:\xampp\htdocs\www\PHP\CodeIgniterTP\vendor\codeigniter4\framework\system\Model.php(169): CodeIgniter\Database\BaseBuilder->get()
#5 C:\xampp\htdocs\www\PHP\CodeIgniterTP\vendor\codeigniter4\framework\system\BaseModel.php(518): CodeIgniter\Model->doFind(true, '1')
#6 C:\xampp\htdocs\www\PHP\CodeIgniterTP\app\Controllers\Tagcontroller.php(36): CodeIgniter\BaseModel->find('1')
#7 C:\xampp\htdocs\www\PHP\CodeIgniterTP\vendor\codeigniter4\framework\system\CodeIgniter.php(937): App\Controllers\Tagcontroller->oneTag('1')
#8 C:\xampp\htdocs\www\PHP\CodeIgniterTP\vendor\codeigniter4\framework\system\CodeIgniter.php(433): CodeIgniter\CodeIgniter->runController(Object(App\Controllers\Tagcontroller))
#9 C:\xampp\htdocs\www\PHP\CodeIgniterTP\vendor\codeigniter4\framework\system\CodeIgniter.php(334): CodeIgniter\CodeIgniter->handleRequest(NULL, Object(Config\Cache), false)
#10 C:\xampp\htdocs\www\PHP\CodeIgniterTP\public\index.php(44): CodeIgniter\CodeIgniter->run()
#11 {main}
ERROR - 2021-03-10 09:07:09 --> mysqli_sql_exception: Unknown column 'tag.id' in 'where clause' in C:\xampp\htdocs\www\PHP\CodeIgniterTP\vendor\codeigniter4\framework\system\Database\MySQLi\Connection.php:314
Stack trace:
#0 C:\xampp\htdocs\www\PHP\CodeIgniterTP\vendor\codeigniter4\framework\system\Database\MySQLi\Connection.php(314): mysqli->query('SELECT *\nFROM `...')
#1 C:\xampp\htdocs\www\PHP\CodeIgniterTP\vendor\codeigniter4\framework\system\Database\BaseConnection.php(713): CodeIgniter\Database\MySQLi\Connection->execute('SELECT *\nFROM `...')
#2 C:\xampp\htdocs\www\PHP\CodeIgniterTP\vendor\codeigniter4\framework\system\Database\BaseConnection.php(641): CodeIgniter\Database\BaseConnection->simpleQuery('SELECT *\nFROM `...')
#3 C:\xampp\htdocs\www\PHP\CodeIgniterTP\vendor\codeigniter4\framework\system\Database\BaseBuilder.php(1866): CodeIgniter\Database\BaseConnection->query('SELECT *\nFROM `...', Array, false)
#4 C:\xampp\htdocs\www\PHP\CodeIgniterTP\vendor\codeigniter4\framework\system\Model.php(169): CodeIgniter\Database\BaseBuilder->get()
#5 C:\xampp\htdocs\www\PHP\CodeIgniterTP\vendor\codeigniter4\framework\system\BaseModel.php(518): CodeIgniter\Model->doFind(true, '1')
#6 C:\xampp\htdocs\www\PHP\CodeIgniterTP\app\Controllers\Tagcontroller.php(36): CodeIgniter\BaseModel->find('1')
#7 C:\xampp\htdocs\www\PHP\CodeIgniterTP\vendor\codeigniter4\framework\system\CodeIgniter.php(937): App\Controllers\Tagcontroller->oneTag('1')
#8 C:\xampp\htdocs\www\PHP\CodeIgniterTP\vendor\codeigniter4\framework\system\CodeIgniter.php(433): CodeIgniter\CodeIgniter->runController(Object(App\Controllers\Tagcontroller))
#9 C:\xampp\htdocs\www\PHP\CodeIgniterTP\vendor\codeigniter4\framework\system\CodeIgniter.php(334): CodeIgniter\CodeIgniter->handleRequest(NULL, Object(Config\Cache), false)
#10 C:\xampp\htdocs\www\PHP\CodeIgniterTP\public\index.php(44): CodeIgniter\CodeIgniter->run()
#11 {main}
CRITICAL - 2021-03-10 09:07:09 --> Unknown column 'tag.id' in 'where clause'
#0 C:\xampp\htdocs\www\PHP\CodeIgniterTP\vendor\codeigniter4\framework\system\Database\MySQLi\Connection.php(314): mysqli->query('SELECT *\nFROM `...')
#1 C:\xampp\htdocs\www\PHP\CodeIgniterTP\vendor\codeigniter4\framework\system\Database\BaseConnection.php(713): CodeIgniter\Database\MySQLi\Connection->execute('SELECT *\nFROM `...')
#2 C:\xampp\htdocs\www\PHP\CodeIgniterTP\vendor\codeigniter4\framework\system\Database\BaseConnection.php(641): CodeIgniter\Database\BaseConnection->simpleQuery('SELECT *\nFROM `...')
#3 C:\xampp\htdocs\www\PHP\CodeIgniterTP\vendor\codeigniter4\framework\system\Database\BaseBuilder.php(1866): CodeIgniter\Database\BaseConnection->query('SELECT *\nFROM `...', Array, false)
#4 C:\xampp\htdocs\www\PHP\CodeIgniterTP\vendor\codeigniter4\framework\system\Model.php(169): CodeIgniter\Database\BaseBuilder->get()
#5 C:\xampp\htdocs\www\PHP\CodeIgniterTP\vendor\codeigniter4\framework\system\BaseModel.php(518): CodeIgniter\Model->doFind(true, '1')
#6 C:\xampp\htdocs\www\PHP\CodeIgniterTP\app\Controllers\Tagcontroller.php(36): CodeIgniter\BaseModel->find('1')
#7 C:\xampp\htdocs\www\PHP\CodeIgniterTP\vendor\codeigniter4\framework\system\CodeIgniter.php(937): App\Controllers\Tagcontroller->oneTag('1')
#8 C:\xampp\htdocs\www\PHP\CodeIgniterTP\vendor\codeigniter4\framework\system\CodeIgniter.php(433): CodeIgniter\CodeIgniter->runController(Object(App\Controllers\Tagcontroller))
#9 C:\xampp\htdocs\www\PHP\CodeIgniterTP\vendor\codeigniter4\framework\system\CodeIgniter.php(334): CodeIgniter\CodeIgniter->handleRequest(NULL, Object(Config\Cache), false)
#10 C:\xampp\htdocs\www\PHP\CodeIgniterTP\public\index.php(44): CodeIgniter\CodeIgniter->run()
#11 {main}
ERROR - 2021-03-10 09:08:49 --> mysqli_sql_exception: Unknown column 'tag.id' in 'where clause' in C:\xampp\htdocs\www\PHP\CodeIgniterTP\vendor\codeigniter4\framework\system\Database\MySQLi\Connection.php:314
Stack trace:
#0 C:\xampp\htdocs\www\PHP\CodeIgniterTP\vendor\codeigniter4\framework\system\Database\MySQLi\Connection.php(314): mysqli->query('SELECT *\nFROM `...')
#1 C:\xampp\htdocs\www\PHP\CodeIgniterTP\vendor\codeigniter4\framework\system\Database\BaseConnection.php(713): CodeIgniter\Database\MySQLi\Connection->execute('SELECT *\nFROM `...')
#2 C:\xampp\htdocs\www\PHP\CodeIgniterTP\vendor\codeigniter4\framework\system\Database\BaseConnection.php(641): CodeIgniter\Database\BaseConnection->simpleQuery('SELECT *\nFROM `...')
#3 C:\xampp\htdocs\www\PHP\CodeIgniterTP\vendor\codeigniter4\framework\system\Database\BaseBuilder.php(1866): CodeIgniter\Database\BaseConnection->query('SELECT *\nFROM `...', Array, false)
#4 C:\xampp\htdocs\www\PHP\CodeIgniterTP\vendor\codeigniter4\framework\system\Model.php(169): CodeIgniter\Database\BaseBuilder->get()
#5 C:\xampp\htdocs\www\PHP\CodeIgniterTP\vendor\codeigniter4\framework\system\BaseModel.php(518): CodeIgniter\Model->doFind(true, '1')
#6 C:\xampp\htdocs\www\PHP\CodeIgniterTP\app\Controllers\Tagcontroller.php(36): CodeIgniter\BaseModel->find('1')
#7 C:\xampp\htdocs\www\PHP\CodeIgniterTP\vendor\codeigniter4\framework\system\CodeIgniter.php(937): App\Controllers\Tagcontroller->oneTag('1')
#8 C:\xampp\htdocs\www\PHP\CodeIgniterTP\vendor\codeigniter4\framework\system\CodeIgniter.php(433): CodeIgniter\CodeIgniter->runController(Object(App\Controllers\Tagcontroller))
#9 C:\xampp\htdocs\www\PHP\CodeIgniterTP\vendor\codeigniter4\framework\system\CodeIgniter.php(334): CodeIgniter\CodeIgniter->handleRequest(NULL, Object(Config\Cache), false)
#10 C:\xampp\htdocs\www\PHP\CodeIgniterTP\public\index.php(44): CodeIgniter\CodeIgniter->run()
#11 {main}
CRITICAL - 2021-03-10 09:08:50 --> Unknown column 'tag.id' in 'where clause'
#0 C:\xampp\htdocs\www\PHP\CodeIgniterTP\vendor\codeigniter4\framework\system\Database\MySQLi\Connection.php(314): mysqli->query('SELECT *\nFROM `...')
#1 C:\xampp\htdocs\www\PHP\CodeIgniterTP\vendor\codeigniter4\framework\system\Database\BaseConnection.php(713): CodeIgniter\Database\MySQLi\Connection->execute('SELECT *\nFROM `...')
#2 C:\xampp\htdocs\www\PHP\CodeIgniterTP\vendor\codeigniter4\framework\system\Database\BaseConnection.php(641): CodeIgniter\Database\BaseConnection->simpleQuery('SELECT *\nFROM `...')
#3 C:\xampp\htdocs\www\PHP\CodeIgniterTP\vendor\codeigniter4\framework\system\Database\BaseBuilder.php(1866): CodeIgniter\Database\BaseConnection->query('SELECT *\nFROM `...', Array, false)
#4 C:\xampp\htdocs\www\PHP\CodeIgniterTP\vendor\codeigniter4\framework\system\Model.php(169): CodeIgniter\Database\BaseBuilder->get()
#5 C:\xampp\htdocs\www\PHP\CodeIgniterTP\vendor\codeigniter4\framework\system\BaseModel.php(518): CodeIgniter\Model->doFind(true, '1')
#6 C:\xampp\htdocs\www\PHP\CodeIgniterTP\app\Controllers\Tagcontroller.php(36): CodeIgniter\BaseModel->find('1')
#7 C:\xampp\htdocs\www\PHP\CodeIgniterTP\vendor\codeigniter4\framework\system\CodeIgniter.php(937): App\Controllers\Tagcontroller->oneTag('1')
#8 C:\xampp\htdocs\www\PHP\CodeIgniterTP\vendor\codeigniter4\framework\system\CodeIgniter.php(433): CodeIgniter\CodeIgniter->runController(Object(App\Controllers\Tagcontroller))
#9 C:\xampp\htdocs\www\PHP\CodeIgniterTP\vendor\codeigniter4\framework\system\CodeIgniter.php(334): CodeIgniter\CodeIgniter->handleRequest(NULL, Object(Config\Cache), false)
#10 C:\xampp\htdocs\www\PHP\CodeIgniterTP\public\index.php(44): CodeIgniter\CodeIgniter->run()
#11 {main}
CRITICAL - 2021-03-10 09:34:23 --> Too few arguments to function App\Controllers\Tagcontroller::editTag(), 0 passed in C:\xampp\htdocs\www\PHP\CodeIgniterTP\vendor\codeigniter4\framework\system\CodeIgniter.php on line 937 and exactly 1 expected
#0 C:\xampp\htdocs\www\PHP\CodeIgniterTP\vendor\codeigniter4\framework\system\CodeIgniter.php(937): App\Controllers\Tagcontroller->editTag()
#1 C:\xampp\htdocs\www\PHP\CodeIgniterTP\vendor\codeigniter4\framework\system\CodeIgniter.php(433): CodeIgniter\CodeIgniter->runController(Object(App\Controllers\Tagcontroller))
#2 C:\xampp\htdocs\www\PHP\CodeIgniterTP\vendor\codeigniter4\framework\system\CodeIgniter.php(334): CodeIgniter\CodeIgniter->handleRequest(NULL, Object(Config\Cache), false)
#3 C:\xampp\htdocs\www\PHP\CodeIgniterTP\public\index.php(44): CodeIgniter\CodeIgniter->run()
#4 {main}
CRITICAL - 2021-03-10 09:38:55 --> Undefined variable $tag
#0 C:\xampp\htdocs\www\PHP\CodeIgniterTP\app\Views\tag\editTag.php(5): CodeIgniter\Debug\Exceptions->errorHandler(2, 'Undefined varia...', 'C:\\xampp\\htdocs...', 5)
#1 C:\xampp\htdocs\www\PHP\CodeIgniterTP\vendor\codeigniter4\framework\system\View\View.php(220): include('C:\\xampp\\htdocs...')
#2 C:\xampp\htdocs\www\PHP\CodeIgniterTP\vendor\codeigniter4\framework\system\View\View.php(222): CodeIgniter\View\View->CodeIgniter\View\{closure}()
#3 C:\xampp\htdocs\www\PHP\CodeIgniterTP\vendor\codeigniter4\framework\system\Common.php(1217): CodeIgniter\View\View->render('tag/editTag', Array, true)
#4 C:\xampp\htdocs\www\PHP\CodeIgniterTP\app\Controllers\BaseController.php(62): view('tag/editTag', Array)
#5 C:\xampp\htdocs\www\PHP\CodeIgniterTP\app\Controllers\Tagcontroller.php(32): App\Controllers\BaseController->renderTemplate('tag/editTag')
#6 C:\xampp\htdocs\www\PHP\CodeIgniterTP\vendor\codeigniter4\framework\system\CodeIgniter.php(937): App\Controllers\Tagcontroller->editTag('1')
#7 C:\xampp\htdocs\www\PHP\CodeIgniterTP\vendor\codeigniter4\framework\system\CodeIgniter.php(433): CodeIgniter\CodeIgniter->runController(Object(App\Controllers\Tagcontroller))
#8 C:\xampp\htdocs\www\PHP\CodeIgniterTP\vendor\codeigniter4\framework\system\CodeIgniter.php(334): CodeIgniter\CodeIgniter->handleRequest(NULL, Object(Config\Cache), false)
#9 C:\xampp\htdocs\www\PHP\CodeIgniterTP\public\index.php(44): CodeIgniter\CodeIgniter->run()
#10 {main}
CRITICAL - 2021-03-10 10:24:58 --> Unable to find template "tag/oneTag/.html.twig.twig" (looked into: C:\xampp\htdocs\www\PHP\CodeIgniterTP\app\Views).
#0 C:\xampp\htdocs\www\PHP\CodeIgniterTP\vendor\twig\twig\src\Loader\FilesystemLoader.php(131): Twig\Loader\FilesystemLoader->findTemplate('tag/oneTag/.htm...')
#1 C:\xampp\htdocs\www\PHP\CodeIgniterTP\vendor\twig\twig\src\Environment.php(261): Twig\Loader\FilesystemLoader->getCacheKey('tag/oneTag/.htm...')
#2 C:\xampp\htdocs\www\PHP\CodeIgniterTP\vendor\twig\twig\src\Environment.php(309): Twig\Environment->getTemplateClass('tag/oneTag/.htm...')
#3 C:\xampp\htdocs\www\PHP\CodeIgniterTP\vendor\twig\twig\src\Environment.php(277): Twig\Environment->load('tag/oneTag/.htm...')
#4 C:\xampp\htdocs\www\PHP\CodeIgniterTP\vendor\kenjis\codeigniter-ss-twig\src\CI4Twig\Twig.php(177): Twig\Environment->render('tag/oneTag/.htm...', Array)
#5 C:\xampp\htdocs\www\PHP\CodeIgniterTP\app\Controllers\Tagcontroller.php(39): Kenjis\CI4Twig\Twig->render('tag/oneTag/.htm...', Array)
#6 C:\xampp\htdocs\www\PHP\CodeIgniterTP\vendor\codeigniter4\framework\system\CodeIgniter.php(937): App\Controllers\Tagcontroller->oneTag('1')
#7 C:\xampp\htdocs\www\PHP\CodeIgniterTP\vendor\codeigniter4\framework\system\CodeIgniter.php(433): CodeIgniter\CodeIgniter->runController(Object(App\Controllers\Tagcontroller))
#8 C:\xampp\htdocs\www\PHP\CodeIgniterTP\vendor\codeigniter4\framework\system\CodeIgniter.php(334): CodeIgniter\CodeIgniter->handleRequest(NULL, Object(Config\Cache), false)
#9 C:\xampp\htdocs\www\PHP\CodeIgniterTP\public\index.php(44): CodeIgniter\CodeIgniter->run()
#10 {main}
CRITICAL - 2021-03-10 10:25:29 --> Unable to find template "tag/oneTag/.html.twig" (looked into: C:\xampp\htdocs\www\PHP\CodeIgniterTP\app\Views).
#0 C:\xampp\htdocs\www\PHP\CodeIgniterTP\vendor\twig\twig\src\Loader\FilesystemLoader.php(131): Twig\Loader\FilesystemLoader->findTemplate('tag/oneTag/.htm...')
#1 C:\xampp\htdocs\www\PHP\CodeIgniterTP\vendor\twig\twig\src\Environment.php(261): Twig\Loader\FilesystemLoader->getCacheKey('tag/oneTag/.htm...')
#2 C:\xampp\htdocs\www\PHP\CodeIgniterTP\vendor\twig\twig\src\Environment.php(309): Twig\Environment->getTemplateClass('tag/oneTag/.htm...')
#3 C:\xampp\htdocs\www\PHP\CodeIgniterTP\vendor\twig\twig\src\Environment.php(277): Twig\Environment->load('tag/oneTag/.htm...')
#4 C:\xampp\htdocs\www\PHP\CodeIgniterTP\vendor\kenjis\codeigniter-ss-twig\src\CI4Twig\Twig.php(177): Twig\Environment->render('tag/oneTag/.htm...', Array)
#5 C:\xampp\htdocs\www\PHP\CodeIgniterTP\app\Controllers\Tagcontroller.php(39): Kenjis\CI4Twig\Twig->render('tag/oneTag/.htm...', Array)
#6 C:\xampp\htdocs\www\PHP\CodeIgniterTP\vendor\codeigniter4\framework\system\CodeIgniter.php(937): App\Controllers\Tagcontroller->oneTag('1')
#7 C:\xampp\htdocs\www\PHP\CodeIgniterTP\vendor\codeigniter4\framework\system\CodeIgniter.php(433): CodeIgniter\CodeIgniter->runController(Object(App\Controllers\Tagcontroller))
#8 C:\xampp\htdocs\www\PHP\CodeIgniterTP\vendor\codeigniter4\framework\system\CodeIgniter.php(334): CodeIgniter\CodeIgniter->handleRequest(NULL, Object(Config\Cache), false)
#9 C:\xampp\htdocs\www\PHP\CodeIgniterTP\public\index.php(44): CodeIgniter\CodeIgniter->run()
#10 {main}
CRITICAL - 2021-03-10 10:26:24 --> Unable to find template "tag/oneTag/.twig" (looked into: C:\xampp\htdocs\www\PHP\CodeIgniterTP\app\Views).
#0 C:\xampp\htdocs\www\PHP\CodeIgniterTP\vendor\twig\twig\src\Loader\FilesystemLoader.php(131): Twig\Loader\FilesystemLoader->findTemplate('tag/oneTag/.twi...')
#1 C:\xampp\htdocs\www\PHP\CodeIgniterTP\vendor\twig\twig\src\Environment.php(261): Twig\Loader\FilesystemLoader->getCacheKey('tag/oneTag/.twi...')
#2 C:\xampp\htdocs\www\PHP\CodeIgniterTP\vendor\twig\twig\src\Environment.php(309): Twig\Environment->getTemplateClass('tag/oneTag/.twi...')
#3 C:\xampp\htdocs\www\PHP\CodeIgniterTP\vendor\twig\twig\src\Environment.php(277): Twig\Environment->load('tag/oneTag/.twi...')
#4 C:\xampp\htdocs\www\PHP\CodeIgniterTP\vendor\kenjis\codeigniter-ss-twig\src\CI4Twig\Twig.php(177): Twig\Environment->render('tag/oneTag/.twi...', Array)
#5 C:\xampp\htdocs\www\PHP\CodeIgniterTP\app\Controllers\Tagcontroller.php(39): Kenjis\CI4Twig\Twig->render('tag/oneTag/.twi...', Array)
#6 C:\xampp\htdocs\www\PHP\CodeIgniterTP\vendor\codeigniter4\framework\system\CodeIgniter.php(937): App\Controllers\Tagcontroller->oneTag('1')
#7 C:\xampp\htdocs\www\PHP\CodeIgniterTP\vendor\codeigniter4\framework\system\CodeIgniter.php(433): CodeIgniter\CodeIgniter->runController(Object(App\Controllers\Tagcontroller))
#8 C:\xampp\htdocs\www\PHP\CodeIgniterTP\vendor\codeigniter4\framework\system\CodeIgniter.php(334): CodeIgniter\CodeIgniter->handleRequest(NULL, Object(Config\Cache), false)
#9 C:\xampp\htdocs\www\PHP\CodeIgniterTP\public\index.php(44): CodeIgniter\CodeIgniter->run()
#10 {main}
CRITICAL - 2021-03-10 10:26:36 --> Unable to find template "tag/oneTag.twig" (looked into: C:\xampp\htdocs\www\PHP\CodeIgniterTP\app\Views).
#0 C:\xampp\htdocs\www\PHP\CodeIgniterTP\vendor\twig\twig\src\Loader\FilesystemLoader.php(131): Twig\Loader\FilesystemLoader->findTemplate('tag/oneTag.twig')
#1 C:\xampp\htdocs\www\PHP\CodeIgniterTP\vendor\twig\twig\src\Environment.php(261): Twig\Loader\FilesystemLoader->getCacheKey('tag/oneTag.twig')
#2 C:\xampp\htdocs\www\PHP\CodeIgniterTP\vendor\twig\twig\src\Environment.php(309): Twig\Environment->getTemplateClass('tag/oneTag.twig')
#3 C:\xampp\htdocs\www\PHP\CodeIgniterTP\vendor\twig\twig\src\Environment.php(277): Twig\Environment->load('tag/oneTag.twig')
#4 C:\xampp\htdocs\www\PHP\CodeIgniterTP\vendor\kenjis\codeigniter-ss-twig\src\CI4Twig\Twig.php(177): Twig\Environment->render('tag/oneTag.twig', Array)
#5 C:\xampp\htdocs\www\PHP\CodeIgniterTP\app\Controllers\Tagcontroller.php(39): Kenjis\CI4Twig\Twig->render('tag/oneTag.twig', Array)
#6 C:\xampp\htdocs\www\PHP\CodeIgniterTP\vendor\codeigniter4\framework\system\CodeIgniter.php(937): App\Controllers\Tagcontroller->oneTag('1')
#7 C:\xampp\htdocs\www\PHP\CodeIgniterTP\vendor\codeigniter4\framework\system\CodeIgniter.php(433): CodeIgniter\CodeIgniter->runController(Object(App\Controllers\Tagcontroller))
#8 C:\xampp\htdocs\www\PHP\CodeIgniterTP\vendor\codeigniter4\framework\system\CodeIgniter.php(334): CodeIgniter\CodeIgniter->handleRequest(NULL, Object(Config\Cache), false)
#9 C:\xampp\htdocs\www\PHP\CodeIgniterTP\public\index.php(44): CodeIgniter\CodeIgniter->run()
#10 {main}
CRITICAL - 2021-03-10 11:01:38 --> Unexpected "}".
#0 C:\xampp\htdocs\www\PHP\CodeIgniterTP\vendor\twig\twig\src\Lexer.php(290): Twig\Lexer->lexExpression()
#1 C:\xampp\htdocs\www\PHP\CodeIgniterTP\vendor\twig\twig\src\Lexer.php(184): Twig\Lexer->lexVar()
#2 C:\xampp\htdocs\www\PHP\CodeIgniterTP\vendor\twig\twig\src\Environment.php(460): Twig\Lexer->tokenize(Object(Twig\Source))
#3 C:\xampp\htdocs\www\PHP\CodeIgniterTP\vendor\twig\twig\src\Environment.php(507): Twig\Environment->tokenize(Object(Twig\Source))
#4 C:\xampp\htdocs\www\PHP\CodeIgniterTP\vendor\twig\twig\src\Environment.php(348): Twig\Environment->compileSource(Object(Twig\Source))
#5 C:\xampp\htdocs\www\PHP\CodeIgniterTP\vendor\twig\twig\src\Environment.php(309): Twig\Environment->loadTemplate('__TwigTemplate_...', 'tag/allTags.htm...')
#6 C:\xampp\htdocs\www\PHP\CodeIgniterTP\vendor\twig\twig\src\Environment.php(277): Twig\Environment->load('tag/allTags.htm...')
#7 C:\xampp\htdocs\www\PHP\CodeIgniterTP\vendor\kenjis\codeigniter-ss-twig\src\CI4Twig\Twig.php(177): Twig\Environment->render('tag/allTags.htm...', Array)
#8 C:\xampp\htdocs\www\PHP\CodeIgniterTP\vendor\kenjis\codeigniter-ss-twig\src\CI4Twig\Twig.php(156): Kenjis\CI4Twig\Twig->render('tag/allTags.htm...', Array)
#9 C:\xampp\htdocs\www\PHP\CodeIgniterTP\app\Controllers\Tagcontroller.php(16): Kenjis\CI4Twig\Twig->display('tag/allTags.htm...', Array)
#10 C:\xampp\htdocs\www\PHP\CodeIgniterTP\vendor\codeigniter4\framework\system\CodeIgniter.php(937): App\Controllers\Tagcontroller->allTags()
#11 C:\xampp\htdocs\www\PHP\CodeIgniterTP\vendor\codeigniter4\framework\system\CodeIgniter.php(433): CodeIgniter\CodeIgniter->runController(Object(App\Controllers\Tagcontroller))
#12 C:\xampp\htdocs\www\PHP\CodeIgniterTP\vendor\codeigniter4\framework\system\CodeIgniter.php(334): CodeIgniter\CodeIgniter->handleRequest(NULL, Object(Config\Cache), false)
#13 C:\xampp\htdocs\www\PHP\CodeIgniterTP\public\index.php(44): CodeIgniter\CodeIgniter->run()
#14 {main}
CRITICAL - 2021-03-10 11:04:43 --> Unexpected token "name" of value "t" ("end of print statement" expected).
#0 C:\xampp\htdocs\www\PHP\CodeIgniterTP\vendor\twig\twig\src\Parser.php(129): Twig\TokenStream->expect(4)
#1 C:\xampp\htdocs\www\PHP\CodeIgniterTP\vendor\twig\twig\src\TokenParser\ForTokenParser.php(42): Twig\Parser->subparse(Array)
#2 C:\xampp\htdocs\www\PHP\CodeIgniterTP\vendor\twig\twig\src\Parser.php(171): Twig\TokenParser\ForTokenParser->parse(Object(Twig\Token))
#3 C:\xampp\htdocs\www\PHP\CodeIgniterTP\vendor\twig\twig\src\Parser.php(84): Twig\Parser->subparse(NULL, false)
#4 C:\xampp\htdocs\www\PHP\CodeIgniterTP\vendor\twig\twig\src\Environment.php(479): Twig\Parser->parse(Object(Twig\TokenStream))
#5 C:\xampp\htdocs\www\PHP\CodeIgniterTP\vendor\twig\twig\src\Environment.php(507): Twig\Environment->parse(Object(Twig\TokenStream))
#6 C:\xampp\htdocs\www\PHP\CodeIgniterTP\vendor\twig\twig\src\Environment.php(348): Twig\Environment->compileSource(Object(Twig\Source))
#7 C:\xampp\htdocs\www\PHP\CodeIgniterTP\vendor\twig\twig\src\Environment.php(309): Twig\Environment->loadTemplate('__TwigTemplate_...', 'tag/allTags.htm...')
#8 C:\xampp\htdocs\www\PHP\CodeIgniterTP\vendor\twig\twig\src\Environment.php(277): Twig\Environment->load('tag/allTags.htm...')
#9 C:\xampp\htdocs\www\PHP\CodeIgniterTP\vendor\kenjis\codeigniter-ss-twig\src\CI4Twig\Twig.php(177): Twig\Environment->render('tag/allTags.htm...', Array)
#10 C:\xampp\htdocs\www\PHP\CodeIgniterTP\vendor\kenjis\codeigniter-ss-twig\src\CI4Twig\Twig.php(156): Kenjis\CI4Twig\Twig->render('tag/allTags.htm...', Array)
#11 C:\xampp\htdocs\www\PHP\CodeIgniterTP\app\Controllers\Tagcontroller.php(16): Kenjis\CI4Twig\Twig->display('tag/allTags.htm...', Array)
#12 C:\xampp\htdocs\www\PHP\CodeIgniterTP\vendor\codeigniter4\framework\system\CodeIgniter.php(937): App\Controllers\Tagcontroller->allTags()
#13 C:\xampp\htdocs\www\PHP\CodeIgniterTP\vendor\codeigniter4\framework\system\CodeIgniter.php(433): CodeIgniter\CodeIgniter->runController(Object(App\Controllers\Tagcontroller))
#14 C:\xampp\htdocs\www\PHP\CodeIgniterTP\vendor\codeigniter4\framework\system\CodeIgniter.php(334): CodeIgniter\CodeIgniter->handleRequest(NULL, Object(Config\Cache), false)
#15 C:\xampp\htdocs\www\PHP\CodeIgniterTP\public\index.php(44): CodeIgniter\CodeIgniter->run()
#16 {main}
CRITICAL - 2021-03-10 11:06:41 --> Unexpected token "punctuation" of value "{" ("end of print statement" expected).
#0 C:\xampp\htdocs\www\PHP\CodeIgniterTP\vendor\twig\twig\src\Parser.php(129): Twig\TokenStream->expect(4)
#1 C:\xampp\htdocs\www\PHP\CodeIgniterTP\vendor\twig\twig\src\TokenParser\ForTokenParser.php(42): Twig\Parser->subparse(Array)
#2 C:\xampp\htdocs\www\PHP\CodeIgniterTP\vendor\twig\twig\src\Parser.php(171): Twig\TokenParser\ForTokenParser->parse(Object(Twig\Token))
#3 C:\xampp\htdocs\www\PHP\CodeIgniterTP\vendor\twig\twig\src\Parser.php(84): Twig\Parser->subparse(NULL, false)
#4 C:\xampp\htdocs\www\PHP\CodeIgniterTP\vendor\twig\twig\src\Environment.php(479): Twig\Parser->parse(Object(Twig\TokenStream))
#5 C:\xampp\htdocs\www\PHP\CodeIgniterTP\vendor\twig\twig\src\Environment.php(507): Twig\Environment->parse(Object(Twig\TokenStream))
#6 C:\xampp\htdocs\www\PHP\CodeIgniterTP\vendor\twig\twig\src\Environment.php(348): Twig\Environment->compileSource(Object(Twig\Source))
#7 C:\xampp\htdocs\www\PHP\CodeIgniterTP\vendor\twig\twig\src\Environment.php(309): Twig\Environment->loadTemplate('__TwigTemplate_...', 'tag/allTags.htm...')
#8 C:\xampp\htdocs\www\PHP\CodeIgniterTP\vendor\twig\twig\src\Environment.php(277): Twig\Environment->load('tag/allTags.htm...')
#9 C:\xampp\htdocs\www\PHP\CodeIgniterTP\vendor\kenjis\codeigniter-ss-twig\src\CI4Twig\Twig.php(177): Twig\Environment->render('tag/allTags.htm...', Array)
#10 C:\xampp\htdocs\www\PHP\CodeIgniterTP\vendor\kenjis\codeigniter-ss-twig\src\CI4Twig\Twig.php(156): Kenjis\CI4Twig\Twig->render('tag/allTags.htm...', Array)
#11 C:\xampp\htdocs\www\PHP\CodeIgniterTP\app\Controllers\Tagcontroller.php(16): Kenjis\CI4Twig\Twig->display('tag/allTags.htm...', Array)
#12 C:\xampp\htdocs\www\PHP\CodeIgniterTP\vendor\codeigniter4\framework\system\CodeIgniter.php(937): App\Controllers\Tagcontroller->allTags()
#13 C:\xampp\htdocs\www\PHP\CodeIgniterTP\vendor\codeigniter4\framework\system\CodeIgniter.php(433): CodeIgniter\CodeIgniter->runController(Object(App\Controllers\Tagcontroller))
#14 C:\xampp\htdocs\www\PHP\CodeIgniterTP\vendor\codeigniter4\framework\system\CodeIgniter.php(334): CodeIgniter\CodeIgniter->handleRequest(NULL, Object(Config\Cache), false)
#15 C:\xampp\htdocs\www\PHP\CodeIgniterTP\public\index.php(44): CodeIgniter\CodeIgniter->run()
#16 {main}
CRITICAL - 2021-03-10 11:07:09 --> Unexpected token "punctuation" of value "{" ("end of print statement" expected).
#0 C:\xampp\htdocs\www\PHP\CodeIgniterTP\vendor\twig\twig\src\Parser.php(129): Twig\TokenStream->expect(4)
#1 C:\xampp\htdocs\www\PHP\CodeIgniterTP\vendor\twig\twig\src\TokenParser\ForTokenParser.php(42): Twig\Parser->subparse(Array)
#2 C:\xampp\htdocs\www\PHP\CodeIgniterTP\vendor\twig\twig\src\Parser.php(171): Twig\TokenParser\ForTokenParser->parse(Object(Twig\Token))
#3 C:\xampp\htdocs\www\PHP\CodeIgniterTP\vendor\twig\twig\src\Parser.php(84): Twig\Parser->subparse(NULL, false)
#4 C:\xampp\htdocs\www\PHP\CodeIgniterTP\vendor\twig\twig\src\Environment.php(479): Twig\Parser->parse(Object(Twig\TokenStream))
#5 C:\xampp\htdocs\www\PHP\CodeIgniterTP\vendor\twig\twig\src\Environment.php(507): Twig\Environment->parse(Object(Twig\TokenStream))
#6 C:\xampp\htdocs\www\PHP\CodeIgniterTP\vendor\twig\twig\src\Environment.php(348): Twig\Environment->compileSource(Object(Twig\Source))
#7 C:\xampp\htdocs\www\PHP\CodeIgniterTP\vendor\twig\twig\src\Environment.php(309): Twig\Environment->loadTemplate('__TwigTemplate_...', 'tag/allTags.htm...')
#8 C:\xampp\htdocs\www\PHP\CodeIgniterTP\vendor\twig\twig\src\Environment.php(277): Twig\Environment->load('tag/allTags.htm...')
#9 C:\xampp\htdocs\www\PHP\CodeIgniterTP\vendor\kenjis\codeigniter-ss-twig\src\CI4Twig\Twig.php(177): Twig\Environment->render('tag/allTags.htm...', Array)
#10 C:\xampp\htdocs\www\PHP\CodeIgniterTP\vendor\kenjis\codeigniter-ss-twig\src\CI4Twig\Twig.php(156): Kenjis\CI4Twig\Twig->render('tag/allTags.htm...', Array)
#11 C:\xampp\htdocs\www\PHP\CodeIgniterTP\app\Controllers\Tagcontroller.php(16): Kenjis\CI4Twig\Twig->display('tag/allTags.htm...', Array)
#12 C:\xampp\htdocs\www\PHP\CodeIgniterTP\vendor\codeigniter4\framework\system\CodeIgniter.php(937): App\Controllers\Tagcontroller->allTags()
#13 C:\xampp\htdocs\www\PHP\CodeIgniterTP\vendor\codeigniter4\framework\system\CodeIgniter.php(433): CodeIgniter\CodeIgniter->runController(Object(App\Controllers\Tagcontroller))
#14 C:\xampp\htdocs\www\PHP\CodeIgniterTP\vendor\codeigniter4\framework\system\CodeIgniter.php(334): CodeIgniter\CodeIgniter->handleRequest(NULL, Object(Config\Cache), false)
#15 C:\xampp\htdocs\www\PHP\CodeIgniterTP\public\index.php(44): CodeIgniter\CodeIgniter->run()
#16 {main}
CRITICAL - 2021-03-10 11:07:43 --> Unexpected token "punctuation" of value "{" ("end of print statement" expected).
#0 C:\xampp\htdocs\www\PHP\CodeIgniterTP\vendor\twig\twig\src\Parser.php(129): Twig\TokenStream->expect(4)
#1 C:\xampp\htdocs\www\PHP\CodeIgniterTP\vendor\twig\twig\src\TokenParser\ForTokenParser.php(42): Twig\Parser->subparse(Array)
#2 C:\xampp\htdocs\www\PHP\CodeIgniterTP\vendor\twig\twig\src\Parser.php(171): Twig\TokenParser\ForTokenParser->parse(Object(Twig\Token))
#3 C:\xampp\htdocs\www\PHP\CodeIgniterTP\vendor\twig\twig\src\Parser.php(84): Twig\Parser->subparse(NULL, false)
#4 C:\xampp\htdocs\www\PHP\CodeIgniterTP\vendor\twig\twig\src\Environment.php(479): Twig\Parser->parse(Object(Twig\TokenStream))
#5 C:\xampp\htdocs\www\PHP\CodeIgniterTP\vendor\twig\twig\src\Environment.php(507): Twig\Environment->parse(Object(Twig\TokenStream))
#6 C:\xampp\htdocs\www\PHP\CodeIgniterTP\vendor\twig\twig\src\Environment.php(348): Twig\Environment->compileSource(Object(Twig\Source))
#7 C:\xampp\htdocs\www\PHP\CodeIgniterTP\vendor\twig\twig\src\Environment.php(309): Twig\Environment->loadTemplate('__TwigTemplate_...', 'tag/allTags.htm...')
#8 C:\xampp\htdocs\www\PHP\CodeIgniterTP\vendor\twig\twig\src\Environment.php(277): Twig\Environment->load('tag/allTags.htm...')
#9 C:\xampp\htdocs\www\PHP\CodeIgniterTP\vendor\kenjis\codeigniter-ss-twig\src\CI4Twig\Twig.php(177): Twig\Environment->render('tag/allTags.htm...', Array)
#10 C:\xampp\htdocs\www\PHP\CodeIgniterTP\vendor\kenjis\codeigniter-ss-twig\src\CI4Twig\Twig.php(156): Kenjis\CI4Twig\Twig->render('tag/allTags.htm...', Array)
#11 C:\xampp\htdocs\www\PHP\CodeIgniterTP\app\Controllers\Tagcontroller.php(16): Kenjis\CI4Twig\Twig->display('tag/allTags.htm...', Array)
#12 C:\xampp\htdocs\www\PHP\CodeIgniterTP\vendor\codeigniter4\framework\system\CodeIgniter.php(937): App\Controllers\Tagcontroller->allTags()
#13 C:\xampp\htdocs\www\PHP\CodeIgniterTP\vendor\codeigniter4\framework\system\CodeIgniter.php(433): CodeIgniter\CodeIgniter->runController(Object(App\Controllers\Tagcontroller))
#14 C:\xampp\htdocs\www\PHP\CodeIgniterTP\vendor\codeigniter4\framework\system\CodeIgniter.php(334): CodeIgniter\CodeIgniter->handleRequest(NULL, Object(Config\Cache), false)
#15 C:\xampp\htdocs\www\PHP\CodeIgniterTP\public\index.php(44): CodeIgniter\CodeIgniter->run()
#16 {main}
CRITICAL - 2021-03-10 11:08:01 --> Unexpected token "name" of value "t" ("end of print statement" expected).
#0 C:\xampp\htdocs\www\PHP\CodeIgniterTP\vendor\twig\twig\src\Parser.php(129): Twig\TokenStream->expect(4)
#1 C:\xampp\htdocs\www\PHP\CodeIgniterTP\vendor\twig\twig\src\TokenParser\ForTokenParser.php(42): Twig\Parser->subparse(Array)
#2 C:\xampp\htdocs\www\PHP\CodeIgniterTP\vendor\twig\twig\src\Parser.php(171): Twig\TokenParser\ForTokenParser->parse(Object(Twig\Token))
#3 C:\xampp\htdocs\www\PHP\CodeIgniterTP\vendor\twig\twig\src\Parser.php(84): Twig\Parser->subparse(NULL, false)
#4 C:\xampp\htdocs\www\PHP\CodeIgniterTP\vendor\twig\twig\src\Environment.php(479): Twig\Parser->parse(Object(Twig\TokenStream))
#5 C:\xampp\htdocs\www\PHP\CodeIgniterTP\vendor\twig\twig\src\Environment.php(507): Twig\Environment->parse(Object(Twig\TokenStream))
#6 C:\xampp\htdocs\www\PHP\CodeIgniterTP\vendor\twig\twig\src\Environment.php(348): Twig\Environment->compileSource(Object(Twig\Source))
#7 C:\xampp\htdocs\www\PHP\CodeIgniterTP\vendor\twig\twig\src\Environment.php(309): Twig\Environment->loadTemplate('__TwigTemplate_...', 'tag/allTags.htm...')
#8 C:\xampp\htdocs\www\PHP\CodeIgniterTP\vendor\twig\twig\src\Environment.php(277): Twig\Environment->load('tag/allTags.htm...')
#9 C:\xampp\htdocs\www\PHP\CodeIgniterTP\vendor\kenjis\codeigniter-ss-twig\src\CI4Twig\Twig.php(177): Twig\Environment->render('tag/allTags.htm...', Array)
#10 C:\xampp\htdocs\www\PHP\CodeIgniterTP\vendor\kenjis\codeigniter-ss-twig\src\CI4Twig\Twig.php(156): Kenjis\CI4Twig\Twig->render('tag/allTags.htm...', Array)
#11 C:\xampp\htdocs\www\PHP\CodeIgniterTP\app\Controllers\Tagcontroller.php(16): Kenjis\CI4Twig\Twig->display('tag/allTags.htm...', Array)
#12 C:\xampp\htdocs\www\PHP\CodeIgniterTP\vendor\codeigniter4\framework\system\CodeIgniter.php(937): App\Controllers\Tagcontroller->allTags()
#13 C:\xampp\htdocs\www\PHP\CodeIgniterTP\vendor\codeigniter4\framework\system\CodeIgniter.php(433): CodeIgniter\CodeIgniter->runController(Object(App\Controllers\Tagcontroller))
#14 C:\xampp\htdocs\www\PHP\CodeIgniterTP\vendor\codeigniter4\framework\system\CodeIgniter.php(334): CodeIgniter\CodeIgniter->handleRequest(NULL, Object(Config\Cache), false)
#15 C:\xampp\htdocs\www\PHP\CodeIgniterTP\public\index.php(44): CodeIgniter\CodeIgniter->run()
#16 {main}
CRITICAL - 2021-03-10 11:12:44 --> Unable to find template "tag/editTag.html.twig" (looked into: C:\xampp\htdocs\www\PHP\CodeIgniterTP\app\Views).
#0 C:\xampp\htdocs\www\PHP\CodeIgniterTP\vendor\twig\twig\src\Loader\FilesystemLoader.php(131): Twig\Loader\FilesystemLoader->findTemplate('tag/editTag.htm...')
#1 C:\xampp\htdocs\www\PHP\CodeIgniterTP\vendor\twig\twig\src\Environment.php(261): Twig\Loader\FilesystemLoader->getCacheKey('tag/editTag.htm...')
#2 C:\xampp\htdocs\www\PHP\CodeIgniterTP\vendor\twig\twig\src\Environment.php(309): Twig\Environment->getTemplateClass('tag/editTag.htm...')
#3 C:\xampp\htdocs\www\PHP\CodeIgniterTP\vendor\twig\twig\src\Environment.php(277): Twig\Environment->load('tag/editTag.htm...')
#4 C:\xampp\htdocs\www\PHP\CodeIgniterTP\vendor\kenjis\codeigniter-ss-twig\src\CI4Twig\Twig.php(177): Twig\Environment->render('tag/editTag.htm...', Array)
#5 C:\xampp\htdocs\www\PHP\CodeIgniterTP\vendor\kenjis\codeigniter-ss-twig\src\CI4Twig\Twig.php(156): Kenjis\CI4Twig\Twig->render('tag/editTag.htm...', Array)
#6 C:\xampp\htdocs\www\PHP\CodeIgniterTP\app\Controllers\Tagcontroller.php(32): Kenjis\CI4Twig\Twig->display('tag/editTag.htm...', Array)
#7 C:\xampp\htdocs\www\PHP\CodeIgniterTP\vendor\codeigniter4\framework\system\CodeIgniter.php(937): App\Controllers\Tagcontroller->editTag('3')
#8 C:\xampp\htdocs\www\PHP\CodeIgniterTP\vendor\codeigniter4\framework\system\CodeIgniter.php(433): CodeIgniter\CodeIgniter->runController(Object(App\Controllers\Tagcontroller))
#9 C:\xampp\htdocs\www\PHP\CodeIgniterTP\vendor\codeigniter4\framework\system\CodeIgniter.php(334): CodeIgniter\CodeIgniter->handleRequest(NULL, Object(Config\Cache), false)
#10 C:\xampp\htdocs\www\PHP\CodeIgniterTP\public\index.php(44): CodeIgniter\CodeIgniter->run()
#11 {main}
CRITICAL - 2021-03-10 11:51:46 --> Unexpected token "operator" of value "%".
#0 C:\xampp\htdocs\www\PHP\CodeIgniterTP\vendor\twig\twig\src\ExpressionParser.php(175): Twig\ExpressionParser->parsePrimaryExpression()
#1 C:\xampp\htdocs\www\PHP\CodeIgniterTP\vendor\twig\twig\src\ExpressionParser.php(70): Twig\ExpressionParser->getPrimary()
#2 C:\xampp\htdocs\www\PHP\CodeIgniterTP\vendor\twig\twig\src\Parser.php(128): Twig\ExpressionParser->parseExpression()
#3 C:\xampp\htdocs\www\PHP\CodeIgniterTP\vendor\twig\twig\src\Parser.php(84): Twig\Parser->subparse(NULL, false)
#4 C:\xampp\htdocs\www\PHP\CodeIgniterTP\vendor\twig\twig\src\Environment.php(479): Twig\Parser->parse(Object(Twig\TokenStream))
#5 C:\xampp\htdocs\www\PHP\CodeIgniterTP\vendor\twig\twig\src\Environment.php(507): Twig\Environment->parse(Object(Twig\TokenStream))
#6 C:\xampp\htdocs\www\PHP\CodeIgniterTP\vendor\twig\twig\src\Environment.php(348): Twig\Environment->compileSource(Object(Twig\Source))
#7 C:\xampp\htdocs\www\PHP\CodeIgniterTP\vendor\twig\twig\src\Environment.php(309): Twig\Environment->loadTemplate('__TwigTemplate_...', 'tag/allTags.htm...')
#8 C:\xampp\htdocs\www\PHP\CodeIgniterTP\vendor\twig\twig\src\Environment.php(277): Twig\Environment->load('tag/allTags.htm...')
#9 C:\xampp\htdocs\www\PHP\CodeIgniterTP\vendor\kenjis\codeigniter-ss-twig\src\CI4Twig\Twig.php(177): Twig\Environment->render('tag/allTags.htm...', Array)
#10 C:\xampp\htdocs\www\PHP\CodeIgniterTP\vendor\kenjis\codeigniter-ss-twig\src\CI4Twig\Twig.php(156): Kenjis\CI4Twig\Twig->render('tag/allTags.htm...', Array)
#11 C:\xampp\htdocs\www\PHP\CodeIgniterTP\app\Controllers\Tagcontroller.php(16): Kenjis\CI4Twig\Twig->display('tag/allTags.htm...', Array)
#12 C:\xampp\htdocs\www\PHP\CodeIgniterTP\vendor\codeigniter4\framework\system\CodeIgniter.php(937): App\Controllers\Tagcontroller->allTags()
#13 C:\xampp\htdocs\www\PHP\CodeIgniterTP\vendor\codeigniter4\framework\system\CodeIgniter.php(433): CodeIgniter\CodeIgniter->runController(Object(App\Controllers\Tagcontroller))
#14 C:\xampp\htdocs\www\PHP\CodeIgniterTP\vendor\codeigniter4\framework\system\CodeIgniter.php(334): CodeIgniter\CodeIgniter->handleRequest(NULL, Object(Config\Cache), false)
#15 C:\xampp\htdocs\www\PHP\CodeIgniterTP\public\index.php(44): CodeIgniter\CodeIgniter->run()
#16 {main}
CRITICAL - 2021-03-10 11:51:58 --> Unexpected token "operator" of value "%".
#0 C:\xampp\htdocs\www\PHP\CodeIgniterTP\vendor\twig\twig\src\ExpressionParser.php(175): Twig\ExpressionParser->parsePrimaryExpression()
#1 C:\xampp\htdocs\www\PHP\CodeIgniterTP\vendor\twig\twig\src\ExpressionParser.php(70): Twig\ExpressionParser->getPrimary()
#2 C:\xampp\htdocs\www\PHP\CodeIgniterTP\vendor\twig\twig\src\Parser.php(128): Twig\ExpressionParser->parseExpression()
#3 C:\xampp\htdocs\www\PHP\CodeIgniterTP\vendor\twig\twig\src\Parser.php(84): Twig\Parser->subparse(NULL, false)
#4 C:\xampp\htdocs\www\PHP\CodeIgniterTP\vendor\twig\twig\src\Environment.php(479): Twig\Parser->parse(Object(Twig\TokenStream))
#5 C:\xampp\htdocs\www\PHP\CodeIgniterTP\vendor\twig\twig\src\Environment.php(507): Twig\Environment->parse(Object(Twig\TokenStream))
#6 C:\xampp\htdocs\www\PHP\CodeIgniterTP\vendor\twig\twig\src\Environment.php(348): Twig\Environment->compileSource(Object(Twig\Source))
#7 C:\xampp\htdocs\www\PHP\CodeIgniterTP\vendor\twig\twig\src\Environment.php(309): Twig\Environment->loadTemplate('__TwigTemplate_...', 'tag/allTags.htm...')
#8 C:\xampp\htdocs\www\PHP\CodeIgniterTP\vendor\twig\twig\src\Environment.php(277): Twig\Environment->load('tag/allTags.htm...')
#9 C:\xampp\htdocs\www\PHP\CodeIgniterTP\vendor\kenjis\codeigniter-ss-twig\src\CI4Twig\Twig.php(177): Twig\Environment->render('tag/allTags.htm...', Array)
#10 C:\xampp\htdocs\www\PHP\CodeIgniterTP\vendor\kenjis\codeigniter-ss-twig\src\CI4Twig\Twig.php(156): Kenjis\CI4Twig\Twig->render('tag/allTags.htm...', Array)
#11 C:\xampp\htdocs\www\PHP\CodeIgniterTP\app\Controllers\Tagcontroller.php(16): Kenjis\CI4Twig\Twig->display('tag/allTags.htm...', Array)
#12 C:\xampp\htdocs\www\PHP\CodeIgniterTP\vendor\codeigniter4\framework\system\CodeIgniter.php(937): App\Controllers\Tagcontroller->allTags()
#13 C:\xampp\htdocs\www\PHP\CodeIgniterTP\vendor\codeigniter4\framework\system\CodeIgniter.php(433): CodeIgniter\CodeIgniter->runController(Object(App\Controllers\Tagcontroller))
#14 C:\xampp\htdocs\www\PHP\CodeIgniterTP\vendor\codeigniter4\framework\system\CodeIgniter.php(334): CodeIgniter\CodeIgniter->handleRequest(NULL, Object(Config\Cache), false)
#15 C:\xampp\htdocs\www\PHP\CodeIgniterTP\public\index.php(44): CodeIgniter\CodeIgniter->run()
#16 {main}
CRITICAL - 2021-03-10 11:52:38 --> A template that extends another one cannot include content outside Twig blocks. Did you forget to put the content inside a {% block %} tag?
#0 C:\xampp\htdocs\www\PHP\CodeIgniterTP\vendor\twig\twig\src\Parser.php(342): Twig\Parser->filterBodyNodes(Object(Twig\Node\TextNode), false)
#1 C:\xampp\htdocs\www\PHP\CodeIgniterTP\vendor\twig\twig\src\Parser.php(86): Twig\Parser->filterBodyNodes(Object(Twig\Node\Node))
#2 C:\xampp\htdocs\www\PHP\CodeIgniterTP\vendor\twig\twig\src\Environment.php(479): Twig\Parser->parse(Object(Twig\TokenStream))
#3 C:\xampp\htdocs\www\PHP\CodeIgniterTP\vendor\twig\twig\src\Environment.php(507): Twig\Environment->parse(Object(Twig\TokenStream))
#4 C:\xampp\htdocs\www\PHP\CodeIgniterTP\vendor\twig\twig\src\Environment.php(348): Twig\Environment->compileSource(Object(Twig\Source))
#5 C:\xampp\htdocs\www\PHP\CodeIgniterTP\vendor\twig\twig\src\Environment.php(309): Twig\Environment->loadTemplate('__TwigTemplate_...', 'tag/allTags.htm...')
#6 C:\xampp\htdocs\www\PHP\CodeIgniterTP\vendor\twig\twig\src\Environment.php(277): Twig\Environment->load('tag/allTags.htm...')
#7 C:\xampp\htdocs\www\PHP\CodeIgniterTP\vendor\kenjis\codeigniter-ss-twig\src\CI4Twig\Twig.php(177): Twig\Environment->render('tag/allTags.htm...', Array)
#8 C:\xampp\htdocs\www\PHP\CodeIgniterTP\vendor\kenjis\codeigniter-ss-twig\src\CI4Twig\Twig.php(156): Kenjis\CI4Twig\Twig->render('tag/allTags.htm...', Array)
#9 C:\xampp\htdocs\www\PHP\CodeIgniterTP\app\Controllers\Tagcontroller.php(16): Kenjis\CI4Twig\Twig->display('tag/allTags.htm...', Array)
#10 C:\xampp\htdocs\www\PHP\CodeIgniterTP\vendor\codeigniter4\framework\system\CodeIgniter.php(937): App\Controllers\Tagcontroller->allTags()
#11 C:\xampp\htdocs\www\PHP\CodeIgniterTP\vendor\codeigniter4\framework\system\CodeIgniter.php(433): CodeIgniter\CodeIgniter->runController(Object(App\Controllers\Tagcontroller))
#12 C:\xampp\htdocs\www\PHP\CodeIgniterTP\vendor\codeigniter4\framework\system\CodeIgniter.php(334): CodeIgniter\CodeIgniter->handleRequest(NULL, Object(Config\Cache), false)
#13 C:\xampp\htdocs\www\PHP\CodeIgniterTP\public\index.php(44): CodeIgniter\CodeIgniter->run()
#14 {main}
CRITICAL - 2021-03-10 11:58:44 --> Unexpected token "operator" of value "%".
#0 C:\xampp\htdocs\www\PHP\CodeIgniterTP\vendor\twig\twig\src\ExpressionParser.php(175): Twig\ExpressionParser->parsePrimaryExpression()
#1 C:\xampp\htdocs\www\PHP\CodeIgniterTP\vendor\twig\twig\src\ExpressionParser.php(70): Twig\ExpressionParser->getPrimary()
#2 C:\xampp\htdocs\www\PHP\CodeIgniterTP\vendor\twig\twig\src\Parser.php(128): Twig\ExpressionParser->parseExpression()
#3 C:\xampp\htdocs\www\PHP\CodeIgniterTP\vendor\twig\twig\src\Parser.php(84): Twig\Parser->subparse(NULL, false)
#4 C:\xampp\htdocs\www\PHP\CodeIgniterTP\vendor\twig\twig\src\Environment.php(479): Twig\Parser->parse(Object(Twig\TokenStream))
#5 C:\xampp\htdocs\www\PHP\CodeIgniterTP\vendor\twig\twig\src\Environment.php(507): Twig\Environment->parse(Object(Twig\TokenStream))
#6 C:\xampp\htdocs\www\PHP\CodeIgniterTP\vendor\twig\twig\src\Environment.php(348): Twig\Environment->compileSource(Object(Twig\Source))
#7 C:\xampp\htdocs\www\PHP\CodeIgniterTP\vendor\twig\twig\src\Environment.php(309): Twig\Environment->loadTemplate('__TwigTemplate_...', 'tag/searchTag.h...')
#8 C:\xampp\htdocs\www\PHP\CodeIgniterTP\vendor\twig\twig\src\Environment.php(277): Twig\Environment->load('tag/searchTag.h...')
#9 C:\xampp\htdocs\www\PHP\CodeIgniterTP\vendor\kenjis\codeigniter-ss-twig\src\CI4Twig\Twig.php(177): Twig\Environment->render('tag/searchTag.h...', Array)
#10 C:\xampp\htdocs\www\PHP\CodeIgniterTP\vendor\kenjis\codeigniter-ss-twig\src\CI4Twig\Twig.php(156): Kenjis\CI4Twig\Twig->render('tag/searchTag.h...', Array)
#11 C:\xampp\htdocs\www\PHP\CodeIgniterTP\app\Controllers\Tagcontroller.php(44): Kenjis\CI4Twig\Twig->display('tag/searchTag.h...')
#12 C:\xampp\htdocs\www\PHP\CodeIgniterTP\vendor\codeigniter4\framework\system\CodeIgniter.php(937): App\Controllers\Tagcontroller->searchTag()
#13 C:\xampp\htdocs\www\PHP\CodeIgniterTP\vendor\codeigniter4\framework\system\CodeIgniter.php(433): CodeIgniter\CodeIgniter->runController(Object(App\Controllers\Tagcontroller))
#14 C:\xampp\htdocs\www\PHP\CodeIgniterTP\vendor\codeigniter4\framework\system\CodeIgniter.php(334): CodeIgniter\CodeIgniter->handleRequest(NULL, Object(Config\Cache), false)
#15 C:\xampp\htdocs\www\PHP\CodeIgniterTP\public\index.php(44): CodeIgniter\CodeIgniter->run()
#16 {main}
CRITICAL - 2021-03-10 12:17:08 --> Unable to find template "home.twig" (looked into: C:\xampp\htdocs\www\PHP\CodeIgniterTP\app\Views).
#0 C:\xampp\htdocs\www\PHP\CodeIgniterTP\vendor\twig\twig\src\Loader\FilesystemLoader.php(131): Twig\Loader\FilesystemLoader->findTemplate('home.twig')
#1 C:\xampp\htdocs\www\PHP\CodeIgniterTP\vendor\twig\twig\src\Environment.php(261): Twig\Loader\FilesystemLoader->getCacheKey('home.twig')
#2 C:\xampp\htdocs\www\PHP\CodeIgniterTP\vendor\twig\twig\src\Environment.php(309): Twig\Environment->getTemplateClass('home.twig')
#3 C:\xampp\htdocs\www\PHP\CodeIgniterTP\vendor\twig\twig\src\Environment.php(277): Twig\Environment->load('home.twig')
#4 C:\xampp\htdocs\www\PHP\CodeIgniterTP\vendor\kenjis\codeigniter-ss-twig\src\CI4Twig\Twig.php(177): Twig\Environment->render('home.twig', Array)
#5 C:\xampp\htdocs\www\PHP\CodeIgniterTP\vendor\kenjis\codeigniter-ss-twig\src\CI4Twig\Twig.php(156): Kenjis\CI4Twig\Twig->render('home.twig', Array)
#6 C:\xampp\htdocs\www\PHP\CodeIgniterTP\app\Controllers\Home.php(9): Kenjis\CI4Twig\Twig->display('home')
#7 C:\xampp\htdocs\www\PHP\CodeIgniterTP\vendor\codeigniter4\framework\system\CodeIgniter.php(937): App\Controllers\Home->index()
#8 C:\xampp\htdocs\www\PHP\CodeIgniterTP\vendor\codeigniter4\framework\system\CodeIgniter.php(433): CodeIgniter\CodeIgniter->runController(Object(App\Controllers\Home))
#9 C:\xampp\htdocs\www\PHP\CodeIgniterTP\vendor\codeigniter4\framework\system\CodeIgniter.php(334): CodeIgniter\CodeIgniter->handleRequest(NULL, Object(Config\Cache), false)
#10 C:\xampp\htdocs\www\PHP\CodeIgniterTP\public\index.php(44): CodeIgniter\CodeIgniter->run()
#11 {main}
CRITICAL - 2021-03-10 12:17:35 --> Unable to find template "home.twig" (looked into: C:\xampp\htdocs\www\PHP\CodeIgniterTP\app\Views).
#0 C:\xampp\htdocs\www\PHP\CodeIgniterTP\vendor\twig\twig\src\Loader\FilesystemLoader.php(131): Twig\Loader\FilesystemLoader->findTemplate('home.twig')
#1 C:\xampp\htdocs\www\PHP\CodeIgniterTP\vendor\twig\twig\src\Environment.php(261): Twig\Loader\FilesystemLoader->getCacheKey('home.twig')
#2 C:\xampp\htdocs\www\PHP\CodeIgniterTP\vendor\twig\twig\src\Environment.php(309): Twig\Environment->getTemplateClass('home.twig')
#3 C:\xampp\htdocs\www\PHP\CodeIgniterTP\vendor\twig\twig\src\Environment.php(277): Twig\Environment->load('home.twig')
#4 C:\xampp\htdocs\www\PHP\CodeIgniterTP\vendor\kenjis\codeigniter-ss-twig\src\CI4Twig\Twig.php(177): Twig\Environment->render('home.twig', Array)
#5 C:\xampp\htdocs\www\PHP\CodeIgniterTP\vendor\kenjis\codeigniter-ss-twig\src\CI4Twig\Twig.php(156): Kenjis\CI4Twig\Twig->render('home.twig', Array)
#6 C:\xampp\htdocs\www\PHP\CodeIgniterTP\app\Controllers\Home.php(9): Kenjis\CI4Twig\Twig->display('home')
#7 C:\xampp\htdocs\www\PHP\CodeIgniterTP\vendor\codeigniter4\framework\system\CodeIgniter.php(937): App\Controllers\Home->index()
#8 C:\xampp\htdocs\www\PHP\CodeIgniterTP\vendor\codeigniter4\framework\system\CodeIgniter.php(433): CodeIgniter\CodeIgniter->runController(Object(App\Controllers\Home))
#9 C:\xampp\htdocs\www\PHP\CodeIgniterTP\vendor\codeigniter4\framework\system\CodeIgniter.php(334): CodeIgniter\CodeIgniter->handleRequest(NULL, Object(Config\Cache), false)
#10 C:\xampp\htdocs\www\PHP\CodeIgniterTP\public\index.php(44): CodeIgniter\CodeIgniter->run()
#11 {main}
CRITICAL - 2021-03-10 12:17:58 --> Unable to find template "home.twig" (looked into: C:\xampp\htdocs\www\PHP\CodeIgniterTP\app\Views).
#0 C:\xampp\htdocs\www\PHP\CodeIgniterTP\vendor\twig\twig\src\Loader\FilesystemLoader.php(131): Twig\Loader\FilesystemLoader->findTemplate('home.twig')
#1 C:\xampp\htdocs\www\PHP\CodeIgniterTP\vendor\twig\twig\src\Environment.php(261): Twig\Loader\FilesystemLoader->getCacheKey('home.twig')
#2 C:\xampp\htdocs\www\PHP\CodeIgniterTP\vendor\twig\twig\src\Environment.php(309): Twig\Environment->getTemplateClass('home.twig')
#3 C:\xampp\htdocs\www\PHP\CodeIgniterTP\vendor\twig\twig\src\Environment.php(277): Twig\Environment->load('home.twig')
#4 C:\xampp\htdocs\www\PHP\CodeIgniterTP\vendor\kenjis\codeigniter-ss-twig\src\CI4Twig\Twig.php(177): Twig\Environment->render('home.twig', Array)
#5 C:\xampp\htdocs\www\PHP\CodeIgniterTP\vendor\kenjis\codeigniter-ss-twig\src\CI4Twig\Twig.php(156): Kenjis\CI4Twig\Twig->render('home.twig', Array)
#6 C:\xampp\htdocs\www\PHP\CodeIgniterTP\app\Controllers\Home.php(9): Kenjis\CI4Twig\Twig->display('home')
#7 C:\xampp\htdocs\www\PHP\CodeIgniterTP\vendor\codeigniter4\framework\system\CodeIgniter.php(937): App\Controllers\Home->index()
#8 C:\xampp\htdocs\www\PHP\CodeIgniterTP\vendor\codeigniter4\framework\system\CodeIgniter.php(433): CodeIgniter\CodeIgniter->runController(Object(App\Controllers\Home))
#9 C:\xampp\htdocs\www\PHP\CodeIgniterTP\vendor\codeigniter4\framework\system\CodeIgniter.php(334): CodeIgniter\CodeIgniter->handleRequest(NULL, Object(Config\Cache), false)
#10 C:\xampp\htdocs\www\PHP\CodeIgniterTP\public\index.php(44): CodeIgniter\CodeIgniter->run()
#11 {main}
CRITICAL - 2021-03-10 13:07:22 --> Undefined property: App\Controllers\Tagcontroller::$input
#0 C:\xampp\htdocs\www\PHP\CodeIgniterTP\app\Controllers\Tagcontroller.php(25): CodeIgniter\Debug\Exceptions->errorHandler(2, 'Undefined prope...', 'C:\\xampp\\htdocs...', 25)
#1 C:\xampp\htdocs\www\PHP\CodeIgniterTP\vendor\codeigniter4\framework\system\CodeIgniter.php(937): App\Controllers\Tagcontroller->createTag()
#2 C:\xampp\htdocs\www\PHP\CodeIgniterTP\vendor\codeigniter4\framework\system\CodeIgniter.php(433): CodeIgniter\CodeIgniter->runController(Object(App\Controllers\Tagcontroller))
#3 C:\xampp\htdocs\www\PHP\CodeIgniterTP\vendor\codeigniter4\framework\system\CodeIgniter.php(334): CodeIgniter\CodeIgniter->handleRequest(NULL, Object(Config\Cache), false)
#4 C:\xampp\htdocs\www\PHP\CodeIgniterTP\public\index.php(44): CodeIgniter\CodeIgniter->run()
#5 {main}
CRITICAL - 2021-03-10 13:07:58 --> Undefined property: App\Controllers\Tagcontroller::$db
#0 C:\xampp\htdocs\www\PHP\CodeIgniterTP\app\Controllers\Tagcontroller.php(29): CodeIgniter\Debug\Exceptions->errorHandler(2, 'Undefined prope...', 'C:\\xampp\\htdocs...', 29)
#1 C:\xampp\htdocs\www\PHP\CodeIgniterTP\vendor\codeigniter4\framework\system\CodeIgniter.php(937): App\Controllers\Tagcontroller->createTag()
#2 C:\xampp\htdocs\www\PHP\CodeIgniterTP\vendor\codeigniter4\framework\system\CodeIgniter.php(433): CodeIgniter\CodeIgniter->runController(Object(App\Controllers\Tagcontroller))
#3 C:\xampp\htdocs\www\PHP\CodeIgniterTP\vendor\codeigniter4\framework\system\CodeIgniter.php(334): CodeIgniter\CodeIgniter->handleRequest(NULL, Object(Config\Cache), false)
#4 C:\xampp\htdocs\www\PHP\CodeIgniterTP\public\index.php(44): CodeIgniter\CodeIgniter->run()
#5 {main}
CRITICAL - 2021-03-10 13:15:26 --> Call to undefined method App\Models\TagModel::insert_id
#0 C:\xampp\htdocs\www\PHP\CodeIgniterTP\app\Controllers\Tagcontroller.php(30): CodeIgniter\Model->__call('insert_id', Array)
#1 C:\xampp\htdocs\www\PHP\CodeIgniterTP\vendor\codeigniter4\framework\system\CodeIgniter.php(937): App\Controllers\Tagcontroller->createTag()
#2 C:\xampp\htdocs\www\PHP\CodeIgniterTP\vendor\codeigniter4\framework\system\CodeIgniter.php(433): CodeIgniter\CodeIgniter->runController(Object(App\Controllers\Tagcontroller))
#3 C:\xampp\htdocs\www\PHP\CodeIgniterTP\vendor\codeigniter4\framework\system\CodeIgniter.php(334): CodeIgniter\CodeIgniter->handleRequest(NULL, Object(Config\Cache), false)
#4 C:\xampp\htdocs\www\PHP\CodeIgniterTP\public\index.php(44): CodeIgniter\CodeIgniter->run()
#5 {main}
CRITICAL - 2021-03-10 13:21:17 --> Unexpected token "operator" of value "%".
#0 C:\xampp\htdocs\www\PHP\CodeIgniterTP\vendor\twig\twig\src\ExpressionParser.php(175): Twig\ExpressionParser->parsePrimaryExpression()
#1 C:\xampp\htdocs\www\PHP\CodeIgniterTP\vendor\twig\twig\src\ExpressionParser.php(70): Twig\ExpressionParser->getPrimary()
#2 C:\xampp\htdocs\www\PHP\CodeIgniterTP\vendor\twig\twig\src\Parser.php(128): Twig\ExpressionParser->parseExpression()
#3 C:\xampp\htdocs\www\PHP\CodeIgniterTP\vendor\twig\twig\src\Parser.php(84): Twig\Parser->subparse(NULL, false)
#4 C:\xampp\htdocs\www\PHP\CodeIgniterTP\vendor\twig\twig\src\Environment.php(479): Twig\Parser->parse(Object(Twig\TokenStream))
#5 C:\xampp\htdocs\www\PHP\CodeIgniterTP\vendor\twig\twig\src\Environment.php(507): Twig\Environment->parse(Object(Twig\TokenStream))
#6 C:\xampp\htdocs\www\PHP\CodeIgniterTP\vendor\twig\twig\src\Environment.php(348): Twig\Environment->compileSource(Object(Twig\Source))
#7 C:\xampp\htdocs\www\PHP\CodeIgniterTP\vendor\twig\twig\src\Environment.php(309): Twig\Environment->loadTemplate('__TwigTemplate_...', 'tag/oneTag.html...')
#8 C:\xampp\htdocs\www\PHP\CodeIgniterTP\vendor\twig\twig\src\Environment.php(277): Twig\Environment->load('tag/oneTag.html...')
#9 C:\xampp\htdocs\www\PHP\CodeIgniterTP\vendor\kenjis\codeigniter-ss-twig\src\CI4Twig\Twig.php(177): Twig\Environment->render('tag/oneTag.html...', Array)
#10 C:\xampp\htdocs\www\PHP\CodeIgniterTP\vendor\kenjis\codeigniter-ss-twig\src\CI4Twig\Twig.php(156): Kenjis\CI4Twig\Twig->render('tag/oneTag.html...', Array)
#11 C:\xampp\htdocs\www\PHP\CodeIgniterTP\app\Controllers\Tagcontroller.php(31): Kenjis\CI4Twig\Twig->display('tag/oneTag.html', Array)
#12 C:\xampp\htdocs\www\PHP\CodeIgniterTP\vendor\codeigniter4\framework\system\CodeIgniter.php(937): App\Controllers\Tagcontroller->createTag()
#13 C:\xampp\htdocs\www\PHP\CodeIgniterTP\vendor\codeigniter4\framework\system\CodeIgniter.php(433): CodeIgniter\CodeIgniter->runController(Object(App\Controllers\Tagcontroller))
#14 C:\xampp\htdocs\www\PHP\CodeIgniterTP\vendor\codeigniter4\framework\system\CodeIgniter.php(334): CodeIgniter\CodeIgniter->handleRequest(NULL, Object(Config\Cache), false)
#15 C:\xampp\htdocs\www\PHP\CodeIgniterTP\public\index.php(44): CodeIgniter\CodeIgniter->run()
#16 {main}
CRITICAL - 2021-03-10 13:49:38 --> Arguments must be separated by a comma. Unexpected token "name" of value "t" ("punctuation" expected with value ",").
#0 C:\xampp\htdocs\www\PHP\CodeIgniterTP\vendor\twig\twig\src\ExpressionParser.php(590): Twig\TokenStream->expect(9, ',', 'Arguments must ...')
#1 C:\xampp\htdocs\www\PHP\CodeIgniterTP\vendor\twig\twig\src\ExpressionParser.php(454): Twig\ExpressionParser->parseArguments(true)
#2 C:\xampp\htdocs\www\PHP\CodeIgniterTP\vendor\twig\twig\src\ExpressionParser.php(235): Twig\ExpressionParser->getFunctionNode('base_url', 21)
#3 C:\xampp\htdocs\www\PHP\CodeIgniterTP\vendor\twig\twig\src\ExpressionParser.php(175): Twig\ExpressionParser->parsePrimaryExpression()
#4 C:\xampp\htdocs\www\PHP\CodeIgniterTP\vendor\twig\twig\src\ExpressionParser.php(70): Twig\ExpressionParser->getPrimary()
#5 C:\xampp\htdocs\www\PHP\CodeIgniterTP\vendor\twig\twig\src\Parser.php(128): Twig\ExpressionParser->parseExpression()
#6 C:\xampp\htdocs\www\PHP\CodeIgniterTP\vendor\twig\twig\src\TokenParser\ForTokenParser.php(42): Twig\Parser->subparse(Array)
#7 C:\xampp\htdocs\www\PHP\CodeIgniterTP\vendor\twig\twig\src\Parser.php(171): Twig\TokenParser\ForTokenParser->parse(Object(Twig\Token))
#8 C:\xampp\htdocs\www\PHP\CodeIgniterTP\vendor\twig\twig\src\TokenParser\BlockTokenParser.php(47): Twig\Parser->subparse(Array, true)
#9 C:\xampp\htdocs\www\PHP\CodeIgniterTP\vendor\twig\twig\src\Parser.php(171): Twig\TokenParser\BlockTokenParser->parse(Object(Twig\Token))
#10 C:\xampp\htdocs\www\PHP\CodeIgniterTP\vendor\twig\twig\src\Parser.php(84): Twig\Parser->subparse(NULL, false)
#11 C:\xampp\htdocs\www\PHP\CodeIgniterTP\vendor\twig\twig\src\Environment.php(479): Twig\Parser->parse(Object(Twig\TokenStream))
#12 C:\xampp\htdocs\www\PHP\CodeIgniterTP\vendor\twig\twig\src\Environment.php(507): Twig\Environment->parse(Object(Twig\TokenStream))
#13 C:\xampp\htdocs\www\PHP\CodeIgniterTP\vendor\twig\twig\src\Environment.php(348): Twig\Environment->compileSource(Object(Twig\Source))
#14 C:\xampp\htdocs\www\PHP\CodeIgniterTP\vendor\twig\twig\src\Environment.php(309): Twig\Environment->loadTemplate('__TwigTemplate_...', 'tag/allTags.htm...')
#15 C:\xampp\htdocs\www\PHP\CodeIgniterTP\vendor\twig\twig\src\Environment.php(277): Twig\Environment->load('tag/allTags.htm...')
#16 C:\xampp\htdocs\www\PHP\CodeIgniterTP\vendor\kenjis\codeigniter-ss-twig\src\CI4Twig\Twig.php(177): Twig\Environment->render('tag/allTags.htm...', Array)
#17 C:\xampp\htdocs\www\PHP\CodeIgniterTP\vendor\kenjis\codeigniter-ss-twig\src\CI4Twig\Twig.php(156): Kenjis\CI4Twig\Twig->render('tag/allTags.htm...', Array)
#18 C:\xampp\htdocs\www\PHP\CodeIgniterTP\app\Controllers\Tagcontroller.php(17): Kenjis\CI4Twig\Twig->display('tag/allTags.htm...', Array)
#19 C:\xampp\htdocs\www\PHP\CodeIgniterTP\vendor\codeigniter4\framework\system\CodeIgniter.php(937): App\Controllers\Tagcontroller->allTags()
#20 C:\xampp\htdocs\www\PHP\CodeIgniterTP\vendor\codeigniter4\framework\system\CodeIgniter.php(433): CodeIgniter\CodeIgniter->runController(Object(App\Controllers\Tagcontroller))
#21 C:\xampp\htdocs\www\PHP\CodeIgniterTP\vendor\codeigniter4\framework\system\CodeIgniter.php(334): CodeIgniter\CodeIgniter->handleRequest(NULL, Object(Config\Cache), false)
#22 C:\xampp\htdocs\www\PHP\CodeIgniterTP\public\index.php(44): CodeIgniter\CodeIgniter->run()
#23 {main}
CRITICAL - 2021-03-10 13:57:58 --> Unsupported operand types: string / string
#0 C:\xampp\htdocs\www\PHP\CodeIgniterTP\vendor\twig\twig\src\Template.php(171): __TwigTemplate_af1985073bc9b5a8f4d5553f434aa1bbf2d1165f5701e2ba7823c5d139efca62->block_body(Array, Array)
#1 C:\xampp\htdocs\www\PHP\CodeIgniterTP\writable\cache\twig\ba\ba559ef740c7646f977280d97665409561a85f7ba8a1227220b33fab950253b7.php(70): Twig\Template->displayBlock('body', Array, Array)
#2 C:\xampp\htdocs\www\PHP\CodeIgniterTP\vendor\twig\twig\src\Template.php(394): __TwigTemplate_f2bc34660a7d348a052c301b0ff655657a6d10814b51a6081b84020aa0597c4e->doDisplay(Array, Array)
#3 C:\xampp\htdocs\www\PHP\CodeIgniterTP\vendor\twig\twig\src\Template.php(367): Twig\Template->displayWithErrorHandling(Array, Array)
#4 C:\xampp\htdocs\www\PHP\CodeIgniterTP\writable\cache\twig\7d\7d4e20098b44ac9fe384ebd103e42f3a8e327acc741009638393fd238fc85f59.php(43): Twig\Template->display(Array, Array)
#5 C:\xampp\htdocs\www\PHP\CodeIgniterTP\vendor\twig\twig\src\Template.php(394): __TwigTemplate_af1985073bc9b5a8f4d5553f434aa1bbf2d1165f5701e2ba7823c5d139efca62->doDisplay(Array, Array)
#6 C:\xampp\htdocs\www\PHP\CodeIgniterTP\vendor\twig\twig\src\Template.php(367): Twig\Template->displayWithErrorHandling(Array, Array)
#7 C:\xampp\htdocs\www\PHP\CodeIgniterTP\vendor\twig\twig\src\Template.php(379): Twig\Template->display(Array)
#8 C:\xampp\htdocs\www\PHP\CodeIgniterTP\vendor\twig\twig\src\TemplateWrapper.php(40): Twig\Template->render(Array, Array)
#9 C:\xampp\htdocs\www\PHP\CodeIgniterTP\vendor\twig\twig\src\Environment.php(277): Twig\TemplateWrapper->render(Array)
#10 C:\xampp\htdocs\www\PHP\CodeIgniterTP\vendor\kenjis\codeigniter-ss-twig\src\CI4Twig\Twig.php(177): Twig\Environment->render('tag/allTags.htm...', Array)
#11 C:\xampp\htdocs\www\PHP\CodeIgniterTP\vendor\kenjis\codeigniter-ss-twig\src\CI4Twig\Twig.php(156): Kenjis\CI4Twig\Twig->render('tag/allTags.htm...', Array)
#12 C:\xampp\htdocs\www\PHP\CodeIgniterTP\app\Controllers\Tagcontroller.php(17): Kenjis\CI4Twig\Twig->display('tag/allTags.htm...', Array)
#13 C:\xampp\htdocs\www\PHP\CodeIgniterTP\vendor\codeigniter4\framework\system\CodeIgniter.php(937): App\Controllers\Tagcontroller->allTags()
#14 C:\xampp\htdocs\www\PHP\CodeIgniterTP\vendor\codeigniter4\framework\system\CodeIgniter.php(433): CodeIgniter\CodeIgniter->runController(Object(App\Controllers\Tagcontroller))
#15 C:\xampp\htdocs\www\PHP\CodeIgniterTP\vendor\codeigniter4\framework\system\CodeIgniter.php(334): CodeIgniter\CodeIgniter->handleRequest(NULL, Object(Config\Cache), false)
#16 C:\xampp\htdocs\www\PHP\CodeIgniterTP\public\index.php(44): CodeIgniter\CodeIgniter->run()
#17 {main}
CRITICAL - 2021-03-10 13:58:27 --> Unexpected token "string" of value "/" ("end of print statement" expected).
#0 C:\xampp\htdocs\www\PHP\CodeIgniterTP\vendor\twig\twig\src\Parser.php(129): Twig\TokenStream->expect(4)
#1 C:\xampp\htdocs\www\PHP\CodeIgniterTP\vendor\twig\twig\src\TokenParser\ForTokenParser.php(42): Twig\Parser->subparse(Array)
#2 C:\xampp\htdocs\www\PHP\CodeIgniterTP\vendor\twig\twig\src\Parser.php(171): Twig\TokenParser\ForTokenParser->parse(Object(Twig\Token))
#3 C:\xampp\htdocs\www\PHP\CodeIgniterTP\vendor\twig\twig\src\TokenParser\BlockTokenParser.php(47): Twig\Parser->subparse(Array, true)
#4 C:\xampp\htdocs\www\PHP\CodeIgniterTP\vendor\twig\twig\src\Parser.php(171): Twig\TokenParser\BlockTokenParser->parse(Object(Twig\Token))
#5 C:\xampp\htdocs\www\PHP\CodeIgniterTP\vendor\twig\twig\src\Parser.php(84): Twig\Parser->subparse(NULL, false)
#6 C:\xampp\htdocs\www\PHP\CodeIgniterTP\vendor\twig\twig\src\Environment.php(479): Twig\Parser->parse(Object(Twig\TokenStream))
#7 C:\xampp\htdocs\www\PHP\CodeIgniterTP\vendor\twig\twig\src\Environment.php(507): Twig\Environment->parse(Object(Twig\TokenStream))
#8 C:\xampp\htdocs\www\PHP\CodeIgniterTP\vendor\twig\twig\src\Environment.php(348): Twig\Environment->compileSource(Object(Twig\Source))
#9 C:\xampp\htdocs\www\PHP\CodeIgniterTP\vendor\twig\twig\src\Environment.php(309): Twig\Environment->loadTemplate('__TwigTemplate_...', 'tag/allTags.htm...')
#10 C:\xampp\htdocs\www\PHP\CodeIgniterTP\vendor\twig\twig\src\Environment.php(277): Twig\Environment->load('tag/allTags.htm...')
#11 C:\xampp\htdocs\www\PHP\CodeIgniterTP\vendor\kenjis\codeigniter-ss-twig\src\CI4Twig\Twig.php(177): Twig\Environment->render('tag/allTags.htm...', Array)
#12 C:\xampp\htdocs\www\PHP\CodeIgniterTP\vendor\kenjis\codeigniter-ss-twig\src\CI4Twig\Twig.php(156): Kenjis\CI4Twig\Twig->render('tag/allTags.htm...', Array)
#13 C:\xampp\htdocs\www\PHP\CodeIgniterTP\app\Controllers\Tagcontroller.php(17): Kenjis\CI4Twig\Twig->display('tag/allTags.htm...', Array)
#14 C:\xampp\htdocs\www\PHP\CodeIgniterTP\vendor\codeigniter4\framework\system\CodeIgniter.php(937): App\Controllers\Tagcontroller->allTags()
#15 C:\xampp\htdocs\www\PHP\CodeIgniterTP\vendor\codeigniter4\framework\system\CodeIgniter.php(433): CodeIgniter\CodeIgniter->runController(Object(App\Controllers\Tagcontroller))
#16 C:\xampp\htdocs\www\PHP\CodeIgniterTP\vendor\codeigniter4\framework\system\CodeIgniter.php(334): CodeIgniter\CodeIgniter->handleRequest(NULL, Object(Config\Cache), false)
#17 C:\xampp\htdocs\www\PHP\CodeIgniterTP\public\index.php(44): CodeIgniter\CodeIgniter->run()
#18 {main}
CRITICAL - 2021-03-10 13:59:33 --> Unexpected token "string" of value "/" ("end of print statement" expected).
#0 C:\xampp\htdocs\www\PHP\CodeIgniterTP\vendor\twig\twig\src\Parser.php(129): Twig\TokenStream->expect(4)
#1 C:\xampp\htdocs\www\PHP\CodeIgniterTP\vendor\twig\twig\src\TokenParser\ForTokenParser.php(42): Twig\Parser->subparse(Array)
#2 C:\xampp\htdocs\www\PHP\CodeIgniterTP\vendor\twig\twig\src\Parser.php(171): Twig\TokenParser\ForTokenParser->parse(Object(Twig\Token))
#3 C:\xampp\htdocs\www\PHP\CodeIgniterTP\vendor\twig\twig\src\TokenParser\BlockTokenParser.php(47): Twig\Parser->subparse(Array, true)
#4 C:\xampp\htdocs\www\PHP\CodeIgniterTP\vendor\twig\twig\src\Parser.php(171): Twig\TokenParser\BlockTokenParser->parse(Object(Twig\Token))
#5 C:\xampp\htdocs\www\PHP\CodeIgniterTP\vendor\twig\twig\src\Parser.php(84): Twig\Parser->subparse(NULL, false)
#6 C:\xampp\htdocs\www\PHP\CodeIgniterTP\vendor\twig\twig\src\Environment.php(479): Twig\Parser->parse(Object(Twig\TokenStream))
#7 C:\xampp\htdocs\www\PHP\CodeIgniterTP\vendor\twig\twig\src\Environment.php(507): Twig\Environment->parse(Object(Twig\TokenStream))
#8 C:\xampp\htdocs\www\PHP\CodeIgniterTP\vendor\twig\twig\src\Environment.php(348): Twig\Environment->compileSource(Object(Twig\Source))
#9 C:\xampp\htdocs\www\PHP\CodeIgniterTP\vendor\twig\twig\src\Environment.php(309): Twig\Environment->loadTemplate('__TwigTemplate_...', 'tag/allTags.htm...')
#10 C:\xampp\htdocs\www\PHP\CodeIgniterTP\vendor\twig\twig\src\Environment.php(277): Twig\Environment->load('tag/allTags.htm...')
#11 C:\xampp\htdocs\www\PHP\CodeIgniterTP\vendor\kenjis\codeigniter-ss-twig\src\CI4Twig\Twig.php(177): Twig\Environment->render('tag/allTags.htm...', Array)
#12 C:\xampp\htdocs\www\PHP\CodeIgniterTP\vendor\kenjis\codeigniter-ss-twig\src\CI4Twig\Twig.php(156): Kenjis\CI4Twig\Twig->render('tag/allTags.htm...', Array)
#13 C:\xampp\htdocs\www\PHP\CodeIgniterTP\app\Controllers\Tagcontroller.php(17): Kenjis\CI4Twig\Twig->display('tag/allTags.htm...', Array)
#14 C:\xampp\htdocs\www\PHP\CodeIgniterTP\vendor\codeigniter4\framework\system\CodeIgniter.php(937): App\Controllers\Tagcontroller->allTags()
#15 C:\xampp\htdocs\www\PHP\CodeIgniterTP\vendor\codeigniter4\framework\system\CodeIgniter.php(433): CodeIgniter\CodeIgniter->runController(Object(App\Controllers\Tagcontroller))
#16 C:\xampp\htdocs\www\PHP\CodeIgniterTP\vendor\codeigniter4\framework\system\CodeIgniter.php(334): CodeIgniter\CodeIgniter->handleRequest(NULL, Object(Config\Cache), false)
#17 C:\xampp\htdocs\www\PHP\CodeIgniterTP\public\index.php(44): CodeIgniter\CodeIgniter->run()
#18 {main}
