CRITICAL - 2021-05-11 10:32:15 --> An exception has been thrown during the rendering of a template ("Undefined array key "seasonnal"").
#0 C:\xampp\htdocs\www\PHP\NestiECommerce\writable\cache\twig\de\de1f96441334b04068d349f6b2db0a5fd65ab34ca18b03fd2eb031fb20bf2495.php(72): Twig\Template->displayBlock('body', Array, Array)
#1 C:\xampp\htdocs\www\PHP\NestiECommerce\vendor\twig\twig\src\Template.php(394): __TwigTemplate_b4d35fabcb46cd59ae1a2e5d5f8051bcae24104f676327e01bf53e39fa4b904a->doDisplay(Array, Array)
#2 C:\xampp\htdocs\www\PHP\NestiECommerce\vendor\twig\twig\src\Template.php(367): Twig\Template->displayWithErrorHandling(Array, Array)
#3 C:\xampp\htdocs\www\PHP\NestiECommerce\writable\cache\twig\25\254a06861d0ca55713466da4b0f04de671653d6f26c6c2a525e8fa7336e14051.php(43): Twig\Template->display(Array, Array)
#4 C:\xampp\htdocs\www\PHP\NestiECommerce\vendor\twig\twig\src\Template.php(394): __TwigTemplate_b1fa686741d6f340f499d46e9e8f1b576b8544dcfc734b9c85d247234587fc13->doDisplay(Array, Array)
#5 C:\xampp\htdocs\www\PHP\NestiECommerce\vendor\twig\twig\src\Template.php(367): Twig\Template->displayWithErrorHandling(Array, Array)
#6 C:\xampp\htdocs\www\PHP\NestiECommerce\vendor\twig\twig\src\Template.php(379): Twig\Template->display(Array)
#7 C:\xampp\htdocs\www\PHP\NestiECommerce\vendor\twig\twig\src\TemplateWrapper.php(40): Twig\Template->render(Array, Array)
#8 C:\xampp\htdocs\www\PHP\NestiECommerce\vendor\twig\twig\src\Environment.php(277): Twig\TemplateWrapper->render(Array)
#9 C:\xampp\htdocs\www\PHP\NestiECommerce\vendor\kenjis\codeigniter-ss-twig\src\CI4Twig\Twig.php(177): Twig\Environment->render('recipe/list.twi...', Array)
#10 C:\xampp\htdocs\www\PHP\NestiECommerce\vendor\kenjis\codeigniter-ss-twig\src\CI4Twig\Twig.php(156): Kenjis\CI4Twig\Twig->render('recipe/list.twi...', Array)
#11 C:\xampp\htdocs\www\PHP\NestiECommerce\app\Controllers\RecipeController.php(30): Kenjis\CI4Twig\Twig->display('recipe/list', Array)
#12 C:\xampp\htdocs\www\PHP\NestiECommerce\vendor\codeigniter4\framework\system\CodeIgniter.php(937): App\Controllers\Recipecontroller->list()
#13 C:\xampp\htdocs\www\PHP\NestiECommerce\vendor\codeigniter4\framework\system\CodeIgniter.php(433): CodeIgniter\CodeIgniter->runController(Object(App\Controllers\Recipecontroller))
#14 C:\xampp\htdocs\www\PHP\NestiECommerce\vendor\codeigniter4\framework\system\CodeIgniter.php(334): CodeIgniter\CodeIgniter->handleRequest(NULL, Object(Config\Cache), false)
#15 C:\xampp\htdocs\www\PHP\NestiECommerce\public\index.php(44): CodeIgniter\CodeIgniter->run()
#16 {main}
CRITICAL - 2021-05-11 10:32:20 --> Allowed memory size of 536870912 bytes exhausted (tried to allocate 260726784 bytes)
#0 [internal function]: CodeIgniter\Debug\Exceptions->shutdownHandler()
#1 {main}
CRITICAL - 2021-05-11 10:33:52 --> An exception has been thrown during the rendering of a template ("Undefined array key "seasonnal"").
#0 C:\xampp\htdocs\www\PHP\NestiECommerce\writable\cache\twig\de\de1f96441334b04068d349f6b2db0a5fd65ab34ca18b03fd2eb031fb20bf2495.php(72): Twig\Template->displayBlock('body', Array, Array)
#1 C:\xampp\htdocs\www\PHP\NestiECommerce\vendor\twig\twig\src\Template.php(394): __TwigTemplate_b4d35fabcb46cd59ae1a2e5d5f8051bcae24104f676327e01bf53e39fa4b904a->doDisplay(Array, Array)
#2 C:\xampp\htdocs\www\PHP\NestiECommerce\vendor\twig\twig\src\Template.php(367): Twig\Template->displayWithErrorHandling(Array, Array)
#3 C:\xampp\htdocs\www\PHP\NestiECommerce\writable\cache\twig\25\254a06861d0ca55713466da4b0f04de671653d6f26c6c2a525e8fa7336e14051.php(43): Twig\Template->display(Array, Array)
#4 C:\xampp\htdocs\www\PHP\NestiECommerce\vendor\twig\twig\src\Template.php(394): __TwigTemplate_b1fa686741d6f340f499d46e9e8f1b576b8544dcfc734b9c85d247234587fc13->doDisplay(Array, Array)
#5 C:\xampp\htdocs\www\PHP\NestiECommerce\vendor\twig\twig\src\Template.php(367): Twig\Template->displayWithErrorHandling(Array, Array)
#6 C:\xampp\htdocs\www\PHP\NestiECommerce\vendor\twig\twig\src\Template.php(379): Twig\Template->display(Array)
#7 C:\xampp\htdocs\www\PHP\NestiECommerce\vendor\twig\twig\src\TemplateWrapper.php(40): Twig\Template->render(Array, Array)
#8 C:\xampp\htdocs\www\PHP\NestiECommerce\vendor\twig\twig\src\Environment.php(277): Twig\TemplateWrapper->render(Array)
#9 C:\xampp\htdocs\www\PHP\NestiECommerce\vendor\kenjis\codeigniter-ss-twig\src\CI4Twig\Twig.php(177): Twig\Environment->render('recipe/list.twi...', Array)
#10 C:\xampp\htdocs\www\PHP\NestiECommerce\vendor\kenjis\codeigniter-ss-twig\src\CI4Twig\Twig.php(156): Kenjis\CI4Twig\Twig->render('recipe/list.twi...', Array)
#11 C:\xampp\htdocs\www\PHP\NestiECommerce\app\Controllers\RecipeController.php(30): Kenjis\CI4Twig\Twig->display('recipe/list', Array)
#12 C:\xampp\htdocs\www\PHP\NestiECommerce\vendor\codeigniter4\framework\system\CodeIgniter.php(937): App\Controllers\Recipecontroller->list()
#13 C:\xampp\htdocs\www\PHP\NestiECommerce\vendor\codeigniter4\framework\system\CodeIgniter.php(433): CodeIgniter\CodeIgniter->runController(Object(App\Controllers\Recipecontroller))
#14 C:\xampp\htdocs\www\PHP\NestiECommerce\vendor\codeigniter4\framework\system\CodeIgniter.php(334): CodeIgniter\CodeIgniter->handleRequest(NULL, Object(Config\Cache), false)
#15 C:\xampp\htdocs\www\PHP\NestiECommerce\public\index.php(44): CodeIgniter\CodeIgniter->run()
#16 {main}
CRITICAL - 2021-05-11 10:33:57 --> Allowed memory size of 536870912 bytes exhausted (tried to allocate 260726784 bytes)
#0 [internal function]: CodeIgniter\Debug\Exceptions->shutdownHandler()
#1 {main}
CRITICAL - 2021-05-11 10:38:33 --> An exception has been thrown during the rendering of a template ("Undefined array key "seasonnal"").
#0 C:\xampp\htdocs\www\PHP\NestiECommerce\writable\cache\twig\de\de1f96441334b04068d349f6b2db0a5fd65ab34ca18b03fd2eb031fb20bf2495.php(72): Twig\Template->displayBlock('body', Array, Array)
#1 C:\xampp\htdocs\www\PHP\NestiECommerce\vendor\twig\twig\src\Template.php(394): __TwigTemplate_b4d35fabcb46cd59ae1a2e5d5f8051bcae24104f676327e01bf53e39fa4b904a->doDisplay(Array, Array)
#2 C:\xampp\htdocs\www\PHP\NestiECommerce\vendor\twig\twig\src\Template.php(367): Twig\Template->displayWithErrorHandling(Array, Array)
#3 C:\xampp\htdocs\www\PHP\NestiECommerce\writable\cache\twig\25\254a06861d0ca55713466da4b0f04de671653d6f26c6c2a525e8fa7336e14051.php(43): Twig\Template->display(Array, Array)
#4 C:\xampp\htdocs\www\PHP\NestiECommerce\vendor\twig\twig\src\Template.php(394): __TwigTemplate_b1fa686741d6f340f499d46e9e8f1b576b8544dcfc734b9c85d247234587fc13->doDisplay(Array, Array)
#5 C:\xampp\htdocs\www\PHP\NestiECommerce\vendor\twig\twig\src\Template.php(367): Twig\Template->displayWithErrorHandling(Array, Array)
#6 C:\xampp\htdocs\www\PHP\NestiECommerce\vendor\twig\twig\src\Template.php(379): Twig\Template->display(Array)
#7 C:\xampp\htdocs\www\PHP\NestiECommerce\vendor\twig\twig\src\TemplateWrapper.php(40): Twig\Template->render(Array, Array)
#8 C:\xampp\htdocs\www\PHP\NestiECommerce\vendor\twig\twig\src\Environment.php(277): Twig\TemplateWrapper->render(Array)
#9 C:\xampp\htdocs\www\PHP\NestiECommerce\vendor\kenjis\codeigniter-ss-twig\src\CI4Twig\Twig.php(177): Twig\Environment->render('recipe/list.twi...', Array)
#10 C:\xampp\htdocs\www\PHP\NestiECommerce\vendor\kenjis\codeigniter-ss-twig\src\CI4Twig\Twig.php(156): Kenjis\CI4Twig\Twig->render('recipe/list.twi...', Array)
#11 C:\xampp\htdocs\www\PHP\NestiECommerce\app\Controllers\RecipeController.php(30): Kenjis\CI4Twig\Twig->display('recipe/list', Array)
#12 C:\xampp\htdocs\www\PHP\NestiECommerce\vendor\codeigniter4\framework\system\CodeIgniter.php(937): App\Controllers\Recipecontroller->list()
#13 C:\xampp\htdocs\www\PHP\NestiECommerce\vendor\codeigniter4\framework\system\CodeIgniter.php(433): CodeIgniter\CodeIgniter->runController(Object(App\Controllers\Recipecontroller))
#14 C:\xampp\htdocs\www\PHP\NestiECommerce\vendor\codeigniter4\framework\system\CodeIgniter.php(334): CodeIgniter\CodeIgniter->handleRequest(NULL, Object(Config\Cache), false)
#15 C:\xampp\htdocs\www\PHP\NestiECommerce\public\index.php(44): CodeIgniter\CodeIgniter->run()
#16 {main}
CRITICAL - 2021-05-11 10:40:13 --> An exception has been thrown during the rendering of a template ("Undefined array key "seasonal"").
#0 C:\xampp\htdocs\www\PHP\NestiECommerce\writable\cache\twig\de\de1f96441334b04068d349f6b2db0a5fd65ab34ca18b03fd2eb031fb20bf2495.php(72): Twig\Template->displayBlock('body', Array, Array)
#1 C:\xampp\htdocs\www\PHP\NestiECommerce\vendor\twig\twig\src\Template.php(394): __TwigTemplate_b4d35fabcb46cd59ae1a2e5d5f8051bcae24104f676327e01bf53e39fa4b904a->doDisplay(Array, Array)
#2 C:\xampp\htdocs\www\PHP\NestiECommerce\vendor\twig\twig\src\Template.php(367): Twig\Template->displayWithErrorHandling(Array, Array)
#3 C:\xampp\htdocs\www\PHP\NestiECommerce\writable\cache\twig\25\254a06861d0ca55713466da4b0f04de671653d6f26c6c2a525e8fa7336e14051.php(43): Twig\Template->display(Array, Array)
#4 C:\xampp\htdocs\www\PHP\NestiECommerce\vendor\twig\twig\src\Template.php(394): __TwigTemplate_b1fa686741d6f340f499d46e9e8f1b576b8544dcfc734b9c85d247234587fc13->doDisplay(Array, Array)
#5 C:\xampp\htdocs\www\PHP\NestiECommerce\vendor\twig\twig\src\Template.php(367): Twig\Template->displayWithErrorHandling(Array, Array)
#6 C:\xampp\htdocs\www\PHP\NestiECommerce\vendor\twig\twig\src\Template.php(379): Twig\Template->display(Array)
#7 C:\xampp\htdocs\www\PHP\NestiECommerce\vendor\twig\twig\src\TemplateWrapper.php(40): Twig\Template->render(Array, Array)
#8 C:\xampp\htdocs\www\PHP\NestiECommerce\vendor\twig\twig\src\Environment.php(277): Twig\TemplateWrapper->render(Array)
#9 C:\xampp\htdocs\www\PHP\NestiECommerce\vendor\kenjis\codeigniter-ss-twig\src\CI4Twig\Twig.php(177): Twig\Environment->render('recipe/list.twi...', Array)
#10 C:\xampp\htdocs\www\PHP\NestiECommerce\vendor\kenjis\codeigniter-ss-twig\src\CI4Twig\Twig.php(156): Kenjis\CI4Twig\Twig->render('recipe/list.twi...', Array)
#11 C:\xampp\htdocs\www\PHP\NestiECommerce\app\Controllers\RecipeController.php(30): Kenjis\CI4Twig\Twig->display('recipe/list', Array)
#12 C:\xampp\htdocs\www\PHP\NestiECommerce\vendor\codeigniter4\framework\system\CodeIgniter.php(937): App\Controllers\Recipecontroller->list()
#13 C:\xampp\htdocs\www\PHP\NestiECommerce\vendor\codeigniter4\framework\system\CodeIgniter.php(433): CodeIgniter\CodeIgniter->runController(Object(App\Controllers\Recipecontroller))
#14 C:\xampp\htdocs\www\PHP\NestiECommerce\vendor\codeigniter4\framework\system\CodeIgniter.php(334): CodeIgniter\CodeIgniter->handleRequest(NULL, Object(Config\Cache), false)
#15 C:\xampp\htdocs\www\PHP\NestiECommerce\public\index.php(44): CodeIgniter\CodeIgniter->run()
#16 {main}
CRITICAL - 2021-05-11 10:40:30 --> An exception has been thrown during the rendering of a template ("Undefined array key "seasonal"").
#0 C:\xampp\htdocs\www\PHP\NestiECommerce\writable\cache\twig\de\de1f96441334b04068d349f6b2db0a5fd65ab34ca18b03fd2eb031fb20bf2495.php(72): Twig\Template->displayBlock('body', Array, Array)
#1 C:\xampp\htdocs\www\PHP\NestiECommerce\vendor\twig\twig\src\Template.php(394): __TwigTemplate_b4d35fabcb46cd59ae1a2e5d5f8051bcae24104f676327e01bf53e39fa4b904a->doDisplay(Array, Array)
#2 C:\xampp\htdocs\www\PHP\NestiECommerce\vendor\twig\twig\src\Template.php(367): Twig\Template->displayWithErrorHandling(Array, Array)
#3 C:\xampp\htdocs\www\PHP\NestiECommerce\writable\cache\twig\25\254a06861d0ca55713466da4b0f04de671653d6f26c6c2a525e8fa7336e14051.php(43): Twig\Template->display(Array, Array)
#4 C:\xampp\htdocs\www\PHP\NestiECommerce\vendor\twig\twig\src\Template.php(394): __TwigTemplate_b1fa686741d6f340f499d46e9e8f1b576b8544dcfc734b9c85d247234587fc13->doDisplay(Array, Array)
#5 C:\xampp\htdocs\www\PHP\NestiECommerce\vendor\twig\twig\src\Template.php(367): Twig\Template->displayWithErrorHandling(Array, Array)
#6 C:\xampp\htdocs\www\PHP\NestiECommerce\vendor\twig\twig\src\Template.php(379): Twig\Template->display(Array)
#7 C:\xampp\htdocs\www\PHP\NestiECommerce\vendor\twig\twig\src\TemplateWrapper.php(40): Twig\Template->render(Array, Array)
#8 C:\xampp\htdocs\www\PHP\NestiECommerce\vendor\twig\twig\src\Environment.php(277): Twig\TemplateWrapper->render(Array)
#9 C:\xampp\htdocs\www\PHP\NestiECommerce\vendor\kenjis\codeigniter-ss-twig\src\CI4Twig\Twig.php(177): Twig\Environment->render('recipe/list.twi...', Array)
#10 C:\xampp\htdocs\www\PHP\NestiECommerce\vendor\kenjis\codeigniter-ss-twig\src\CI4Twig\Twig.php(156): Kenjis\CI4Twig\Twig->render('recipe/list.twi...', Array)
#11 C:\xampp\htdocs\www\PHP\NestiECommerce\app\Controllers\RecipeController.php(30): Kenjis\CI4Twig\Twig->display('recipe/list', Array)
#12 C:\xampp\htdocs\www\PHP\NestiECommerce\vendor\codeigniter4\framework\system\CodeIgniter.php(937): App\Controllers\Recipecontroller->list()
#13 C:\xampp\htdocs\www\PHP\NestiECommerce\vendor\codeigniter4\framework\system\CodeIgniter.php(433): CodeIgniter\CodeIgniter->runController(Object(App\Controllers\Recipecontroller))
#14 C:\xampp\htdocs\www\PHP\NestiECommerce\vendor\codeigniter4\framework\system\CodeIgniter.php(334): CodeIgniter\CodeIgniter->handleRequest(NULL, Object(Config\Cache), false)
#15 C:\xampp\htdocs\www\PHP\NestiECommerce\public\index.php(44): CodeIgniter\CodeIgniter->run()
#16 {main}
CRITICAL - 2021-05-11 10:40:56 --> An exception has been thrown during the rendering of a template ("Undefined array key "seasonal"").
#0 C:\xampp\htdocs\www\PHP\NestiECommerce\writable\cache\twig\de\de1f96441334b04068d349f6b2db0a5fd65ab34ca18b03fd2eb031fb20bf2495.php(72): Twig\Template->displayBlock('body', Array, Array)
#1 C:\xampp\htdocs\www\PHP\NestiECommerce\vendor\twig\twig\src\Template.php(394): __TwigTemplate_b4d35fabcb46cd59ae1a2e5d5f8051bcae24104f676327e01bf53e39fa4b904a->doDisplay(Array, Array)
#2 C:\xampp\htdocs\www\PHP\NestiECommerce\vendor\twig\twig\src\Template.php(367): Twig\Template->displayWithErrorHandling(Array, Array)
#3 C:\xampp\htdocs\www\PHP\NestiECommerce\writable\cache\twig\25\254a06861d0ca55713466da4b0f04de671653d6f26c6c2a525e8fa7336e14051.php(43): Twig\Template->display(Array, Array)
#4 C:\xampp\htdocs\www\PHP\NestiECommerce\vendor\twig\twig\src\Template.php(394): __TwigTemplate_b1fa686741d6f340f499d46e9e8f1b576b8544dcfc734b9c85d247234587fc13->doDisplay(Array, Array)
#5 C:\xampp\htdocs\www\PHP\NestiECommerce\vendor\twig\twig\src\Template.php(367): Twig\Template->displayWithErrorHandling(Array, Array)
#6 C:\xampp\htdocs\www\PHP\NestiECommerce\vendor\twig\twig\src\Template.php(379): Twig\Template->display(Array)
#7 C:\xampp\htdocs\www\PHP\NestiECommerce\vendor\twig\twig\src\TemplateWrapper.php(40): Twig\Template->render(Array, Array)
#8 C:\xampp\htdocs\www\PHP\NestiECommerce\vendor\twig\twig\src\Environment.php(277): Twig\TemplateWrapper->render(Array)
#9 C:\xampp\htdocs\www\PHP\NestiECommerce\vendor\kenjis\codeigniter-ss-twig\src\CI4Twig\Twig.php(177): Twig\Environment->render('recipe/list.twi...', Array)
#10 C:\xampp\htdocs\www\PHP\NestiECommerce\vendor\kenjis\codeigniter-ss-twig\src\CI4Twig\Twig.php(156): Kenjis\CI4Twig\Twig->render('recipe/list.twi...', Array)
#11 C:\xampp\htdocs\www\PHP\NestiECommerce\app\Controllers\RecipeController.php(30): Kenjis\CI4Twig\Twig->display('recipe/list', Array)
#12 C:\xampp\htdocs\www\PHP\NestiECommerce\vendor\codeigniter4\framework\system\CodeIgniter.php(937): App\Controllers\Recipecontroller->list()
#13 C:\xampp\htdocs\www\PHP\NestiECommerce\vendor\codeigniter4\framework\system\CodeIgniter.php(433): CodeIgniter\CodeIgniter->runController(Object(App\Controllers\Recipecontroller))
#14 C:\xampp\htdocs\www\PHP\NestiECommerce\vendor\codeigniter4\framework\system\CodeIgniter.php(334): CodeIgniter\CodeIgniter->handleRequest(NULL, Object(Config\Cache), false)
#15 C:\xampp\htdocs\www\PHP\NestiECommerce\public\index.php(44): CodeIgniter\CodeIgniter->run()
#16 {main}
CRITICAL - 2021-05-11 10:41:04 --> An exception has been thrown during the rendering of a template ("Undefined array key "seasonal"").
#0 C:\xampp\htdocs\www\PHP\NestiECommerce\writable\cache\twig\de\de1f96441334b04068d349f6b2db0a5fd65ab34ca18b03fd2eb031fb20bf2495.php(72): Twig\Template->displayBlock('body', Array, Array)
#1 C:\xampp\htdocs\www\PHP\NestiECommerce\vendor\twig\twig\src\Template.php(394): __TwigTemplate_b4d35fabcb46cd59ae1a2e5d5f8051bcae24104f676327e01bf53e39fa4b904a->doDisplay(Array, Array)
#2 C:\xampp\htdocs\www\PHP\NestiECommerce\vendor\twig\twig\src\Template.php(367): Twig\Template->displayWithErrorHandling(Array, Array)
#3 C:\xampp\htdocs\www\PHP\NestiECommerce\writable\cache\twig\25\254a06861d0ca55713466da4b0f04de671653d6f26c6c2a525e8fa7336e14051.php(43): Twig\Template->display(Array, Array)
#4 C:\xampp\htdocs\www\PHP\NestiECommerce\vendor\twig\twig\src\Template.php(394): __TwigTemplate_b1fa686741d6f340f499d46e9e8f1b576b8544dcfc734b9c85d247234587fc13->doDisplay(Array, Array)
#5 C:\xampp\htdocs\www\PHP\NestiECommerce\vendor\twig\twig\src\Template.php(367): Twig\Template->displayWithErrorHandling(Array, Array)
#6 C:\xampp\htdocs\www\PHP\NestiECommerce\vendor\twig\twig\src\Template.php(379): Twig\Template->display(Array)
#7 C:\xampp\htdocs\www\PHP\NestiECommerce\vendor\twig\twig\src\TemplateWrapper.php(40): Twig\Template->render(Array, Array)
#8 C:\xampp\htdocs\www\PHP\NestiECommerce\vendor\twig\twig\src\Environment.php(277): Twig\TemplateWrapper->render(Array)
#9 C:\xampp\htdocs\www\PHP\NestiECommerce\vendor\kenjis\codeigniter-ss-twig\src\CI4Twig\Twig.php(177): Twig\Environment->render('recipe/list.twi...', Array)
#10 C:\xampp\htdocs\www\PHP\NestiECommerce\vendor\kenjis\codeigniter-ss-twig\src\CI4Twig\Twig.php(156): Kenjis\CI4Twig\Twig->render('recipe/list.twi...', Array)
#11 C:\xampp\htdocs\www\PHP\NestiECommerce\app\Controllers\RecipeController.php(30): Kenjis\CI4Twig\Twig->display('recipe/list', Array)
#12 C:\xampp\htdocs\www\PHP\NestiECommerce\vendor\codeigniter4\framework\system\CodeIgniter.php(937): App\Controllers\Recipecontroller->list()
#13 C:\xampp\htdocs\www\PHP\NestiECommerce\vendor\codeigniter4\framework\system\CodeIgniter.php(433): CodeIgniter\CodeIgniter->runController(Object(App\Controllers\Recipecontroller))
#14 C:\xampp\htdocs\www\PHP\NestiECommerce\vendor\codeigniter4\framework\system\CodeIgniter.php(334): CodeIgniter\CodeIgniter->handleRequest(NULL, Object(Config\Cache), false)
#15 C:\xampp\htdocs\www\PHP\NestiECommerce\public\index.php(44): CodeIgniter\CodeIgniter->run()
#16 {main}
CRITICAL - 2021-05-11 10:42:34 --> An exception has been thrown during the rendering of a template ("Undefined array key "seasonal"").
#0 C:\xampp\htdocs\www\PHP\NestiECommerce\writable\cache\twig\de\de1f96441334b04068d349f6b2db0a5fd65ab34ca18b03fd2eb031fb20bf2495.php(72): Twig\Template->displayBlock('body', Array, Array)
#1 C:\xampp\htdocs\www\PHP\NestiECommerce\vendor\twig\twig\src\Template.php(394): __TwigTemplate_b4d35fabcb46cd59ae1a2e5d5f8051bcae24104f676327e01bf53e39fa4b904a->doDisplay(Array, Array)
#2 C:\xampp\htdocs\www\PHP\NestiECommerce\vendor\twig\twig\src\Template.php(367): Twig\Template->displayWithErrorHandling(Array, Array)
#3 C:\xampp\htdocs\www\PHP\NestiECommerce\writable\cache\twig\25\254a06861d0ca55713466da4b0f04de671653d6f26c6c2a525e8fa7336e14051.php(43): Twig\Template->display(Array, Array)
#4 C:\xampp\htdocs\www\PHP\NestiECommerce\vendor\twig\twig\src\Template.php(394): __TwigTemplate_b1fa686741d6f340f499d46e9e8f1b576b8544dcfc734b9c85d247234587fc13->doDisplay(Array, Array)
#5 C:\xampp\htdocs\www\PHP\NestiECommerce\vendor\twig\twig\src\Template.php(367): Twig\Template->displayWithErrorHandling(Array, Array)
#6 C:\xampp\htdocs\www\PHP\NestiECommerce\vendor\twig\twig\src\Template.php(379): Twig\Template->display(Array)
#7 C:\xampp\htdocs\www\PHP\NestiECommerce\vendor\twig\twig\src\TemplateWrapper.php(40): Twig\Template->render(Array, Array)
#8 C:\xampp\htdocs\www\PHP\NestiECommerce\vendor\twig\twig\src\Environment.php(277): Twig\TemplateWrapper->render(Array)
#9 C:\xampp\htdocs\www\PHP\NestiECommerce\vendor\kenjis\codeigniter-ss-twig\src\CI4Twig\Twig.php(177): Twig\Environment->render('recipe/list.twi...', Array)
#10 C:\xampp\htdocs\www\PHP\NestiECommerce\vendor\kenjis\codeigniter-ss-twig\src\CI4Twig\Twig.php(156): Kenjis\CI4Twig\Twig->render('recipe/list.twi...', Array)
#11 C:\xampp\htdocs\www\PHP\NestiECommerce\app\Controllers\RecipeController.php(30): Kenjis\CI4Twig\Twig->display('recipe/list', Array)
#12 C:\xampp\htdocs\www\PHP\NestiECommerce\vendor\codeigniter4\framework\system\CodeIgniter.php(937): App\Controllers\Recipecontroller->list()
#13 C:\xampp\htdocs\www\PHP\NestiECommerce\vendor\codeigniter4\framework\system\CodeIgniter.php(433): CodeIgniter\CodeIgniter->runController(Object(App\Controllers\Recipecontroller))
#14 C:\xampp\htdocs\www\PHP\NestiECommerce\vendor\codeigniter4\framework\system\CodeIgniter.php(334): CodeIgniter\CodeIgniter->handleRequest(NULL, Object(Config\Cache), false)
#15 C:\xampp\htdocs\www\PHP\NestiECommerce\public\index.php(44): CodeIgniter\CodeIgniter->run()
#16 {main}
CRITICAL - 2021-05-11 10:43:59 --> An exception has been thrown during the rendering of a template ("Undefined array key "seasonal"").
#0 C:\xampp\htdocs\www\PHP\NestiECommerce\writable\cache\twig\de\de1f96441334b04068d349f6b2db0a5fd65ab34ca18b03fd2eb031fb20bf2495.php(72): Twig\Template->displayBlock('body', Array, Array)
#1 C:\xampp\htdocs\www\PHP\NestiECommerce\vendor\twig\twig\src\Template.php(394): __TwigTemplate_b4d35fabcb46cd59ae1a2e5d5f8051bcae24104f676327e01bf53e39fa4b904a->doDisplay(Array, Array)
#2 C:\xampp\htdocs\www\PHP\NestiECommerce\vendor\twig\twig\src\Template.php(367): Twig\Template->displayWithErrorHandling(Array, Array)
#3 C:\xampp\htdocs\www\PHP\NestiECommerce\writable\cache\twig\25\254a06861d0ca55713466da4b0f04de671653d6f26c6c2a525e8fa7336e14051.php(43): Twig\Template->display(Array, Array)
#4 C:\xampp\htdocs\www\PHP\NestiECommerce\vendor\twig\twig\src\Template.php(394): __TwigTemplate_b1fa686741d6f340f499d46e9e8f1b576b8544dcfc734b9c85d247234587fc13->doDisplay(Array, Array)
#5 C:\xampp\htdocs\www\PHP\NestiECommerce\vendor\twig\twig\src\Template.php(367): Twig\Template->displayWithErrorHandling(Array, Array)
#6 C:\xampp\htdocs\www\PHP\NestiECommerce\vendor\twig\twig\src\Template.php(379): Twig\Template->display(Array)
#7 C:\xampp\htdocs\www\PHP\NestiECommerce\vendor\twig\twig\src\TemplateWrapper.php(40): Twig\Template->render(Array, Array)
#8 C:\xampp\htdocs\www\PHP\NestiECommerce\vendor\twig\twig\src\Environment.php(277): Twig\TemplateWrapper->render(Array)
#9 C:\xampp\htdocs\www\PHP\NestiECommerce\vendor\kenjis\codeigniter-ss-twig\src\CI4Twig\Twig.php(177): Twig\Environment->render('recipe/list.twi...', Array)
#10 C:\xampp\htdocs\www\PHP\NestiECommerce\vendor\kenjis\codeigniter-ss-twig\src\CI4Twig\Twig.php(156): Kenjis\CI4Twig\Twig->render('recipe/list.twi...', Array)
#11 C:\xampp\htdocs\www\PHP\NestiECommerce\app\Controllers\RecipeController.php(30): Kenjis\CI4Twig\Twig->display('recipe/list', Array)
#12 C:\xampp\htdocs\www\PHP\NestiECommerce\vendor\codeigniter4\framework\system\CodeIgniter.php(937): App\Controllers\Recipecontroller->list()
#13 C:\xampp\htdocs\www\PHP\NestiECommerce\vendor\codeigniter4\framework\system\CodeIgniter.php(433): CodeIgniter\CodeIgniter->runController(Object(App\Controllers\Recipecontroller))
#14 C:\xampp\htdocs\www\PHP\NestiECommerce\vendor\codeigniter4\framework\system\CodeIgniter.php(334): CodeIgniter\CodeIgniter->handleRequest(NULL, Object(Config\Cache), false)
#15 C:\xampp\htdocs\www\PHP\NestiECommerce\public\index.php(44): CodeIgniter\CodeIgniter->run()
#16 {main}
CRITICAL - 2021-05-11 10:44:15 --> An exception has been thrown during the rendering of a template ("Undefined array key "seasonal"").
#0 C:\xampp\htdocs\www\PHP\NestiECommerce\writable\cache\twig\de\de1f96441334b04068d349f6b2db0a5fd65ab34ca18b03fd2eb031fb20bf2495.php(72): Twig\Template->displayBlock('body', Array, Array)
#1 C:\xampp\htdocs\www\PHP\NestiECommerce\vendor\twig\twig\src\Template.php(394): __TwigTemplate_b4d35fabcb46cd59ae1a2e5d5f8051bcae24104f676327e01bf53e39fa4b904a->doDisplay(Array, Array)
#2 C:\xampp\htdocs\www\PHP\NestiECommerce\vendor\twig\twig\src\Template.php(367): Twig\Template->displayWithErrorHandling(Array, Array)
#3 C:\xampp\htdocs\www\PHP\NestiECommerce\writable\cache\twig\25\254a06861d0ca55713466da4b0f04de671653d6f26c6c2a525e8fa7336e14051.php(43): Twig\Template->display(Array, Array)
#4 C:\xampp\htdocs\www\PHP\NestiECommerce\vendor\twig\twig\src\Template.php(394): __TwigTemplate_b1fa686741d6f340f499d46e9e8f1b576b8544dcfc734b9c85d247234587fc13->doDisplay(Array, Array)
#5 C:\xampp\htdocs\www\PHP\NestiECommerce\vendor\twig\twig\src\Template.php(367): Twig\Template->displayWithErrorHandling(Array, Array)
#6 C:\xampp\htdocs\www\PHP\NestiECommerce\vendor\twig\twig\src\Template.php(379): Twig\Template->display(Array)
#7 C:\xampp\htdocs\www\PHP\NestiECommerce\vendor\twig\twig\src\TemplateWrapper.php(40): Twig\Template->render(Array, Array)
#8 C:\xampp\htdocs\www\PHP\NestiECommerce\vendor\twig\twig\src\Environment.php(277): Twig\TemplateWrapper->render(Array)
#9 C:\xampp\htdocs\www\PHP\NestiECommerce\vendor\kenjis\codeigniter-ss-twig\src\CI4Twig\Twig.php(177): Twig\Environment->render('recipe/list.twi...', Array)
#10 C:\xampp\htdocs\www\PHP\NestiECommerce\vendor\kenjis\codeigniter-ss-twig\src\CI4Twig\Twig.php(156): Kenjis\CI4Twig\Twig->render('recipe/list.twi...', Array)
#11 C:\xampp\htdocs\www\PHP\NestiECommerce\app\Controllers\RecipeController.php(30): Kenjis\CI4Twig\Twig->display('recipe/list', Array)
#12 C:\xampp\htdocs\www\PHP\NestiECommerce\vendor\codeigniter4\framework\system\CodeIgniter.php(937): App\Controllers\Recipecontroller->list()
#13 C:\xampp\htdocs\www\PHP\NestiECommerce\vendor\codeigniter4\framework\system\CodeIgniter.php(433): CodeIgniter\CodeIgniter->runController(Object(App\Controllers\Recipecontroller))
#14 C:\xampp\htdocs\www\PHP\NestiECommerce\vendor\codeigniter4\framework\system\CodeIgniter.php(334): CodeIgniter\CodeIgniter->handleRequest(NULL, Object(Config\Cache), false)
#15 C:\xampp\htdocs\www\PHP\NestiECommerce\public\index.php(44): CodeIgniter\CodeIgniter->run()
#16 {main}
CRITICAL - 2021-05-11 10:44:20 --> An exception has been thrown during the rendering of a template ("Undefined array key "seasonal"").
#0 C:\xampp\htdocs\www\PHP\NestiECommerce\writable\cache\twig\de\de1f96441334b04068d349f6b2db0a5fd65ab34ca18b03fd2eb031fb20bf2495.php(72): Twig\Template->displayBlock('body', Array, Array)
#1 C:\xampp\htdocs\www\PHP\NestiECommerce\vendor\twig\twig\src\Template.php(394): __TwigTemplate_b4d35fabcb46cd59ae1a2e5d5f8051bcae24104f676327e01bf53e39fa4b904a->doDisplay(Array, Array)
#2 C:\xampp\htdocs\www\PHP\NestiECommerce\vendor\twig\twig\src\Template.php(367): Twig\Template->displayWithErrorHandling(Array, Array)
#3 C:\xampp\htdocs\www\PHP\NestiECommerce\writable\cache\twig\25\254a06861d0ca55713466da4b0f04de671653d6f26c6c2a525e8fa7336e14051.php(43): Twig\Template->display(Array, Array)
#4 C:\xampp\htdocs\www\PHP\NestiECommerce\vendor\twig\twig\src\Template.php(394): __TwigTemplate_b1fa686741d6f340f499d46e9e8f1b576b8544dcfc734b9c85d247234587fc13->doDisplay(Array, Array)
#5 C:\xampp\htdocs\www\PHP\NestiECommerce\vendor\twig\twig\src\Template.php(367): Twig\Template->displayWithErrorHandling(Array, Array)
#6 C:\xampp\htdocs\www\PHP\NestiECommerce\vendor\twig\twig\src\Template.php(379): Twig\Template->display(Array)
#7 C:\xampp\htdocs\www\PHP\NestiECommerce\vendor\twig\twig\src\TemplateWrapper.php(40): Twig\Template->render(Array, Array)
#8 C:\xampp\htdocs\www\PHP\NestiECommerce\vendor\twig\twig\src\Environment.php(277): Twig\TemplateWrapper->render(Array)
#9 C:\xampp\htdocs\www\PHP\NestiECommerce\vendor\kenjis\codeigniter-ss-twig\src\CI4Twig\Twig.php(177): Twig\Environment->render('recipe/list.twi...', Array)
#10 C:\xampp\htdocs\www\PHP\NestiECommerce\vendor\kenjis\codeigniter-ss-twig\src\CI4Twig\Twig.php(156): Kenjis\CI4Twig\Twig->render('recipe/list.twi...', Array)
#11 C:\xampp\htdocs\www\PHP\NestiECommerce\app\Controllers\RecipeController.php(30): Kenjis\CI4Twig\Twig->display('recipe/list', Array)
#12 C:\xampp\htdocs\www\PHP\NestiECommerce\vendor\codeigniter4\framework\system\CodeIgniter.php(937): App\Controllers\Recipecontroller->list()
#13 C:\xampp\htdocs\www\PHP\NestiECommerce\vendor\codeigniter4\framework\system\CodeIgniter.php(433): CodeIgniter\CodeIgniter->runController(Object(App\Controllers\Recipecontroller))
#14 C:\xampp\htdocs\www\PHP\NestiECommerce\vendor\codeigniter4\framework\system\CodeIgniter.php(334): CodeIgniter\CodeIgniter->handleRequest(NULL, Object(Config\Cache), false)
#15 C:\xampp\htdocs\www\PHP\NestiECommerce\public\index.php(44): CodeIgniter\CodeIgniter->run()
#16 {main}
CRITICAL - 2021-05-11 15:34:57 --> Uncaught CodeIgniter\Exceptions\PageNotFoundException: Controller or its method is not found: \App\Controllers\Recipe::2 in C:\xampp\htdocs\www\PHP\NestiECommerce\vendor\codeigniter4\framework\system\CodeIgniter.php:896
Stack trace:
#0 C:\xampp\htdocs\www\PHP\NestiECommerce\vendor\codeigniter4\framework\system\CodeIgniter.php(896): CodeIgniter\Exceptions\PageNotFoundException::forControllerNotFound('\\App\\Controller...', '2')
#1 C:\xampp\htdocs\www\PHP\NestiECommerce\vendor\codeigniter4\framework\system\CodeIgniter.php(418): CodeIgniter\CodeIgniter->startController()
#2 C:\xampp\htdocs\www\PHP\NestiECommerce\vendor\codeigniter4\framework\system\CodeIgniter.php(334): CodeIgniter\CodeIgniter->handleRequest(NULL, Object(Config\Cache), false)
#3 C:\xampp\htdocs\www\PHP\NestiECommerce\public\index.php(44): CodeIgniter\CodeIgniter->run()
#4 {main}
  thrown
#0 [internal function]: CodeIgniter\Debug\Exceptions->shutdownHandler()
#1 {main}
CRITICAL - 2021-05-11 15:35:12 --> Cannot use isset() on the result of an expression (you can use "null !== expression" instead)
#0 [internal function]: CodeIgniter\Debug\Exceptions->shutdownHandler()
#1 {main}
CRITICAL - 2021-05-11 15:35:40 --> Cannot use isset() on the result of an expression (you can use "null !== expression" instead)
#0 [internal function]: CodeIgniter\Debug\Exceptions->shutdownHandler()
#1 {main}
CRITICAL - 2021-05-11 15:35:46 --> Cannot use isset() on the result of an expression (you can use "null !== expression" instead)
#0 [internal function]: CodeIgniter\Debug\Exceptions->shutdownHandler()
#1 {main}
CRITICAL - 2021-05-11 15:37:26 --> Array callback must have exactly two elements
#0 C:\xampp\htdocs\www\PHP\NestiECommerce\vendor\codeigniter4\framework\system\CodeIgniter.php(937): App\Controllers\Recipecontroller->oneRecipe('2')
#1 C:\xampp\htdocs\www\PHP\NestiECommerce\vendor\codeigniter4\framework\system\CodeIgniter.php(433): CodeIgniter\CodeIgniter->runController(Object(App\Controllers\Recipecontroller))
#2 C:\xampp\htdocs\www\PHP\NestiECommerce\vendor\codeigniter4\framework\system\CodeIgniter.php(334): CodeIgniter\CodeIgniter->handleRequest(NULL, Object(Config\Cache), false)
#3 C:\xampp\htdocs\www\PHP\NestiECommerce\public\index.php(44): CodeIgniter\CodeIgniter->run()
#4 {main}
CRITICAL - 2021-05-11 15:38:06 --> Array callback must have exactly two elements
#0 C:\xampp\htdocs\www\PHP\NestiECommerce\vendor\codeigniter4\framework\system\CodeIgniter.php(937): App\Controllers\Recipecontroller->oneRecipe('2')
#1 C:\xampp\htdocs\www\PHP\NestiECommerce\vendor\codeigniter4\framework\system\CodeIgniter.php(433): CodeIgniter\CodeIgniter->runController(Object(App\Controllers\Recipecontroller))
#2 C:\xampp\htdocs\www\PHP\NestiECommerce\vendor\codeigniter4\framework\system\CodeIgniter.php(334): CodeIgniter\CodeIgniter->handleRequest(NULL, Object(Config\Cache), false)
#3 C:\xampp\htdocs\www\PHP\NestiECommerce\public\index.php(44): CodeIgniter\CodeIgniter->run()
#4 {main}
CRITICAL - 2021-05-11 15:39:33 --> Uncaught Error: Array callback must have exactly two elements in C:\xampp\htdocs\www\PHP\NestiECommerce\app\Controllers\RecipeController.php:44
Stack trace:
#0 C:\xampp\htdocs\www\PHP\NestiECommerce\vendor\codeigniter4\framework\system\CodeIgniter.php(937): App\Controllers\Recipecontroller->oneRecipe('2')
#1 C:\xampp\htdocs\www\PHP\NestiECommerce\vendor\codeigniter4\framework\system\CodeIgniter.php(433): CodeIgniter\CodeIgniter->runController(Object(App\Controllers\Recipecontroller))
#2 C:\xampp\htdocs\www\PHP\NestiECommerce\vendor\codeigniter4\framework\system\CodeIgniter.php(334): CodeIgniter\CodeIgniter->handleRequest(NULL, Object(Config\Cache), false)
#3 C:\xampp\htdocs\www\PHP\NestiECommerce\public\index.php(44): CodeIgniter\CodeIgniter->run()
#4 {main}
  thrown
#0 [internal function]: CodeIgniter\Debug\Exceptions->shutdownHandler()
#1 {main}
CRITICAL - 2021-05-11 15:40:29 --> Cannot use isset() on the result of an expression (you can use "null !== expression" instead)
#0 [internal function]: CodeIgniter\Debug\Exceptions->shutdownHandler()
#1 {main}
CRITICAL - 2021-05-11 15:40:32 --> Cannot use isset() on the result of an expression (you can use "null !== expression" instead)
#0 [internal function]: CodeIgniter\Debug\Exceptions->shutdownHandler()
#1 {main}
CRITICAL - 2021-05-11 15:41:47 --> Uncaught CodeIgniter\Exceptions\PageNotFoundException: Controller or its method is not found: \App\Controllers\Recipe::2 in C:\xampp\htdocs\www\PHP\NestiECommerce\vendor\codeigniter4\framework\system\CodeIgniter.php:896
Stack trace:
#0 C:\xampp\htdocs\www\PHP\NestiECommerce\vendor\codeigniter4\framework\system\CodeIgniter.php(896): CodeIgniter\Exceptions\PageNotFoundException::forControllerNotFound('\\App\\Controller...', '2')
#1 C:\xampp\htdocs\www\PHP\NestiECommerce\vendor\codeigniter4\framework\system\CodeIgniter.php(418): CodeIgniter\CodeIgniter->startController()
#2 C:\xampp\htdocs\www\PHP\NestiECommerce\vendor\codeigniter4\framework\system\CodeIgniter.php(334): CodeIgniter\CodeIgniter->handleRequest(NULL, Object(Config\Cache), false)
#3 C:\xampp\htdocs\www\PHP\NestiECommerce\public\index.php(44): CodeIgniter\CodeIgniter->run()
#4 {main}
  thrown
#0 [internal function]: CodeIgniter\Debug\Exceptions->shutdownHandler()
#1 {main}
CRITICAL - 2021-05-11 15:45:52 --> Uncaught CodeIgniter\Exceptions\PageNotFoundException: Controller or its method is not found: \App\Controllers\Recipe::2 in C:\xampp\htdocs\www\PHP\NestiECommerce\vendor\codeigniter4\framework\system\CodeIgniter.php:896
Stack trace:
#0 C:\xampp\htdocs\www\PHP\NestiECommerce\vendor\codeigniter4\framework\system\CodeIgniter.php(896): CodeIgniter\Exceptions\PageNotFoundException::forControllerNotFound('\\App\\Controller...', '2')
#1 C:\xampp\htdocs\www\PHP\NestiECommerce\vendor\codeigniter4\framework\system\CodeIgniter.php(418): CodeIgniter\CodeIgniter->startController()
#2 C:\xampp\htdocs\www\PHP\NestiECommerce\vendor\codeigniter4\framework\system\CodeIgniter.php(334): CodeIgniter\CodeIgniter->handleRequest(NULL, Object(Config\Cache), false)
#3 C:\xampp\htdocs\www\PHP\NestiECommerce\public\index.php(44): CodeIgniter\CodeIgniter->run()
#4 {main}
  thrown
#0 [internal function]: CodeIgniter\Debug\Exceptions->shutdownHandler()
#1 {main}
CRITICAL - 2021-05-11 15:47:07 --> Call to undefined function App\Controllers\sanitize()
#0 C:\xampp\htdocs\www\PHP\NestiECommerce\vendor\codeigniter4\framework\system\CodeIgniter.php(937): App\Controllers\Recipecontroller->oneRecipe('2')
#1 C:\xampp\htdocs\www\PHP\NestiECommerce\vendor\codeigniter4\framework\system\CodeIgniter.php(433): CodeIgniter\CodeIgniter->runController(Object(App\Controllers\Recipecontroller))
#2 C:\xampp\htdocs\www\PHP\NestiECommerce\vendor\codeigniter4\framework\system\CodeIgniter.php(334): CodeIgniter\CodeIgniter->handleRequest(NULL, Object(Config\Cache), false)
#3 C:\xampp\htdocs\www\PHP\NestiECommerce\public\index.php(44): CodeIgniter\CodeIgniter->run()
#4 {main}
CRITICAL - 2021-05-11 15:50:10 --> Uncaught Error: Array callback must have exactly two elements in C:\xampp\htdocs\www\PHP\NestiECommerce\app\Controllers\RecipeController.php:45
Stack trace:
#0 C:\xampp\htdocs\www\PHP\NestiECommerce\vendor\codeigniter4\framework\system\CodeIgniter.php(937): App\Controllers\Recipecontroller->oneRecipe('2')
#1 C:\xampp\htdocs\www\PHP\NestiECommerce\vendor\codeigniter4\framework\system\CodeIgniter.php(433): CodeIgniter\CodeIgniter->runController(Object(App\Controllers\Recipecontroller))
#2 C:\xampp\htdocs\www\PHP\NestiECommerce\vendor\codeigniter4\framework\system\CodeIgniter.php(334): CodeIgniter\CodeIgniter->handleRequest(NULL, Object(Config\Cache), false)
#3 C:\xampp\htdocs\www\PHP\NestiECommerce\public\index.php(44): CodeIgniter\CodeIgniter->run()
#4 {main}
  thrown
#0 [internal function]: CodeIgniter\Debug\Exceptions->shutdownHandler()
#1 {main}
CRITICAL - 2021-05-11 15:51:21 --> Uncaught CodeIgniter\Security\Exceptions\SecurityException: The action you requested is not allowed. in C:\xampp\htdocs\www\PHP\NestiECommerce\vendor\codeigniter4\framework\system\Security\Security.php:231
Stack trace:
#0 C:\xampp\htdocs\www\PHP\NestiECommerce\vendor\codeigniter4\framework\system\Security\Security.php(231): CodeIgniter\Security\Exceptions\SecurityException::forDisallowedAction()
#1 C:\xampp\htdocs\www\PHP\NestiECommerce\vendor\codeigniter4\framework\system\Filters\CSRF.php(57): CodeIgniter\Security\Security->verify(Object(CodeIgniter\HTTP\IncomingRequest))
#2 C:\xampp\htdocs\www\PHP\NestiECommerce\vendor\codeigniter4\framework\system\Filters\Filters.php(181): CodeIgniter\Filters\CSRF->before(Object(CodeIgniter\HTTP\IncomingRequest), NULL)
#3 C:\xampp\htdocs\www\PHP\NestiECommerce\vendor\codeigniter4\framework\system\CodeIgniter.php(404): CodeIgniter\Filters\Filters->run('recette/2', 'before')
#4 C:\xampp\htdocs\www\PHP\NestiECommerce\vendor\codeigniter4\framework\system\CodeIgniter.php(334): CodeIgniter\CodeIgniter->handleRequest(NULL, Object(Config\Cache), false)
#5 C:\xampp\htdocs\www\PHP\NestiECommerce\public\index.php(44): CodeIgniter\CodeIgniter->run()
#6 {main}
  thrown
#0 [internal function]: CodeIgniter\Debug\Exceptions->shutdownHandler()
#1 {main}
CRITICAL - 2021-05-11 15:54:23 --> Attempt to assign property "rating" on null
#0 C:\xampp\htdocs\www\PHP\NestiECommerce\vendor\codeigniter4\framework\system\CodeIgniter.php(937): App\Controllers\Recipecontroller->oneRecipe('2')
#1 C:\xampp\htdocs\www\PHP\NestiECommerce\vendor\codeigniter4\framework\system\CodeIgniter.php(433): CodeIgniter\CodeIgniter->runController(Object(App\Controllers\Recipecontroller))
#2 C:\xampp\htdocs\www\PHP\NestiECommerce\vendor\codeigniter4\framework\system\CodeIgniter.php(334): CodeIgniter\CodeIgniter->handleRequest(NULL, Object(Config\Cache), false)
#3 C:\xampp\htdocs\www\PHP\NestiECommerce\public\index.php(44): CodeIgniter\CodeIgniter->run()
#4 {main}
CRITICAL - 2021-05-11 15:55:27 --> Uncaught CodeIgniter\Security\Exceptions\SecurityException: The action you requested is not allowed. in C:\xampp\htdocs\www\PHP\NestiECommerce\vendor\codeigniter4\framework\system\Security\Security.php:231
Stack trace:
#0 C:\xampp\htdocs\www\PHP\NestiECommerce\vendor\codeigniter4\framework\system\Security\Security.php(231): CodeIgniter\Security\Exceptions\SecurityException::forDisallowedAction()
#1 C:\xampp\htdocs\www\PHP\NestiECommerce\vendor\codeigniter4\framework\system\Filters\CSRF.php(57): CodeIgniter\Security\Security->verify(Object(CodeIgniter\HTTP\IncomingRequest))
#2 C:\xampp\htdocs\www\PHP\NestiECommerce\vendor\codeigniter4\framework\system\Filters\Filters.php(181): CodeIgniter\Filters\CSRF->before(Object(CodeIgniter\HTTP\IncomingRequest), NULL)
#3 C:\xampp\htdocs\www\PHP\NestiECommerce\vendor\codeigniter4\framework\system\CodeIgniter.php(404): CodeIgniter\Filters\Filters->run('recette/2', 'before')
#4 C:\xampp\htdocs\www\PHP\NestiECommerce\vendor\codeigniter4\framework\system\CodeIgniter.php(334): CodeIgniter\CodeIgniter->handleRequest(NULL, Object(Config\Cache), false)
#5 C:\xampp\htdocs\www\PHP\NestiECommerce\public\index.php(44): CodeIgniter\CodeIgniter->run()
#6 {main}
  thrown
#0 [internal function]: CodeIgniter\Debug\Exceptions->shutdownHandler()
#1 {main}
CRITICAL - 2021-05-11 16:25:22 --> Accessing static property App\Controllers\Recipecontroller::$loggedInUser as non static
#0 C:\xampp\htdocs\www\PHP\NestiECommerce\app\Controllers\RecipeController.php(50): CodeIgniter\Debug\Exceptions->errorHandler(8, 'Accessing stati...', 'C:\\xampp\\htdocs...', 50)
#1 C:\xampp\htdocs\www\PHP\NestiECommerce\vendor\codeigniter4\framework\system\CodeIgniter.php(937): App\Controllers\Recipecontroller->oneRecipe('2')
#2 C:\xampp\htdocs\www\PHP\NestiECommerce\vendor\codeigniter4\framework\system\CodeIgniter.php(433): CodeIgniter\CodeIgniter->runController(Object(App\Controllers\Recipecontroller))
#3 C:\xampp\htdocs\www\PHP\NestiECommerce\vendor\codeigniter4\framework\system\CodeIgniter.php(334): CodeIgniter\CodeIgniter->handleRequest(NULL, Object(Config\Cache), false)
#4 C:\xampp\htdocs\www\PHP\NestiECommerce\public\index.php(44): CodeIgniter\CodeIgniter->run()
#5 {main}
CRITICAL - 2021-05-11 16:26:56 --> Accessing static property App\Controllers\Recipecontroller::$loggedInUser as non static
#0 C:\xampp\htdocs\www\PHP\NestiECommerce\app\Controllers\RecipeController.php(50): CodeIgniter\Debug\Exceptions->errorHandler(8, 'Accessing stati...', 'C:\\xampp\\htdocs...', 50)
#1 C:\xampp\htdocs\www\PHP\NestiECommerce\vendor\codeigniter4\framework\system\CodeIgniter.php(937): App\Controllers\Recipecontroller->oneRecipe('2')
#2 C:\xampp\htdocs\www\PHP\NestiECommerce\vendor\codeigniter4\framework\system\CodeIgniter.php(433): CodeIgniter\CodeIgniter->runController(Object(App\Controllers\Recipecontroller))
#3 C:\xampp\htdocs\www\PHP\NestiECommerce\vendor\codeigniter4\framework\system\CodeIgniter.php(334): CodeIgniter\CodeIgniter->handleRequest(NULL, Object(Config\Cache), false)
#4 C:\xampp\htdocs\www\PHP\NestiECommerce\public\index.php(44): CodeIgniter\CodeIgniter->run()
#5 {main}
CRITICAL - 2021-05-11 16:27:54 --> Uncaught CodeIgniter\Security\Exceptions\SecurityException: The action you requested is not allowed. in C:\xampp\htdocs\www\PHP\NestiECommerce\vendor\codeigniter4\framework\system\Security\Security.php:231
Stack trace:
#0 C:\xampp\htdocs\www\PHP\NestiECommerce\vendor\codeigniter4\framework\system\Security\Security.php(231): CodeIgniter\Security\Exceptions\SecurityException::forDisallowedAction()
#1 C:\xampp\htdocs\www\PHP\NestiECommerce\vendor\codeigniter4\framework\system\Filters\CSRF.php(57): CodeIgniter\Security\Security->verify(Object(CodeIgniter\HTTP\IncomingRequest))
#2 C:\xampp\htdocs\www\PHP\NestiECommerce\vendor\codeigniter4\framework\system\Filters\Filters.php(181): CodeIgniter\Filters\CSRF->before(Object(CodeIgniter\HTTP\IncomingRequest), NULL)
#3 C:\xampp\htdocs\www\PHP\NestiECommerce\vendor\codeigniter4\framework\system\CodeIgniter.php(404): CodeIgniter\Filters\Filters->run('recette/2', 'before')
#4 C:\xampp\htdocs\www\PHP\NestiECommerce\vendor\codeigniter4\framework\system\CodeIgniter.php(334): CodeIgniter\CodeIgniter->handleRequest(NULL, Object(Config\Cache), false)
#5 C:\xampp\htdocs\www\PHP\NestiECommerce\public\index.php(44): CodeIgniter\CodeIgniter->run()
#6 {main}
  thrown
#0 [internal function]: CodeIgniter\Debug\Exceptions->shutdownHandler()
#1 {main}
CRITICAL - 2021-05-11 16:31:51 --> CodeIgniter\Database\BaseBuilder::set(): Argument #2 ($value) must be of type ?string, App\Entities\Grades given, called in C:\xampp\htdocs\www\PHP\NestiECommerce\vendor\codeigniter4\framework\system\Model.php on line 275
#0 C:\xampp\htdocs\www\PHP\NestiECommerce\vendor\codeigniter4\framework\system\Model.php(275): CodeIgniter\Database\BaseBuilder->set('rating', Object(App\Entities\Grades), NULL)
#1 C:\xampp\htdocs\www\PHP\NestiECommerce\vendor\codeigniter4\framework\system\BaseModel.php(758): CodeIgniter\Model->doInsert(Array)
#2 C:\xampp\htdocs\www\PHP\NestiECommerce\vendor\codeigniter4\framework\system\Model.php(705): CodeIgniter\BaseModel->insert(Array, false)
#3 C:\xampp\htdocs\www\PHP\NestiECommerce\vendor\codeigniter4\framework\system\BaseModel.php(667): CodeIgniter\Model->insert(Object(App\Entities\Grades), false)
#4 C:\xampp\htdocs\www\PHP\NestiECommerce\app\Controllers\RecipeController.php(54): CodeIgniter\BaseModel->save(Object(App\Entities\Grades))
#5 C:\xampp\htdocs\www\PHP\NestiECommerce\vendor\codeigniter4\framework\system\CodeIgniter.php(937): App\Controllers\Recipecontroller->oneRecipe('2')
#6 C:\xampp\htdocs\www\PHP\NestiECommerce\vendor\codeigniter4\framework\system\CodeIgniter.php(433): CodeIgniter\CodeIgniter->runController(Object(App\Controllers\Recipecontroller))
#7 C:\xampp\htdocs\www\PHP\NestiECommerce\vendor\codeigniter4\framework\system\CodeIgniter.php(334): CodeIgniter\CodeIgniter->handleRequest(NULL, Object(Config\Cache), false)
#8 C:\xampp\htdocs\www\PHP\NestiECommerce\public\index.php(44): CodeIgniter\CodeIgniter->run()
#9 {main}
ERROR - 2021-05-11 16:38:08 --> mysqli_sql_exception: Duplicate entry '1-2' for key 'PRIMARY' in C:\xampp\htdocs\www\PHP\NestiECommerce\vendor\codeigniter4\framework\system\Database\MySQLi\Connection.php:314
Stack trace:
#0 C:\xampp\htdocs\www\PHP\NestiECommerce\vendor\codeigniter4\framework\system\Database\MySQLi\Connection.php(314): mysqli->query('INSERT INTO `ne...')
#1 C:\xampp\htdocs\www\PHP\NestiECommerce\vendor\codeigniter4\framework\system\Database\BaseConnection.php(713): CodeIgniter\Database\MySQLi\Connection->execute('INSERT INTO `ne...')
#2 C:\xampp\htdocs\www\PHP\NestiECommerce\vendor\codeigniter4\framework\system\Database\BaseConnection.php(641): CodeIgniter\Database\BaseConnection->simpleQuery('INSERT INTO `ne...')
#3 C:\xampp\htdocs\www\PHP\NestiECommerce\vendor\codeigniter4\framework\system\Database\BaseBuilder.php(2263): CodeIgniter\Database\BaseConnection->query('INSERT INTO `ne...', Array, false)
#4 C:\xampp\htdocs\www\PHP\NestiECommerce\vendor\codeigniter4\framework\system\Model.php(278): CodeIgniter\Database\BaseBuilder->insert()
#5 C:\xampp\htdocs\www\PHP\NestiECommerce\vendor\codeigniter4\framework\system\BaseModel.php(758): CodeIgniter\Model->doInsert(Array)
#6 C:\xampp\htdocs\www\PHP\NestiECommerce\vendor\codeigniter4\framework\system\Model.php(705): CodeIgniter\BaseModel->insert(Array, false)
#7 C:\xampp\htdocs\www\PHP\NestiECommerce\vendor\codeigniter4\framework\system\BaseModel.php(667): CodeIgniter\Model->insert(Object(App\Entities\Grades), false)
#8 C:\xampp\htdocs\www\PHP\NestiECommerce\app\Controllers\RecipeController.php(51): CodeIgniter\BaseModel->save(Object(App\Entities\Grades))
#9 C:\xampp\htdocs\www\PHP\NestiECommerce\vendor\codeigniter4\framework\system\CodeIgniter.php(937): App\Controllers\Recipecontroller->oneRecipe('2')
#10 C:\xampp\htdocs\www\PHP\NestiECommerce\vendor\codeigniter4\framework\system\CodeIgniter.php(433): CodeIgniter\CodeIgniter->runController(Object(App\Controllers\Recipecontroller))
#11 C:\xampp\htdocs\www\PHP\NestiECommerce\vendor\codeigniter4\framework\system\CodeIgniter.php(334): CodeIgniter\CodeIgniter->handleRequest(NULL, Object(Config\Cache), false)
#12 C:\xampp\htdocs\www\PHP\NestiECommerce\public\index.php(44): CodeIgniter\CodeIgniter->run()
#13 {main}
CRITICAL - 2021-05-11 16:38:09 --> Duplicate entry '1-2' for key 'PRIMARY'
#0 C:\xampp\htdocs\www\PHP\NestiECommerce\vendor\codeigniter4\framework\system\Database\MySQLi\Connection.php(314): mysqli->query('INSERT INTO `ne...')
#1 C:\xampp\htdocs\www\PHP\NestiECommerce\vendor\codeigniter4\framework\system\Database\BaseConnection.php(713): CodeIgniter\Database\MySQLi\Connection->execute('INSERT INTO `ne...')
#2 C:\xampp\htdocs\www\PHP\NestiECommerce\vendor\codeigniter4\framework\system\Database\BaseConnection.php(641): CodeIgniter\Database\BaseConnection->simpleQuery('INSERT INTO `ne...')
#3 C:\xampp\htdocs\www\PHP\NestiECommerce\vendor\codeigniter4\framework\system\Database\BaseBuilder.php(2263): CodeIgniter\Database\BaseConnection->query('INSERT INTO `ne...', Array, false)
#4 C:\xampp\htdocs\www\PHP\NestiECommerce\vendor\codeigniter4\framework\system\Model.php(278): CodeIgniter\Database\BaseBuilder->insert()
#5 C:\xampp\htdocs\www\PHP\NestiECommerce\vendor\codeigniter4\framework\system\BaseModel.php(758): CodeIgniter\Model->doInsert(Array)
#6 C:\xampp\htdocs\www\PHP\NestiECommerce\vendor\codeigniter4\framework\system\Model.php(705): CodeIgniter\BaseModel->insert(Array, false)
#7 C:\xampp\htdocs\www\PHP\NestiECommerce\vendor\codeigniter4\framework\system\BaseModel.php(667): CodeIgniter\Model->insert(Object(App\Entities\Grades), false)
#8 C:\xampp\htdocs\www\PHP\NestiECommerce\app\Controllers\RecipeController.php(51): CodeIgniter\BaseModel->save(Object(App\Entities\Grades))
#9 C:\xampp\htdocs\www\PHP\NestiECommerce\vendor\codeigniter4\framework\system\CodeIgniter.php(937): App\Controllers\Recipecontroller->oneRecipe('2')
#10 C:\xampp\htdocs\www\PHP\NestiECommerce\vendor\codeigniter4\framework\system\CodeIgniter.php(433): CodeIgniter\CodeIgniter->runController(Object(App\Controllers\Recipecontroller))
#11 C:\xampp\htdocs\www\PHP\NestiECommerce\vendor\codeigniter4\framework\system\CodeIgniter.php(334): CodeIgniter\CodeIgniter->handleRequest(NULL, Object(Config\Cache), false)
#12 C:\xampp\htdocs\www\PHP\NestiECommerce\public\index.php(44): CodeIgniter\CodeIgniter->run()
#13 {main}
CRITICAL - 2021-05-11 16:44:43 --> There is no data to update.
#0 C:\xampp\htdocs\www\PHP\NestiECommerce\vendor\codeigniter4\framework\system\BaseModel.php(1682): CodeIgniter\Database\Exceptions\DataException::forEmptyDataset('update')
#1 C:\xampp\htdocs\www\PHP\NestiECommerce\vendor\codeigniter4\framework\system\BaseModel.php(864): CodeIgniter\BaseModel->transformDataToArray(NULL, 'update')
#2 C:\xampp\htdocs\www\PHP\NestiECommerce\vendor\codeigniter4\framework\system\Model.php(737): CodeIgniter\BaseModel->update(Object(App\Entities\Grades), NULL)
#3 C:\xampp\htdocs\www\PHP\NestiECommerce\app\Controllers\RecipeController.php(54): CodeIgniter\Model->update(Object(App\Entities\Grades))
#4 C:\xampp\htdocs\www\PHP\NestiECommerce\vendor\codeigniter4\framework\system\CodeIgniter.php(937): App\Controllers\Recipecontroller->oneRecipe('2')
#5 C:\xampp\htdocs\www\PHP\NestiECommerce\vendor\codeigniter4\framework\system\CodeIgniter.php(433): CodeIgniter\CodeIgniter->runController(Object(App\Controllers\Recipecontroller))
#6 C:\xampp\htdocs\www\PHP\NestiECommerce\vendor\codeigniter4\framework\system\CodeIgniter.php(334): CodeIgniter\CodeIgniter->handleRequest(NULL, Object(Config\Cache), false)
#7 C:\xampp\htdocs\www\PHP\NestiECommerce\public\index.php(44): CodeIgniter\CodeIgniter->run()
#8 {main}
CRITICAL - 2021-05-11 16:49:13 --> There is no data to update.
#0 C:\xampp\htdocs\www\PHP\NestiECommerce\vendor\codeigniter4\framework\system\BaseModel.php(1682): CodeIgniter\Database\Exceptions\DataException::forEmptyDataset('update')
#1 C:\xampp\htdocs\www\PHP\NestiECommerce\vendor\codeigniter4\framework\system\BaseModel.php(864): CodeIgniter\BaseModel->transformDataToArray(NULL, 'update')
#2 C:\xampp\htdocs\www\PHP\NestiECommerce\vendor\codeigniter4\framework\system\Model.php(737): CodeIgniter\BaseModel->update(Object(App\Entities\Grades), NULL)
#3 C:\xampp\htdocs\www\PHP\NestiECommerce\app\Controllers\RecipeController.php(58): CodeIgniter\Model->update(Object(App\Entities\Grades))
#4 C:\xampp\htdocs\www\PHP\NestiECommerce\vendor\codeigniter4\framework\system\CodeIgniter.php(937): App\Controllers\Recipecontroller->oneRecipe('2')
#5 C:\xampp\htdocs\www\PHP\NestiECommerce\vendor\codeigniter4\framework\system\CodeIgniter.php(433): CodeIgniter\CodeIgniter->runController(Object(App\Controllers\Recipecontroller))
#6 C:\xampp\htdocs\www\PHP\NestiECommerce\vendor\codeigniter4\framework\system\CodeIgniter.php(334): CodeIgniter\CodeIgniter->handleRequest(NULL, Object(Config\Cache), false)
#7 C:\xampp\htdocs\www\PHP\NestiECommerce\public\index.php(44): CodeIgniter\CodeIgniter->run()
#8 {main}
CRITICAL - 2021-05-11 16:58:41 --> Uncaught mysqli_sql_exception: Duplicate entry '0-0' for key 'PRIMARY' in C:\xampp\htdocs\www\PHP\NestiECommerce\vendor\codeigniter4\framework\system\Database\MySQLi\Connection.php:314
Stack trace:
#0 C:\xampp\htdocs\www\PHP\NestiECommerce\vendor\codeigniter4\framework\system\Database\MySQLi\Connection.php(314): mysqli->query('INSERT INTO `ne...')
#1 C:\xampp\htdocs\www\PHP\NestiECommerce\vendor\codeigniter4\framework\system\Database\BaseConnection.php(713): CodeIgniter\Database\MySQLi\Connection->execute('INSERT INTO `ne...')
#2 C:\xampp\htdocs\www\PHP\NestiECommerce\vendor\codeigniter4\framework\system\Database\BaseConnection.php(641): CodeIgniter\Database\BaseConnection->simpleQuery('INSERT INTO `ne...')
#3 C:\xampp\htdocs\www\PHP\NestiECommerce\vendor\codeigniter4\framework\system\Database\BaseBuilder.php(2263): CodeIgniter\Database\BaseConnection->query('INSERT INTO `ne...', Array, false)
#4 C:\xampp\htdocs\www\PHP\NestiECommerce\vendor\codeigniter4\framework\system\Model.php(278): CodeIgniter\Database\BaseBuilder->insert()
#5 C:\xampp\htdocs\www\PHP\NestiECommerce\vendor\codeigniter4\framework\system\BaseModel.php(758): CodeIgniter\Model->doInsert(Array)
#6 C:\xampp\htdocs\www\PHP\NestiECommerce\vendor\codeigniter4\framework\system\Model.php(705): CodeIgniter\BaseModel->insert(Array, false)
#7 C:\xampp\htdocs\www\PHP\NestiECommerce\vendor\codeigniter4\framework\system\BaseModel.php(667): CodeIgniter\Model->insert(Object(App\Entities\Grades), false)
#8 C:\xampp\htdocs\www\PHP\NestiECommerce\app\Controllers\RecipeController.php(58): CodeIgniter\BaseModel->save(Object(App\Entities\Grades))
#9 C:\xampp\htdocs\www\PHP\NestiECommerce\vendor\codeigniter4\framework\system\CodeIgniter.php(937): App\Controllers\Recipecontroller->oneRecipe('2')
#10 C:\xampp\htdocs\www\PHP\NestiECommerce\vendor\codeigniter4\framework\system\CodeIgniter.php(433): CodeIgniter\CodeIgniter->runController(Object(App\Controllers\Recipecontroller))
#11 C:\xampp\htdocs\www\PHP\NestiECommerce\vendor\codeigniter4\framework\system\CodeIgniter.php(334): CodeIgniter\CodeIgniter->handleRequest(NULL, Object(Config\Cache), false)
#12 C:\xampp\htdocs\www\PHP\NestiECommerce\public\index.php(44): CodeIgniter\CodeIgniter->run()
#13 {main}
  thrown
#0 [internal function]: CodeIgniter\Debug\Exceptions->shutdownHandler()
#1 {main}
CRITICAL - 2021-05-11 18:46:59 --> Uncaught CodeIgniter\Security\Exceptions\SecurityException: The action you requested is not allowed. in C:\xampp\htdocs\www\PHP\NestiECommerce\vendor\codeigniter4\framework\system\Security\Security.php:231
Stack trace:
#0 C:\xampp\htdocs\www\PHP\NestiECommerce\vendor\codeigniter4\framework\system\Security\Security.php(231): CodeIgniter\Security\Exceptions\SecurityException::forDisallowedAction()
#1 C:\xampp\htdocs\www\PHP\NestiECommerce\vendor\codeigniter4\framework\system\Filters\CSRF.php(57): CodeIgniter\Security\Security->verify(Object(CodeIgniter\HTTP\IncomingRequest))
#2 C:\xampp\htdocs\www\PHP\NestiECommerce\vendor\codeigniter4\framework\system\Filters\Filters.php(181): CodeIgniter\Filters\CSRF->before(Object(CodeIgniter\HTTP\IncomingRequest), NULL)
#3 C:\xampp\htdocs\www\PHP\NestiECommerce\vendor\codeigniter4\framework\system\CodeIgniter.php(404): CodeIgniter\Filters\Filters->run('recette/9', 'before')
#4 C:\xampp\htdocs\www\PHP\NestiECommerce\vendor\codeigniter4\framework\system\CodeIgniter.php(334): CodeIgniter\CodeIgniter->handleRequest(NULL, Object(Config\Cache), false)
#5 C:\xampp\htdocs\www\PHP\NestiECommerce\public\index.php(44): CodeIgniter\CodeIgniter->run()
#6 {main}
  thrown
#0 [internal function]: CodeIgniter\Debug\Exceptions->shutdownHandler()
#1 {main}
