CRITICAL - 2021-05-03 12:28:14 --> Call to undefined method App\Entities\Users::getLogin()
#0 C:\xampp\htdocs\www\PHP\NestiECommerce\app\Controllers\UsersController.php(46): App\Controllers\UsersController::setLoggedInUser(Object(App\Entities\Users), '123')
#1 C:\xampp\htdocs\www\PHP\NestiECommerce\vendor\codeigniter4\framework\system\CodeIgniter.php(937): App\Controllers\UsersController->login()
#2 C:\xampp\htdocs\www\PHP\NestiECommerce\vendor\codeigniter4\framework\system\CodeIgniter.php(433): CodeIgniter\CodeIgniter->runController(Object(App\Controllers\UsersController))
#3 C:\xampp\htdocs\www\PHP\NestiECommerce\vendor\codeigniter4\framework\system\CodeIgniter.php(334): CodeIgniter\CodeIgniter->handleRequest(NULL, Object(Config\Cache), false)
#4 C:\xampp\htdocs\www\PHP\NestiECommerce\public\index.php(44): CodeIgniter\CodeIgniter->run()
#5 {main}
CRITICAL - 2021-05-03 12:31:26 --> Uncaught CodeIgniter\Exceptions\PageNotFoundException: Controller or its method is not found: \App\Controllers\Css::.css in C:\xampp\htdocs\www\PHP\NestiECommerce\vendor\codeigniter4\framework\system\CodeIgniter.php:896
Stack trace:
#0 C:\xampp\htdocs\www\PHP\NestiECommerce\vendor\codeigniter4\framework\system\CodeIgniter.php(896): CodeIgniter\Exceptions\PageNotFoundException::forControllerNotFound('\\App\\Controller...', '.css')
#1 C:\xampp\htdocs\www\PHP\NestiECommerce\vendor\codeigniter4\framework\system\CodeIgniter.php(418): CodeIgniter\CodeIgniter->startController()
#2 C:\xampp\htdocs\www\PHP\NestiECommerce\vendor\codeigniter4\framework\system\CodeIgniter.php(334): CodeIgniter\CodeIgniter->handleRequest(NULL, Object(Config\Cache), false)
#3 C:\xampp\htdocs\www\PHP\NestiECommerce\public\index.php(44): CodeIgniter\CodeIgniter->run()
#4 {main}
  thrown
#0 [internal function]: CodeIgniter\Debug\Exceptions->shutdownHandler()
#1 {main}
CRITICAL - 2021-05-03 12:31:26 --> Uncaught CodeIgniter\Exceptions\PageNotFoundException: Controller or its method is not found: \App\Controllers\Css::.css in C:\xampp\htdocs\www\PHP\NestiECommerce\vendor\codeigniter4\framework\system\CodeIgniter.php:896
Stack trace:
#0 C:\xampp\htdocs\www\PHP\NestiECommerce\vendor\codeigniter4\framework\system\CodeIgniter.php(896): CodeIgniter\Exceptions\PageNotFoundException::forControllerNotFound('\\App\\Controller...', '.css')
#1 C:\xampp\htdocs\www\PHP\NestiECommerce\vendor\codeigniter4\framework\system\CodeIgniter.php(418): CodeIgniter\CodeIgniter->startController()
#2 C:\xampp\htdocs\www\PHP\NestiECommerce\vendor\codeigniter4\framework\system\CodeIgniter.php(334): CodeIgniter\CodeIgniter->handleRequest(NULL, Object(Config\Cache), false)
#3 C:\xampp\htdocs\www\PHP\NestiECommerce\public\index.php(44): CodeIgniter\CodeIgniter->run()
#4 {main}
  thrown
#0 [internal function]: CodeIgniter\Debug\Exceptions->shutdownHandler()
#1 {main}
CRITICAL - 2021-05-03 12:34:00 --> Call to undefined method App\Entities\Users::login()
#0 C:\xampp\htdocs\www\PHP\NestiECommerce\app\Controllers\UsersController.php(46): App\Controllers\UsersController::setLoggedInUser(Object(App\Entities\Users), '123')
#1 C:\xampp\htdocs\www\PHP\NestiECommerce\vendor\codeigniter4\framework\system\CodeIgniter.php(937): App\Controllers\UsersController->login()
#2 C:\xampp\htdocs\www\PHP\NestiECommerce\vendor\codeigniter4\framework\system\CodeIgniter.php(433): CodeIgniter\CodeIgniter->runController(Object(App\Controllers\UsersController))
#3 C:\xampp\htdocs\www\PHP\NestiECommerce\vendor\codeigniter4\framework\system\CodeIgniter.php(334): CodeIgniter\CodeIgniter->handleRequest(NULL, Object(Config\Cache), false)
#4 C:\xampp\htdocs\www\PHP\NestiECommerce\public\index.php(44): CodeIgniter\CodeIgniter->run()
#5 {main}
CRITICAL - 2021-05-03 12:36:02 --> Uncaught CodeIgniter\Security\Exceptions\SecurityException: The action you requested is not allowed. in C:\xampp\htdocs\www\PHP\NestiECommerce\vendor\codeigniter4\framework\system\Security\Security.php:231
Stack trace:
#0 C:\xampp\htdocs\www\PHP\NestiECommerce\vendor\codeigniter4\framework\system\Security\Security.php(231): CodeIgniter\Security\Exceptions\SecurityException::forDisallowedAction()
#1 C:\xampp\htdocs\www\PHP\NestiECommerce\vendor\codeigniter4\framework\system\Filters\CSRF.php(57): CodeIgniter\Security\Security->verify(Object(CodeIgniter\HTTP\IncomingRequest))
#2 C:\xampp\htdocs\www\PHP\NestiECommerce\vendor\codeigniter4\framework\system\Filters\Filters.php(181): CodeIgniter\Filters\CSRF->before(Object(CodeIgniter\HTTP\IncomingRequest), NULL)
#3 C:\xampp\htdocs\www\PHP\NestiECommerce\vendor\codeigniter4\framework\system\CodeIgniter.php(404): CodeIgniter\Filters\Filters->run('connexion', 'before')
#4 C:\xampp\htdocs\www\PHP\NestiECommerce\vendor\codeigniter4\framework\system\CodeIgniter.php(334): CodeIgniter\CodeIgniter->handleRequest(NULL, Object(Config\Cache), false)
#5 C:\xampp\htdocs\www\PHP\NestiECommerce\public\index.php(44): CodeIgniter\CodeIgniter->run()
#6 {main}
  thrown
#0 [internal function]: CodeIgniter\Debug\Exceptions->shutdownHandler()
#1 {main}
CRITICAL - 2021-05-03 12:37:49 --> Object of class App\Entities\Users could not be converted to string
#0 C:\xampp\htdocs\www\PHP\NestiECommerce\vendor\twig\twig\src\Template.php(394): __TwigTemplate_0e2f403a962b6101abf7068d78ddd86d7d60d1ede10e45c298f777c96c03e071->doDisplay(Array, Array)
#1 C:\xampp\htdocs\www\PHP\NestiECommerce\vendor\twig\twig\src\Template.php(367): Twig\Template->displayWithErrorHandling(Array, Array)
#2 C:\xampp\htdocs\www\PHP\NestiECommerce\vendor\twig\twig\src\Template.php(379): Twig\Template->display(Array)
#3 C:\xampp\htdocs\www\PHP\NestiECommerce\vendor\twig\twig\src\TemplateWrapper.php(40): Twig\Template->render(Array, Array)
#4 C:\xampp\htdocs\www\PHP\NestiECommerce\vendor\twig\twig\src\Extension\CoreExtension.php(1265): Twig\TemplateWrapper->render(Array)
#5 C:\xampp\htdocs\www\PHP\NestiECommerce\writable\cache\twig\de\de1f96441334b04068d349f6b2db0a5fd65ab34ca18b03fd2eb031fb20bf2495.php(67): twig_include(Object(Twig\Environment), Array, 'layout/partials...')
#6 C:\xampp\htdocs\www\PHP\NestiECommerce\vendor\twig\twig\src\Template.php(394): __TwigTemplate_b4d35fabcb46cd59ae1a2e5d5f8051bcae24104f676327e01bf53e39fa4b904a->doDisplay(Array, Array)
#7 C:\xampp\htdocs\www\PHP\NestiECommerce\vendor\twig\twig\src\Template.php(367): Twig\Template->displayWithErrorHandling(Array, Array)
#8 C:\xampp\htdocs\www\PHP\NestiECommerce\writable\cache\twig\b4\b45906259912169fefdb7d9be6abaa18d034f4b708ccc5996c18c08c719a9734.php(43): Twig\Template->display(Array, Array)
#9 C:\xampp\htdocs\www\PHP\NestiECommerce\vendor\twig\twig\src\Template.php(394): __TwigTemplate_61bba0ee21597a6289deb7a9fd234b5c86079968df3aa7b182f43301f6bde0ac->doDisplay(Array, Array)
#10 C:\xampp\htdocs\www\PHP\NestiECommerce\vendor\twig\twig\src\Template.php(367): Twig\Template->displayWithErrorHandling(Array, Array)
#11 C:\xampp\htdocs\www\PHP\NestiECommerce\vendor\twig\twig\src\Template.php(379): Twig\Template->display(Array)
#12 C:\xampp\htdocs\www\PHP\NestiECommerce\vendor\twig\twig\src\TemplateWrapper.php(40): Twig\Template->render(Array, Array)
#13 C:\xampp\htdocs\www\PHP\NestiECommerce\vendor\twig\twig\src\Environment.php(277): Twig\TemplateWrapper->render(Array)
#14 C:\xampp\htdocs\www\PHP\NestiECommerce\vendor\kenjis\codeigniter-ss-twig\src\CI4Twig\Twig.php(177): Twig\Environment->render('users/login.twi...', Array)
#15 C:\xampp\htdocs\www\PHP\NestiECommerce\vendor\kenjis\codeigniter-ss-twig\src\CI4Twig\Twig.php(156): Kenjis\CI4Twig\Twig->render('users/login.twi...', Array)
#16 C:\xampp\htdocs\www\PHP\NestiECommerce\app\Controllers\UsersController.php(55): Kenjis\CI4Twig\Twig->display('users/login', Array)
#17 C:\xampp\htdocs\www\PHP\NestiECommerce\vendor\codeigniter4\framework\system\CodeIgniter.php(937): App\Controllers\UsersController->login()
#18 C:\xampp\htdocs\www\PHP\NestiECommerce\vendor\codeigniter4\framework\system\CodeIgniter.php(433): CodeIgniter\CodeIgniter->runController(Object(App\Controllers\UsersController))
#19 C:\xampp\htdocs\www\PHP\NestiECommerce\vendor\codeigniter4\framework\system\CodeIgniter.php(334): CodeIgniter\CodeIgniter->handleRequest(NULL, Object(Config\Cache), false)
#20 C:\xampp\htdocs\www\PHP\NestiECommerce\public\index.php(44): CodeIgniter\CodeIgniter->run()
#21 {main}
CRITICAL - 2021-05-03 12:38:33 --> Unexpected token "operator" of value ">".
#0 C:\xampp\htdocs\www\PHP\NestiECommerce\vendor\twig\twig\src\ExpressionParser.php(175): Twig\ExpressionParser->parsePrimaryExpression()
#1 C:\xampp\htdocs\www\PHP\NestiECommerce\vendor\twig\twig\src\ExpressionParser.php(70): Twig\ExpressionParser->getPrimary()
#2 C:\xampp\htdocs\www\PHP\NestiECommerce\vendor\twig\twig\src\ExpressionParser.php(83): Twig\ExpressionParser->parseExpression(31)
#3 C:\xampp\htdocs\www\PHP\NestiECommerce\vendor\twig\twig\src\Parser.php(128): Twig\ExpressionParser->parseExpression()
#4 C:\xampp\htdocs\www\PHP\NestiECommerce\vendor\twig\twig\src\Parser.php(84): Twig\Parser->subparse(NULL, false)
#5 C:\xampp\htdocs\www\PHP\NestiECommerce\vendor\twig\twig\src\Environment.php(479): Twig\Parser->parse(Object(Twig\TokenStream))
#6 C:\xampp\htdocs\www\PHP\NestiECommerce\vendor\twig\twig\src\Environment.php(507): Twig\Environment->parse(Object(Twig\TokenStream))
#7 C:\xampp\htdocs\www\PHP\NestiECommerce\vendor\twig\twig\src\Environment.php(348): Twig\Environment->compileSource(Object(Twig\Source))
#8 C:\xampp\htdocs\www\PHP\NestiECommerce\vendor\twig\twig\src\Environment.php(309): Twig\Environment->loadTemplate('__TwigTemplate_...', 'layout/partials...')
#9 C:\xampp\htdocs\www\PHP\NestiECommerce\vendor\twig\twig\src\Environment.php(433): Twig\Environment->load('layout/partials...')
#10 C:\xampp\htdocs\www\PHP\NestiECommerce\vendor\twig\twig\src\Extension\CoreExtension.php(1258): Twig\Environment->resolveTemplate('layout/partials...')
#11 C:\xampp\htdocs\www\PHP\NestiECommerce\writable\cache\twig\de\de1f96441334b04068d349f6b2db0a5fd65ab34ca18b03fd2eb031fb20bf2495.php(67): twig_include(Object(Twig\Environment), Array, 'layout/partials...')
#12 C:\xampp\htdocs\www\PHP\NestiECommerce\vendor\twig\twig\src\Template.php(394): __TwigTemplate_b4d35fabcb46cd59ae1a2e5d5f8051bcae24104f676327e01bf53e39fa4b904a->doDisplay(Array, Array)
#13 C:\xampp\htdocs\www\PHP\NestiECommerce\vendor\twig\twig\src\Template.php(367): Twig\Template->displayWithErrorHandling(Array, Array)
#14 C:\xampp\htdocs\www\PHP\NestiECommerce\writable\cache\twig\b4\b45906259912169fefdb7d9be6abaa18d034f4b708ccc5996c18c08c719a9734.php(43): Twig\Template->display(Array, Array)
#15 C:\xampp\htdocs\www\PHP\NestiECommerce\vendor\twig\twig\src\Template.php(394): __TwigTemplate_61bba0ee21597a6289deb7a9fd234b5c86079968df3aa7b182f43301f6bde0ac->doDisplay(Array, Array)
#16 C:\xampp\htdocs\www\PHP\NestiECommerce\vendor\twig\twig\src\Template.php(367): Twig\Template->displayWithErrorHandling(Array, Array)
#17 C:\xampp\htdocs\www\PHP\NestiECommerce\vendor\twig\twig\src\Template.php(379): Twig\Template->display(Array)
#18 C:\xampp\htdocs\www\PHP\NestiECommerce\vendor\twig\twig\src\TemplateWrapper.php(40): Twig\Template->render(Array, Array)
#19 C:\xampp\htdocs\www\PHP\NestiECommerce\vendor\twig\twig\src\Environment.php(277): Twig\TemplateWrapper->render(Array)
#20 C:\xampp\htdocs\www\PHP\NestiECommerce\vendor\kenjis\codeigniter-ss-twig\src\CI4Twig\Twig.php(177): Twig\Environment->render('users/login.twi...', Array)
#21 C:\xampp\htdocs\www\PHP\NestiECommerce\vendor\kenjis\codeigniter-ss-twig\src\CI4Twig\Twig.php(156): Kenjis\CI4Twig\Twig->render('users/login.twi...', Array)
#22 C:\xampp\htdocs\www\PHP\NestiECommerce\app\Controllers\UsersController.php(65): Kenjis\CI4Twig\Twig->display('users/login', Array)
#23 C:\xampp\htdocs\www\PHP\NestiECommerce\vendor\codeigniter4\framework\system\CodeIgniter.php(937): App\Controllers\UsersController->login()
#24 C:\xampp\htdocs\www\PHP\NestiECommerce\vendor\codeigniter4\framework\system\CodeIgniter.php(433): CodeIgniter\CodeIgniter->runController(Object(App\Controllers\UsersController))
#25 C:\xampp\htdocs\www\PHP\NestiECommerce\vendor\codeigniter4\framework\system\CodeIgniter.php(334): CodeIgniter\CodeIgniter->handleRequest(NULL, Object(Config\Cache), false)
#26 C:\xampp\htdocs\www\PHP\NestiECommerce\public\index.php(44): CodeIgniter\CodeIgniter->run()
#27 {main}
CRITICAL - 2021-05-03 12:42:44 --> Unexpected token "name" of value "loggedInUser" ("end of print statement" expected).
#0 C:\xampp\htdocs\www\PHP\NestiECommerce\vendor\twig\twig\src\Parser.php(129): Twig\TokenStream->expect(4)
#1 C:\xampp\htdocs\www\PHP\NestiECommerce\vendor\twig\twig\src\Parser.php(84): Twig\Parser->subparse(NULL, false)
#2 C:\xampp\htdocs\www\PHP\NestiECommerce\vendor\twig\twig\src\Environment.php(479): Twig\Parser->parse(Object(Twig\TokenStream))
#3 C:\xampp\htdocs\www\PHP\NestiECommerce\vendor\twig\twig\src\Environment.php(507): Twig\Environment->parse(Object(Twig\TokenStream))
#4 C:\xampp\htdocs\www\PHP\NestiECommerce\vendor\twig\twig\src\Environment.php(348): Twig\Environment->compileSource(Object(Twig\Source))
#5 C:\xampp\htdocs\www\PHP\NestiECommerce\vendor\twig\twig\src\Environment.php(309): Twig\Environment->loadTemplate('__TwigTemplate_...', 'layout/partials...')
#6 C:\xampp\htdocs\www\PHP\NestiECommerce\vendor\twig\twig\src\Environment.php(433): Twig\Environment->load('layout/partials...')
#7 C:\xampp\htdocs\www\PHP\NestiECommerce\vendor\twig\twig\src\Extension\CoreExtension.php(1258): Twig\Environment->resolveTemplate('layout/partials...')
#8 C:\xampp\htdocs\www\PHP\NestiECommerce\writable\cache\twig\de\de1f96441334b04068d349f6b2db0a5fd65ab34ca18b03fd2eb031fb20bf2495.php(67): twig_include(Object(Twig\Environment), Array, 'layout/partials...')
#9 C:\xampp\htdocs\www\PHP\NestiECommerce\vendor\twig\twig\src\Template.php(394): __TwigTemplate_b4d35fabcb46cd59ae1a2e5d5f8051bcae24104f676327e01bf53e39fa4b904a->doDisplay(Array, Array)
#10 C:\xampp\htdocs\www\PHP\NestiECommerce\vendor\twig\twig\src\Template.php(367): Twig\Template->displayWithErrorHandling(Array, Array)
#11 C:\xampp\htdocs\www\PHP\NestiECommerce\writable\cache\twig\b4\b45906259912169fefdb7d9be6abaa18d034f4b708ccc5996c18c08c719a9734.php(43): Twig\Template->display(Array, Array)
#12 C:\xampp\htdocs\www\PHP\NestiECommerce\vendor\twig\twig\src\Template.php(394): __TwigTemplate_61bba0ee21597a6289deb7a9fd234b5c86079968df3aa7b182f43301f6bde0ac->doDisplay(Array, Array)
#13 C:\xampp\htdocs\www\PHP\NestiECommerce\vendor\twig\twig\src\Template.php(367): Twig\Template->displayWithErrorHandling(Array, Array)
#14 C:\xampp\htdocs\www\PHP\NestiECommerce\vendor\twig\twig\src\Template.php(379): Twig\Template->display(Array)
#15 C:\xampp\htdocs\www\PHP\NestiECommerce\vendor\twig\twig\src\TemplateWrapper.php(40): Twig\Template->render(Array, Array)
#16 C:\xampp\htdocs\www\PHP\NestiECommerce\vendor\twig\twig\src\Environment.php(277): Twig\TemplateWrapper->render(Array)
#17 C:\xampp\htdocs\www\PHP\NestiECommerce\vendor\kenjis\codeigniter-ss-twig\src\CI4Twig\Twig.php(177): Twig\Environment->render('users/login.twi...', Array)
#18 C:\xampp\htdocs\www\PHP\NestiECommerce\vendor\kenjis\codeigniter-ss-twig\src\CI4Twig\Twig.php(156): Kenjis\CI4Twig\Twig->render('users/login.twi...', Array)
#19 C:\xampp\htdocs\www\PHP\NestiECommerce\app\Controllers\UsersController.php(65): Kenjis\CI4Twig\Twig->display('users/login', Array)
#20 C:\xampp\htdocs\www\PHP\NestiECommerce\vendor\codeigniter4\framework\system\CodeIgniter.php(937): App\Controllers\UsersController->login()
#21 C:\xampp\htdocs\www\PHP\NestiECommerce\vendor\codeigniter4\framework\system\CodeIgniter.php(433): CodeIgniter\CodeIgniter->runController(Object(App\Controllers\UsersController))
#22 C:\xampp\htdocs\www\PHP\NestiECommerce\vendor\codeigniter4\framework\system\CodeIgniter.php(334): CodeIgniter\CodeIgniter->handleRequest(NULL, Object(Config\Cache), false)
#23 C:\xampp\htdocs\www\PHP\NestiECommerce\public\index.php(44): CodeIgniter\CodeIgniter->run()
#24 {main}
CRITICAL - 2021-05-03 12:42:58 --> Unexpected token "name" of value "loggedInUser" ("end of print statement" expected).
#0 C:\xampp\htdocs\www\PHP\NestiECommerce\vendor\twig\twig\src\Parser.php(129): Twig\TokenStream->expect(4)
#1 C:\xampp\htdocs\www\PHP\NestiECommerce\vendor\twig\twig\src\Parser.php(84): Twig\Parser->subparse(NULL, false)
#2 C:\xampp\htdocs\www\PHP\NestiECommerce\vendor\twig\twig\src\Environment.php(479): Twig\Parser->parse(Object(Twig\TokenStream))
#3 C:\xampp\htdocs\www\PHP\NestiECommerce\vendor\twig\twig\src\Environment.php(507): Twig\Environment->parse(Object(Twig\TokenStream))
#4 C:\xampp\htdocs\www\PHP\NestiECommerce\vendor\twig\twig\src\Environment.php(348): Twig\Environment->compileSource(Object(Twig\Source))
#5 C:\xampp\htdocs\www\PHP\NestiECommerce\vendor\twig\twig\src\Environment.php(309): Twig\Environment->loadTemplate('__TwigTemplate_...', 'layout/partials...')
#6 C:\xampp\htdocs\www\PHP\NestiECommerce\vendor\twig\twig\src\Environment.php(433): Twig\Environment->load('layout/partials...')
#7 C:\xampp\htdocs\www\PHP\NestiECommerce\vendor\twig\twig\src\Extension\CoreExtension.php(1258): Twig\Environment->resolveTemplate('layout/partials...')
#8 C:\xampp\htdocs\www\PHP\NestiECommerce\writable\cache\twig\de\de1f96441334b04068d349f6b2db0a5fd65ab34ca18b03fd2eb031fb20bf2495.php(67): twig_include(Object(Twig\Environment), Array, 'layout/partials...')
#9 C:\xampp\htdocs\www\PHP\NestiECommerce\vendor\twig\twig\src\Template.php(394): __TwigTemplate_b4d35fabcb46cd59ae1a2e5d5f8051bcae24104f676327e01bf53e39fa4b904a->doDisplay(Array, Array)
#10 C:\xampp\htdocs\www\PHP\NestiECommerce\vendor\twig\twig\src\Template.php(367): Twig\Template->displayWithErrorHandling(Array, Array)
#11 C:\xampp\htdocs\www\PHP\NestiECommerce\writable\cache\twig\b4\b45906259912169fefdb7d9be6abaa18d034f4b708ccc5996c18c08c719a9734.php(43): Twig\Template->display(Array, Array)
#12 C:\xampp\htdocs\www\PHP\NestiECommerce\vendor\twig\twig\src\Template.php(394): __TwigTemplate_61bba0ee21597a6289deb7a9fd234b5c86079968df3aa7b182f43301f6bde0ac->doDisplay(Array, Array)
#13 C:\xampp\htdocs\www\PHP\NestiECommerce\vendor\twig\twig\src\Template.php(367): Twig\Template->displayWithErrorHandling(Array, Array)
#14 C:\xampp\htdocs\www\PHP\NestiECommerce\vendor\twig\twig\src\Template.php(379): Twig\Template->display(Array)
#15 C:\xampp\htdocs\www\PHP\NestiECommerce\vendor\twig\twig\src\TemplateWrapper.php(40): Twig\Template->render(Array, Array)
#16 C:\xampp\htdocs\www\PHP\NestiECommerce\vendor\twig\twig\src\Environment.php(277): Twig\TemplateWrapper->render(Array)
#17 C:\xampp\htdocs\www\PHP\NestiECommerce\vendor\kenjis\codeigniter-ss-twig\src\CI4Twig\Twig.php(177): Twig\Environment->render('users/login.twi...', Array)
#18 C:\xampp\htdocs\www\PHP\NestiECommerce\vendor\kenjis\codeigniter-ss-twig\src\CI4Twig\Twig.php(156): Kenjis\CI4Twig\Twig->render('users/login.twi...', Array)
#19 C:\xampp\htdocs\www\PHP\NestiECommerce\app\Controllers\UsersController.php(65): Kenjis\CI4Twig\Twig->display('users/login', Array)
#20 C:\xampp\htdocs\www\PHP\NestiECommerce\vendor\codeigniter4\framework\system\CodeIgniter.php(937): App\Controllers\UsersController->login()
#21 C:\xampp\htdocs\www\PHP\NestiECommerce\vendor\codeigniter4\framework\system\CodeIgniter.php(433): CodeIgniter\CodeIgniter->runController(Object(App\Controllers\UsersController))
#22 C:\xampp\htdocs\www\PHP\NestiECommerce\vendor\codeigniter4\framework\system\CodeIgniter.php(334): CodeIgniter\CodeIgniter->handleRequest(NULL, Object(Config\Cache), false)
#23 C:\xampp\htdocs\www\PHP\NestiECommerce\public\index.php(44): CodeIgniter\CodeIgniter->run()
#24 {main}
CRITICAL - 2021-05-03 12:45:48 --> Uncaught CodeIgniter\Exceptions\PageNotFoundException: Controller or its method is not found: \App\Controllers\Css::.css in C:\xampp\htdocs\www\PHP\NestiECommerce\vendor\codeigniter4\framework\system\CodeIgniter.php:896
Stack trace:
#0 C:\xampp\htdocs\www\PHP\NestiECommerce\vendor\codeigniter4\framework\system\CodeIgniter.php(896): CodeIgniter\Exceptions\PageNotFoundException::forControllerNotFound('\\App\\Controller...', '.css')
#1 C:\xampp\htdocs\www\PHP\NestiECommerce\vendor\codeigniter4\framework\system\CodeIgniter.php(418): CodeIgniter\CodeIgniter->startController()
#2 C:\xampp\htdocs\www\PHP\NestiECommerce\vendor\codeigniter4\framework\system\CodeIgniter.php(334): CodeIgniter\CodeIgniter->handleRequest(NULL, Object(Config\Cache), false)
#3 C:\xampp\htdocs\www\PHP\NestiECommerce\public\index.php(44): CodeIgniter\CodeIgniter->run()
#4 {main}
  thrown
#0 [internal function]: CodeIgniter\Debug\Exceptions->shutdownHandler()
#1 {main}
CRITICAL - 2021-05-03 12:45:48 --> Uncaught CodeIgniter\Exceptions\PageNotFoundException: Controller or its method is not found: \App\Controllers\Js::.js in C:\xampp\htdocs\www\PHP\NestiECommerce\vendor\codeigniter4\framework\system\CodeIgniter.php:896
Stack trace:
#0 C:\xampp\htdocs\www\PHP\NestiECommerce\vendor\codeigniter4\framework\system\CodeIgniter.php(896): CodeIgniter\Exceptions\PageNotFoundException::forControllerNotFound('\\App\\Controller...', '.js')
#1 C:\xampp\htdocs\www\PHP\NestiECommerce\vendor\codeigniter4\framework\system\CodeIgniter.php(418): CodeIgniter\CodeIgniter->startController()
#2 C:\xampp\htdocs\www\PHP\NestiECommerce\vendor\codeigniter4\framework\system\CodeIgniter.php(334): CodeIgniter\CodeIgniter->handleRequest(NULL, Object(Config\Cache), false)
#3 C:\xampp\htdocs\www\PHP\NestiECommerce\public\index.php(44): CodeIgniter\CodeIgniter->run()
#4 {main}
  thrown
#0 [internal function]: CodeIgniter\Debug\Exceptions->shutdownHandler()
#1 {main}
CRITICAL - 2021-05-03 12:47:04 --> Uncaught Error: Object of class App\Entities\Users could not be converted to string in C:\xampp\htdocs\www\PHP\NestiECommerce\writable\cache\twig\3f\3f74b686c8af50eb84ddd7e68672b57411bb4ba1a7c472e085a9ede86f29644a.php:103
Stack trace:
#0 C:\xampp\htdocs\www\PHP\NestiECommerce\vendor\twig\twig\src\Template.php(394): __TwigTemplate_0e2f403a962b6101abf7068d78ddd86d7d60d1ede10e45c298f777c96c03e071->doDisplay(Array, Array)
#1 C:\xampp\htdocs\www\PHP\NestiECommerce\vendor\twig\twig\src\Template.php(367): Twig\Template->displayWithErrorHandling(Array, Array)
#2 C:\xampp\htdocs\www\PHP\NestiECommerce\vendor\twig\twig\src\Template.php(379): Twig\Template->display(Array)
#3 C:\xampp\htdocs\www\PHP\NestiECommerce\vendor\twig\twig\src\TemplateWrapper.php(40): Twig\Template->render(Array, Array)
#4 C:\xampp\htdocs\www\PHP\NestiECommerce\vendor\twig\twig\src\Extension\CoreExtension.php(1265): Twig\TemplateWrapper->render(Array)
#5 C:\xampp\htdocs\www\PHP\NestiECommerce\writable\cache\twig\de\de1f96441334b04068d349f6b2db0a5fd65ab34ca18b03fd2eb031fb20bf2495.php(67): twig_include(Object(Twig\Environment), Array, 'layout/partials...')
#6 C:\xampp\htdocs\www\PHP\NestiECommerce\vendor\twig\twig\src\Template.php(394): __TwigTemplate_b4d35fabcb46cd59ae1a2e5d5f8051bcae24104f676327e01bf53e39fa4b904a->doDisplay(Array, Array)
#7 C:\xampp\htdocs\www\PHP\NestiECommerce\vendor\twig\twig\src\Template.php(367): Twig\Template->displayWithErrorHandling(Array, Array)
#8 C:\xampp\htdocs\www\PHP\NestiECommerce\writable\cache\twig\b4\b45906259912169fefdb7d9be6abaa18d034f4b708ccc5996c18c08c719a9734.php(43): Twig\Template->display(Array, Array)
#9 C:\xampp\htdocs\www\PHP\NestiECommerce\vendor\twig\twig\src\Template.php(394): __TwigTemplate_61bba0ee21597a6289deb7a9fd234b5c86079968df3aa7b182f43301f6bde0ac->doDisplay(Array, Array)
#10 C:\xampp\htdocs\www\PHP\NestiECommerce\vendor\twig\twig\src\Template.php(367): Twig\Template->displayWithErrorHandling(Array, Array)
#11 C:\xampp\htdocs\www\PHP\NestiECommerce\vendor\twig\twig\src\Template.php(379): Twig\Template->display(Array)
#12 C:\xampp\htdocs\www\PHP\NestiECommerce\vendor\twig\twig\src\TemplateWrapper.php(40): Twig\Template->render(Array, Array)
#13 C:\xampp\htdocs\www\PHP\NestiECommerce\vendor\twig\twig\src\Environment.php(277): Twig\TemplateWrapper->render(Array)
#14 C:\xampp\htdocs\www\PHP\NestiECommerce\vendor\kenjis\codeigniter-ss-twig\src\CI4Twig\Twig.php(177): Twig\Environment->render('users/login.twi...', Array)
#15 C:\xampp\htdocs\www\PHP\NestiECommerce\vendor\kenjis\codeigniter-ss-twig\src\CI4Twig\Twig.php(156): Kenjis\CI4Twig\Twig->render('users/login.twi...', Array)
#16 C:\xampp\htdocs\www\PHP\NestiECommerce\app\Controllers\UsersController.php(55): Kenjis\CI4Twig\Twig->display('users/login', Array)
#17 C:\xampp\htdocs\www\PHP\NestiECommerce\vendor\codeigniter4\framework\system\CodeIgniter.php(937): App\Controllers\UsersController->login()
#18 C:\xampp\htdocs\www\PHP\NestiECommerce\vendor\codeigniter4\framework\system\CodeIgniter.php(433): CodeIgniter\CodeIgniter->runController(Object(App\Controllers\UsersController))
#19 C:\xampp\htdocs\www\PHP\NestiECommerce\vendor\codeigniter4\framework\system\CodeIgniter.php(334): CodeIgniter\CodeIgniter->handleRequest(NULL, Object(Config\Cache), false)
#20 C:\xampp\htdocs\www\PHP\NestiECommerce\public\index.php(44): CodeIgniter\CodeIgniter->run()
#21 {main}
  thrown
#0 [internal function]: CodeIgniter\Debug\Exceptions->shutdownHandler()
#1 {main}
CRITICAL - 2021-05-03 14:28:13 --> Uncaught CodeIgniter\Exceptions\PageNotFoundException: Controller or its method is not found: \App\Controllers\Js::home.js in C:\xampp\htdocs\www\PHP\NestiECommerce\vendor\codeigniter4\framework\system\CodeIgniter.php:896
Stack trace:
#0 C:\xampp\htdocs\www\PHP\NestiECommerce\vendor\codeigniter4\framework\system\CodeIgniter.php(896): CodeIgniter\Exceptions\PageNotFoundException::forControllerNotFound('\\App\\Controller...', 'home.js')
#1 C:\xampp\htdocs\www\PHP\NestiECommerce\vendor\codeigniter4\framework\system\CodeIgniter.php(418): CodeIgniter\CodeIgniter->startController()
#2 C:\xampp\htdocs\www\PHP\NestiECommerce\vendor\codeigniter4\framework\system\CodeIgniter.php(334): CodeIgniter\CodeIgniter->handleRequest(NULL, Object(Config\Cache), false)
#3 C:\xampp\htdocs\www\PHP\NestiECommerce\public\index.php(44): CodeIgniter\CodeIgniter->run()
#4 {main}
  thrown
#0 [internal function]: CodeIgniter\Debug\Exceptions->shutdownHandler()
#1 {main}
CRITICAL - 2021-05-03 14:28:51 --> Arguments must be separated by a comma. Unexpected token "name" of value "loggedInUser" ("punctuation" expected with value ",").
#0 C:\xampp\htdocs\www\PHP\NestiECommerce\vendor\twig\twig\src\ExpressionParser.php(590): Twig\TokenStream->expect(9, ',', 'Arguments must ...')
#1 C:\xampp\htdocs\www\PHP\NestiECommerce\vendor\twig\twig\src\ExpressionParser.php(454): Twig\ExpressionParser->parseArguments(true)
#2 C:\xampp\htdocs\www\PHP\NestiECommerce\vendor\twig\twig\src\ExpressionParser.php(235): Twig\ExpressionParser->getFunctionNode('base_url', 30)
#3 C:\xampp\htdocs\www\PHP\NestiECommerce\vendor\twig\twig\src\ExpressionParser.php(175): Twig\ExpressionParser->parsePrimaryExpression()
#4 C:\xampp\htdocs\www\PHP\NestiECommerce\vendor\twig\twig\src\ExpressionParser.php(70): Twig\ExpressionParser->getPrimary()
#5 C:\xampp\htdocs\www\PHP\NestiECommerce\vendor\twig\twig\src\Parser.php(128): Twig\ExpressionParser->parseExpression()
#6 C:\xampp\htdocs\www\PHP\NestiECommerce\vendor\twig\twig\src\TokenParser\IfTokenParser.php(41): Twig\Parser->subparse(Array)
#7 C:\xampp\htdocs\www\PHP\NestiECommerce\vendor\twig\twig\src\Parser.php(171): Twig\TokenParser\IfTokenParser->parse(Object(Twig\Token))
#8 C:\xampp\htdocs\www\PHP\NestiECommerce\vendor\twig\twig\src\Parser.php(84): Twig\Parser->subparse(NULL, false)
#9 C:\xampp\htdocs\www\PHP\NestiECommerce\vendor\twig\twig\src\Environment.php(479): Twig\Parser->parse(Object(Twig\TokenStream))
#10 C:\xampp\htdocs\www\PHP\NestiECommerce\vendor\twig\twig\src\Environment.php(507): Twig\Environment->parse(Object(Twig\TokenStream))
#11 C:\xampp\htdocs\www\PHP\NestiECommerce\vendor\twig\twig\src\Environment.php(348): Twig\Environment->compileSource(Object(Twig\Source))
#12 C:\xampp\htdocs\www\PHP\NestiECommerce\vendor\twig\twig\src\Environment.php(309): Twig\Environment->loadTemplate('__TwigTemplate_...', 'layout/partials...')
#13 C:\xampp\htdocs\www\PHP\NestiECommerce\vendor\twig\twig\src\Environment.php(433): Twig\Environment->load('layout/partials...')
#14 C:\xampp\htdocs\www\PHP\NestiECommerce\vendor\twig\twig\src\Extension\CoreExtension.php(1258): Twig\Environment->resolveTemplate('layout/partials...')
#15 C:\xampp\htdocs\www\PHP\NestiECommerce\writable\cache\twig\de\de1f96441334b04068d349f6b2db0a5fd65ab34ca18b03fd2eb031fb20bf2495.php(67): twig_include(Object(Twig\Environment), Array, 'layout/partials...')
#16 C:\xampp\htdocs\www\PHP\NestiECommerce\vendor\twig\twig\src\Template.php(394): __TwigTemplate_b4d35fabcb46cd59ae1a2e5d5f8051bcae24104f676327e01bf53e39fa4b904a->doDisplay(Array, Array)
#17 C:\xampp\htdocs\www\PHP\NestiECommerce\vendor\twig\twig\src\Template.php(367): Twig\Template->displayWithErrorHandling(Array, Array)
#18 C:\xampp\htdocs\www\PHP\NestiECommerce\writable\cache\twig\a4\a4e51cd09e1e6ac589218704033a44e3c0cc452f7656717d01e1ea152f534bbe.php(43): Twig\Template->display(Array, Array)
#19 C:\xampp\htdocs\www\PHP\NestiECommerce\vendor\twig\twig\src\Template.php(394): __TwigTemplate_f78dbbab9e9383265411648ad432b878abf9d424631fbbda5cea21e7e1554ff7->doDisplay(Array, Array)
#20 C:\xampp\htdocs\www\PHP\NestiECommerce\vendor\twig\twig\src\Template.php(367): Twig\Template->displayWithErrorHandling(Array, Array)
#21 C:\xampp\htdocs\www\PHP\NestiECommerce\vendor\twig\twig\src\Template.php(379): Twig\Template->display(Array)
#22 C:\xampp\htdocs\www\PHP\NestiECommerce\vendor\twig\twig\src\TemplateWrapper.php(40): Twig\Template->render(Array, Array)
#23 C:\xampp\htdocs\www\PHP\NestiECommerce\vendor\twig\twig\src\Environment.php(277): Twig\TemplateWrapper->render(Array)
#24 C:\xampp\htdocs\www\PHP\NestiECommerce\vendor\kenjis\codeigniter-ss-twig\src\CI4Twig\Twig.php(177): Twig\Environment->render('home.twig', Array)
#25 C:\xampp\htdocs\www\PHP\NestiECommerce\vendor\kenjis\codeigniter-ss-twig\src\CI4Twig\Twig.php(156): Kenjis\CI4Twig\Twig->render('home.twig', Array)
#26 C:\xampp\htdocs\www\PHP\NestiECommerce\app\Controllers\Home.php(11): Kenjis\CI4Twig\Twig->display('home', Array)
#27 C:\xampp\htdocs\www\PHP\NestiECommerce\vendor\codeigniter4\framework\system\CodeIgniter.php(937): App\Controllers\Home->index()
#28 C:\xampp\htdocs\www\PHP\NestiECommerce\vendor\codeigniter4\framework\system\CodeIgniter.php(433): CodeIgniter\CodeIgniter->runController(Object(App\Controllers\Home))
#29 C:\xampp\htdocs\www\PHP\NestiECommerce\vendor\codeigniter4\framework\system\CodeIgniter.php(334): CodeIgniter\CodeIgniter->handleRequest(NULL, Object(Config\Cache), false)
#30 C:\xampp\htdocs\www\PHP\NestiECommerce\public\index.php(44): CodeIgniter\CodeIgniter->run()
#31 {main}
CRITICAL - 2021-05-03 14:29:09 --> Arguments must be separated by a comma. Unexpected token "name" of value "loggedInUser" ("punctuation" expected with value ",").
#0 C:\xampp\htdocs\www\PHP\NestiECommerce\vendor\twig\twig\src\ExpressionParser.php(590): Twig\TokenStream->expect(9, ',', 'Arguments must ...')
#1 C:\xampp\htdocs\www\PHP\NestiECommerce\vendor\twig\twig\src\ExpressionParser.php(454): Twig\ExpressionParser->parseArguments(true)
#2 C:\xampp\htdocs\www\PHP\NestiECommerce\vendor\twig\twig\src\ExpressionParser.php(235): Twig\ExpressionParser->getFunctionNode('base_url', 30)
#3 C:\xampp\htdocs\www\PHP\NestiECommerce\vendor\twig\twig\src\ExpressionParser.php(175): Twig\ExpressionParser->parsePrimaryExpression()
#4 C:\xampp\htdocs\www\PHP\NestiECommerce\vendor\twig\twig\src\ExpressionParser.php(70): Twig\ExpressionParser->getPrimary()
#5 C:\xampp\htdocs\www\PHP\NestiECommerce\vendor\twig\twig\src\Parser.php(128): Twig\ExpressionParser->parseExpression()
#6 C:\xampp\htdocs\www\PHP\NestiECommerce\vendor\twig\twig\src\TokenParser\IfTokenParser.php(41): Twig\Parser->subparse(Array)
#7 C:\xampp\htdocs\www\PHP\NestiECommerce\vendor\twig\twig\src\Parser.php(171): Twig\TokenParser\IfTokenParser->parse(Object(Twig\Token))
#8 C:\xampp\htdocs\www\PHP\NestiECommerce\vendor\twig\twig\src\Parser.php(84): Twig\Parser->subparse(NULL, false)
#9 C:\xampp\htdocs\www\PHP\NestiECommerce\vendor\twig\twig\src\Environment.php(479): Twig\Parser->parse(Object(Twig\TokenStream))
#10 C:\xampp\htdocs\www\PHP\NestiECommerce\vendor\twig\twig\src\Environment.php(507): Twig\Environment->parse(Object(Twig\TokenStream))
#11 C:\xampp\htdocs\www\PHP\NestiECommerce\vendor\twig\twig\src\Environment.php(348): Twig\Environment->compileSource(Object(Twig\Source))
#12 C:\xampp\htdocs\www\PHP\NestiECommerce\vendor\twig\twig\src\Environment.php(309): Twig\Environment->loadTemplate('__TwigTemplate_...', 'layout/partials...')
#13 C:\xampp\htdocs\www\PHP\NestiECommerce\vendor\twig\twig\src\Environment.php(433): Twig\Environment->load('layout/partials...')
#14 C:\xampp\htdocs\www\PHP\NestiECommerce\vendor\twig\twig\src\Extension\CoreExtension.php(1258): Twig\Environment->resolveTemplate('layout/partials...')
#15 C:\xampp\htdocs\www\PHP\NestiECommerce\writable\cache\twig\de\de1f96441334b04068d349f6b2db0a5fd65ab34ca18b03fd2eb031fb20bf2495.php(67): twig_include(Object(Twig\Environment), Array, 'layout/partials...')
#16 C:\xampp\htdocs\www\PHP\NestiECommerce\vendor\twig\twig\src\Template.php(394): __TwigTemplate_b4d35fabcb46cd59ae1a2e5d5f8051bcae24104f676327e01bf53e39fa4b904a->doDisplay(Array, Array)
#17 C:\xampp\htdocs\www\PHP\NestiECommerce\vendor\twig\twig\src\Template.php(367): Twig\Template->displayWithErrorHandling(Array, Array)
#18 C:\xampp\htdocs\www\PHP\NestiECommerce\writable\cache\twig\a4\a4e51cd09e1e6ac589218704033a44e3c0cc452f7656717d01e1ea152f534bbe.php(43): Twig\Template->display(Array, Array)
#19 C:\xampp\htdocs\www\PHP\NestiECommerce\vendor\twig\twig\src\Template.php(394): __TwigTemplate_f78dbbab9e9383265411648ad432b878abf9d424631fbbda5cea21e7e1554ff7->doDisplay(Array, Array)
#20 C:\xampp\htdocs\www\PHP\NestiECommerce\vendor\twig\twig\src\Template.php(367): Twig\Template->displayWithErrorHandling(Array, Array)
#21 C:\xampp\htdocs\www\PHP\NestiECommerce\vendor\twig\twig\src\Template.php(379): Twig\Template->display(Array)
#22 C:\xampp\htdocs\www\PHP\NestiECommerce\vendor\twig\twig\src\TemplateWrapper.php(40): Twig\Template->render(Array, Array)
#23 C:\xampp\htdocs\www\PHP\NestiECommerce\vendor\twig\twig\src\Environment.php(277): Twig\TemplateWrapper->render(Array)
#24 C:\xampp\htdocs\www\PHP\NestiECommerce\vendor\kenjis\codeigniter-ss-twig\src\CI4Twig\Twig.php(177): Twig\Environment->render('home.twig', Array)
#25 C:\xampp\htdocs\www\PHP\NestiECommerce\vendor\kenjis\codeigniter-ss-twig\src\CI4Twig\Twig.php(156): Kenjis\CI4Twig\Twig->render('home.twig', Array)
#26 C:\xampp\htdocs\www\PHP\NestiECommerce\app\Controllers\Home.php(11): Kenjis\CI4Twig\Twig->display('home', Array)
#27 C:\xampp\htdocs\www\PHP\NestiECommerce\vendor\codeigniter4\framework\system\CodeIgniter.php(937): App\Controllers\Home->index()
#28 C:\xampp\htdocs\www\PHP\NestiECommerce\vendor\codeigniter4\framework\system\CodeIgniter.php(433): CodeIgniter\CodeIgniter->runController(Object(App\Controllers\Home))
#29 C:\xampp\htdocs\www\PHP\NestiECommerce\vendor\codeigniter4\framework\system\CodeIgniter.php(334): CodeIgniter\CodeIgniter->handleRequest(NULL, Object(Config\Cache), false)
#30 C:\xampp\htdocs\www\PHP\NestiECommerce\public\index.php(44): CodeIgniter\CodeIgniter->run()
#31 {main}
CRITICAL - 2021-05-03 14:29:22 --> Arguments must be separated by a comma. Unexpected token "name" of value "loggedInUser" ("punctuation" expected with value ",").
#0 C:\xampp\htdocs\www\PHP\NestiECommerce\vendor\twig\twig\src\ExpressionParser.php(590): Twig\TokenStream->expect(9, ',', 'Arguments must ...')
#1 C:\xampp\htdocs\www\PHP\NestiECommerce\vendor\twig\twig\src\ExpressionParser.php(454): Twig\ExpressionParser->parseArguments(true)
#2 C:\xampp\htdocs\www\PHP\NestiECommerce\vendor\twig\twig\src\ExpressionParser.php(235): Twig\ExpressionParser->getFunctionNode('base_url', 30)
#3 C:\xampp\htdocs\www\PHP\NestiECommerce\vendor\twig\twig\src\ExpressionParser.php(175): Twig\ExpressionParser->parsePrimaryExpression()
#4 C:\xampp\htdocs\www\PHP\NestiECommerce\vendor\twig\twig\src\ExpressionParser.php(70): Twig\ExpressionParser->getPrimary()
#5 C:\xampp\htdocs\www\PHP\NestiECommerce\vendor\twig\twig\src\Parser.php(128): Twig\ExpressionParser->parseExpression()
#6 C:\xampp\htdocs\www\PHP\NestiECommerce\vendor\twig\twig\src\TokenParser\IfTokenParser.php(41): Twig\Parser->subparse(Array)
#7 C:\xampp\htdocs\www\PHP\NestiECommerce\vendor\twig\twig\src\Parser.php(171): Twig\TokenParser\IfTokenParser->parse(Object(Twig\Token))
#8 C:\xampp\htdocs\www\PHP\NestiECommerce\vendor\twig\twig\src\Parser.php(84): Twig\Parser->subparse(NULL, false)
#9 C:\xampp\htdocs\www\PHP\NestiECommerce\vendor\twig\twig\src\Environment.php(479): Twig\Parser->parse(Object(Twig\TokenStream))
#10 C:\xampp\htdocs\www\PHP\NestiECommerce\vendor\twig\twig\src\Environment.php(507): Twig\Environment->parse(Object(Twig\TokenStream))
#11 C:\xampp\htdocs\www\PHP\NestiECommerce\vendor\twig\twig\src\Environment.php(348): Twig\Environment->compileSource(Object(Twig\Source))
#12 C:\xampp\htdocs\www\PHP\NestiECommerce\vendor\twig\twig\src\Environment.php(309): Twig\Environment->loadTemplate('__TwigTemplate_...', 'layout/partials...')
#13 C:\xampp\htdocs\www\PHP\NestiECommerce\vendor\twig\twig\src\Environment.php(433): Twig\Environment->load('layout/partials...')
#14 C:\xampp\htdocs\www\PHP\NestiECommerce\vendor\twig\twig\src\Extension\CoreExtension.php(1258): Twig\Environment->resolveTemplate('layout/partials...')
#15 C:\xampp\htdocs\www\PHP\NestiECommerce\writable\cache\twig\de\de1f96441334b04068d349f6b2db0a5fd65ab34ca18b03fd2eb031fb20bf2495.php(67): twig_include(Object(Twig\Environment), Array, 'layout/partials...')
#16 C:\xampp\htdocs\www\PHP\NestiECommerce\vendor\twig\twig\src\Template.php(394): __TwigTemplate_b4d35fabcb46cd59ae1a2e5d5f8051bcae24104f676327e01bf53e39fa4b904a->doDisplay(Array, Array)
#17 C:\xampp\htdocs\www\PHP\NestiECommerce\vendor\twig\twig\src\Template.php(367): Twig\Template->displayWithErrorHandling(Array, Array)
#18 C:\xampp\htdocs\www\PHP\NestiECommerce\writable\cache\twig\a4\a4e51cd09e1e6ac589218704033a44e3c0cc452f7656717d01e1ea152f534bbe.php(43): Twig\Template->display(Array, Array)
#19 C:\xampp\htdocs\www\PHP\NestiECommerce\vendor\twig\twig\src\Template.php(394): __TwigTemplate_f78dbbab9e9383265411648ad432b878abf9d424631fbbda5cea21e7e1554ff7->doDisplay(Array, Array)
#20 C:\xampp\htdocs\www\PHP\NestiECommerce\vendor\twig\twig\src\Template.php(367): Twig\Template->displayWithErrorHandling(Array, Array)
#21 C:\xampp\htdocs\www\PHP\NestiECommerce\vendor\twig\twig\src\Template.php(379): Twig\Template->display(Array)
#22 C:\xampp\htdocs\www\PHP\NestiECommerce\vendor\twig\twig\src\TemplateWrapper.php(40): Twig\Template->render(Array, Array)
#23 C:\xampp\htdocs\www\PHP\NestiECommerce\vendor\twig\twig\src\Environment.php(277): Twig\TemplateWrapper->render(Array)
#24 C:\xampp\htdocs\www\PHP\NestiECommerce\vendor\kenjis\codeigniter-ss-twig\src\CI4Twig\Twig.php(177): Twig\Environment->render('home.twig', Array)
#25 C:\xampp\htdocs\www\PHP\NestiECommerce\vendor\kenjis\codeigniter-ss-twig\src\CI4Twig\Twig.php(156): Kenjis\CI4Twig\Twig->render('home.twig', Array)
#26 C:\xampp\htdocs\www\PHP\NestiECommerce\app\Controllers\Home.php(11): Kenjis\CI4Twig\Twig->display('home', Array)
#27 C:\xampp\htdocs\www\PHP\NestiECommerce\vendor\codeigniter4\framework\system\CodeIgniter.php(937): App\Controllers\Home->index()
#28 C:\xampp\htdocs\www\PHP\NestiECommerce\vendor\codeigniter4\framework\system\CodeIgniter.php(433): CodeIgniter\CodeIgniter->runController(Object(App\Controllers\Home))
#29 C:\xampp\htdocs\www\PHP\NestiECommerce\vendor\codeigniter4\framework\system\CodeIgniter.php(334): CodeIgniter\CodeIgniter->handleRequest(NULL, Object(Config\Cache), false)
#30 C:\xampp\htdocs\www\PHP\NestiECommerce\public\index.php(44): CodeIgniter\CodeIgniter->run()
#31 {main}
CRITICAL - 2021-05-03 14:34:32 --> Arguments must be separated by a comma. Unexpected token "name" of value "loggedInUser" ("punctuation" expected with value ",").
#0 C:\xampp\htdocs\www\PHP\NestiECommerce\vendor\twig\twig\src\ExpressionParser.php(590): Twig\TokenStream->expect(9, ',', 'Arguments must ...')
#1 C:\xampp\htdocs\www\PHP\NestiECommerce\vendor\twig\twig\src\ExpressionParser.php(454): Twig\ExpressionParser->parseArguments(true)
#2 C:\xampp\htdocs\www\PHP\NestiECommerce\vendor\twig\twig\src\ExpressionParser.php(235): Twig\ExpressionParser->getFunctionNode('base_url', 30)
#3 C:\xampp\htdocs\www\PHP\NestiECommerce\vendor\twig\twig\src\ExpressionParser.php(175): Twig\ExpressionParser->parsePrimaryExpression()
#4 C:\xampp\htdocs\www\PHP\NestiECommerce\vendor\twig\twig\src\ExpressionParser.php(70): Twig\ExpressionParser->getPrimary()
#5 C:\xampp\htdocs\www\PHP\NestiECommerce\vendor\twig\twig\src\Parser.php(128): Twig\ExpressionParser->parseExpression()
#6 C:\xampp\htdocs\www\PHP\NestiECommerce\vendor\twig\twig\src\TokenParser\IfTokenParser.php(41): Twig\Parser->subparse(Array)
#7 C:\xampp\htdocs\www\PHP\NestiECommerce\vendor\twig\twig\src\Parser.php(171): Twig\TokenParser\IfTokenParser->parse(Object(Twig\Token))
#8 C:\xampp\htdocs\www\PHP\NestiECommerce\vendor\twig\twig\src\Parser.php(84): Twig\Parser->subparse(NULL, false)
#9 C:\xampp\htdocs\www\PHP\NestiECommerce\vendor\twig\twig\src\Environment.php(479): Twig\Parser->parse(Object(Twig\TokenStream))
#10 C:\xampp\htdocs\www\PHP\NestiECommerce\vendor\twig\twig\src\Environment.php(507): Twig\Environment->parse(Object(Twig\TokenStream))
#11 C:\xampp\htdocs\www\PHP\NestiECommerce\vendor\twig\twig\src\Environment.php(348): Twig\Environment->compileSource(Object(Twig\Source))
#12 C:\xampp\htdocs\www\PHP\NestiECommerce\vendor\twig\twig\src\Environment.php(309): Twig\Environment->loadTemplate('__TwigTemplate_...', 'layout/partials...')
#13 C:\xampp\htdocs\www\PHP\NestiECommerce\vendor\twig\twig\src\Environment.php(433): Twig\Environment->load('layout/partials...')
#14 C:\xampp\htdocs\www\PHP\NestiECommerce\vendor\twig\twig\src\Extension\CoreExtension.php(1258): Twig\Environment->resolveTemplate('layout/partials...')
#15 C:\xampp\htdocs\www\PHP\NestiECommerce\writable\cache\twig\de\de1f96441334b04068d349f6b2db0a5fd65ab34ca18b03fd2eb031fb20bf2495.php(67): twig_include(Object(Twig\Environment), Array, 'layout/partials...')
#16 C:\xampp\htdocs\www\PHP\NestiECommerce\vendor\twig\twig\src\Template.php(394): __TwigTemplate_b4d35fabcb46cd59ae1a2e5d5f8051bcae24104f676327e01bf53e39fa4b904a->doDisplay(Array, Array)
#17 C:\xampp\htdocs\www\PHP\NestiECommerce\vendor\twig\twig\src\Template.php(367): Twig\Template->displayWithErrorHandling(Array, Array)
#18 C:\xampp\htdocs\www\PHP\NestiECommerce\writable\cache\twig\a4\a4e51cd09e1e6ac589218704033a44e3c0cc452f7656717d01e1ea152f534bbe.php(43): Twig\Template->display(Array, Array)
#19 C:\xampp\htdocs\www\PHP\NestiECommerce\vendor\twig\twig\src\Template.php(394): __TwigTemplate_f78dbbab9e9383265411648ad432b878abf9d424631fbbda5cea21e7e1554ff7->doDisplay(Array, Array)
#20 C:\xampp\htdocs\www\PHP\NestiECommerce\vendor\twig\twig\src\Template.php(367): Twig\Template->displayWithErrorHandling(Array, Array)
#21 C:\xampp\htdocs\www\PHP\NestiECommerce\vendor\twig\twig\src\Template.php(379): Twig\Template->display(Array)
#22 C:\xampp\htdocs\www\PHP\NestiECommerce\vendor\twig\twig\src\TemplateWrapper.php(40): Twig\Template->render(Array, Array)
#23 C:\xampp\htdocs\www\PHP\NestiECommerce\vendor\twig\twig\src\Environment.php(277): Twig\TemplateWrapper->render(Array)
#24 C:\xampp\htdocs\www\PHP\NestiECommerce\vendor\kenjis\codeigniter-ss-twig\src\CI4Twig\Twig.php(177): Twig\Environment->render('home.twig', Array)
#25 C:\xampp\htdocs\www\PHP\NestiECommerce\vendor\kenjis\codeigniter-ss-twig\src\CI4Twig\Twig.php(156): Kenjis\CI4Twig\Twig->render('home.twig', Array)
#26 C:\xampp\htdocs\www\PHP\NestiECommerce\app\Controllers\Home.php(11): Kenjis\CI4Twig\Twig->display('home', Array)
#27 C:\xampp\htdocs\www\PHP\NestiECommerce\vendor\codeigniter4\framework\system\CodeIgniter.php(937): App\Controllers\Home->index()
#28 C:\xampp\htdocs\www\PHP\NestiECommerce\vendor\codeigniter4\framework\system\CodeIgniter.php(433): CodeIgniter\CodeIgniter->runController(Object(App\Controllers\Home))
#29 C:\xampp\htdocs\www\PHP\NestiECommerce\vendor\codeigniter4\framework\system\CodeIgniter.php(334): CodeIgniter\CodeIgniter->handleRequest(NULL, Object(Config\Cache), false)
#30 C:\xampp\htdocs\www\PHP\NestiECommerce\public\index.php(44): CodeIgniter\CodeIgniter->run()
#31 {main}
CRITICAL - 2021-05-03 14:35:08 --> A hash key must be followed by a colon (:). Unexpected token "punctuation" of value "." ("punctuation" expected with value ":").
#0 C:\xampp\htdocs\www\PHP\NestiECommerce\vendor\twig\twig\src\ExpressionParser.php(383): Twig\TokenStream->expect(9, ':', 'A hash key must...')
#1 C:\xampp\htdocs\www\PHP\NestiECommerce\vendor\twig\twig\src\ExpressionParser.php(276): Twig\ExpressionParser->parseHashExpression()
#2 C:\xampp\htdocs\www\PHP\NestiECommerce\vendor\twig\twig\src\ExpressionParser.php(175): Twig\ExpressionParser->parsePrimaryExpression()
#3 C:\xampp\htdocs\www\PHP\NestiECommerce\vendor\twig\twig\src\ExpressionParser.php(70): Twig\ExpressionParser->getPrimary()
#4 C:\xampp\htdocs\www\PHP\NestiECommerce\vendor\twig\twig\src\ExpressionParser.php(602): Twig\ExpressionParser->parseExpression(0, false)
#5 C:\xampp\htdocs\www\PHP\NestiECommerce\vendor\twig\twig\src\ExpressionParser.php(454): Twig\ExpressionParser->parseArguments(true)
#6 C:\xampp\htdocs\www\PHP\NestiECommerce\vendor\twig\twig\src\ExpressionParser.php(235): Twig\ExpressionParser->getFunctionNode('base_url', 30)
#7 C:\xampp\htdocs\www\PHP\NestiECommerce\vendor\twig\twig\src\ExpressionParser.php(175): Twig\ExpressionParser->parsePrimaryExpression()
#8 C:\xampp\htdocs\www\PHP\NestiECommerce\vendor\twig\twig\src\ExpressionParser.php(70): Twig\ExpressionParser->getPrimary()
#9 C:\xampp\htdocs\www\PHP\NestiECommerce\vendor\twig\twig\src\Parser.php(128): Twig\ExpressionParser->parseExpression()
#10 C:\xampp\htdocs\www\PHP\NestiECommerce\vendor\twig\twig\src\TokenParser\IfTokenParser.php(41): Twig\Parser->subparse(Array)
#11 C:\xampp\htdocs\www\PHP\NestiECommerce\vendor\twig\twig\src\Parser.php(171): Twig\TokenParser\IfTokenParser->parse(Object(Twig\Token))
#12 C:\xampp\htdocs\www\PHP\NestiECommerce\vendor\twig\twig\src\Parser.php(84): Twig\Parser->subparse(NULL, false)
#13 C:\xampp\htdocs\www\PHP\NestiECommerce\vendor\twig\twig\src\Environment.php(479): Twig\Parser->parse(Object(Twig\TokenStream))
#14 C:\xampp\htdocs\www\PHP\NestiECommerce\vendor\twig\twig\src\Environment.php(507): Twig\Environment->parse(Object(Twig\TokenStream))
#15 C:\xampp\htdocs\www\PHP\NestiECommerce\vendor\twig\twig\src\Environment.php(348): Twig\Environment->compileSource(Object(Twig\Source))
#16 C:\xampp\htdocs\www\PHP\NestiECommerce\vendor\twig\twig\src\Environment.php(309): Twig\Environment->loadTemplate('__TwigTemplate_...', 'layout/partials...')
#17 C:\xampp\htdocs\www\PHP\NestiECommerce\vendor\twig\twig\src\Environment.php(433): Twig\Environment->load('layout/partials...')
#18 C:\xampp\htdocs\www\PHP\NestiECommerce\vendor\twig\twig\src\Extension\CoreExtension.php(1258): Twig\Environment->resolveTemplate('layout/partials...')
#19 C:\xampp\htdocs\www\PHP\NestiECommerce\writable\cache\twig\de\de1f96441334b04068d349f6b2db0a5fd65ab34ca18b03fd2eb031fb20bf2495.php(67): twig_include(Object(Twig\Environment), Array, 'layout/partials...')
#20 C:\xampp\htdocs\www\PHP\NestiECommerce\vendor\twig\twig\src\Template.php(394): __TwigTemplate_b4d35fabcb46cd59ae1a2e5d5f8051bcae24104f676327e01bf53e39fa4b904a->doDisplay(Array, Array)
#21 C:\xampp\htdocs\www\PHP\NestiECommerce\vendor\twig\twig\src\Template.php(367): Twig\Template->displayWithErrorHandling(Array, Array)
#22 C:\xampp\htdocs\www\PHP\NestiECommerce\writable\cache\twig\a4\a4e51cd09e1e6ac589218704033a44e3c0cc452f7656717d01e1ea152f534bbe.php(43): Twig\Template->display(Array, Array)
#23 C:\xampp\htdocs\www\PHP\NestiECommerce\vendor\twig\twig\src\Template.php(394): __TwigTemplate_f78dbbab9e9383265411648ad432b878abf9d424631fbbda5cea21e7e1554ff7->doDisplay(Array, Array)
#24 C:\xampp\htdocs\www\PHP\NestiECommerce\vendor\twig\twig\src\Template.php(367): Twig\Template->displayWithErrorHandling(Array, Array)
#25 C:\xampp\htdocs\www\PHP\NestiECommerce\vendor\twig\twig\src\Template.php(379): Twig\Template->display(Array)
#26 C:\xampp\htdocs\www\PHP\NestiECommerce\vendor\twig\twig\src\TemplateWrapper.php(40): Twig\Template->render(Array, Array)
#27 C:\xampp\htdocs\www\PHP\NestiECommerce\vendor\twig\twig\src\Environment.php(277): Twig\TemplateWrapper->render(Array)
#28 C:\xampp\htdocs\www\PHP\NestiECommerce\vendor\kenjis\codeigniter-ss-twig\src\CI4Twig\Twig.php(177): Twig\Environment->render('home.twig', Array)
#29 C:\xampp\htdocs\www\PHP\NestiECommerce\vendor\kenjis\codeigniter-ss-twig\src\CI4Twig\Twig.php(156): Kenjis\CI4Twig\Twig->render('home.twig', Array)
#30 C:\xampp\htdocs\www\PHP\NestiECommerce\app\Controllers\Home.php(11): Kenjis\CI4Twig\Twig->display('home', Array)
#31 C:\xampp\htdocs\www\PHP\NestiECommerce\vendor\codeigniter4\framework\system\CodeIgniter.php(937): App\Controllers\Home->index()
#32 C:\xampp\htdocs\www\PHP\NestiECommerce\vendor\codeigniter4\framework\system\CodeIgniter.php(433): CodeIgniter\CodeIgniter->runController(Object(App\Controllers\Home))
#33 C:\xampp\htdocs\www\PHP\NestiECommerce\vendor\codeigniter4\framework\system\CodeIgniter.php(334): CodeIgniter\CodeIgniter->handleRequest(NULL, Object(Config\Cache), false)
#34 C:\xampp\htdocs\www\PHP\NestiECommerce\public\index.php(44): CodeIgniter\CodeIgniter->run()
#35 {main}
CRITICAL - 2021-05-03 14:35:23 --> Arguments must be separated by a comma. Unexpected token "punctuation" of value ":" ("punctuation" expected with value ",").
#0 C:\xampp\htdocs\www\PHP\NestiECommerce\vendor\twig\twig\src\ExpressionParser.php(590): Twig\TokenStream->expect(9, ',', 'Arguments must ...')
#1 C:\xampp\htdocs\www\PHP\NestiECommerce\vendor\twig\twig\src\ExpressionParser.php(454): Twig\ExpressionParser->parseArguments(true)
#2 C:\xampp\htdocs\www\PHP\NestiECommerce\vendor\twig\twig\src\ExpressionParser.php(235): Twig\ExpressionParser->getFunctionNode('base_url', 30)
#3 C:\xampp\htdocs\www\PHP\NestiECommerce\vendor\twig\twig\src\ExpressionParser.php(175): Twig\ExpressionParser->parsePrimaryExpression()
#4 C:\xampp\htdocs\www\PHP\NestiECommerce\vendor\twig\twig\src\ExpressionParser.php(70): Twig\ExpressionParser->getPrimary()
#5 C:\xampp\htdocs\www\PHP\NestiECommerce\vendor\twig\twig\src\Parser.php(128): Twig\ExpressionParser->parseExpression()
#6 C:\xampp\htdocs\www\PHP\NestiECommerce\vendor\twig\twig\src\TokenParser\IfTokenParser.php(41): Twig\Parser->subparse(Array)
#7 C:\xampp\htdocs\www\PHP\NestiECommerce\vendor\twig\twig\src\Parser.php(171): Twig\TokenParser\IfTokenParser->parse(Object(Twig\Token))
#8 C:\xampp\htdocs\www\PHP\NestiECommerce\vendor\twig\twig\src\Parser.php(84): Twig\Parser->subparse(NULL, false)
#9 C:\xampp\htdocs\www\PHP\NestiECommerce\vendor\twig\twig\src\Environment.php(479): Twig\Parser->parse(Object(Twig\TokenStream))
#10 C:\xampp\htdocs\www\PHP\NestiECommerce\vendor\twig\twig\src\Environment.php(507): Twig\Environment->parse(Object(Twig\TokenStream))
#11 C:\xampp\htdocs\www\PHP\NestiECommerce\vendor\twig\twig\src\Environment.php(348): Twig\Environment->compileSource(Object(Twig\Source))
#12 C:\xampp\htdocs\www\PHP\NestiECommerce\vendor\twig\twig\src\Environment.php(309): Twig\Environment->loadTemplate('__TwigTemplate_...', 'layout/partials...')
#13 C:\xampp\htdocs\www\PHP\NestiECommerce\vendor\twig\twig\src\Environment.php(433): Twig\Environment->load('layout/partials...')
#14 C:\xampp\htdocs\www\PHP\NestiECommerce\vendor\twig\twig\src\Extension\CoreExtension.php(1258): Twig\Environment->resolveTemplate('layout/partials...')
#15 C:\xampp\htdocs\www\PHP\NestiECommerce\writable\cache\twig\de\de1f96441334b04068d349f6b2db0a5fd65ab34ca18b03fd2eb031fb20bf2495.php(67): twig_include(Object(Twig\Environment), Array, 'layout/partials...')
#16 C:\xampp\htdocs\www\PHP\NestiECommerce\vendor\twig\twig\src\Template.php(394): __TwigTemplate_b4d35fabcb46cd59ae1a2e5d5f8051bcae24104f676327e01bf53e39fa4b904a->doDisplay(Array, Array)
#17 C:\xampp\htdocs\www\PHP\NestiECommerce\vendor\twig\twig\src\Template.php(367): Twig\Template->displayWithErrorHandling(Array, Array)
#18 C:\xampp\htdocs\www\PHP\NestiECommerce\writable\cache\twig\a4\a4e51cd09e1e6ac589218704033a44e3c0cc452f7656717d01e1ea152f534bbe.php(43): Twig\Template->display(Array, Array)
#19 C:\xampp\htdocs\www\PHP\NestiECommerce\vendor\twig\twig\src\Template.php(394): __TwigTemplate_f78dbbab9e9383265411648ad432b878abf9d424631fbbda5cea21e7e1554ff7->doDisplay(Array, Array)
#20 C:\xampp\htdocs\www\PHP\NestiECommerce\vendor\twig\twig\src\Template.php(367): Twig\Template->displayWithErrorHandling(Array, Array)
#21 C:\xampp\htdocs\www\PHP\NestiECommerce\vendor\twig\twig\src\Template.php(379): Twig\Template->display(Array)
#22 C:\xampp\htdocs\www\PHP\NestiECommerce\vendor\twig\twig\src\TemplateWrapper.php(40): Twig\Template->render(Array, Array)
#23 C:\xampp\htdocs\www\PHP\NestiECommerce\vendor\twig\twig\src\Environment.php(277): Twig\TemplateWrapper->render(Array)
#24 C:\xampp\htdocs\www\PHP\NestiECommerce\vendor\kenjis\codeigniter-ss-twig\src\CI4Twig\Twig.php(177): Twig\Environment->render('home.twig', Array)
#25 C:\xampp\htdocs\www\PHP\NestiECommerce\vendor\kenjis\codeigniter-ss-twig\src\CI4Twig\Twig.php(156): Kenjis\CI4Twig\Twig->render('home.twig', Array)
#26 C:\xampp\htdocs\www\PHP\NestiECommerce\app\Controllers\Home.php(11): Kenjis\CI4Twig\Twig->display('home', Array)
#27 C:\xampp\htdocs\www\PHP\NestiECommerce\vendor\codeigniter4\framework\system\CodeIgniter.php(937): App\Controllers\Home->index()
#28 C:\xampp\htdocs\www\PHP\NestiECommerce\vendor\codeigniter4\framework\system\CodeIgniter.php(433): CodeIgniter\CodeIgniter->runController(Object(App\Controllers\Home))
#29 C:\xampp\htdocs\www\PHP\NestiECommerce\vendor\codeigniter4\framework\system\CodeIgniter.php(334): CodeIgniter\CodeIgniter->handleRequest(NULL, Object(Config\Cache), false)
#30 C:\xampp\htdocs\www\PHP\NestiECommerce\public\index.php(44): CodeIgniter\CodeIgniter->run()
#31 {main}
CRITICAL - 2021-05-03 14:35:32 --> Arguments must be separated by a comma. Unexpected token "punctuation" of value ":" ("punctuation" expected with value ",").
#0 C:\xampp\htdocs\www\PHP\NestiECommerce\vendor\twig\twig\src\ExpressionParser.php(590): Twig\TokenStream->expect(9, ',', 'Arguments must ...')
#1 C:\xampp\htdocs\www\PHP\NestiECommerce\vendor\twig\twig\src\ExpressionParser.php(454): Twig\ExpressionParser->parseArguments(true)
#2 C:\xampp\htdocs\www\PHP\NestiECommerce\vendor\twig\twig\src\ExpressionParser.php(235): Twig\ExpressionParser->getFunctionNode('base_url', 30)
#3 C:\xampp\htdocs\www\PHP\NestiECommerce\vendor\twig\twig\src\ExpressionParser.php(175): Twig\ExpressionParser->parsePrimaryExpression()
#4 C:\xampp\htdocs\www\PHP\NestiECommerce\vendor\twig\twig\src\ExpressionParser.php(70): Twig\ExpressionParser->getPrimary()
#5 C:\xampp\htdocs\www\PHP\NestiECommerce\vendor\twig\twig\src\Parser.php(128): Twig\ExpressionParser->parseExpression()
#6 C:\xampp\htdocs\www\PHP\NestiECommerce\vendor\twig\twig\src\TokenParser\IfTokenParser.php(41): Twig\Parser->subparse(Array)
#7 C:\xampp\htdocs\www\PHP\NestiECommerce\vendor\twig\twig\src\Parser.php(171): Twig\TokenParser\IfTokenParser->parse(Object(Twig\Token))
#8 C:\xampp\htdocs\www\PHP\NestiECommerce\vendor\twig\twig\src\Parser.php(84): Twig\Parser->subparse(NULL, false)
#9 C:\xampp\htdocs\www\PHP\NestiECommerce\vendor\twig\twig\src\Environment.php(479): Twig\Parser->parse(Object(Twig\TokenStream))
#10 C:\xampp\htdocs\www\PHP\NestiECommerce\vendor\twig\twig\src\Environment.php(507): Twig\Environment->parse(Object(Twig\TokenStream))
#11 C:\xampp\htdocs\www\PHP\NestiECommerce\vendor\twig\twig\src\Environment.php(348): Twig\Environment->compileSource(Object(Twig\Source))
#12 C:\xampp\htdocs\www\PHP\NestiECommerce\vendor\twig\twig\src\Environment.php(309): Twig\Environment->loadTemplate('__TwigTemplate_...', 'layout/partials...')
#13 C:\xampp\htdocs\www\PHP\NestiECommerce\vendor\twig\twig\src\Environment.php(433): Twig\Environment->load('layout/partials...')
#14 C:\xampp\htdocs\www\PHP\NestiECommerce\vendor\twig\twig\src\Extension\CoreExtension.php(1258): Twig\Environment->resolveTemplate('layout/partials...')
#15 C:\xampp\htdocs\www\PHP\NestiECommerce\writable\cache\twig\de\de1f96441334b04068d349f6b2db0a5fd65ab34ca18b03fd2eb031fb20bf2495.php(67): twig_include(Object(Twig\Environment), Array, 'layout/partials...')
#16 C:\xampp\htdocs\www\PHP\NestiECommerce\vendor\twig\twig\src\Template.php(394): __TwigTemplate_b4d35fabcb46cd59ae1a2e5d5f8051bcae24104f676327e01bf53e39fa4b904a->doDisplay(Array, Array)
#17 C:\xampp\htdocs\www\PHP\NestiECommerce\vendor\twig\twig\src\Template.php(367): Twig\Template->displayWithErrorHandling(Array, Array)
#18 C:\xampp\htdocs\www\PHP\NestiECommerce\writable\cache\twig\a4\a4e51cd09e1e6ac589218704033a44e3c0cc452f7656717d01e1ea152f534bbe.php(43): Twig\Template->display(Array, Array)
#19 C:\xampp\htdocs\www\PHP\NestiECommerce\vendor\twig\twig\src\Template.php(394): __TwigTemplate_f78dbbab9e9383265411648ad432b878abf9d424631fbbda5cea21e7e1554ff7->doDisplay(Array, Array)
#20 C:\xampp\htdocs\www\PHP\NestiECommerce\vendor\twig\twig\src\Template.php(367): Twig\Template->displayWithErrorHandling(Array, Array)
#21 C:\xampp\htdocs\www\PHP\NestiECommerce\vendor\twig\twig\src\Template.php(379): Twig\Template->display(Array)
#22 C:\xampp\htdocs\www\PHP\NestiECommerce\vendor\twig\twig\src\TemplateWrapper.php(40): Twig\Template->render(Array, Array)
#23 C:\xampp\htdocs\www\PHP\NestiECommerce\vendor\twig\twig\src\Environment.php(277): Twig\TemplateWrapper->render(Array)
#24 C:\xampp\htdocs\www\PHP\NestiECommerce\vendor\kenjis\codeigniter-ss-twig\src\CI4Twig\Twig.php(177): Twig\Environment->render('home.twig', Array)
#25 C:\xampp\htdocs\www\PHP\NestiECommerce\vendor\kenjis\codeigniter-ss-twig\src\CI4Twig\Twig.php(156): Kenjis\CI4Twig\Twig->render('home.twig', Array)
#26 C:\xampp\htdocs\www\PHP\NestiECommerce\app\Controllers\Home.php(11): Kenjis\CI4Twig\Twig->display('home', Array)
#27 C:\xampp\htdocs\www\PHP\NestiECommerce\vendor\codeigniter4\framework\system\CodeIgniter.php(937): App\Controllers\Home->index()
#28 C:\xampp\htdocs\www\PHP\NestiECommerce\vendor\codeigniter4\framework\system\CodeIgniter.php(433): CodeIgniter\CodeIgniter->runController(Object(App\Controllers\Home))
#29 C:\xampp\htdocs\www\PHP\NestiECommerce\vendor\codeigniter4\framework\system\CodeIgniter.php(334): CodeIgniter\CodeIgniter->handleRequest(NULL, Object(Config\Cache), false)
#30 C:\xampp\htdocs\www\PHP\NestiECommerce\public\index.php(44): CodeIgniter\CodeIgniter->run()
#31 {main}
CRITICAL - 2021-05-03 14:37:16 --> Unexpected character "'".
#0 C:\xampp\htdocs\www\PHP\NestiECommerce\vendor\twig\twig\src\Lexer.php(290): Twig\Lexer->lexExpression()
#1 C:\xampp\htdocs\www\PHP\NestiECommerce\vendor\twig\twig\src\Lexer.php(184): Twig\Lexer->lexVar()
#2 C:\xampp\htdocs\www\PHP\NestiECommerce\vendor\twig\twig\src\Environment.php(460): Twig\Lexer->tokenize(Object(Twig\Source))
#3 C:\xampp\htdocs\www\PHP\NestiECommerce\vendor\twig\twig\src\Environment.php(507): Twig\Environment->tokenize(Object(Twig\Source))
#4 C:\xampp\htdocs\www\PHP\NestiECommerce\vendor\twig\twig\src\Environment.php(348): Twig\Environment->compileSource(Object(Twig\Source))
#5 C:\xampp\htdocs\www\PHP\NestiECommerce\vendor\twig\twig\src\Environment.php(309): Twig\Environment->loadTemplate('__TwigTemplate_...', 'layout/partials...')
#6 C:\xampp\htdocs\www\PHP\NestiECommerce\vendor\twig\twig\src\Environment.php(433): Twig\Environment->load('layout/partials...')
#7 C:\xampp\htdocs\www\PHP\NestiECommerce\vendor\twig\twig\src\Extension\CoreExtension.php(1258): Twig\Environment->resolveTemplate('layout/partials...')
#8 C:\xampp\htdocs\www\PHP\NestiECommerce\writable\cache\twig\de\de1f96441334b04068d349f6b2db0a5fd65ab34ca18b03fd2eb031fb20bf2495.php(67): twig_include(Object(Twig\Environment), Array, 'layout/partials...')
#9 C:\xampp\htdocs\www\PHP\NestiECommerce\vendor\twig\twig\src\Template.php(394): __TwigTemplate_b4d35fabcb46cd59ae1a2e5d5f8051bcae24104f676327e01bf53e39fa4b904a->doDisplay(Array, Array)
#10 C:\xampp\htdocs\www\PHP\NestiECommerce\vendor\twig\twig\src\Template.php(367): Twig\Template->displayWithErrorHandling(Array, Array)
#11 C:\xampp\htdocs\www\PHP\NestiECommerce\writable\cache\twig\a4\a4e51cd09e1e6ac589218704033a44e3c0cc452f7656717d01e1ea152f534bbe.php(43): Twig\Template->display(Array, Array)
#12 C:\xampp\htdocs\www\PHP\NestiECommerce\vendor\twig\twig\src\Template.php(394): __TwigTemplate_f78dbbab9e9383265411648ad432b878abf9d424631fbbda5cea21e7e1554ff7->doDisplay(Array, Array)
#13 C:\xampp\htdocs\www\PHP\NestiECommerce\vendor\twig\twig\src\Template.php(367): Twig\Template->displayWithErrorHandling(Array, Array)
#14 C:\xampp\htdocs\www\PHP\NestiECommerce\vendor\twig\twig\src\Template.php(379): Twig\Template->display(Array)
#15 C:\xampp\htdocs\www\PHP\NestiECommerce\vendor\twig\twig\src\TemplateWrapper.php(40): Twig\Template->render(Array, Array)
#16 C:\xampp\htdocs\www\PHP\NestiECommerce\vendor\twig\twig\src\Environment.php(277): Twig\TemplateWrapper->render(Array)
#17 C:\xampp\htdocs\www\PHP\NestiECommerce\vendor\kenjis\codeigniter-ss-twig\src\CI4Twig\Twig.php(177): Twig\Environment->render('home.twig', Array)
#18 C:\xampp\htdocs\www\PHP\NestiECommerce\vendor\kenjis\codeigniter-ss-twig\src\CI4Twig\Twig.php(156): Kenjis\CI4Twig\Twig->render('home.twig', Array)
#19 C:\xampp\htdocs\www\PHP\NestiECommerce\app\Controllers\Home.php(11): Kenjis\CI4Twig\Twig->display('home', Array)
#20 C:\xampp\htdocs\www\PHP\NestiECommerce\vendor\codeigniter4\framework\system\CodeIgniter.php(937): App\Controllers\Home->index()
#21 C:\xampp\htdocs\www\PHP\NestiECommerce\vendor\codeigniter4\framework\system\CodeIgniter.php(433): CodeIgniter\CodeIgniter->runController(Object(App\Controllers\Home))
#22 C:\xampp\htdocs\www\PHP\NestiECommerce\vendor\codeigniter4\framework\system\CodeIgniter.php(334): CodeIgniter\CodeIgniter->handleRequest(NULL, Object(Config\Cache), false)
#23 C:\xampp\htdocs\www\PHP\NestiECommerce\public\index.php(44): CodeIgniter\CodeIgniter->run()
#24 {main}
CRITICAL - 2021-05-03 14:38:48 --> A hash key must be followed by a colon (:). Unexpected token "punctuation" of value "." ("punctuation" expected with value ":").
#0 C:\xampp\htdocs\www\PHP\NestiECommerce\vendor\twig\twig\src\ExpressionParser.php(383): Twig\TokenStream->expect(9, ':', 'A hash key must...')
#1 C:\xampp\htdocs\www\PHP\NestiECommerce\vendor\twig\twig\src\ExpressionParser.php(276): Twig\ExpressionParser->parseHashExpression()
#2 C:\xampp\htdocs\www\PHP\NestiECommerce\vendor\twig\twig\src\ExpressionParser.php(175): Twig\ExpressionParser->parsePrimaryExpression()
#3 C:\xampp\htdocs\www\PHP\NestiECommerce\vendor\twig\twig\src\ExpressionParser.php(70): Twig\ExpressionParser->getPrimary()
#4 C:\xampp\htdocs\www\PHP\NestiECommerce\vendor\twig\twig\src\ExpressionParser.php(602): Twig\ExpressionParser->parseExpression(0, false)
#5 C:\xampp\htdocs\www\PHP\NestiECommerce\vendor\twig\twig\src\ExpressionParser.php(454): Twig\ExpressionParser->parseArguments(true)
#6 C:\xampp\htdocs\www\PHP\NestiECommerce\vendor\twig\twig\src\ExpressionParser.php(235): Twig\ExpressionParser->getFunctionNode('base_url', 30)
#7 C:\xampp\htdocs\www\PHP\NestiECommerce\vendor\twig\twig\src\ExpressionParser.php(175): Twig\ExpressionParser->parsePrimaryExpression()
#8 C:\xampp\htdocs\www\PHP\NestiECommerce\vendor\twig\twig\src\ExpressionParser.php(70): Twig\ExpressionParser->getPrimary()
#9 C:\xampp\htdocs\www\PHP\NestiECommerce\vendor\twig\twig\src\Parser.php(128): Twig\ExpressionParser->parseExpression()
#10 C:\xampp\htdocs\www\PHP\NestiECommerce\vendor\twig\twig\src\TokenParser\IfTokenParser.php(41): Twig\Parser->subparse(Array)
#11 C:\xampp\htdocs\www\PHP\NestiECommerce\vendor\twig\twig\src\Parser.php(171): Twig\TokenParser\IfTokenParser->parse(Object(Twig\Token))
#12 C:\xampp\htdocs\www\PHP\NestiECommerce\vendor\twig\twig\src\Parser.php(84): Twig\Parser->subparse(NULL, false)
#13 C:\xampp\htdocs\www\PHP\NestiECommerce\vendor\twig\twig\src\Environment.php(479): Twig\Parser->parse(Object(Twig\TokenStream))
#14 C:\xampp\htdocs\www\PHP\NestiECommerce\vendor\twig\twig\src\Environment.php(507): Twig\Environment->parse(Object(Twig\TokenStream))
#15 C:\xampp\htdocs\www\PHP\NestiECommerce\vendor\twig\twig\src\Environment.php(348): Twig\Environment->compileSource(Object(Twig\Source))
#16 C:\xampp\htdocs\www\PHP\NestiECommerce\vendor\twig\twig\src\Environment.php(309): Twig\Environment->loadTemplate('__TwigTemplate_...', 'layout/partials...')
#17 C:\xampp\htdocs\www\PHP\NestiECommerce\vendor\twig\twig\src\Environment.php(433): Twig\Environment->load('layout/partials...')
#18 C:\xampp\htdocs\www\PHP\NestiECommerce\vendor\twig\twig\src\Extension\CoreExtension.php(1258): Twig\Environment->resolveTemplate('layout/partials...')
#19 C:\xampp\htdocs\www\PHP\NestiECommerce\writable\cache\twig\de\de1f96441334b04068d349f6b2db0a5fd65ab34ca18b03fd2eb031fb20bf2495.php(67): twig_include(Object(Twig\Environment), Array, 'layout/partials...')
#20 C:\xampp\htdocs\www\PHP\NestiECommerce\vendor\twig\twig\src\Template.php(394): __TwigTemplate_b4d35fabcb46cd59ae1a2e5d5f8051bcae24104f676327e01bf53e39fa4b904a->doDisplay(Array, Array)
#21 C:\xampp\htdocs\www\PHP\NestiECommerce\vendor\twig\twig\src\Template.php(367): Twig\Template->displayWithErrorHandling(Array, Array)
#22 C:\xampp\htdocs\www\PHP\NestiECommerce\writable\cache\twig\a4\a4e51cd09e1e6ac589218704033a44e3c0cc452f7656717d01e1ea152f534bbe.php(43): Twig\Template->display(Array, Array)
#23 C:\xampp\htdocs\www\PHP\NestiECommerce\vendor\twig\twig\src\Template.php(394): __TwigTemplate_f78dbbab9e9383265411648ad432b878abf9d424631fbbda5cea21e7e1554ff7->doDisplay(Array, Array)
#24 C:\xampp\htdocs\www\PHP\NestiECommerce\vendor\twig\twig\src\Template.php(367): Twig\Template->displayWithErrorHandling(Array, Array)
#25 C:\xampp\htdocs\www\PHP\NestiECommerce\vendor\twig\twig\src\Template.php(379): Twig\Template->display(Array)
#26 C:\xampp\htdocs\www\PHP\NestiECommerce\vendor\twig\twig\src\TemplateWrapper.php(40): Twig\Template->render(Array, Array)
#27 C:\xampp\htdocs\www\PHP\NestiECommerce\vendor\twig\twig\src\Environment.php(277): Twig\TemplateWrapper->render(Array)
#28 C:\xampp\htdocs\www\PHP\NestiECommerce\vendor\kenjis\codeigniter-ss-twig\src\CI4Twig\Twig.php(177): Twig\Environment->render('home.twig', Array)
#29 C:\xampp\htdocs\www\PHP\NestiECommerce\vendor\kenjis\codeigniter-ss-twig\src\CI4Twig\Twig.php(156): Kenjis\CI4Twig\Twig->render('home.twig', Array)
#30 C:\xampp\htdocs\www\PHP\NestiECommerce\app\Controllers\Home.php(11): Kenjis\CI4Twig\Twig->display('home', Array)
#31 C:\xampp\htdocs\www\PHP\NestiECommerce\vendor\codeigniter4\framework\system\CodeIgniter.php(937): App\Controllers\Home->index()
#32 C:\xampp\htdocs\www\PHP\NestiECommerce\vendor\codeigniter4\framework\system\CodeIgniter.php(433): CodeIgniter\CodeIgniter->runController(Object(App\Controllers\Home))
#33 C:\xampp\htdocs\www\PHP\NestiECommerce\vendor\codeigniter4\framework\system\CodeIgniter.php(334): CodeIgniter\CodeIgniter->handleRequest(NULL, Object(Config\Cache), false)
#34 C:\xampp\htdocs\www\PHP\NestiECommerce\public\index.php(44): CodeIgniter\CodeIgniter->run()
#35 {main}
CRITICAL - 2021-05-03 14:39:15 --> base_url(): Argument #2 ($protocol) must be of type ?string, array given, called in C:\xampp\htdocs\www\PHP\NestiECommerce\writable\cache\twig\3f\3f74b686c8af50eb84ddd7e68672b57411bb4ba1a7c472e085a9ede86f29644a.php on line 95
#0 C:\xampp\htdocs\www\PHP\NestiECommerce\writable\cache\twig\3f\3f74b686c8af50eb84ddd7e68672b57411bb4ba1a7c472e085a9ede86f29644a.php(95): base_url('compte/', Array)
#1 C:\xampp\htdocs\www\PHP\NestiECommerce\vendor\twig\twig\src\Template.php(394): __TwigTemplate_0e2f403a962b6101abf7068d78ddd86d7d60d1ede10e45c298f777c96c03e071->doDisplay(Array, Array)
#2 C:\xampp\htdocs\www\PHP\NestiECommerce\vendor\twig\twig\src\Template.php(367): Twig\Template->displayWithErrorHandling(Array, Array)
#3 C:\xampp\htdocs\www\PHP\NestiECommerce\vendor\twig\twig\src\Template.php(379): Twig\Template->display(Array)
#4 C:\xampp\htdocs\www\PHP\NestiECommerce\vendor\twig\twig\src\TemplateWrapper.php(40): Twig\Template->render(Array, Array)
#5 C:\xampp\htdocs\www\PHP\NestiECommerce\vendor\twig\twig\src\Extension\CoreExtension.php(1265): Twig\TemplateWrapper->render(Array)
#6 C:\xampp\htdocs\www\PHP\NestiECommerce\writable\cache\twig\de\de1f96441334b04068d349f6b2db0a5fd65ab34ca18b03fd2eb031fb20bf2495.php(67): twig_include(Object(Twig\Environment), Array, 'layout/partials...')
#7 C:\xampp\htdocs\www\PHP\NestiECommerce\vendor\twig\twig\src\Template.php(394): __TwigTemplate_b4d35fabcb46cd59ae1a2e5d5f8051bcae24104f676327e01bf53e39fa4b904a->doDisplay(Array, Array)
#8 C:\xampp\htdocs\www\PHP\NestiECommerce\vendor\twig\twig\src\Template.php(367): Twig\Template->displayWithErrorHandling(Array, Array)
#9 C:\xampp\htdocs\www\PHP\NestiECommerce\writable\cache\twig\a4\a4e51cd09e1e6ac589218704033a44e3c0cc452f7656717d01e1ea152f534bbe.php(43): Twig\Template->display(Array, Array)
#10 C:\xampp\htdocs\www\PHP\NestiECommerce\vendor\twig\twig\src\Template.php(394): __TwigTemplate_f78dbbab9e9383265411648ad432b878abf9d424631fbbda5cea21e7e1554ff7->doDisplay(Array, Array)
#11 C:\xampp\htdocs\www\PHP\NestiECommerce\vendor\twig\twig\src\Template.php(367): Twig\Template->displayWithErrorHandling(Array, Array)
#12 C:\xampp\htdocs\www\PHP\NestiECommerce\vendor\twig\twig\src\Template.php(379): Twig\Template->display(Array)
#13 C:\xampp\htdocs\www\PHP\NestiECommerce\vendor\twig\twig\src\TemplateWrapper.php(40): Twig\Template->render(Array, Array)
#14 C:\xampp\htdocs\www\PHP\NestiECommerce\vendor\twig\twig\src\Environment.php(277): Twig\TemplateWrapper->render(Array)
#15 C:\xampp\htdocs\www\PHP\NestiECommerce\vendor\kenjis\codeigniter-ss-twig\src\CI4Twig\Twig.php(177): Twig\Environment->render('home.twig', Array)
#16 C:\xampp\htdocs\www\PHP\NestiECommerce\vendor\kenjis\codeigniter-ss-twig\src\CI4Twig\Twig.php(156): Kenjis\CI4Twig\Twig->render('home.twig', Array)
#17 C:\xampp\htdocs\www\PHP\NestiECommerce\app\Controllers\Home.php(11): Kenjis\CI4Twig\Twig->display('home', Array)
#18 C:\xampp\htdocs\www\PHP\NestiECommerce\vendor\codeigniter4\framework\system\CodeIgniter.php(937): App\Controllers\Home->index()
#19 C:\xampp\htdocs\www\PHP\NestiECommerce\vendor\codeigniter4\framework\system\CodeIgniter.php(433): CodeIgniter\CodeIgniter->runController(Object(App\Controllers\Home))
#20 C:\xampp\htdocs\www\PHP\NestiECommerce\vendor\codeigniter4\framework\system\CodeIgniter.php(334): CodeIgniter\CodeIgniter->handleRequest(NULL, Object(Config\Cache), false)
#21 C:\xampp\htdocs\www\PHP\NestiECommerce\public\index.php(44): CodeIgniter\CodeIgniter->run()
#22 {main}
CRITICAL - 2021-05-03 14:42:53 --> Uncaught TypeError: base_url(): Argument #2 ($protocol) must be of type ?string, array given, called in C:\xampp\htdocs\www\PHP\NestiECommerce\writable\cache\twig\3f\3f74b686c8af50eb84ddd7e68672b57411bb4ba1a7c472e085a9ede86f29644a.php on line 95 and defined in C:\xampp\htdocs\www\PHP\NestiECommerce\vendor\codeigniter4\framework\system\Helpers\url_helper.php:78
Stack trace:
#0 C:\xampp\htdocs\www\PHP\NestiECommerce\writable\cache\twig\3f\3f74b686c8af50eb84ddd7e68672b57411bb4ba1a7c472e085a9ede86f29644a.php(95): base_url('compte/', Array)
#1 C:\xampp\htdocs\www\PHP\NestiECommerce\vendor\twig\twig\src\Template.php(394): __TwigTemplate_0e2f403a962b6101abf7068d78ddd86d7d60d1ede10e45c298f777c96c03e071->doDisplay(Array, Array)
#2 C:\xampp\htdocs\www\PHP\NestiECommerce\vendor\twig\twig\src\Template.php(367): Twig\Template->displayWithErrorHandling(Array, Array)
#3 C:\xampp\htdocs\www\PHP\NestiECommerce\vendor\twig\twig\src\Template.php(379): Twig\Template->display(Array)
#4 C:\xampp\htdocs\www\PHP\NestiECommerce\vendor\twig\twig\src\TemplateWrapper.php(40): Twig\Template->render(Array, Array)
#5 C:\xampp\htdocs\www\PHP\NestiECommerce\vendor\twig\twig\src\Extension\CoreExtension.php(1265): Twig\TemplateWrapper->render(Array)
#6 C:\xampp\htdocs\www\PHP\NestiECommerce\writable\cache\twig\de\de1f96441334b04068d349f6b2db0a5fd65ab34ca18b03fd2eb031fb20bf2495.php(67): twig_include(Object(Twig\Environment), Array, 'layout/partials...')
#7 C:\xampp\htdocs\www\PHP\NestiECommerce\vendor\twig\twig\src\Template.php(394): __TwigTemplate_b4d35fabcb46cd59ae1a2e5d5f8051bcae24104f676327e01bf53e39fa4b904a->doDisplay(Array, Array)
#8 C:\xampp\htdocs\www\PHP\NestiECommerce\vendor\twig\twig\src\Template.php(367): Twig\Template->displayWithErrorHandling(Array, Array)
#9 C:\xampp\htdocs\www\PHP\NestiECommerce\writable\cache\twig\a4\a4e51cd09e1e6ac589218704033a44e3c0cc452f7656717d01e1ea152f534bbe.php(43): Twig\Template->display(Array, Array)
#10 C:\xampp\htdocs\www\PHP\NestiECommerce\vendor\twig\twig\src\Template.php(394): __TwigTemplate_f78dbbab9e9383265411648ad432b878abf9d424631fbbda5cea21e7e1554ff7->doDisplay(Array, Array)
#11 C:\xampp\htdocs\www\PHP\NestiECommerce\vendor\twig\twig\src\Template.php(367): Twig\Template->displayWithErrorHandling(Array, Array)
#12 C:\xampp\htdocs\www\PHP\NestiECommerce\vendor\twig\twig\src\Template.php(379): Twig\Template->display(Array)
#13 C:\xampp\htdocs\www\PHP\NestiECommerce\vendor\twig\twig\src\TemplateWrapper.php(40): Twig\Template->render(Array, Array)
#14 C:\xampp\htdocs\www\PHP\NestiECommerce\vendor\twig\twig\src\Environment.php(277): Twig\TemplateWrapper->render(Array)
#15 C:\xampp\htdocs\www\PHP\NestiECommerce\vendor\kenjis\codeigniter-ss-twig\src\CI4Twig\Twig.php(177): Twig\Environment->render('home.twig', Array)
#16 C:\xampp\htdocs\www\PHP\NestiECommerce\vendor\kenjis\codeigniter-ss-twig\src\CI4Twig\Twig.php(156): Kenjis\CI4Twig\Twig->render('home.twig', Array)
#17 C:\xampp\htdocs\www\PHP\NestiECommerce\app\Controllers\Home.php(11): Kenjis\CI4Twig\Twig->display('home', Array)
#18 C:\xampp\htdocs\www\PHP\NestiECommerce\vendor\codeigniter4\framework\system\CodeIgniter.php(937): App\Controllers\Home->index()
#19 C:\xampp\htdocs\www\PHP\NestiECommerce\vendor\codeigniter4\framework\system\CodeIgniter.php(433): CodeIgniter\CodeIgniter->runController(Object(App\Controllers\Home))
#20 C:\xampp\htdocs\www\PHP\NestiECommerce\vendor\codeigniter4\framework\system\CodeIgniter.php(334): CodeIgniter\CodeIgniter->handleRequest(NULL, Object(Config\Cache), false)
#21 C:\xampp\htdocs\www\PHP\NestiECommerce\public\index.php(44): CodeIgniter\CodeIgniter->run()
#22 {main}
  thrown
#0 [internal function]: CodeIgniter\Debug\Exceptions->shutdownHandler()
#1 {main}
CRITICAL - 2021-05-03 14:42:57 --> Unexpected token "punctuation" of value ":" ("end of print statement" expected).
#0 C:\xampp\htdocs\www\PHP\NestiECommerce\vendor\twig\twig\src\Parser.php(129): Twig\TokenStream->expect(4)
#1 C:\xampp\htdocs\www\PHP\NestiECommerce\vendor\twig\twig\src\TokenParser\IfTokenParser.php(41): Twig\Parser->subparse(Array)
#2 C:\xampp\htdocs\www\PHP\NestiECommerce\vendor\twig\twig\src\Parser.php(171): Twig\TokenParser\IfTokenParser->parse(Object(Twig\Token))
#3 C:\xampp\htdocs\www\PHP\NestiECommerce\vendor\twig\twig\src\Parser.php(84): Twig\Parser->subparse(NULL, false)
#4 C:\xampp\htdocs\www\PHP\NestiECommerce\vendor\twig\twig\src\Environment.php(479): Twig\Parser->parse(Object(Twig\TokenStream))
#5 C:\xampp\htdocs\www\PHP\NestiECommerce\vendor\twig\twig\src\Environment.php(507): Twig\Environment->parse(Object(Twig\TokenStream))
#6 C:\xampp\htdocs\www\PHP\NestiECommerce\vendor\twig\twig\src\Environment.php(348): Twig\Environment->compileSource(Object(Twig\Source))
#7 C:\xampp\htdocs\www\PHP\NestiECommerce\vendor\twig\twig\src\Environment.php(309): Twig\Environment->loadTemplate('__TwigTemplate_...', 'layout/partials...')
#8 C:\xampp\htdocs\www\PHP\NestiECommerce\vendor\twig\twig\src\Environment.php(433): Twig\Environment->load('layout/partials...')
#9 C:\xampp\htdocs\www\PHP\NestiECommerce\vendor\twig\twig\src\Extension\CoreExtension.php(1258): Twig\Environment->resolveTemplate('layout/partials...')
#10 C:\xampp\htdocs\www\PHP\NestiECommerce\writable\cache\twig\de\de1f96441334b04068d349f6b2db0a5fd65ab34ca18b03fd2eb031fb20bf2495.php(67): twig_include(Object(Twig\Environment), Array, 'layout/partials...')
#11 C:\xampp\htdocs\www\PHP\NestiECommerce\vendor\twig\twig\src\Template.php(394): __TwigTemplate_b4d35fabcb46cd59ae1a2e5d5f8051bcae24104f676327e01bf53e39fa4b904a->doDisplay(Array, Array)
#12 C:\xampp\htdocs\www\PHP\NestiECommerce\vendor\twig\twig\src\Template.php(367): Twig\Template->displayWithErrorHandling(Array, Array)
#13 C:\xampp\htdocs\www\PHP\NestiECommerce\writable\cache\twig\a4\a4e51cd09e1e6ac589218704033a44e3c0cc452f7656717d01e1ea152f534bbe.php(43): Twig\Template->display(Array, Array)
#14 C:\xampp\htdocs\www\PHP\NestiECommerce\vendor\twig\twig\src\Template.php(394): __TwigTemplate_f78dbbab9e9383265411648ad432b878abf9d424631fbbda5cea21e7e1554ff7->doDisplay(Array, Array)
#15 C:\xampp\htdocs\www\PHP\NestiECommerce\vendor\twig\twig\src\Template.php(367): Twig\Template->displayWithErrorHandling(Array, Array)
#16 C:\xampp\htdocs\www\PHP\NestiECommerce\vendor\twig\twig\src\Template.php(379): Twig\Template->display(Array)
#17 C:\xampp\htdocs\www\PHP\NestiECommerce\vendor\twig\twig\src\TemplateWrapper.php(40): Twig\Template->render(Array, Array)
#18 C:\xampp\htdocs\www\PHP\NestiECommerce\vendor\twig\twig\src\Environment.php(277): Twig\TemplateWrapper->render(Array)
#19 C:\xampp\htdocs\www\PHP\NestiECommerce\vendor\kenjis\codeigniter-ss-twig\src\CI4Twig\Twig.php(177): Twig\Environment->render('home.twig', Array)
#20 C:\xampp\htdocs\www\PHP\NestiECommerce\vendor\kenjis\codeigniter-ss-twig\src\CI4Twig\Twig.php(156): Kenjis\CI4Twig\Twig->render('home.twig', Array)
#21 C:\xampp\htdocs\www\PHP\NestiECommerce\app\Controllers\Home.php(11): Kenjis\CI4Twig\Twig->display('home', Array)
#22 C:\xampp\htdocs\www\PHP\NestiECommerce\vendor\codeigniter4\framework\system\CodeIgniter.php(937): App\Controllers\Home->index()
#23 C:\xampp\htdocs\www\PHP\NestiECommerce\vendor\codeigniter4\framework\system\CodeIgniter.php(433): CodeIgniter\CodeIgniter->runController(Object(App\Controllers\Home))
#24 C:\xampp\htdocs\www\PHP\NestiECommerce\vendor\codeigniter4\framework\system\CodeIgniter.php(334): CodeIgniter\CodeIgniter->handleRequest(NULL, Object(Config\Cache), false)
#25 C:\xampp\htdocs\www\PHP\NestiECommerce\public\index.php(44): CodeIgniter\CodeIgniter->run()
#26 {main}
CRITICAL - 2021-05-03 14:47:59 --> Uncaught CodeIgniter\Exceptions\PageNotFoundException: Controller or its method is not found: \App\Controllers\Js::home.js in C:\xampp\htdocs\www\PHP\NestiECommerce\vendor\codeigniter4\framework\system\CodeIgniter.php:896
Stack trace:
#0 C:\xampp\htdocs\www\PHP\NestiECommerce\vendor\codeigniter4\framework\system\CodeIgniter.php(896): CodeIgniter\Exceptions\PageNotFoundException::forControllerNotFound('\\App\\Controller...', 'home.js')
#1 C:\xampp\htdocs\www\PHP\NestiECommerce\vendor\codeigniter4\framework\system\CodeIgniter.php(418): CodeIgniter\CodeIgniter->startController()
#2 C:\xampp\htdocs\www\PHP\NestiECommerce\vendor\codeigniter4\framework\system\CodeIgniter.php(334): CodeIgniter\CodeIgniter->handleRequest(NULL, Object(Config\Cache), false)
#3 C:\xampp\htdocs\www\PHP\NestiECommerce\public\index.php(44): CodeIgniter\CodeIgniter->run()
#4 {main}
  thrown
#0 [internal function]: CodeIgniter\Debug\Exceptions->shutdownHandler()
#1 {main}
CRITICAL - 2021-05-03 14:48:22 --> Object of class App\Entities\Users could not be converted to string
#0 C:\xampp\htdocs\www\PHP\NestiECommerce\vendor\twig\twig\src\Template.php(394): __TwigTemplate_0e2f403a962b6101abf7068d78ddd86d7d60d1ede10e45c298f777c96c03e071->doDisplay(Array, Array)
#1 C:\xampp\htdocs\www\PHP\NestiECommerce\vendor\twig\twig\src\Template.php(367): Twig\Template->displayWithErrorHandling(Array, Array)
#2 C:\xampp\htdocs\www\PHP\NestiECommerce\vendor\twig\twig\src\Template.php(379): Twig\Template->display(Array)
#3 C:\xampp\htdocs\www\PHP\NestiECommerce\vendor\twig\twig\src\TemplateWrapper.php(40): Twig\Template->render(Array, Array)
#4 C:\xampp\htdocs\www\PHP\NestiECommerce\vendor\twig\twig\src\Extension\CoreExtension.php(1265): Twig\TemplateWrapper->render(Array)
#5 C:\xampp\htdocs\www\PHP\NestiECommerce\writable\cache\twig\de\de1f96441334b04068d349f6b2db0a5fd65ab34ca18b03fd2eb031fb20bf2495.php(67): twig_include(Object(Twig\Environment), Array, 'layout/partials...')
#6 C:\xampp\htdocs\www\PHP\NestiECommerce\vendor\twig\twig\src\Template.php(394): __TwigTemplate_b4d35fabcb46cd59ae1a2e5d5f8051bcae24104f676327e01bf53e39fa4b904a->doDisplay(Array, Array)
#7 C:\xampp\htdocs\www\PHP\NestiECommerce\vendor\twig\twig\src\Template.php(367): Twig\Template->displayWithErrorHandling(Array, Array)
#8 C:\xampp\htdocs\www\PHP\NestiECommerce\writable\cache\twig\a4\a4e51cd09e1e6ac589218704033a44e3c0cc452f7656717d01e1ea152f534bbe.php(43): Twig\Template->display(Array, Array)
#9 C:\xampp\htdocs\www\PHP\NestiECommerce\vendor\twig\twig\src\Template.php(394): __TwigTemplate_f78dbbab9e9383265411648ad432b878abf9d424631fbbda5cea21e7e1554ff7->doDisplay(Array, Array)
#10 C:\xampp\htdocs\www\PHP\NestiECommerce\vendor\twig\twig\src\Template.php(367): Twig\Template->displayWithErrorHandling(Array, Array)
#11 C:\xampp\htdocs\www\PHP\NestiECommerce\vendor\twig\twig\src\Template.php(379): Twig\Template->display(Array)
#12 C:\xampp\htdocs\www\PHP\NestiECommerce\vendor\twig\twig\src\TemplateWrapper.php(40): Twig\Template->render(Array, Array)
#13 C:\xampp\htdocs\www\PHP\NestiECommerce\vendor\twig\twig\src\Environment.php(277): Twig\TemplateWrapper->render(Array)
#14 C:\xampp\htdocs\www\PHP\NestiECommerce\vendor\kenjis\codeigniter-ss-twig\src\CI4Twig\Twig.php(177): Twig\Environment->render('home.twig', Array)
#15 C:\xampp\htdocs\www\PHP\NestiECommerce\vendor\kenjis\codeigniter-ss-twig\src\CI4Twig\Twig.php(156): Kenjis\CI4Twig\Twig->render('home.twig', Array)
#16 C:\xampp\htdocs\www\PHP\NestiECommerce\app\Controllers\Home.php(11): Kenjis\CI4Twig\Twig->display('home', Array)
#17 C:\xampp\htdocs\www\PHP\NestiECommerce\vendor\codeigniter4\framework\system\CodeIgniter.php(937): App\Controllers\Home->index()
#18 C:\xampp\htdocs\www\PHP\NestiECommerce\vendor\codeigniter4\framework\system\CodeIgniter.php(433): CodeIgniter\CodeIgniter->runController(Object(App\Controllers\Home))
#19 C:\xampp\htdocs\www\PHP\NestiECommerce\vendor\codeigniter4\framework\system\CodeIgniter.php(334): CodeIgniter\CodeIgniter->handleRequest(NULL, Object(Config\Cache), false)
#20 C:\xampp\htdocs\www\PHP\NestiECommerce\public\index.php(44): CodeIgniter\CodeIgniter->run()
#21 {main}
CRITICAL - 2021-05-03 14:54:14 --> Uncaught CodeIgniter\Exceptions\PageNotFoundException: Controller or its method is not found: \App\Controllers\Css::article.css in C:\xampp\htdocs\www\PHP\NestiECommerce\vendor\codeigniter4\framework\system\CodeIgniter.php:896
Stack trace:
#0 C:\xampp\htdocs\www\PHP\NestiECommerce\vendor\codeigniter4\framework\system\CodeIgniter.php(896): CodeIgniter\Exceptions\PageNotFoundException::forControllerNotFound('\\App\\Controller...', 'article.css')
#1 C:\xampp\htdocs\www\PHP\NestiECommerce\vendor\codeigniter4\framework\system\CodeIgniter.php(418): CodeIgniter\CodeIgniter->startController()
#2 C:\xampp\htdocs\www\PHP\NestiECommerce\vendor\codeigniter4\framework\system\CodeIgniter.php(334): CodeIgniter\CodeIgniter->handleRequest(NULL, Object(Config\Cache), false)
#3 C:\xampp\htdocs\www\PHP\NestiECommerce\public\index.php(44): CodeIgniter\CodeIgniter->run()
#4 {main}
  thrown
#0 [internal function]: CodeIgniter\Debug\Exceptions->shutdownHandler()
#1 {main}
CRITICAL - 2021-05-03 15:17:29 --> Unexpected token "end of statement block" of value "".
#0 C:\xampp\htdocs\www\PHP\NestiECommerce\vendor\twig\twig\src\ExpressionParser.php(175): Twig\ExpressionParser->parsePrimaryExpression()
#1 C:\xampp\htdocs\www\PHP\NestiECommerce\vendor\twig\twig\src\ExpressionParser.php(70): Twig\ExpressionParser->getPrimary()
#2 C:\xampp\htdocs\www\PHP\NestiECommerce\vendor\twig\twig\src\TokenParser\IfTokenParser.php(38): Twig\ExpressionParser->parseExpression()
#3 C:\xampp\htdocs\www\PHP\NestiECommerce\vendor\twig\twig\src\Parser.php(171): Twig\TokenParser\IfTokenParser->parse(Object(Twig\Token))
#4 C:\xampp\htdocs\www\PHP\NestiECommerce\vendor\twig\twig\src\TokenParser\BlockTokenParser.php(47): Twig\Parser->subparse(Array, true)
#5 C:\xampp\htdocs\www\PHP\NestiECommerce\vendor\twig\twig\src\Parser.php(171): Twig\TokenParser\BlockTokenParser->parse(Object(Twig\Token))
#6 C:\xampp\htdocs\www\PHP\NestiECommerce\vendor\twig\twig\src\Parser.php(84): Twig\Parser->subparse(NULL, false)
#7 C:\xampp\htdocs\www\PHP\NestiECommerce\vendor\twig\twig\src\Environment.php(479): Twig\Parser->parse(Object(Twig\TokenStream))
#8 C:\xampp\htdocs\www\PHP\NestiECommerce\vendor\twig\twig\src\Environment.php(507): Twig\Environment->parse(Object(Twig\TokenStream))
#9 C:\xampp\htdocs\www\PHP\NestiECommerce\vendor\twig\twig\src\Environment.php(348): Twig\Environment->compileSource(Object(Twig\Source))
#10 C:\xampp\htdocs\www\PHP\NestiECommerce\vendor\twig\twig\src\Environment.php(309): Twig\Environment->loadTemplate('__TwigTemplate_...', 'users/login.twi...')
#11 C:\xampp\htdocs\www\PHP\NestiECommerce\vendor\twig\twig\src\Environment.php(277): Twig\Environment->load('users/login.twi...')
#12 C:\xampp\htdocs\www\PHP\NestiECommerce\vendor\kenjis\codeigniter-ss-twig\src\CI4Twig\Twig.php(177): Twig\Environment->render('users/login.twi...', Array)
#13 C:\xampp\htdocs\www\PHP\NestiECommerce\vendor\kenjis\codeigniter-ss-twig\src\CI4Twig\Twig.php(156): Kenjis\CI4Twig\Twig->render('users/login.twi...', Array)
#14 C:\xampp\htdocs\www\PHP\NestiECommerce\app\Controllers\UsersController.php(70): Kenjis\CI4Twig\Twig->display('users/login', Array)
#15 C:\xampp\htdocs\www\PHP\NestiECommerce\vendor\codeigniter4\framework\system\CodeIgniter.php(937): App\Controllers\UsersController->logout()
#16 C:\xampp\htdocs\www\PHP\NestiECommerce\vendor\codeigniter4\framework\system\CodeIgniter.php(433): CodeIgniter\CodeIgniter->runController(Object(App\Controllers\UsersController))
#17 C:\xampp\htdocs\www\PHP\NestiECommerce\vendor\codeigniter4\framework\system\CodeIgniter.php(334): CodeIgniter\CodeIgniter->handleRequest(NULL, Object(Config\Cache), false)
#18 C:\xampp\htdocs\www\PHP\NestiECommerce\public\index.php(44): CodeIgniter\CodeIgniter->run()
#19 {main}
