ERROR - 2021-05-16 18:53:37 --> mysqli_sql_exception: Duplicate entry '0-0' for key 'PRIMARY' in C:\xampp\htdocs\www\PHP\NestiECommerce\vendor\codeigniter4\framework\system\Database\MySQLi\Connection.php:314
Stack trace:
#0 C:\xampp\htdocs\www\PHP\NestiECommerce\vendor\codeigniter4\framework\system\Database\MySQLi\Connection.php(314): mysqli->query('INSERT INTO `ne...')
#1 C:\xampp\htdocs\www\PHP\NestiECommerce\vendor\codeigniter4\framework\system\Database\BaseConnection.php(713): CodeIgniter\Database\MySQLi\Connection->execute('INSERT INTO `ne...')
#2 C:\xampp\htdocs\www\PHP\NestiECommerce\vendor\codeigniter4\framework\system\Database\BaseConnection.php(641): CodeIgniter\Database\BaseConnection->simpleQuery('INSERT INTO `ne...')
#3 C:\xampp\htdocs\www\PHP\NestiECommerce\vendor\codeigniter4\framework\system\Database\BaseBuilder.php(2263): CodeIgniter\Database\BaseConnection->query('INSERT INTO `ne...', Array, false)
#4 C:\xampp\htdocs\www\PHP\NestiECommerce\vendor\codeigniter4\framework\system\Model.php(278): CodeIgniter\Database\BaseBuilder->insert()
#5 C:\xampp\htdocs\www\PHP\NestiECommerce\vendor\codeigniter4\framework\system\BaseModel.php(758): CodeIgniter\Model->doInsert(Array)
#6 C:\xampp\htdocs\www\PHP\NestiECommerce\vendor\codeigniter4\framework\system\Model.php(705): CodeIgniter\BaseModel->insert(Array, false)
#7 C:\xampp\htdocs\www\PHP\NestiECommerce\vendor\codeigniter4\framework\system\BaseModel.php(667): CodeIgniter\Model->insert(Object(App\Entities\Grades), false)
#8 C:\xampp\htdocs\www\PHP\NestiECommerce\app\Controllers\RecipeController.php(59): CodeIgniter\BaseModel->save(Object(App\Entities\Grades))
#9 C:\xampp\htdocs\www\PHP\NestiECommerce\vendor\codeigniter4\framework\system\CodeIgniter.php(937): App\Controllers\Recipecontroller->oneRecipe('5')
#10 C:\xampp\htdocs\www\PHP\NestiECommerce\vendor\codeigniter4\framework\system\CodeIgniter.php(433): CodeIgniter\CodeIgniter->runController(Object(App\Controllers\Recipecontroller))
#11 C:\xampp\htdocs\www\PHP\NestiECommerce\vendor\codeigniter4\framework\system\CodeIgniter.php(334): CodeIgniter\CodeIgniter->handleRequest(NULL, Object(Config\Cache), false)
#12 C:\xampp\htdocs\www\PHP\NestiECommerce\public\index.php(44): CodeIgniter\CodeIgniter->run()
#13 {main}
CRITICAL - 2021-05-16 18:53:37 --> Duplicate entry '0-0' for key 'PRIMARY'
#0 C:\xampp\htdocs\www\PHP\NestiECommerce\vendor\codeigniter4\framework\system\Database\MySQLi\Connection.php(314): mysqli->query('INSERT INTO `ne...')
#1 C:\xampp\htdocs\www\PHP\NestiECommerce\vendor\codeigniter4\framework\system\Database\BaseConnection.php(713): CodeIgniter\Database\MySQLi\Connection->execute('INSERT INTO `ne...')
#2 C:\xampp\htdocs\www\PHP\NestiECommerce\vendor\codeigniter4\framework\system\Database\BaseConnection.php(641): CodeIgniter\Database\BaseConnection->simpleQuery('INSERT INTO `ne...')
#3 C:\xampp\htdocs\www\PHP\NestiECommerce\vendor\codeigniter4\framework\system\Database\BaseBuilder.php(2263): CodeIgniter\Database\BaseConnection->query('INSERT INTO `ne...', Array, false)
#4 C:\xampp\htdocs\www\PHP\NestiECommerce\vendor\codeigniter4\framework\system\Model.php(278): CodeIgniter\Database\BaseBuilder->insert()
#5 C:\xampp\htdocs\www\PHP\NestiECommerce\vendor\codeigniter4\framework\system\BaseModel.php(758): CodeIgniter\Model->doInsert(Array)
#6 C:\xampp\htdocs\www\PHP\NestiECommerce\vendor\codeigniter4\framework\system\Model.php(705): CodeIgniter\BaseModel->insert(Array, false)
#7 C:\xampp\htdocs\www\PHP\NestiECommerce\vendor\codeigniter4\framework\system\BaseModel.php(667): CodeIgniter\Model->insert(Object(App\Entities\Grades), false)
#8 C:\xampp\htdocs\www\PHP\NestiECommerce\app\Controllers\RecipeController.php(59): CodeIgniter\BaseModel->save(Object(App\Entities\Grades))
#9 C:\xampp\htdocs\www\PHP\NestiECommerce\vendor\codeigniter4\framework\system\CodeIgniter.php(937): App\Controllers\Recipecontroller->oneRecipe('5')
#10 C:\xampp\htdocs\www\PHP\NestiECommerce\vendor\codeigniter4\framework\system\CodeIgniter.php(433): CodeIgniter\CodeIgniter->runController(Object(App\Controllers\Recipecontroller))
#11 C:\xampp\htdocs\www\PHP\NestiECommerce\vendor\codeigniter4\framework\system\CodeIgniter.php(334): CodeIgniter\CodeIgniter->handleRequest(NULL, Object(Config\Cache), false)
#12 C:\xampp\htdocs\www\PHP\NestiECommerce\public\index.php(44): CodeIgniter\CodeIgniter->run()
#13 {main}
CRITICAL - 2021-05-16 18:58:17 --> Array to string conversion
#0 C:\xampp\htdocs\www\PHP\NestiECommerce\vendor\codeigniter4\framework\system\Model.php(488): CodeIgniter\Debug\Exceptions->errorHandler(2, 'Array to string...', 'C:\\xampp\\htdocs...', 488)
#1 C:\xampp\htdocs\www\PHP\NestiECommerce\vendor\codeigniter4\framework\system\BaseModel.php(691): CodeIgniter\Model->idValue(Object(App\Entities\Grades))
#2 C:\xampp\htdocs\www\PHP\NestiECommerce\vendor\codeigniter4\framework\system\Model.php(669): CodeIgniter\BaseModel->shouldUpdate(Object(App\Entities\Grades))
#3 C:\xampp\htdocs\www\PHP\NestiECommerce\vendor\codeigniter4\framework\system\BaseModel.php(661): CodeIgniter\Model->shouldUpdate(Object(App\Entities\Grades))
#4 C:\xampp\htdocs\www\PHP\NestiECommerce\app\Controllers\RecipeController.php(60): CodeIgniter\BaseModel->save(Object(App\Entities\Grades))
#5 C:\xampp\htdocs\www\PHP\NestiECommerce\vendor\codeigniter4\framework\system\CodeIgniter.php(937): App\Controllers\Recipecontroller->oneRecipe('5')
#6 C:\xampp\htdocs\www\PHP\NestiECommerce\vendor\codeigniter4\framework\system\CodeIgniter.php(433): CodeIgniter\CodeIgniter->runController(Object(App\Controllers\Recipecontroller))
#7 C:\xampp\htdocs\www\PHP\NestiECommerce\vendor\codeigniter4\framework\system\CodeIgniter.php(334): CodeIgniter\CodeIgniter->handleRequest(NULL, Object(Config\Cache), false)
#8 C:\xampp\htdocs\www\PHP\NestiECommerce\public\index.php(44): CodeIgniter\CodeIgniter->run()
#9 {main}
CRITICAL - 2021-05-16 19:04:33 --> There is no data to insert.
#0 C:\xampp\htdocs\www\PHP\NestiECommerce\vendor\codeigniter4\framework\system\BaseModel.php(1704): CodeIgniter\Database\Exceptions\DataException::forEmptyDataset('insert')
#1 C:\xampp\htdocs\www\PHP\NestiECommerce\vendor\codeigniter4\framework\system\BaseModel.php(719): CodeIgniter\BaseModel->transformDataToArray(Array, 'insert')
#2 C:\xampp\htdocs\www\PHP\NestiECommerce\vendor\codeigniter4\framework\system\Model.php(705): CodeIgniter\BaseModel->insert(Object(App\Entities\Grades), false)
#3 C:\xampp\htdocs\www\PHP\NestiECommerce\vendor\codeigniter4\framework\system\BaseModel.php(667): CodeIgniter\Model->insert(Object(App\Entities\Grades), false)
#4 C:\xampp\htdocs\www\PHP\NestiECommerce\app\Controllers\RecipeController.php(60): CodeIgniter\BaseModel->save(Object(App\Entities\Grades))
#5 C:\xampp\htdocs\www\PHP\NestiECommerce\vendor\codeigniter4\framework\system\CodeIgniter.php(937): App\Controllers\Recipecontroller->oneRecipe('5')
#6 C:\xampp\htdocs\www\PHP\NestiECommerce\vendor\codeigniter4\framework\system\CodeIgniter.php(433): CodeIgniter\CodeIgniter->runController(Object(App\Controllers\Recipecontroller))
#7 C:\xampp\htdocs\www\PHP\NestiECommerce\vendor\codeigniter4\framework\system\CodeIgniter.php(334): CodeIgniter\CodeIgniter->handleRequest(NULL, Object(Config\Cache), false)
#8 C:\xampp\htdocs\www\PHP\NestiECommerce\public\index.php(44): CodeIgniter\CodeIgniter->run()
#9 {main}
CRITICAL - 2021-05-16 19:09:33 --> CodeIgniter\BaseModel::transformDataToArray(): Return value must be of type array, string returned
#0 C:\xampp\htdocs\www\PHP\NestiECommerce\vendor\codeigniter4\framework\system\BaseModel.php(864): CodeIgniter\BaseModel->transformDataToArray('5', 'update')
#1 C:\xampp\htdocs\www\PHP\NestiECommerce\vendor\codeigniter4\framework\system\Model.php(737): CodeIgniter\BaseModel->update(Array, '5')
#2 C:\xampp\htdocs\www\PHP\NestiECommerce\app\Controllers\RecipeController.php(62): CodeIgniter\Model->update('3', '5')
#3 C:\xampp\htdocs\www\PHP\NestiECommerce\vendor\codeigniter4\framework\system\CodeIgniter.php(937): App\Controllers\Recipecontroller->oneRecipe('5')
#4 C:\xampp\htdocs\www\PHP\NestiECommerce\vendor\codeigniter4\framework\system\CodeIgniter.php(433): CodeIgniter\CodeIgniter->runController(Object(App\Controllers\Recipecontroller))
#5 C:\xampp\htdocs\www\PHP\NestiECommerce\vendor\codeigniter4\framework\system\CodeIgniter.php(334): CodeIgniter\CodeIgniter->handleRequest(NULL, Object(Config\Cache), false)
#6 C:\xampp\htdocs\www\PHP\NestiECommerce\public\index.php(44): CodeIgniter\CodeIgniter->run()
#7 {main}
ERROR - 2021-05-16 19:11:37 --> mysqli_sql_exception: Unknown column 'nes_ad_grades.id' in 'where clause' in C:\xampp\htdocs\www\PHP\NestiECommerce\vendor\codeigniter4\framework\system\Database\MySQLi\Connection.php:314
Stack trace:
#0 C:\xampp\htdocs\www\PHP\NestiECommerce\vendor\codeigniter4\framework\system\Database\MySQLi\Connection.php(314): mysqli->query('UPDATE `nes_ad_...')
#1 C:\xampp\htdocs\www\PHP\NestiECommerce\vendor\codeigniter4\framework\system\Database\BaseConnection.php(713): CodeIgniter\Database\MySQLi\Connection->execute('UPDATE `nes_ad_...')
#2 C:\xampp\htdocs\www\PHP\NestiECommerce\vendor\codeigniter4\framework\system\Database\BaseConnection.php(641): CodeIgniter\Database\BaseConnection->simpleQuery('UPDATE `nes_ad_...')
#3 C:\xampp\htdocs\www\PHP\NestiECommerce\vendor\codeigniter4\framework\system\Database\BaseBuilder.php(2468): CodeIgniter\Database\BaseConnection->query('UPDATE `nes_ad_...', Array, false)
#4 C:\xampp\htdocs\www\PHP\NestiECommerce\vendor\codeigniter4\framework\system\Model.php(353): CodeIgniter\Database\BaseBuilder->update()
#5 C:\xampp\htdocs\www\PHP\NestiECommerce\vendor\codeigniter4\framework\system\BaseModel.php(901): CodeIgniter\Model->doUpdate(Array, Array)
#6 C:\xampp\htdocs\www\PHP\NestiECommerce\vendor\codeigniter4\framework\system\Model.php(737): CodeIgniter\BaseModel->update(Array, Array)
#7 C:\xampp\htdocs\www\PHP\NestiECommerce\app\Controllers\RecipeController.php(64): CodeIgniter\Model->update('4', Object(App\Entities\Grades))
#8 C:\xampp\htdocs\www\PHP\NestiECommerce\vendor\codeigniter4\framework\system\CodeIgniter.php(937): App\Controllers\Recipecontroller->oneRecipe('5')
#9 C:\xampp\htdocs\www\PHP\NestiECommerce\vendor\codeigniter4\framework\system\CodeIgniter.php(433): CodeIgniter\CodeIgniter->runController(Object(App\Controllers\Recipecontroller))
#10 C:\xampp\htdocs\www\PHP\NestiECommerce\vendor\codeigniter4\framework\system\CodeIgniter.php(334): CodeIgniter\CodeIgniter->handleRequest(NULL, Object(Config\Cache), false)
#11 C:\xampp\htdocs\www\PHP\NestiECommerce\public\index.php(44): CodeIgniter\CodeIgniter->run()
#12 {main}
CRITICAL - 2021-05-16 19:11:37 --> Unknown column 'nes_ad_grades.id' in 'where clause'
#0 C:\xampp\htdocs\www\PHP\NestiECommerce\vendor\codeigniter4\framework\system\Database\MySQLi\Connection.php(314): mysqli->query('UPDATE `nes_ad_...')
#1 C:\xampp\htdocs\www\PHP\NestiECommerce\vendor\codeigniter4\framework\system\Database\BaseConnection.php(713): CodeIgniter\Database\MySQLi\Connection->execute('UPDATE `nes_ad_...')
#2 C:\xampp\htdocs\www\PHP\NestiECommerce\vendor\codeigniter4\framework\system\Database\BaseConnection.php(641): CodeIgniter\Database\BaseConnection->simpleQuery('UPDATE `nes_ad_...')
#3 C:\xampp\htdocs\www\PHP\NestiECommerce\vendor\codeigniter4\framework\system\Database\BaseBuilder.php(2468): CodeIgniter\Database\BaseConnection->query('UPDATE `nes_ad_...', Array, false)
#4 C:\xampp\htdocs\www\PHP\NestiECommerce\vendor\codeigniter4\framework\system\Model.php(353): CodeIgniter\Database\BaseBuilder->update()
#5 C:\xampp\htdocs\www\PHP\NestiECommerce\vendor\codeigniter4\framework\system\BaseModel.php(901): CodeIgniter\Model->doUpdate(Array, Array)
#6 C:\xampp\htdocs\www\PHP\NestiECommerce\vendor\codeigniter4\framework\system\Model.php(737): CodeIgniter\BaseModel->update(Array, Array)
#7 C:\xampp\htdocs\www\PHP\NestiECommerce\app\Controllers\RecipeController.php(64): CodeIgniter\Model->update('4', Object(App\Entities\Grades))
#8 C:\xampp\htdocs\www\PHP\NestiECommerce\vendor\codeigniter4\framework\system\CodeIgniter.php(937): App\Controllers\Recipecontroller->oneRecipe('5')
#9 C:\xampp\htdocs\www\PHP\NestiECommerce\vendor\codeigniter4\framework\system\CodeIgniter.php(433): CodeIgniter\CodeIgniter->runController(Object(App\Controllers\Recipecontroller))
#10 C:\xampp\htdocs\www\PHP\NestiECommerce\vendor\codeigniter4\framework\system\CodeIgniter.php(334): CodeIgniter\CodeIgniter->handleRequest(NULL, Object(Config\Cache), false)
#11 C:\xampp\htdocs\www\PHP\NestiECommerce\public\index.php(44): CodeIgniter\CodeIgniter->run()
#12 {main}
ERROR - 2021-05-16 19:12:18 --> mysqli_sql_exception: Unknown column 'nes_ad_grades.id' in 'where clause' in C:\xampp\htdocs\www\PHP\NestiECommerce\vendor\codeigniter4\framework\system\Database\MySQLi\Connection.php:314
Stack trace:
#0 C:\xampp\htdocs\www\PHP\NestiECommerce\vendor\codeigniter4\framework\system\Database\MySQLi\Connection.php(314): mysqli->query('UPDATE `nes_ad_...')
#1 C:\xampp\htdocs\www\PHP\NestiECommerce\vendor\codeigniter4\framework\system\Database\BaseConnection.php(713): CodeIgniter\Database\MySQLi\Connection->execute('UPDATE `nes_ad_...')
#2 C:\xampp\htdocs\www\PHP\NestiECommerce\vendor\codeigniter4\framework\system\Database\BaseConnection.php(641): CodeIgniter\Database\BaseConnection->simpleQuery('UPDATE `nes_ad_...')
#3 C:\xampp\htdocs\www\PHP\NestiECommerce\vendor\codeigniter4\framework\system\Database\BaseBuilder.php(2468): CodeIgniter\Database\BaseConnection->query('UPDATE `nes_ad_...', Array, false)
#4 C:\xampp\htdocs\www\PHP\NestiECommerce\vendor\codeigniter4\framework\system\Model.php(353): CodeIgniter\Database\BaseBuilder->update()
#5 C:\xampp\htdocs\www\PHP\NestiECommerce\vendor\codeigniter4\framework\system\BaseModel.php(901): CodeIgniter\Model->doUpdate(Array, Array)
#6 C:\xampp\htdocs\www\PHP\NestiECommerce\vendor\codeigniter4\framework\system\Model.php(737): CodeIgniter\BaseModel->update(Array, Array)
#7 C:\xampp\htdocs\www\PHP\NestiECommerce\app\Controllers\RecipeController.php(64): CodeIgniter\Model->update('', Object(App\Entities\Grades))
#8 C:\xampp\htdocs\www\PHP\NestiECommerce\vendor\codeigniter4\framework\system\CodeIgniter.php(937): App\Controllers\Recipecontroller->oneRecipe('5')
#9 C:\xampp\htdocs\www\PHP\NestiECommerce\vendor\codeigniter4\framework\system\CodeIgniter.php(433): CodeIgniter\CodeIgniter->runController(Object(App\Controllers\Recipecontroller))
#10 C:\xampp\htdocs\www\PHP\NestiECommerce\vendor\codeigniter4\framework\system\CodeIgniter.php(334): CodeIgniter\CodeIgniter->handleRequest(NULL, Object(Config\Cache), false)
#11 C:\xampp\htdocs\www\PHP\NestiECommerce\public\index.php(44): CodeIgniter\CodeIgniter->run()
#12 {main}
CRITICAL - 2021-05-16 19:12:18 --> Unknown column 'nes_ad_grades.id' in 'where clause'
#0 C:\xampp\htdocs\www\PHP\NestiECommerce\vendor\codeigniter4\framework\system\Database\MySQLi\Connection.php(314): mysqli->query('UPDATE `nes_ad_...')
#1 C:\xampp\htdocs\www\PHP\NestiECommerce\vendor\codeigniter4\framework\system\Database\BaseConnection.php(713): CodeIgniter\Database\MySQLi\Connection->execute('UPDATE `nes_ad_...')
#2 C:\xampp\htdocs\www\PHP\NestiECommerce\vendor\codeigniter4\framework\system\Database\BaseConnection.php(641): CodeIgniter\Database\BaseConnection->simpleQuery('UPDATE `nes_ad_...')
#3 C:\xampp\htdocs\www\PHP\NestiECommerce\vendor\codeigniter4\framework\system\Database\BaseBuilder.php(2468): CodeIgniter\Database\BaseConnection->query('UPDATE `nes_ad_...', Array, false)
#4 C:\xampp\htdocs\www\PHP\NestiECommerce\vendor\codeigniter4\framework\system\Model.php(353): CodeIgniter\Database\BaseBuilder->update()
#5 C:\xampp\htdocs\www\PHP\NestiECommerce\vendor\codeigniter4\framework\system\BaseModel.php(901): CodeIgniter\Model->doUpdate(Array, Array)
#6 C:\xampp\htdocs\www\PHP\NestiECommerce\vendor\codeigniter4\framework\system\Model.php(737): CodeIgniter\BaseModel->update(Array, Array)
#7 C:\xampp\htdocs\www\PHP\NestiECommerce\app\Controllers\RecipeController.php(64): CodeIgniter\Model->update('', Object(App\Entities\Grades))
#8 C:\xampp\htdocs\www\PHP\NestiECommerce\vendor\codeigniter4\framework\system\CodeIgniter.php(937): App\Controllers\Recipecontroller->oneRecipe('5')
#9 C:\xampp\htdocs\www\PHP\NestiECommerce\vendor\codeigniter4\framework\system\CodeIgniter.php(433): CodeIgniter\CodeIgniter->runController(Object(App\Controllers\Recipecontroller))
#10 C:\xampp\htdocs\www\PHP\NestiECommerce\vendor\codeigniter4\framework\system\CodeIgniter.php(334): CodeIgniter\CodeIgniter->handleRequest(NULL, Object(Config\Cache), false)
#11 C:\xampp\htdocs\www\PHP\NestiECommerce\public\index.php(44): CodeIgniter\CodeIgniter->run()
#12 {main}
CRITICAL - 2021-05-16 19:12:47 --> There is no data to update.
#0 C:\xampp\htdocs\www\PHP\NestiECommerce\vendor\codeigniter4\framework\system\BaseModel.php(1682): CodeIgniter\Database\Exceptions\DataException::forEmptyDataset('update')
#1 C:\xampp\htdocs\www\PHP\NestiECommerce\vendor\codeigniter4\framework\system\BaseModel.php(864): CodeIgniter\BaseModel->transformDataToArray(NULL, 'update')
#2 C:\xampp\htdocs\www\PHP\NestiECommerce\vendor\codeigniter4\framework\system\Model.php(737): CodeIgniter\BaseModel->update(Object(App\Entities\Grades), NULL)
#3 C:\xampp\htdocs\www\PHP\NestiECommerce\app\Controllers\RecipeController.php(64): CodeIgniter\Model->update(Object(App\Entities\Grades))
#4 C:\xampp\htdocs\www\PHP\NestiECommerce\vendor\codeigniter4\framework\system\CodeIgniter.php(937): App\Controllers\Recipecontroller->oneRecipe('5')
#5 C:\xampp\htdocs\www\PHP\NestiECommerce\vendor\codeigniter4\framework\system\CodeIgniter.php(433): CodeIgniter\CodeIgniter->runController(Object(App\Controllers\Recipecontroller))
#6 C:\xampp\htdocs\www\PHP\NestiECommerce\vendor\codeigniter4\framework\system\CodeIgniter.php(334): CodeIgniter\CodeIgniter->handleRequest(NULL, Object(Config\Cache), false)
#7 C:\xampp\htdocs\www\PHP\NestiECommerce\public\index.php(44): CodeIgniter\CodeIgniter->run()
#8 {main}
CRITICAL - 2021-05-16 19:13:39 --> Constant expression contains invalid operations
#0 [internal function]: CodeIgniter\Debug\Exceptions->shutdownHandler()
#1 {main}
CRITICAL - 2021-05-16 19:14:15 --> There is no data to update.
#0 C:\xampp\htdocs\www\PHP\NestiECommerce\vendor\codeigniter4\framework\system\BaseModel.php(1682): CodeIgniter\Database\Exceptions\DataException::forEmptyDataset('update')
#1 C:\xampp\htdocs\www\PHP\NestiECommerce\vendor\codeigniter4\framework\system\BaseModel.php(864): CodeIgniter\BaseModel->transformDataToArray(NULL, 'update')
#2 C:\xampp\htdocs\www\PHP\NestiECommerce\vendor\codeigniter4\framework\system\Model.php(737): CodeIgniter\BaseModel->update(Object(App\Entities\Grades), NULL)
#3 C:\xampp\htdocs\www\PHP\NestiECommerce\app\Controllers\RecipeController.php(64): CodeIgniter\Model->update(Object(App\Entities\Grades))
#4 C:\xampp\htdocs\www\PHP\NestiECommerce\vendor\codeigniter4\framework\system\CodeIgniter.php(937): App\Controllers\Recipecontroller->oneRecipe('5')
#5 C:\xampp\htdocs\www\PHP\NestiECommerce\vendor\codeigniter4\framework\system\CodeIgniter.php(433): CodeIgniter\CodeIgniter->runController(Object(App\Controllers\Recipecontroller))
#6 C:\xampp\htdocs\www\PHP\NestiECommerce\vendor\codeigniter4\framework\system\CodeIgniter.php(334): CodeIgniter\CodeIgniter->handleRequest(NULL, Object(Config\Cache), false)
#7 C:\xampp\htdocs\www\PHP\NestiECommerce\public\index.php(44): CodeIgniter\CodeIgniter->run()
#8 {main}
ERROR - 2021-05-16 19:15:05 --> mysqli_sql_exception: Unknown column 'nes_ad_grades.id' in 'where clause' in C:\xampp\htdocs\www\PHP\NestiECommerce\vendor\codeigniter4\framework\system\Database\MySQLi\Connection.php:314
Stack trace:
#0 C:\xampp\htdocs\www\PHP\NestiECommerce\vendor\codeigniter4\framework\system\Database\MySQLi\Connection.php(314): mysqli->query('UPDATE `nes_ad_...')
#1 C:\xampp\htdocs\www\PHP\NestiECommerce\vendor\codeigniter4\framework\system\Database\BaseConnection.php(713): CodeIgniter\Database\MySQLi\Connection->execute('UPDATE `nes_ad_...')
#2 C:\xampp\htdocs\www\PHP\NestiECommerce\vendor\codeigniter4\framework\system\Database\BaseConnection.php(641): CodeIgniter\Database\BaseConnection->simpleQuery('UPDATE `nes_ad_...')
#3 C:\xampp\htdocs\www\PHP\NestiECommerce\vendor\codeigniter4\framework\system\Database\BaseBuilder.php(2468): CodeIgniter\Database\BaseConnection->query('UPDATE `nes_ad_...', Array, false)
#4 C:\xampp\htdocs\www\PHP\NestiECommerce\vendor\codeigniter4\framework\system\Model.php(353): CodeIgniter\Database\BaseBuilder->update()
#5 C:\xampp\htdocs\www\PHP\NestiECommerce\vendor\codeigniter4\framework\system\BaseModel.php(901): CodeIgniter\Model->doUpdate(Array, Array)
#6 C:\xampp\htdocs\www\PHP\NestiECommerce\vendor\codeigniter4\framework\system\Model.php(737): CodeIgniter\BaseModel->update(Array, Array)
#7 C:\xampp\htdocs\www\PHP\NestiECommerce\app\Controllers\RecipeController.php(64): CodeIgniter\Model->update('rating', Object(App\Entities\Grades))
#8 C:\xampp\htdocs\www\PHP\NestiECommerce\vendor\codeigniter4\framework\system\CodeIgniter.php(937): App\Controllers\Recipecontroller->oneRecipe('5')
#9 C:\xampp\htdocs\www\PHP\NestiECommerce\vendor\codeigniter4\framework\system\CodeIgniter.php(433): CodeIgniter\CodeIgniter->runController(Object(App\Controllers\Recipecontroller))
#10 C:\xampp\htdocs\www\PHP\NestiECommerce\vendor\codeigniter4\framework\system\CodeIgniter.php(334): CodeIgniter\CodeIgniter->handleRequest(NULL, Object(Config\Cache), false)
#11 C:\xampp\htdocs\www\PHP\NestiECommerce\public\index.php(44): CodeIgniter\CodeIgniter->run()
#12 {main}
CRITICAL - 2021-05-16 19:15:05 --> Unknown column 'nes_ad_grades.id' in 'where clause'
#0 C:\xampp\htdocs\www\PHP\NestiECommerce\vendor\codeigniter4\framework\system\Database\MySQLi\Connection.php(314): mysqli->query('UPDATE `nes_ad_...')
#1 C:\xampp\htdocs\www\PHP\NestiECommerce\vendor\codeigniter4\framework\system\Database\BaseConnection.php(713): CodeIgniter\Database\MySQLi\Connection->execute('UPDATE `nes_ad_...')
#2 C:\xampp\htdocs\www\PHP\NestiECommerce\vendor\codeigniter4\framework\system\Database\BaseConnection.php(641): CodeIgniter\Database\BaseConnection->simpleQuery('UPDATE `nes_ad_...')
#3 C:\xampp\htdocs\www\PHP\NestiECommerce\vendor\codeigniter4\framework\system\Database\BaseBuilder.php(2468): CodeIgniter\Database\BaseConnection->query('UPDATE `nes_ad_...', Array, false)
#4 C:\xampp\htdocs\www\PHP\NestiECommerce\vendor\codeigniter4\framework\system\Model.php(353): CodeIgniter\Database\BaseBuilder->update()
#5 C:\xampp\htdocs\www\PHP\NestiECommerce\vendor\codeigniter4\framework\system\BaseModel.php(901): CodeIgniter\Model->doUpdate(Array, Array)
#6 C:\xampp\htdocs\www\PHP\NestiECommerce\vendor\codeigniter4\framework\system\Model.php(737): CodeIgniter\BaseModel->update(Array, Array)
#7 C:\xampp\htdocs\www\PHP\NestiECommerce\app\Controllers\RecipeController.php(64): CodeIgniter\Model->update('rating', Object(App\Entities\Grades))
#8 C:\xampp\htdocs\www\PHP\NestiECommerce\vendor\codeigniter4\framework\system\CodeIgniter.php(937): App\Controllers\Recipecontroller->oneRecipe('5')
#9 C:\xampp\htdocs\www\PHP\NestiECommerce\vendor\codeigniter4\framework\system\CodeIgniter.php(433): CodeIgniter\CodeIgniter->runController(Object(App\Controllers\Recipecontroller))
#10 C:\xampp\htdocs\www\PHP\NestiECommerce\vendor\codeigniter4\framework\system\CodeIgniter.php(334): CodeIgniter\CodeIgniter->handleRequest(NULL, Object(Config\Cache), false)
#11 C:\xampp\htdocs\www\PHP\NestiECommerce\public\index.php(44): CodeIgniter\CodeIgniter->run()
#12 {main}
CRITICAL - 2021-05-16 20:48:47 --> syntax error, unexpected token "}", expecting "," or ";"
#0 C:\xampp\htdocs\www\PHP\NestiECommerce\vendor\codeigniter4\framework\system\Autoloader\Autoloader.php(265): CodeIgniter\Autoloader\Autoloader->includeFile('C:\\xampp\\htdocs...')
#1 C:\xampp\htdocs\www\PHP\NestiECommerce\vendor\codeigniter4\framework\system\Autoloader\Autoloader.php(228): CodeIgniter\Autoloader\Autoloader->loadInNamespace('App\\Models\\Comm...')
#2 C:\xampp\htdocs\www\PHP\NestiECommerce\app\Controllers\RecipeController.php(72): CodeIgniter\Autoloader\Autoloader->loadClass('App\\Models\\Comm...')
#3 C:\xampp\htdocs\www\PHP\NestiECommerce\vendor\codeigniter4\framework\system\CodeIgniter.php(937): App\Controllers\Recipecontroller->oneRecipe('5')
#4 C:\xampp\htdocs\www\PHP\NestiECommerce\vendor\codeigniter4\framework\system\CodeIgniter.php(433): CodeIgniter\CodeIgniter->runController(Object(App\Controllers\Recipecontroller))
#5 C:\xampp\htdocs\www\PHP\NestiECommerce\vendor\codeigniter4\framework\system\CodeIgniter.php(334): CodeIgniter\CodeIgniter->handleRequest(NULL, Object(Config\Cache), false)
#6 C:\xampp\htdocs\www\PHP\NestiECommerce\public\index.php(44): CodeIgniter\CodeIgniter->run()
#7 {main}
