CRITICAL - 2021-04-08 09:06:23 --> Unexpected character "$".
#0 C:\xampp\htdocs\www\PHP\CodeIgniterTP\vendor\twig\twig\src\Lexer.php(290): Twig\Lexer->lexExpression()
#1 C:\xampp\htdocs\www\PHP\CodeIgniterTP\vendor\twig\twig\src\Lexer.php(184): Twig\Lexer->lexVar()
#2 C:\xampp\htdocs\www\PHP\CodeIgniterTP\vendor\twig\twig\src\Environment.php(460): Twig\Lexer->tokenize(Object(Twig\Source))
#3 C:\xampp\htdocs\www\PHP\CodeIgniterTP\vendor\twig\twig\src\Environment.php(507): Twig\Environment->tokenize(Object(Twig\Source))
#4 C:\xampp\htdocs\www\PHP\CodeIgniterTP\vendor\twig\twig\src\Environment.php(348): Twig\Environment->compileSource(Object(Twig\Source))
#5 C:\xampp\htdocs\www\PHP\CodeIgniterTP\vendor\twig\twig\src\Environment.php(309): Twig\Environment->loadTemplate('__TwigTemplate_...', 'tag/allTags.twi...')
#6 C:\xampp\htdocs\www\PHP\CodeIgniterTP\vendor\twig\twig\src\Environment.php(277): Twig\Environment->load('tag/allTags.twi...')
#7 C:\xampp\htdocs\www\PHP\CodeIgniterTP\vendor\kenjis\codeigniter-ss-twig\src\CI4Twig\Twig.php(177): Twig\Environment->render('tag/allTags.twi...', Array)
#8 C:\xampp\htdocs\www\PHP\CodeIgniterTP\vendor\kenjis\codeigniter-ss-twig\src\CI4Twig\Twig.php(156): Kenjis\CI4Twig\Twig->render('tag/allTags.twi...', Array)
#9 C:\xampp\htdocs\www\PHP\CodeIgniterTP\app\Controllers\Tagcontroller.php(17): Kenjis\CI4Twig\Twig->display('tag/allTags', Array)
#10 C:\xampp\htdocs\www\PHP\CodeIgniterTP\vendor\codeigniter4\framework\system\CodeIgniter.php(937): App\Controllers\Tagcontroller->allTags()
#11 C:\xampp\htdocs\www\PHP\CodeIgniterTP\vendor\codeigniter4\framework\system\CodeIgniter.php(433): CodeIgniter\CodeIgniter->runController(Object(App\Controllers\Tagcontroller))
#12 C:\xampp\htdocs\www\PHP\CodeIgniterTP\vendor\codeigniter4\framework\system\CodeIgniter.php(334): CodeIgniter\CodeIgniter->handleRequest(NULL, Object(Config\Cache), false)
#13 C:\xampp\htdocs\www\PHP\CodeIgniterTP\public\index.php(44): CodeIgniter\CodeIgniter->run()
#14 {main}
CRITICAL - 2021-04-08 09:15:47 --> Unexpected character "$".
#0 C:\xampp\htdocs\www\PHP\CodeIgniterTP\vendor\twig\twig\src\Lexer.php(290): Twig\Lexer->lexExpression()
#1 C:\xampp\htdocs\www\PHP\CodeIgniterTP\vendor\twig\twig\src\Lexer.php(184): Twig\Lexer->lexVar()
#2 C:\xampp\htdocs\www\PHP\CodeIgniterTP\vendor\twig\twig\src\Environment.php(460): Twig\Lexer->tokenize(Object(Twig\Source))
#3 C:\xampp\htdocs\www\PHP\CodeIgniterTP\vendor\twig\twig\src\Environment.php(507): Twig\Environment->tokenize(Object(Twig\Source))
#4 C:\xampp\htdocs\www\PHP\CodeIgniterTP\vendor\twig\twig\src\Environment.php(348): Twig\Environment->compileSource(Object(Twig\Source))
#5 C:\xampp\htdocs\www\PHP\CodeIgniterTP\vendor\twig\twig\src\Environment.php(309): Twig\Environment->loadTemplate('__TwigTemplate_...', 'tag/allTags.twi...')
#6 C:\xampp\htdocs\www\PHP\CodeIgniterTP\vendor\twig\twig\src\Environment.php(277): Twig\Environment->load('tag/allTags.twi...')
#7 C:\xampp\htdocs\www\PHP\CodeIgniterTP\vendor\kenjis\codeigniter-ss-twig\src\CI4Twig\Twig.php(177): Twig\Environment->render('tag/allTags.twi...', Array)
#8 C:\xampp\htdocs\www\PHP\CodeIgniterTP\vendor\kenjis\codeigniter-ss-twig\src\CI4Twig\Twig.php(156): Kenjis\CI4Twig\Twig->render('tag/allTags.twi...', Array)
#9 C:\xampp\htdocs\www\PHP\CodeIgniterTP\app\Controllers\Tagcontroller.php(17): Kenjis\CI4Twig\Twig->display('tag/allTags', Array)
#10 C:\xampp\htdocs\www\PHP\CodeIgniterTP\vendor\codeigniter4\framework\system\CodeIgniter.php(937): App\Controllers\Tagcontroller->allTags()
#11 C:\xampp\htdocs\www\PHP\CodeIgniterTP\vendor\codeigniter4\framework\system\CodeIgniter.php(433): CodeIgniter\CodeIgniter->runController(Object(App\Controllers\Tagcontroller))
#12 C:\xampp\htdocs\www\PHP\CodeIgniterTP\vendor\codeigniter4\framework\system\CodeIgniter.php(334): CodeIgniter\CodeIgniter->handleRequest(NULL, Object(Config\Cache), false)
#13 C:\xampp\htdocs\www\PHP\CodeIgniterTP\public\index.php(44): CodeIgniter\CodeIgniter->run()
#14 {main}
CRITICAL - 2021-04-08 09:58:14 --> Class "BaseController" not found
#0 C:\xampp\htdocs\www\PHP\NestiECommerce\vendor\codeigniter4\framework\system\Autoloader\Autoloader.php(294): include_once()
#1 C:\xampp\htdocs\www\PHP\NestiECommerce\vendor\codeigniter4\framework\system\Autoloader\Autoloader.php(265): CodeIgniter\Autoloader\Autoloader->includeFile('C:\\xampp\\htdocs...')
#2 C:\xampp\htdocs\www\PHP\NestiECommerce\vendor\codeigniter4\framework\system\Autoloader\Autoloader.php(228): CodeIgniter\Autoloader\Autoloader->loadInNamespace('App\\Controllers...')
#3 [internal function]: CodeIgniter\Autoloader\Autoloader->loadClass('App\\Controllers...')
#4 C:\xampp\htdocs\www\PHP\NestiECommerce\vendor\codeigniter4\framework\system\CodeIgniter.php(894): class_exists('\\App\\Controller...', true)
#5 C:\xampp\htdocs\www\PHP\NestiECommerce\vendor\codeigniter4\framework\system\CodeIgniter.php(418): CodeIgniter\CodeIgniter->startController()
#6 C:\xampp\htdocs\www\PHP\NestiECommerce\vendor\codeigniter4\framework\system\CodeIgniter.php(334): CodeIgniter\CodeIgniter->handleRequest(NULL, Object(Config\Cache), false)
#7 C:\xampp\htdocs\www\PHP\NestiECommerce\public\index.php(44): CodeIgniter\CodeIgniter->run()
#8 {main}
ERROR - 2021-04-08 17:49:07 --> mysqli_sql_exception: Unknown column 'id' in 'where clause' in C:\xampp\htdocs\www\PHP\NestiECommerce\vendor\codeigniter4\framework\system\Database\MySQLi\Connection.php:314
Stack trace:
#0 C:\xampp\htdocs\www\PHP\NestiECommerce\vendor\codeigniter4\framework\system\Database\MySQLi\Connection.php(314): mysqli->query('SELECT *\nFROM `...')
#1 C:\xampp\htdocs\www\PHP\NestiECommerce\vendor\codeigniter4\framework\system\Database\BaseConnection.php(713): CodeIgniter\Database\MySQLi\Connection->execute('SELECT *\nFROM `...')
#2 C:\xampp\htdocs\www\PHP\NestiECommerce\vendor\codeigniter4\framework\system\Database\BaseConnection.php(641): CodeIgniter\Database\BaseConnection->simpleQuery('SELECT *\nFROM `...')
#3 C:\xampp\htdocs\www\PHP\NestiECommerce\vendor\codeigniter4\framework\system\Database\BaseBuilder.php(1866): CodeIgniter\Database\BaseConnection->query('SELECT *\nFROM `...', Array, false)
#4 C:\xampp\htdocs\www\PHP\NestiECommerce\app\Models\RecipeModel.php(33): CodeIgniter\Database\BaseBuilder->get()
#5 C:\xampp\htdocs\www\PHP\NestiECommerce\app\Controllers\ApiController.php(32): App\Models\RecipeModel->findIngredientsAndStepsForApi('fezrferez')
#6 C:\xampp\htdocs\www\PHP\NestiECommerce\vendor\codeigniter4\framework\system\CodeIgniter.php(937): App\Controllers\ApiController->recipesIngredient('fezrferez')
#7 C:\xampp\htdocs\www\PHP\NestiECommerce\vendor\codeigniter4\framework\system\CodeIgniter.php(433): CodeIgniter\CodeIgniter->runController(Object(App\Controllers\ApiController))
#8 C:\xampp\htdocs\www\PHP\NestiECommerce\vendor\codeigniter4\framework\system\CodeIgniter.php(334): CodeIgniter\CodeIgniter->handleRequest(NULL, Object(Config\Cache), false)
#9 C:\xampp\htdocs\www\PHP\NestiECommerce\public\index.php(44): CodeIgniter\CodeIgniter->run()
#10 {main}
CRITICAL - 2021-04-08 17:49:08 --> Unknown column 'id' in 'where clause'
#0 C:\xampp\htdocs\www\PHP\NestiECommerce\vendor\codeigniter4\framework\system\Database\MySQLi\Connection.php(314): mysqli->query('SELECT *\nFROM `...')
#1 C:\xampp\htdocs\www\PHP\NestiECommerce\vendor\codeigniter4\framework\system\Database\BaseConnection.php(713): CodeIgniter\Database\MySQLi\Connection->execute('SELECT *\nFROM `...')
#2 C:\xampp\htdocs\www\PHP\NestiECommerce\vendor\codeigniter4\framework\system\Database\BaseConnection.php(641): CodeIgniter\Database\BaseConnection->simpleQuery('SELECT *\nFROM `...')
#3 C:\xampp\htdocs\www\PHP\NestiECommerce\vendor\codeigniter4\framework\system\Database\BaseBuilder.php(1866): CodeIgniter\Database\BaseConnection->query('SELECT *\nFROM `...', Array, false)
#4 C:\xampp\htdocs\www\PHP\NestiECommerce\app\Models\RecipeModel.php(33): CodeIgniter\Database\BaseBuilder->get()
#5 C:\xampp\htdocs\www\PHP\NestiECommerce\app\Controllers\ApiController.php(32): App\Models\RecipeModel->findIngredientsAndStepsForApi('fezrferez')
#6 C:\xampp\htdocs\www\PHP\NestiECommerce\vendor\codeigniter4\framework\system\CodeIgniter.php(937): App\Controllers\ApiController->recipesIngredient('fezrferez')
#7 C:\xampp\htdocs\www\PHP\NestiECommerce\vendor\codeigniter4\framework\system\CodeIgniter.php(433): CodeIgniter\CodeIgniter->runController(Object(App\Controllers\ApiController))
#8 C:\xampp\htdocs\www\PHP\NestiECommerce\vendor\codeigniter4\framework\system\CodeIgniter.php(334): CodeIgniter\CodeIgniter->handleRequest(NULL, Object(Config\Cache), false)
#9 C:\xampp\htdocs\www\PHP\NestiECommerce\public\index.php(44): CodeIgniter\CodeIgniter->run()
#10 {main}
ERROR - 2021-04-08 17:50:17 --> mysqli_sql_exception: Unknown column 'id' in 'where clause' in C:\xampp\htdocs\www\PHP\NestiECommerce\vendor\codeigniter4\framework\system\Database\MySQLi\Connection.php:314
Stack trace:
#0 C:\xampp\htdocs\www\PHP\NestiECommerce\vendor\codeigniter4\framework\system\Database\MySQLi\Connection.php(314): mysqli->query('SELECT *\nFROM `...')
#1 C:\xampp\htdocs\www\PHP\NestiECommerce\vendor\codeigniter4\framework\system\Database\BaseConnection.php(713): CodeIgniter\Database\MySQLi\Connection->execute('SELECT *\nFROM `...')
#2 C:\xampp\htdocs\www\PHP\NestiECommerce\vendor\codeigniter4\framework\system\Database\BaseConnection.php(641): CodeIgniter\Database\BaseConnection->simpleQuery('SELECT *\nFROM `...')
#3 C:\xampp\htdocs\www\PHP\NestiECommerce\vendor\codeigniter4\framework\system\Database\BaseBuilder.php(1866): CodeIgniter\Database\BaseConnection->query('SELECT *\nFROM `...', Array, false)
#4 C:\xampp\htdocs\www\PHP\NestiECommerce\app\Models\RecipeModel.php(33): CodeIgniter\Database\BaseBuilder->get()
#5 C:\xampp\htdocs\www\PHP\NestiECommerce\app\Controllers\ApiController.php(32): App\Models\RecipeModel->findIngredientsAndStepsForApi('1')
#6 C:\xampp\htdocs\www\PHP\NestiECommerce\vendor\codeigniter4\framework\system\CodeIgniter.php(937): App\Controllers\ApiController->recipesIngredient('1')
#7 C:\xampp\htdocs\www\PHP\NestiECommerce\vendor\codeigniter4\framework\system\CodeIgniter.php(433): CodeIgniter\CodeIgniter->runController(Object(App\Controllers\ApiController))
#8 C:\xampp\htdocs\www\PHP\NestiECommerce\vendor\codeigniter4\framework\system\CodeIgniter.php(334): CodeIgniter\CodeIgniter->handleRequest(NULL, Object(Config\Cache), false)
#9 C:\xampp\htdocs\www\PHP\NestiECommerce\public\index.php(44): CodeIgniter\CodeIgniter->run()
#10 {main}
CRITICAL - 2021-04-08 17:50:17 --> Unknown column 'id' in 'where clause'
#0 C:\xampp\htdocs\www\PHP\NestiECommerce\vendor\codeigniter4\framework\system\Database\MySQLi\Connection.php(314): mysqli->query('SELECT *\nFROM `...')
#1 C:\xampp\htdocs\www\PHP\NestiECommerce\vendor\codeigniter4\framework\system\Database\BaseConnection.php(713): CodeIgniter\Database\MySQLi\Connection->execute('SELECT *\nFROM `...')
#2 C:\xampp\htdocs\www\PHP\NestiECommerce\vendor\codeigniter4\framework\system\Database\BaseConnection.php(641): CodeIgniter\Database\BaseConnection->simpleQuery('SELECT *\nFROM `...')
#3 C:\xampp\htdocs\www\PHP\NestiECommerce\vendor\codeigniter4\framework\system\Database\BaseBuilder.php(1866): CodeIgniter\Database\BaseConnection->query('SELECT *\nFROM `...', Array, false)
#4 C:\xampp\htdocs\www\PHP\NestiECommerce\app\Models\RecipeModel.php(33): CodeIgniter\Database\BaseBuilder->get()
#5 C:\xampp\htdocs\www\PHP\NestiECommerce\app\Controllers\ApiController.php(32): App\Models\RecipeModel->findIngredientsAndStepsForApi('1')
#6 C:\xampp\htdocs\www\PHP\NestiECommerce\vendor\codeigniter4\framework\system\CodeIgniter.php(937): App\Controllers\ApiController->recipesIngredient('1')
#7 C:\xampp\htdocs\www\PHP\NestiECommerce\vendor\codeigniter4\framework\system\CodeIgniter.php(433): CodeIgniter\CodeIgniter->runController(Object(App\Controllers\ApiController))
#8 C:\xampp\htdocs\www\PHP\NestiECommerce\vendor\codeigniter4\framework\system\CodeIgniter.php(334): CodeIgniter\CodeIgniter->handleRequest(NULL, Object(Config\Cache), false)
#9 C:\xampp\htdocs\www\PHP\NestiECommerce\public\index.php(44): CodeIgniter\CodeIgniter->run()
#10 {main}
