CRITICAL - 2021-05-04 09:20:28 --> Object of class App\Models\ArticleModel could not be converted to string
#0 C:\xampp\htdocs\www\PHP\NestiECommerce\vendor\twig\twig\src\Template.php(171): __TwigTemplate_313bf1f4f54ab9387a4d0f978641ff0fe8f9c1d79ab9a357c157aaa7c8cde116->block_body(Array, Array)
#1 C:\xampp\htdocs\www\PHP\NestiECommerce\writable\cache\twig\de\de1f96441334b04068d349f6b2db0a5fd65ab34ca18b03fd2eb031fb20bf2495.php(72): Twig\Template->displayBlock('body', Array, Array)
#2 C:\xampp\htdocs\www\PHP\NestiECommerce\vendor\twig\twig\src\Template.php(394): __TwigTemplate_b4d35fabcb46cd59ae1a2e5d5f8051bcae24104f676327e01bf53e39fa4b904a->doDisplay(Array, Array)
#3 C:\xampp\htdocs\www\PHP\NestiECommerce\vendor\twig\twig\src\Template.php(367): Twig\Template->displayWithErrorHandling(Array, Array)
#4 C:\xampp\htdocs\www\PHP\NestiECommerce\writable\cache\twig\05\05fc5b3b33315423ead8658d1d42a91cfa013ad95156ef8c27800b0cb60f6c11.php(43): Twig\Template->display(Array, Array)
#5 C:\xampp\htdocs\www\PHP\NestiECommerce\vendor\twig\twig\src\Template.php(394): __TwigTemplate_313bf1f4f54ab9387a4d0f978641ff0fe8f9c1d79ab9a357c157aaa7c8cde116->doDisplay(Array, Array)
#6 C:\xampp\htdocs\www\PHP\NestiECommerce\vendor\twig\twig\src\Template.php(367): Twig\Template->displayWithErrorHandling(Array, Array)
#7 C:\xampp\htdocs\www\PHP\NestiECommerce\vendor\twig\twig\src\Template.php(379): Twig\Template->display(Array)
#8 C:\xampp\htdocs\www\PHP\NestiECommerce\vendor\twig\twig\src\TemplateWrapper.php(40): Twig\Template->render(Array, Array)
#9 C:\xampp\htdocs\www\PHP\NestiECommerce\vendor\twig\twig\src\Environment.php(277): Twig\TemplateWrapper->render(Array)
#10 C:\xampp\htdocs\www\PHP\NestiECommerce\vendor\kenjis\codeigniter-ss-twig\src\CI4Twig\Twig.php(177): Twig\Environment->render('article/list.tw...', Array)
#11 C:\xampp\htdocs\www\PHP\NestiECommerce\vendor\kenjis\codeigniter-ss-twig\src\CI4Twig\Twig.php(156): Kenjis\CI4Twig\Twig->render('article/list.tw...', Array)
#12 C:\xampp\htdocs\www\PHP\NestiECommerce\app\Controllers\ArticleController.php(18): Kenjis\CI4Twig\Twig->display('article/list', Array)
#13 C:\xampp\htdocs\www\PHP\NestiECommerce\vendor\codeigniter4\framework\system\CodeIgniter.php(937): App\Controllers\ArticleController->list()
#14 C:\xampp\htdocs\www\PHP\NestiECommerce\vendor\codeigniter4\framework\system\CodeIgniter.php(433): CodeIgniter\CodeIgniter->runController(Object(App\Controllers\ArticleController))
#15 C:\xampp\htdocs\www\PHP\NestiECommerce\vendor\codeigniter4\framework\system\CodeIgniter.php(334): CodeIgniter\CodeIgniter->handleRequest(NULL, Object(Config\Cache), false)
#16 C:\xampp\htdocs\www\PHP\NestiECommerce\public\index.php(44): CodeIgniter\CodeIgniter->run()
#17 {main}
CRITICAL - 2021-05-04 10:46:27 --> Uncaught CodeIgniter\Exceptions\PageNotFoundException: Controller or its method is not found: \App\Controllers\Css::article.css in C:\xampp\htdocs\www\PHP\NestiECommerce\vendor\codeigniter4\framework\system\CodeIgniter.php:896
Stack trace:
#0 C:\xampp\htdocs\www\PHP\NestiECommerce\vendor\codeigniter4\framework\system\CodeIgniter.php(896): CodeIgniter\Exceptions\PageNotFoundException::forControllerNotFound('\\App\\Controller...', 'article.css')
#1 C:\xampp\htdocs\www\PHP\NestiECommerce\vendor\codeigniter4\framework\system\CodeIgniter.php(418): CodeIgniter\CodeIgniter->startController()
#2 C:\xampp\htdocs\www\PHP\NestiECommerce\vendor\codeigniter4\framework\system\CodeIgniter.php(334): CodeIgniter\CodeIgniter->handleRequest(NULL, Object(Config\Cache), false)
#3 C:\xampp\htdocs\www\PHP\NestiECommerce\public\index.php(44): CodeIgniter\CodeIgniter->run()
#4 {main}
  thrown
#0 [internal function]: CodeIgniter\Debug\Exceptions->shutdownHandler()
#1 {main}
CRITICAL - 2021-05-04 10:47:16 --> Uncaught CodeIgniter\Exceptions\PageNotFoundException: Controller or its method is not found: \App\Controllers\Js::article.js in C:\xampp\htdocs\www\PHP\NestiECommerce\vendor\codeigniter4\framework\system\CodeIgniter.php:896
Stack trace:
#0 C:\xampp\htdocs\www\PHP\NestiECommerce\vendor\codeigniter4\framework\system\CodeIgniter.php(896): CodeIgniter\Exceptions\PageNotFoundException::forControllerNotFound('\\App\\Controller...', 'article.js')
#1 C:\xampp\htdocs\www\PHP\NestiECommerce\vendor\codeigniter4\framework\system\CodeIgniter.php(418): CodeIgniter\CodeIgniter->startController()
#2 C:\xampp\htdocs\www\PHP\NestiECommerce\vendor\codeigniter4\framework\system\CodeIgniter.php(334): CodeIgniter\CodeIgniter->handleRequest(NULL, Object(Config\Cache), false)
#3 C:\xampp\htdocs\www\PHP\NestiECommerce\public\index.php(44): CodeIgniter\CodeIgniter->run()
#4 {main}
  thrown
#0 [internal function]: CodeIgniter\Debug\Exceptions->shutdownHandler()
#1 {main}
CRITICAL - 2021-05-04 10:47:16 --> Uncaught CodeIgniter\Exceptions\PageNotFoundException: Controller or its method is not found: \App\Controllers\Css::article.css in C:\xampp\htdocs\www\PHP\NestiECommerce\vendor\codeigniter4\framework\system\CodeIgniter.php:896
Stack trace:
#0 C:\xampp\htdocs\www\PHP\NestiECommerce\vendor\codeigniter4\framework\system\CodeIgniter.php(896): CodeIgniter\Exceptions\PageNotFoundException::forControllerNotFound('\\App\\Controller...', 'article.css')
#1 C:\xampp\htdocs\www\PHP\NestiECommerce\vendor\codeigniter4\framework\system\CodeIgniter.php(418): CodeIgniter\CodeIgniter->startController()
#2 C:\xampp\htdocs\www\PHP\NestiECommerce\vendor\codeigniter4\framework\system\CodeIgniter.php(334): CodeIgniter\CodeIgniter->handleRequest(NULL, Object(Config\Cache), false)
#3 C:\xampp\htdocs\www\PHP\NestiECommerce\public\index.php(44): CodeIgniter\CodeIgniter->run()
#4 {main}
  thrown
#0 [internal function]: CodeIgniter\Debug\Exceptions->shutdownHandler()
#1 {main}
CRITICAL - 2021-05-04 10:50:19 --> Uncaught BadMethodCallException: Call to undefined method App\Models\ArticleModel::getImage in C:\xampp\htdocs\www\PHP\NestiECommerce\vendor\codeigniter4\framework\system\Model.php:845
Stack trace:
#0 C:\xampp\htdocs\www\PHP\NestiECommerce\app\Controllers\ArticleController.php(18): CodeIgniter\Model->__call('getImage', Array)
#1 C:\xampp\htdocs\www\PHP\NestiECommerce\vendor\codeigniter4\framework\system\CodeIgniter.php(937): App\Controllers\ArticleController->list()
#2 C:\xampp\htdocs\www\PHP\NestiECommerce\vendor\codeigniter4\framework\system\CodeIgniter.php(433): CodeIgniter\CodeIgniter->runController(Object(App\Controllers\ArticleController))
#3 C:\xampp\htdocs\www\PHP\NestiECommerce\vendor\codeigniter4\framework\system\CodeIgniter.php(334): CodeIgniter\CodeIgniter->handleRequest(NULL, Object(Config\Cache), false)
#4 C:\xampp\htdocs\www\PHP\NestiECommerce\public\index.php(44): CodeIgniter\CodeIgniter->run()
#5 {main}
  thrown
#0 [internal function]: CodeIgniter\Debug\Exceptions->shutdownHandler()
#1 {main}
CRITICAL - 2021-05-04 10:51:05 --> Call to a member function getImage() on array
#0 C:\xampp\htdocs\www\PHP\NestiECommerce\vendor\codeigniter4\framework\system\CodeIgniter.php(937): App\Controllers\ArticleController->list()
#1 C:\xampp\htdocs\www\PHP\NestiECommerce\vendor\codeigniter4\framework\system\CodeIgniter.php(433): CodeIgniter\CodeIgniter->runController(Object(App\Controllers\ArticleController))
#2 C:\xampp\htdocs\www\PHP\NestiECommerce\vendor\codeigniter4\framework\system\CodeIgniter.php(334): CodeIgniter\CodeIgniter->handleRequest(NULL, Object(Config\Cache), false)
#3 C:\xampp\htdocs\www\PHP\NestiECommerce\public\index.php(44): CodeIgniter\CodeIgniter->run()
#4 {main}
CRITICAL - 2021-05-04 10:51:26 --> Call to a member function getImage() on array
#0 C:\xampp\htdocs\www\PHP\NestiECommerce\vendor\codeigniter4\framework\system\CodeIgniter.php(937): App\Controllers\ArticleController->list()
#1 C:\xampp\htdocs\www\PHP\NestiECommerce\vendor\codeigniter4\framework\system\CodeIgniter.php(433): CodeIgniter\CodeIgniter->runController(Object(App\Controllers\ArticleController))
#2 C:\xampp\htdocs\www\PHP\NestiECommerce\vendor\codeigniter4\framework\system\CodeIgniter.php(334): CodeIgniter\CodeIgniter->handleRequest(NULL, Object(Config\Cache), false)
#3 C:\xampp\htdocs\www\PHP\NestiECommerce\public\index.php(44): CodeIgniter\CodeIgniter->run()
#4 {main}
CRITICAL - 2021-05-04 10:51:30 --> Call to a member function getImage() on array
#0 C:\xampp\htdocs\www\PHP\NestiECommerce\vendor\codeigniter4\framework\system\CodeIgniter.php(937): App\Controllers\ArticleController->list()
#1 C:\xampp\htdocs\www\PHP\NestiECommerce\vendor\codeigniter4\framework\system\CodeIgniter.php(433): CodeIgniter\CodeIgniter->runController(Object(App\Controllers\ArticleController))
#2 C:\xampp\htdocs\www\PHP\NestiECommerce\vendor\codeigniter4\framework\system\CodeIgniter.php(334): CodeIgniter\CodeIgniter->handleRequest(NULL, Object(Config\Cache), false)
#3 C:\xampp\htdocs\www\PHP\NestiECommerce\public\index.php(44): CodeIgniter\CodeIgniter->run()
#4 {main}
CRITICAL - 2021-05-04 11:21:46 --> Call to a member function getImage() on array
#0 C:\xampp\htdocs\www\PHP\NestiECommerce\vendor\codeigniter4\framework\system\CodeIgniter.php(937): App\Controllers\ArticleController->list()
#1 C:\xampp\htdocs\www\PHP\NestiECommerce\vendor\codeigniter4\framework\system\CodeIgniter.php(433): CodeIgniter\CodeIgniter->runController(Object(App\Controllers\ArticleController))
#2 C:\xampp\htdocs\www\PHP\NestiECommerce\vendor\codeigniter4\framework\system\CodeIgniter.php(334): CodeIgniter\CodeIgniter->handleRequest(NULL, Object(Config\Cache), false)
#3 C:\xampp\htdocs\www\PHP\NestiECommerce\public\index.php(44): CodeIgniter\CodeIgniter->run()
#4 {main}
CRITICAL - 2021-05-04 11:25:47 --> Call to undefined method App\Models\ArticleModel::getImage
#0 C:\xampp\htdocs\www\PHP\NestiECommerce\app\Controllers\ArticleController.php(17): CodeIgniter\Model->__call('getImage', Array)
#1 C:\xampp\htdocs\www\PHP\NestiECommerce\vendor\codeigniter4\framework\system\CodeIgniter.php(937): App\Controllers\ArticleController->list()
#2 C:\xampp\htdocs\www\PHP\NestiECommerce\vendor\codeigniter4\framework\system\CodeIgniter.php(433): CodeIgniter\CodeIgniter->runController(Object(App\Controllers\ArticleController))
#3 C:\xampp\htdocs\www\PHP\NestiECommerce\vendor\codeigniter4\framework\system\CodeIgniter.php(334): CodeIgniter\CodeIgniter->handleRequest(NULL, Object(Config\Cache), false)
#4 C:\xampp\htdocs\www\PHP\NestiECommerce\public\index.php(44): CodeIgniter\CodeIgniter->run()
#5 {main}
CRITICAL - 2021-05-04 11:26:41 --> Too few arguments to function App\Models\ArticleModel::getImage(), 0 passed in C:\xampp\htdocs\www\PHP\NestiECommerce\app\Controllers\ArticleController.php on line 17 and exactly 1 expected
#0 C:\xampp\htdocs\www\PHP\NestiECommerce\app\Controllers\ArticleController.php(17): App\Models\ArticleModel->getImage()
#1 C:\xampp\htdocs\www\PHP\NestiECommerce\vendor\codeigniter4\framework\system\CodeIgniter.php(937): App\Controllers\ArticleController->list()
#2 C:\xampp\htdocs\www\PHP\NestiECommerce\vendor\codeigniter4\framework\system\CodeIgniter.php(433): CodeIgniter\CodeIgniter->runController(Object(App\Controllers\ArticleController))
#3 C:\xampp\htdocs\www\PHP\NestiECommerce\vendor\codeigniter4\framework\system\CodeIgniter.php(334): CodeIgniter\CodeIgniter->handleRequest(NULL, Object(Config\Cache), false)
#4 C:\xampp\htdocs\www\PHP\NestiECommerce\public\index.php(44): CodeIgniter\CodeIgniter->run()
#5 {main}
CRITICAL - 2021-05-04 11:27:13 --> Attempt to read property "idImage" on array
#0 C:\xampp\htdocs\www\PHP\NestiECommerce\app\Controllers\ArticleController.php(17): CodeIgniter\Debug\Exceptions->errorHandler(2, 'Attempt to read...', 'C:\\xampp\\htdocs...', 17)
#1 C:\xampp\htdocs\www\PHP\NestiECommerce\vendor\codeigniter4\framework\system\CodeIgniter.php(937): App\Controllers\ArticleController->list()
#2 C:\xampp\htdocs\www\PHP\NestiECommerce\vendor\codeigniter4\framework\system\CodeIgniter.php(433): CodeIgniter\CodeIgniter->runController(Object(App\Controllers\ArticleController))
#3 C:\xampp\htdocs\www\PHP\NestiECommerce\vendor\codeigniter4\framework\system\CodeIgniter.php(334): CodeIgniter\CodeIgniter->handleRequest(NULL, Object(Config\Cache), false)
#4 C:\xampp\htdocs\www\PHP\NestiECommerce\public\index.php(44): CodeIgniter\CodeIgniter->run()
#5 {main}
CRITICAL - 2021-05-04 11:39:32 --> Attempt to read property "idImage" on array
#0 C:\xampp\htdocs\www\PHP\NestiECommerce\app\Controllers\ArticleController.php(17): CodeIgniter\Debug\Exceptions->errorHandler(2, 'Attempt to read...', 'C:\\xampp\\htdocs...', 17)
#1 C:\xampp\htdocs\www\PHP\NestiECommerce\vendor\codeigniter4\framework\system\CodeIgniter.php(937): App\Controllers\ArticleController->list()
#2 C:\xampp\htdocs\www\PHP\NestiECommerce\vendor\codeigniter4\framework\system\CodeIgniter.php(433): CodeIgniter\CodeIgniter->runController(Object(App\Controllers\ArticleController))
#3 C:\xampp\htdocs\www\PHP\NestiECommerce\vendor\codeigniter4\framework\system\CodeIgniter.php(334): CodeIgniter\CodeIgniter->handleRequest(NULL, Object(Config\Cache), false)
#4 C:\xampp\htdocs\www\PHP\NestiECommerce\public\index.php(44): CodeIgniter\CodeIgniter->run()
#5 {main}
CRITICAL - 2021-05-04 12:24:29 --> Call to undefined method CodeIgniter\Database\MySQLi\Result::isPassword()
#0 C:\xampp\htdocs\www\PHP\NestiECommerce\app\Controllers\Home.php(9): App\Controllers\UsersController::getLoggedInUser()
#1 C:\xampp\htdocs\www\PHP\NestiECommerce\vendor\codeigniter4\framework\system\CodeIgniter.php(937): App\Controllers\Home->index()
#2 C:\xampp\htdocs\www\PHP\NestiECommerce\vendor\codeigniter4\framework\system\CodeIgniter.php(433): CodeIgniter\CodeIgniter->runController(Object(App\Controllers\Home))
#3 C:\xampp\htdocs\www\PHP\NestiECommerce\vendor\codeigniter4\framework\system\CodeIgniter.php(334): CodeIgniter\CodeIgniter->handleRequest(NULL, Object(Config\Cache), false)
#4 C:\xampp\htdocs\www\PHP\NestiECommerce\public\index.php(44): CodeIgniter\CodeIgniter->run()
#5 {main}
ERROR - 2021-05-04 12:26:05 --> mysqli_sql_exception: Table 'nesti_php.image' doesn't exist in C:\xampp\htdocs\www\PHP\NestiECommerce\vendor\codeigniter4\framework\system\Database\MySQLi\Connection.php:314
Stack trace:
#0 C:\xampp\htdocs\www\PHP\NestiECommerce\vendor\codeigniter4\framework\system\Database\MySQLi\Connection.php(314): mysqli->query('SELECT *\nFROM `...')
#1 C:\xampp\htdocs\www\PHP\NestiECommerce\vendor\codeigniter4\framework\system\Database\BaseConnection.php(713): CodeIgniter\Database\MySQLi\Connection->execute('SELECT *\nFROM `...')
#2 C:\xampp\htdocs\www\PHP\NestiECommerce\vendor\codeigniter4\framework\system\Database\BaseConnection.php(641): CodeIgniter\Database\BaseConnection->simpleQuery('SELECT *\nFROM `...')
#3 C:\xampp\htdocs\www\PHP\NestiECommerce\vendor\codeigniter4\framework\system\Database\BaseBuilder.php(1866): CodeIgniter\Database\BaseConnection->query('SELECT *\nFROM `...', Array, false)
#4 C:\xampp\htdocs\www\PHP\NestiECommerce\app\Models\ArticleModel.php(24): CodeIgniter\Database\BaseBuilder->get()
#5 C:\xampp\htdocs\www\PHP\NestiECommerce\app\Controllers\ArticleController.php(15): App\Models\ArticleModel->findArticles()
#6 C:\xampp\htdocs\www\PHP\NestiECommerce\vendor\codeigniter4\framework\system\CodeIgniter.php(937): App\Controllers\ArticleController->list()
#7 C:\xampp\htdocs\www\PHP\NestiECommerce\vendor\codeigniter4\framework\system\CodeIgniter.php(433): CodeIgniter\CodeIgniter->runController(Object(App\Controllers\ArticleController))
#8 C:\xampp\htdocs\www\PHP\NestiECommerce\vendor\codeigniter4\framework\system\CodeIgniter.php(334): CodeIgniter\CodeIgniter->handleRequest(NULL, Object(Config\Cache), false)
#9 C:\xampp\htdocs\www\PHP\NestiECommerce\public\index.php(44): CodeIgniter\CodeIgniter->run()
#10 {main}
CRITICAL - 2021-05-04 12:26:06 --> Table 'nesti_php.image' doesn't exist
#0 C:\xampp\htdocs\www\PHP\NestiECommerce\vendor\codeigniter4\framework\system\Database\MySQLi\Connection.php(314): mysqli->query('SELECT *\nFROM `...')
#1 C:\xampp\htdocs\www\PHP\NestiECommerce\vendor\codeigniter4\framework\system\Database\BaseConnection.php(713): CodeIgniter\Database\MySQLi\Connection->execute('SELECT *\nFROM `...')
#2 C:\xampp\htdocs\www\PHP\NestiECommerce\vendor\codeigniter4\framework\system\Database\BaseConnection.php(641): CodeIgniter\Database\BaseConnection->simpleQuery('SELECT *\nFROM `...')
#3 C:\xampp\htdocs\www\PHP\NestiECommerce\vendor\codeigniter4\framework\system\Database\BaseBuilder.php(1866): CodeIgniter\Database\BaseConnection->query('SELECT *\nFROM `...', Array, false)
#4 C:\xampp\htdocs\www\PHP\NestiECommerce\app\Models\ArticleModel.php(24): CodeIgniter\Database\BaseBuilder->get()
#5 C:\xampp\htdocs\www\PHP\NestiECommerce\app\Controllers\ArticleController.php(15): App\Models\ArticleModel->findArticles()
#6 C:\xampp\htdocs\www\PHP\NestiECommerce\vendor\codeigniter4\framework\system\CodeIgniter.php(937): App\Controllers\ArticleController->list()
#7 C:\xampp\htdocs\www\PHP\NestiECommerce\vendor\codeigniter4\framework\system\CodeIgniter.php(433): CodeIgniter\CodeIgniter->runController(Object(App\Controllers\ArticleController))
#8 C:\xampp\htdocs\www\PHP\NestiECommerce\vendor\codeigniter4\framework\system\CodeIgniter.php(334): CodeIgniter\CodeIgniter->handleRequest(NULL, Object(Config\Cache), false)
#9 C:\xampp\htdocs\www\PHP\NestiECommerce\public\index.php(44): CodeIgniter\CodeIgniter->run()
#10 {main}
CRITICAL - 2021-05-04 12:28:28 --> Uncaught CodeIgniter\Exceptions\PageNotFoundException: Controller or its method is not found: \App\Controllers\Images::ingredients in C:\xampp\htdocs\www\PHP\NestiECommerce\vendor\codeigniter4\framework\system\CodeIgniter.php:896
Stack trace:
#0 C:\xampp\htdocs\www\PHP\NestiECommerce\vendor\codeigniter4\framework\system\CodeIgniter.php(896): CodeIgniter\Exceptions\PageNotFoundException::forControllerNotFound('\\App\\Controller...', 'ingredients')
#1 C:\xampp\htdocs\www\PHP\NestiECommerce\vendor\codeigniter4\framework\system\CodeIgniter.php(418): CodeIgniter\CodeIgniter->startController()
#2 C:\xampp\htdocs\www\PHP\NestiECommerce\vendor\codeigniter4\framework\system\CodeIgniter.php(334): CodeIgniter\CodeIgniter->handleRequest(NULL, Object(Config\Cache), false)
#3 C:\xampp\htdocs\www\PHP\NestiECommerce\public\index.php(44): CodeIgniter\CodeIgniter->run()
#4 {main}
  thrown
#0 [internal function]: CodeIgniter\Debug\Exceptions->shutdownHandler()
#1 {main}
CRITICAL - 2021-05-04 12:28:28 --> Uncaught CodeIgniter\Exceptions\PageNotFoundException: Controller or its method is not found: \App\Controllers\Js::article.js in C:\xampp\htdocs\www\PHP\NestiECommerce\vendor\codeigniter4\framework\system\CodeIgniter.php:896
Stack trace:
#0 C:\xampp\htdocs\www\PHP\NestiECommerce\vendor\codeigniter4\framework\system\CodeIgniter.php(896): CodeIgniter\Exceptions\PageNotFoundException::forControllerNotFound('\\App\\Controller...', 'article.js')
#1 C:\xampp\htdocs\www\PHP\NestiECommerce\vendor\codeigniter4\framework\system\CodeIgniter.php(418): CodeIgniter\CodeIgniter->startController()
#2 C:\xampp\htdocs\www\PHP\NestiECommerce\vendor\codeigniter4\framework\system\CodeIgniter.php(334): CodeIgniter\CodeIgniter->handleRequest(NULL, Object(Config\Cache), false)
#3 C:\xampp\htdocs\www\PHP\NestiECommerce\public\index.php(44): CodeIgniter\CodeIgniter->run()
#4 {main}
  thrown
#0 [internal function]: CodeIgniter\Debug\Exceptions->shutdownHandler()
#1 {main}
CRITICAL - 2021-05-04 12:28:28 --> Uncaught CodeIgniter\Exceptions\PageNotFoundException: Controller or its method is not found: \App\Controllers\Images::ingredients in C:\xampp\htdocs\www\PHP\NestiECommerce\vendor\codeigniter4\framework\system\CodeIgniter.php:896
Stack trace:
#0 C:\xampp\htdocs\www\PHP\NestiECommerce\vendor\codeigniter4\framework\system\CodeIgniter.php(896): CodeIgniter\Exceptions\PageNotFoundException::forControllerNotFound('\\App\\Controller...', 'ingredients')
#1 C:\xampp\htdocs\www\PHP\NestiECommerce\vendor\codeigniter4\framework\system\CodeIgniter.php(418): CodeIgniter\CodeIgniter->startController()
#2 C:\xampp\htdocs\www\PHP\NestiECommerce\vendor\codeigniter4\framework\system\CodeIgniter.php(334): CodeIgniter\CodeIgniter->handleRequest(NULL, Object(Config\Cache), false)
#3 C:\xampp\htdocs\www\PHP\NestiECommerce\public\index.php(44): CodeIgniter\CodeIgniter->run()
#4 {main}
  thrown
#0 [internal function]: CodeIgniter\Debug\Exceptions->shutdownHandler()
#1 {main}
CRITICAL - 2021-05-04 15:06:53 --> Uncaught CodeIgniter\Security\Exceptions\SecurityException: The action you requested is not allowed. in C:\xampp\htdocs\www\PHP\NestiECommerce\vendor\codeigniter4\framework\system\Security\Security.php:231
Stack trace:
#0 C:\xampp\htdocs\www\PHP\NestiECommerce\vendor\codeigniter4\framework\system\Security\Security.php(231): CodeIgniter\Security\Exceptions\SecurityException::forDisallowedAction()
#1 C:\xampp\htdocs\www\PHP\NestiECommerce\vendor\codeigniter4\framework\system\Filters\CSRF.php(57): CodeIgniter\Security\Security->verify(Object(CodeIgniter\HTTP\IncomingRequest))
#2 C:\xampp\htdocs\www\PHP\NestiECommerce\vendor\codeigniter4\framework\system\Filters\Filters.php(181): CodeIgniter\Filters\CSRF->before(Object(CodeIgniter\HTTP\IncomingRequest), NULL)
#3 C:\xampp\htdocs\www\PHP\NestiECommerce\vendor\codeigniter4\framework\system\CodeIgniter.php(404): CodeIgniter\Filters\Filters->run('connexion', 'before')
#4 C:\xampp\htdocs\www\PHP\NestiECommerce\vendor\codeigniter4\framework\system\CodeIgniter.php(334): CodeIgniter\CodeIgniter->handleRequest(NULL, Object(Config\Cache), false)
#5 C:\xampp\htdocs\www\PHP\NestiECommerce\public\index.php(44): CodeIgniter\CodeIgniter->run()
#6 {main}
  thrown
#0 [internal function]: CodeIgniter\Debug\Exceptions->shutdownHandler()
#1 {main}
CRITICAL - 2021-05-04 15:06:53 --> Uncaught CodeIgniter\Security\Exceptions\SecurityException: The action you requested is not allowed. in C:\xampp\htdocs\www\PHP\NestiECommerce\vendor\codeigniter4\framework\system\Security\Security.php:231
Stack trace:
#0 C:\xampp\htdocs\www\PHP\NestiECommerce\vendor\codeigniter4\framework\system\Security\Security.php(231): CodeIgniter\Security\Exceptions\SecurityException::forDisallowedAction()
#1 C:\xampp\htdocs\www\PHP\NestiECommerce\vendor\codeigniter4\framework\system\Filters\CSRF.php(57): CodeIgniter\Security\Security->verify(Object(CodeIgniter\HTTP\IncomingRequest))
#2 C:\xampp\htdocs\www\PHP\NestiECommerce\vendor\codeigniter4\framework\system\Filters\Filters.php(181): CodeIgniter\Filters\CSRF->before(Object(CodeIgniter\HTTP\IncomingRequest), NULL)
#3 C:\xampp\htdocs\www\PHP\NestiECommerce\vendor\codeigniter4\framework\system\CodeIgniter.php(404): CodeIgniter\Filters\Filters->run('connexion', 'before')
#4 C:\xampp\htdocs\www\PHP\NestiECommerce\vendor\codeigniter4\framework\system\CodeIgniter.php(334): CodeIgniter\CodeIgniter->handleRequest(NULL, Object(Config\Cache), false)
#5 C:\xampp\htdocs\www\PHP\NestiECommerce\public\index.php(44): CodeIgniter\CodeIgniter->run()
#6 {main}
  thrown
#0 [internal function]: CodeIgniter\Debug\Exceptions->shutdownHandler()
#1 {main}
CRITICAL - 2021-05-04 15:31:10 --> Call to undefined method App\Models\ArticleModel::getPrice
#0 C:\xampp\htdocs\www\PHP\NestiECommerce\app\Controllers\ArticleController.php(22): CodeIgniter\Model->__call('getPrice', Array)
#1 C:\xampp\htdocs\www\PHP\NestiECommerce\vendor\codeigniter4\framework\system\CodeIgniter.php(937): App\Controllers\ArticleController->list()
#2 C:\xampp\htdocs\www\PHP\NestiECommerce\vendor\codeigniter4\framework\system\CodeIgniter.php(433): CodeIgniter\CodeIgniter->runController(Object(App\Controllers\ArticleController))
#3 C:\xampp\htdocs\www\PHP\NestiECommerce\vendor\codeigniter4\framework\system\CodeIgniter.php(334): CodeIgniter\CodeIgniter->handleRequest(NULL, Object(Config\Cache), false)
#4 C:\xampp\htdocs\www\PHP\NestiECommerce\public\index.php(44): CodeIgniter\CodeIgniter->run()
#5 {main}
CRITICAL - 2021-05-04 15:32:12 --> Too few arguments to function App\Models\ArticleModel::getPrice(), 0 passed in C:\xampp\htdocs\www\PHP\NestiECommerce\app\Controllers\ArticleController.php on line 22 and exactly 1 expected
#0 C:\xampp\htdocs\www\PHP\NestiECommerce\app\Controllers\ArticleController.php(22): App\Models\ArticleModel->getPrice()
#1 C:\xampp\htdocs\www\PHP\NestiECommerce\vendor\codeigniter4\framework\system\CodeIgniter.php(937): App\Controllers\ArticleController->list()
#2 C:\xampp\htdocs\www\PHP\NestiECommerce\vendor\codeigniter4\framework\system\CodeIgniter.php(433): CodeIgniter\CodeIgniter->runController(Object(App\Controllers\ArticleController))
#3 C:\xampp\htdocs\www\PHP\NestiECommerce\vendor\codeigniter4\framework\system\CodeIgniter.php(334): CodeIgniter\CodeIgniter->handleRequest(NULL, Object(Config\Cache), false)
#4 C:\xampp\htdocs\www\PHP\NestiECommerce\public\index.php(44): CodeIgniter\CodeIgniter->run()
#5 {main}
CRITICAL - 2021-05-04 16:19:09 --> Uncaught CodeIgniter\Exceptions\PageNotFoundException: Controller or its method is not found: \App\Controllers\Js::article.js in C:\xampp\htdocs\www\PHP\NestiECommerce\vendor\codeigniter4\framework\system\CodeIgniter.php:896
Stack trace:
#0 C:\xampp\htdocs\www\PHP\NestiECommerce\vendor\codeigniter4\framework\system\CodeIgniter.php(896): CodeIgniter\Exceptions\PageNotFoundException::forControllerNotFound('\\App\\Controller...', 'article.js')
#1 C:\xampp\htdocs\www\PHP\NestiECommerce\vendor\codeigniter4\framework\system\CodeIgniter.php(418): CodeIgniter\CodeIgniter->startController()
#2 C:\xampp\htdocs\www\PHP\NestiECommerce\vendor\codeigniter4\framework\system\CodeIgniter.php(334): CodeIgniter\CodeIgniter->handleRequest(NULL, Object(Config\Cache), false)
#3 C:\xampp\htdocs\www\PHP\NestiECommerce\public\index.php(44): CodeIgniter\CodeIgniter->run()
#4 {main}
  thrown
#0 [internal function]: CodeIgniter\Debug\Exceptions->shutdownHandler()
#1 {main}
CRITICAL - 2021-05-04 16:19:13 --> A template that extends another one cannot include content outside Twig blocks. Did you forget to put the content inside a {% block %} tag?
#0 C:\xampp\htdocs\www\PHP\NestiECommerce\vendor\twig\twig\src\Parser.php(342): Twig\Parser->filterBodyNodes(Object(Twig\Node\TextNode), false)
#1 C:\xampp\htdocs\www\PHP\NestiECommerce\vendor\twig\twig\src\Parser.php(86): Twig\Parser->filterBodyNodes(Object(Twig\Node\Node))
#2 C:\xampp\htdocs\www\PHP\NestiECommerce\vendor\twig\twig\src\Environment.php(479): Twig\Parser->parse(Object(Twig\TokenStream))
#3 C:\xampp\htdocs\www\PHP\NestiECommerce\vendor\twig\twig\src\Environment.php(507): Twig\Environment->parse(Object(Twig\TokenStream))
#4 C:\xampp\htdocs\www\PHP\NestiECommerce\vendor\twig\twig\src\Environment.php(348): Twig\Environment->compileSource(Object(Twig\Source))
#5 C:\xampp\htdocs\www\PHP\NestiECommerce\vendor\twig\twig\src\Environment.php(309): Twig\Environment->loadTemplate('__TwigTemplate_...', 'article/list.tw...')
#6 C:\xampp\htdocs\www\PHP\NestiECommerce\vendor\twig\twig\src\Environment.php(277): Twig\Environment->load('article/list.tw...')
#7 C:\xampp\htdocs\www\PHP\NestiECommerce\vendor\kenjis\codeigniter-ss-twig\src\CI4Twig\Twig.php(177): Twig\Environment->render('article/list.tw...', Array)
#8 C:\xampp\htdocs\www\PHP\NestiECommerce\vendor\kenjis\codeigniter-ss-twig\src\CI4Twig\Twig.php(156): Kenjis\CI4Twig\Twig->render('article/list.tw...', Array)
#9 C:\xampp\htdocs\www\PHP\NestiECommerce\app\Controllers\ArticleController.php(26): Kenjis\CI4Twig\Twig->display('article/list', Array)
#10 C:\xampp\htdocs\www\PHP\NestiECommerce\vendor\codeigniter4\framework\system\CodeIgniter.php(937): App\Controllers\ArticleController->list()
#11 C:\xampp\htdocs\www\PHP\NestiECommerce\vendor\codeigniter4\framework\system\CodeIgniter.php(433): CodeIgniter\CodeIgniter->runController(Object(App\Controllers\ArticleController))
#12 C:\xampp\htdocs\www\PHP\NestiECommerce\vendor\codeigniter4\framework\system\CodeIgniter.php(334): CodeIgniter\CodeIgniter->handleRequest(NULL, Object(Config\Cache), false)
#13 C:\xampp\htdocs\www\PHP\NestiECommerce\public\index.php(44): CodeIgniter\CodeIgniter->run()
#14 {main}
CRITICAL - 2021-05-04 16:19:41 --> A template that extends another one cannot include content outside Twig blocks. Did you forget to put the content inside a {% block %} tag?
#0 C:\xampp\htdocs\www\PHP\NestiECommerce\vendor\twig\twig\src\Parser.php(342): Twig\Parser->filterBodyNodes(Object(Twig\Node\TextNode), false)
#1 C:\xampp\htdocs\www\PHP\NestiECommerce\vendor\twig\twig\src\Parser.php(86): Twig\Parser->filterBodyNodes(Object(Twig\Node\Node))
#2 C:\xampp\htdocs\www\PHP\NestiECommerce\vendor\twig\twig\src\Environment.php(479): Twig\Parser->parse(Object(Twig\TokenStream))
#3 C:\xampp\htdocs\www\PHP\NestiECommerce\vendor\twig\twig\src\Environment.php(507): Twig\Environment->parse(Object(Twig\TokenStream))
#4 C:\xampp\htdocs\www\PHP\NestiECommerce\vendor\twig\twig\src\Environment.php(348): Twig\Environment->compileSource(Object(Twig\Source))
#5 C:\xampp\htdocs\www\PHP\NestiECommerce\vendor\twig\twig\src\Environment.php(309): Twig\Environment->loadTemplate('__TwigTemplate_...', 'article/list.tw...')
#6 C:\xampp\htdocs\www\PHP\NestiECommerce\vendor\twig\twig\src\Environment.php(277): Twig\Environment->load('article/list.tw...')
#7 C:\xampp\htdocs\www\PHP\NestiECommerce\vendor\kenjis\codeigniter-ss-twig\src\CI4Twig\Twig.php(177): Twig\Environment->render('article/list.tw...', Array)
#8 C:\xampp\htdocs\www\PHP\NestiECommerce\vendor\kenjis\codeigniter-ss-twig\src\CI4Twig\Twig.php(156): Kenjis\CI4Twig\Twig->render('article/list.tw...', Array)
#9 C:\xampp\htdocs\www\PHP\NestiECommerce\app\Controllers\ArticleController.php(26): Kenjis\CI4Twig\Twig->display('article/list', Array)
#10 C:\xampp\htdocs\www\PHP\NestiECommerce\vendor\codeigniter4\framework\system\CodeIgniter.php(937): App\Controllers\ArticleController->list()
#11 C:\xampp\htdocs\www\PHP\NestiECommerce\vendor\codeigniter4\framework\system\CodeIgniter.php(433): CodeIgniter\CodeIgniter->runController(Object(App\Controllers\ArticleController))
#12 C:\xampp\htdocs\www\PHP\NestiECommerce\vendor\codeigniter4\framework\system\CodeIgniter.php(334): CodeIgniter\CodeIgniter->handleRequest(NULL, Object(Config\Cache), false)
#13 C:\xampp\htdocs\www\PHP\NestiECommerce\public\index.php(44): CodeIgniter\CodeIgniter->run()
#14 {main}
CRITICAL - 2021-05-04 16:22:32 --> Object of class App\Models\ArticleModel could not be converted to string
#0 C:\xampp\htdocs\www\PHP\NestiECommerce\vendor\twig\twig\src\Template.php(171): __TwigTemplate_313bf1f4f54ab9387a4d0f978641ff0fe8f9c1d79ab9a357c157aaa7c8cde116->block_body(Array, Array)
#1 C:\xampp\htdocs\www\PHP\NestiECommerce\writable\cache\twig\de\de1f96441334b04068d349f6b2db0a5fd65ab34ca18b03fd2eb031fb20bf2495.php(72): Twig\Template->displayBlock('body', Array, Array)
#2 C:\xampp\htdocs\www\PHP\NestiECommerce\vendor\twig\twig\src\Template.php(394): __TwigTemplate_b4d35fabcb46cd59ae1a2e5d5f8051bcae24104f676327e01bf53e39fa4b904a->doDisplay(Array, Array)
#3 C:\xampp\htdocs\www\PHP\NestiECommerce\vendor\twig\twig\src\Template.php(367): Twig\Template->displayWithErrorHandling(Array, Array)
#4 C:\xampp\htdocs\www\PHP\NestiECommerce\writable\cache\twig\05\05fc5b3b33315423ead8658d1d42a91cfa013ad95156ef8c27800b0cb60f6c11.php(43): Twig\Template->display(Array, Array)
#5 C:\xampp\htdocs\www\PHP\NestiECommerce\vendor\twig\twig\src\Template.php(394): __TwigTemplate_313bf1f4f54ab9387a4d0f978641ff0fe8f9c1d79ab9a357c157aaa7c8cde116->doDisplay(Array, Array)
#6 C:\xampp\htdocs\www\PHP\NestiECommerce\vendor\twig\twig\src\Template.php(367): Twig\Template->displayWithErrorHandling(Array, Array)
#7 C:\xampp\htdocs\www\PHP\NestiECommerce\vendor\twig\twig\src\Template.php(379): Twig\Template->display(Array)
#8 C:\xampp\htdocs\www\PHP\NestiECommerce\vendor\twig\twig\src\TemplateWrapper.php(40): Twig\Template->render(Array, Array)
#9 C:\xampp\htdocs\www\PHP\NestiECommerce\vendor\twig\twig\src\Environment.php(277): Twig\TemplateWrapper->render(Array)
#10 C:\xampp\htdocs\www\PHP\NestiECommerce\vendor\kenjis\codeigniter-ss-twig\src\CI4Twig\Twig.php(177): Twig\Environment->render('article/list.tw...', Array)
#11 C:\xampp\htdocs\www\PHP\NestiECommerce\vendor\kenjis\codeigniter-ss-twig\src\CI4Twig\Twig.php(156): Kenjis\CI4Twig\Twig->render('article/list.tw...', Array)
#12 C:\xampp\htdocs\www\PHP\NestiECommerce\app\Controllers\ArticleController.php(27): Kenjis\CI4Twig\Twig->display('article/list', Array)
#13 C:\xampp\htdocs\www\PHP\NestiECommerce\vendor\codeigniter4\framework\system\CodeIgniter.php(937): App\Controllers\ArticleController->list()
#14 C:\xampp\htdocs\www\PHP\NestiECommerce\vendor\codeigniter4\framework\system\CodeIgniter.php(433): CodeIgniter\CodeIgniter->runController(Object(App\Controllers\ArticleController))
#15 C:\xampp\htdocs\www\PHP\NestiECommerce\vendor\codeigniter4\framework\system\CodeIgniter.php(334): CodeIgniter\CodeIgniter->handleRequest(NULL, Object(Config\Cache), false)
#16 C:\xampp\htdocs\www\PHP\NestiECommerce\public\index.php(44): CodeIgniter\CodeIgniter->run()
#17 {main}
CRITICAL - 2021-05-04 16:22:44 --> Object of class App\Models\ArticleModel could not be converted to string
#0 C:\xampp\htdocs\www\PHP\NestiECommerce\vendor\twig\twig\src\Template.php(171): __TwigTemplate_313bf1f4f54ab9387a4d0f978641ff0fe8f9c1d79ab9a357c157aaa7c8cde116->block_body(Array, Array)
#1 C:\xampp\htdocs\www\PHP\NestiECommerce\writable\cache\twig\de\de1f96441334b04068d349f6b2db0a5fd65ab34ca18b03fd2eb031fb20bf2495.php(72): Twig\Template->displayBlock('body', Array, Array)
#2 C:\xampp\htdocs\www\PHP\NestiECommerce\vendor\twig\twig\src\Template.php(394): __TwigTemplate_b4d35fabcb46cd59ae1a2e5d5f8051bcae24104f676327e01bf53e39fa4b904a->doDisplay(Array, Array)
#3 C:\xampp\htdocs\www\PHP\NestiECommerce\vendor\twig\twig\src\Template.php(367): Twig\Template->displayWithErrorHandling(Array, Array)
#4 C:\xampp\htdocs\www\PHP\NestiECommerce\writable\cache\twig\05\05fc5b3b33315423ead8658d1d42a91cfa013ad95156ef8c27800b0cb60f6c11.php(43): Twig\Template->display(Array, Array)
#5 C:\xampp\htdocs\www\PHP\NestiECommerce\vendor\twig\twig\src\Template.php(394): __TwigTemplate_313bf1f4f54ab9387a4d0f978641ff0fe8f9c1d79ab9a357c157aaa7c8cde116->doDisplay(Array, Array)
#6 C:\xampp\htdocs\www\PHP\NestiECommerce\vendor\twig\twig\src\Template.php(367): Twig\Template->displayWithErrorHandling(Array, Array)
#7 C:\xampp\htdocs\www\PHP\NestiECommerce\vendor\twig\twig\src\Template.php(379): Twig\Template->display(Array)
#8 C:\xampp\htdocs\www\PHP\NestiECommerce\vendor\twig\twig\src\TemplateWrapper.php(40): Twig\Template->render(Array, Array)
#9 C:\xampp\htdocs\www\PHP\NestiECommerce\vendor\twig\twig\src\Environment.php(277): Twig\TemplateWrapper->render(Array)
#10 C:\xampp\htdocs\www\PHP\NestiECommerce\vendor\kenjis\codeigniter-ss-twig\src\CI4Twig\Twig.php(177): Twig\Environment->render('article/list.tw...', Array)
#11 C:\xampp\htdocs\www\PHP\NestiECommerce\vendor\kenjis\codeigniter-ss-twig\src\CI4Twig\Twig.php(156): Kenjis\CI4Twig\Twig->render('article/list.tw...', Array)
#12 C:\xampp\htdocs\www\PHP\NestiECommerce\app\Controllers\ArticleController.php(27): Kenjis\CI4Twig\Twig->display('article/list', Array)
#13 C:\xampp\htdocs\www\PHP\NestiECommerce\vendor\codeigniter4\framework\system\CodeIgniter.php(937): App\Controllers\ArticleController->list()
#14 C:\xampp\htdocs\www\PHP\NestiECommerce\vendor\codeigniter4\framework\system\CodeIgniter.php(433): CodeIgniter\CodeIgniter->runController(Object(App\Controllers\ArticleController))
#15 C:\xampp\htdocs\www\PHP\NestiECommerce\vendor\codeigniter4\framework\system\CodeIgniter.php(334): CodeIgniter\CodeIgniter->handleRequest(NULL, Object(Config\Cache), false)
#16 C:\xampp\htdocs\www\PHP\NestiECommerce\public\index.php(44): CodeIgniter\CodeIgniter->run()
#17 {main}
