CRITICAL - 2021-03-11 03:22:17 --> Unable to find template "home.html.twig" (looked into: C:\xampp\htdocs\www\PHP\CodeIgniterTP\app\Views).
#0 C:\xampp\htdocs\www\PHP\CodeIgniterTP\vendor\twig\twig\src\Loader\FilesystemLoader.php(131): Twig\Loader\FilesystemLoader->findTemplate('home.html.twig')
#1 C:\xampp\htdocs\www\PHP\CodeIgniterTP\vendor\twig\twig\src\Environment.php(261): Twig\Loader\FilesystemLoader->getCacheKey('home.html.twig')
#2 C:\xampp\htdocs\www\PHP\CodeIgniterTP\vendor\twig\twig\src\Environment.php(309): Twig\Environment->getTemplateClass('home.html.twig')
#3 C:\xampp\htdocs\www\PHP\CodeIgniterTP\vendor\twig\twig\src\Environment.php(277): Twig\Environment->load('home.html.twig')
#4 C:\xampp\htdocs\www\PHP\CodeIgniterTP\vendor\kenjis\codeigniter-ss-twig\src\CI4Twig\Twig.php(177): Twig\Environment->render('home.html.twig', Array)
#5 C:\xampp\htdocs\www\PHP\CodeIgniterTP\vendor\kenjis\codeigniter-ss-twig\src\CI4Twig\Twig.php(156): Kenjis\CI4Twig\Twig->render('home.html.twig', Array)
#6 C:\xampp\htdocs\www\PHP\CodeIgniterTP\app\Controllers\Home.php(9): Kenjis\CI4Twig\Twig->display('home.html')
#7 C:\xampp\htdocs\www\PHP\CodeIgniterTP\vendor\codeigniter4\framework\system\CodeIgniter.php(937): App\Controllers\Home->index()
#8 C:\xampp\htdocs\www\PHP\CodeIgniterTP\vendor\codeigniter4\framework\system\CodeIgniter.php(433): CodeIgniter\CodeIgniter->runController(Object(App\Controllers\Home))
#9 C:\xampp\htdocs\www\PHP\CodeIgniterTP\vendor\codeigniter4\framework\system\CodeIgniter.php(334): CodeIgniter\CodeIgniter->handleRequest(NULL, Object(Config\Cache), false)
#10 C:\xampp\htdocs\www\PHP\CodeIgniterTP\public\index.php(44): CodeIgniter\CodeIgniter->run()
#11 {main}
CRITICAL - 2021-03-11 03:22:43 --> Unable to find template "home.html.twig" (looked into: C:\xampp\htdocs\www\PHP\CodeIgniterTP\app\Views).
#0 C:\xampp\htdocs\www\PHP\CodeIgniterTP\vendor\twig\twig\src\Loader\FilesystemLoader.php(131): Twig\Loader\FilesystemLoader->findTemplate('home.html.twig')
#1 C:\xampp\htdocs\www\PHP\CodeIgniterTP\vendor\twig\twig\src\Environment.php(261): Twig\Loader\FilesystemLoader->getCacheKey('home.html.twig')
#2 C:\xampp\htdocs\www\PHP\CodeIgniterTP\vendor\twig\twig\src\Environment.php(309): Twig\Environment->getTemplateClass('home.html.twig')
#3 C:\xampp\htdocs\www\PHP\CodeIgniterTP\vendor\twig\twig\src\Environment.php(277): Twig\Environment->load('home.html.twig')
#4 C:\xampp\htdocs\www\PHP\CodeIgniterTP\vendor\kenjis\codeigniter-ss-twig\src\CI4Twig\Twig.php(177): Twig\Environment->render('home.html.twig', Array)
#5 C:\xampp\htdocs\www\PHP\CodeIgniterTP\vendor\kenjis\codeigniter-ss-twig\src\CI4Twig\Twig.php(156): Kenjis\CI4Twig\Twig->render('home.html.twig', Array)
#6 C:\xampp\htdocs\www\PHP\CodeIgniterTP\app\Controllers\Home.php(9): Kenjis\CI4Twig\Twig->display('home.html')
#7 C:\xampp\htdocs\www\PHP\CodeIgniterTP\vendor\codeigniter4\framework\system\CodeIgniter.php(937): App\Controllers\Home->index()
#8 C:\xampp\htdocs\www\PHP\CodeIgniterTP\vendor\codeigniter4\framework\system\CodeIgniter.php(433): CodeIgniter\CodeIgniter->runController(Object(App\Controllers\Home))
#9 C:\xampp\htdocs\www\PHP\CodeIgniterTP\vendor\codeigniter4\framework\system\CodeIgniter.php(334): CodeIgniter\CodeIgniter->handleRequest(NULL, Object(Config\Cache), false)
#10 C:\xampp\htdocs\www\PHP\CodeIgniterTP\public\index.php(44): CodeIgniter\CodeIgniter->run()
#11 {main}
CRITICAL - 2021-03-11 03:24:54 --> Unable to find template "home.html.twig" (looked into: C:\xampp\htdocs\www\PHP\CodeIgniterTP\app\Views).
#0 C:\xampp\htdocs\www\PHP\CodeIgniterTP\vendor\twig\twig\src\Loader\FilesystemLoader.php(131): Twig\Loader\FilesystemLoader->findTemplate('home.html.twig')
#1 C:\xampp\htdocs\www\PHP\CodeIgniterTP\vendor\twig\twig\src\Environment.php(261): Twig\Loader\FilesystemLoader->getCacheKey('home.html.twig')
#2 C:\xampp\htdocs\www\PHP\CodeIgniterTP\vendor\twig\twig\src\Environment.php(309): Twig\Environment->getTemplateClass('home.html.twig')
#3 C:\xampp\htdocs\www\PHP\CodeIgniterTP\vendor\twig\twig\src\Environment.php(277): Twig\Environment->load('home.html.twig')
#4 C:\xampp\htdocs\www\PHP\CodeIgniterTP\vendor\kenjis\codeigniter-ss-twig\src\CI4Twig\Twig.php(177): Twig\Environment->render('home.html.twig', Array)
#5 C:\xampp\htdocs\www\PHP\CodeIgniterTP\vendor\kenjis\codeigniter-ss-twig\src\CI4Twig\Twig.php(156): Kenjis\CI4Twig\Twig->render('home.html.twig', Array)
#6 C:\xampp\htdocs\www\PHP\CodeIgniterTP\app\Controllers\Home.php(9): Kenjis\CI4Twig\Twig->display('home.html')
#7 C:\xampp\htdocs\www\PHP\CodeIgniterTP\vendor\codeigniter4\framework\system\CodeIgniter.php(937): App\Controllers\Home->index()
#8 C:\xampp\htdocs\www\PHP\CodeIgniterTP\vendor\codeigniter4\framework\system\CodeIgniter.php(433): CodeIgniter\CodeIgniter->runController(Object(App\Controllers\Home))
#9 C:\xampp\htdocs\www\PHP\CodeIgniterTP\vendor\codeigniter4\framework\system\CodeIgniter.php(334): CodeIgniter\CodeIgniter->handleRequest(NULL, Object(Config\Cache), false)
#10 C:\xampp\htdocs\www\PHP\CodeIgniterTP\public\index.php(44): CodeIgniter\CodeIgniter->run()
#11 {main}
CRITICAL - 2021-03-11 03:25:44 --> Unable to find template "layout/partials/_nav.html.twig" (looked into: C:\xampp\htdocs\www\PHP\CodeIgniterTP\app\Views).
#0 C:\xampp\htdocs\www\PHP\CodeIgniterTP\vendor\twig\twig\src\Loader\FilesystemLoader.php(131): Twig\Loader\FilesystemLoader->findTemplate('layout/partials...')
#1 C:\xampp\htdocs\www\PHP\CodeIgniterTP\vendor\twig\twig\src\Environment.php(261): Twig\Loader\FilesystemLoader->getCacheKey('layout/partials...')
#2 C:\xampp\htdocs\www\PHP\CodeIgniterTP\vendor\twig\twig\src\Environment.php(309): Twig\Environment->getTemplateClass('layout/partials...')
#3 C:\xampp\htdocs\www\PHP\CodeIgniterTP\vendor\twig\twig\src\Environment.php(433): Twig\Environment->load('layout/partials...')
#4 C:\xampp\htdocs\www\PHP\CodeIgniterTP\vendor\twig\twig\src\Extension\CoreExtension.php(1258): Twig\Environment->resolveTemplate('layout/partials...')
#5 C:\xampp\htdocs\www\PHP\CodeIgniterTP\writable\cache\twig\0a\0ac5f44503a0c7046b4a84466176fa1ced31dd3fd9d3713b8947ca10a329cf76.php(66): twig_include(Object(Twig\Environment), Array, 'layout/partials...')
#6 C:\xampp\htdocs\www\PHP\CodeIgniterTP\vendor\twig\twig\src\Template.php(394): __TwigTemplate_da5283aca67f00041d8e54381b0e68399880a5e9b7de20b2465f5de53a17ecb1->doDisplay(Array, Array)
#7 C:\xampp\htdocs\www\PHP\CodeIgniterTP\vendor\twig\twig\src\Template.php(367): Twig\Template->displayWithErrorHandling(Array, Array)
#8 C:\xampp\htdocs\www\PHP\CodeIgniterTP\writable\cache\twig\0b\0b8a1e0467c543b92e66435610bad8bc04d3900cf8e5ae74b6019a7483bda017.php(42): Twig\Template->display(Array, Array)
#9 C:\xampp\htdocs\www\PHP\CodeIgniterTP\vendor\twig\twig\src\Template.php(394): __TwigTemplate_02756de6ab725960b9898de0513d551826e28485783dce8d394a1c2dc8759949->doDisplay(Array, Array)
#10 C:\xampp\htdocs\www\PHP\CodeIgniterTP\vendor\twig\twig\src\Template.php(367): Twig\Template->displayWithErrorHandling(Array, Array)
#11 C:\xampp\htdocs\www\PHP\CodeIgniterTP\vendor\twig\twig\src\Template.php(379): Twig\Template->display(Array)
#12 C:\xampp\htdocs\www\PHP\CodeIgniterTP\vendor\twig\twig\src\TemplateWrapper.php(40): Twig\Template->render(Array, Array)
#13 C:\xampp\htdocs\www\PHP\CodeIgniterTP\vendor\twig\twig\src\Environment.php(277): Twig\TemplateWrapper->render(Array)
#14 C:\xampp\htdocs\www\PHP\CodeIgniterTP\vendor\kenjis\codeigniter-ss-twig\src\CI4Twig\Twig.php(177): Twig\Environment->render('home.twig', Array)
#15 C:\xampp\htdocs\www\PHP\CodeIgniterTP\vendor\kenjis\codeigniter-ss-twig\src\CI4Twig\Twig.php(156): Kenjis\CI4Twig\Twig->render('home.twig', Array)
#16 C:\xampp\htdocs\www\PHP\CodeIgniterTP\app\Controllers\Home.php(9): Kenjis\CI4Twig\Twig->display('home')
#17 C:\xampp\htdocs\www\PHP\CodeIgniterTP\vendor\codeigniter4\framework\system\CodeIgniter.php(937): App\Controllers\Home->index()
#18 C:\xampp\htdocs\www\PHP\CodeIgniterTP\vendor\codeigniter4\framework\system\CodeIgniter.php(433): CodeIgniter\CodeIgniter->runController(Object(App\Controllers\Home))
#19 C:\xampp\htdocs\www\PHP\CodeIgniterTP\vendor\codeigniter4\framework\system\CodeIgniter.php(334): CodeIgniter\CodeIgniter->handleRequest(NULL, Object(Config\Cache), false)
#20 C:\xampp\htdocs\www\PHP\CodeIgniterTP\public\index.php(44): CodeIgniter\CodeIgniter->run()
#21 {main}
CRITICAL - 2021-03-11 03:26:09 --> Unable to find template "layout/partials/_nav.html.twig" (looked into: C:\xampp\htdocs\www\PHP\CodeIgniterTP\app\Views).
#0 C:\xampp\htdocs\www\PHP\CodeIgniterTP\vendor\twig\twig\src\Loader\FilesystemLoader.php(131): Twig\Loader\FilesystemLoader->findTemplate('layout/partials...')
#1 C:\xampp\htdocs\www\PHP\CodeIgniterTP\vendor\twig\twig\src\Environment.php(261): Twig\Loader\FilesystemLoader->getCacheKey('layout/partials...')
#2 C:\xampp\htdocs\www\PHP\CodeIgniterTP\vendor\twig\twig\src\Environment.php(309): Twig\Environment->getTemplateClass('layout/partials...')
#3 C:\xampp\htdocs\www\PHP\CodeIgniterTP\vendor\twig\twig\src\Environment.php(433): Twig\Environment->load('layout/partials...')
#4 C:\xampp\htdocs\www\PHP\CodeIgniterTP\vendor\twig\twig\src\Extension\CoreExtension.php(1258): Twig\Environment->resolveTemplate('layout/partials...')
#5 C:\xampp\htdocs\www\PHP\CodeIgniterTP\writable\cache\twig\0a\0ac5f44503a0c7046b4a84466176fa1ced31dd3fd9d3713b8947ca10a329cf76.php(66): twig_include(Object(Twig\Environment), Array, 'layout/partials...')
#6 C:\xampp\htdocs\www\PHP\CodeIgniterTP\vendor\twig\twig\src\Template.php(394): __TwigTemplate_da5283aca67f00041d8e54381b0e68399880a5e9b7de20b2465f5de53a17ecb1->doDisplay(Array, Array)
#7 C:\xampp\htdocs\www\PHP\CodeIgniterTP\vendor\twig\twig\src\Template.php(367): Twig\Template->displayWithErrorHandling(Array, Array)
#8 C:\xampp\htdocs\www\PHP\CodeIgniterTP\writable\cache\twig\0b\0b8a1e0467c543b92e66435610bad8bc04d3900cf8e5ae74b6019a7483bda017.php(42): Twig\Template->display(Array, Array)
#9 C:\xampp\htdocs\www\PHP\CodeIgniterTP\vendor\twig\twig\src\Template.php(394): __TwigTemplate_02756de6ab725960b9898de0513d551826e28485783dce8d394a1c2dc8759949->doDisplay(Array, Array)
#10 C:\xampp\htdocs\www\PHP\CodeIgniterTP\vendor\twig\twig\src\Template.php(367): Twig\Template->displayWithErrorHandling(Array, Array)
#11 C:\xampp\htdocs\www\PHP\CodeIgniterTP\vendor\twig\twig\src\Template.php(379): Twig\Template->display(Array)
#12 C:\xampp\htdocs\www\PHP\CodeIgniterTP\vendor\twig\twig\src\TemplateWrapper.php(40): Twig\Template->render(Array, Array)
#13 C:\xampp\htdocs\www\PHP\CodeIgniterTP\vendor\twig\twig\src\Environment.php(277): Twig\TemplateWrapper->render(Array)
#14 C:\xampp\htdocs\www\PHP\CodeIgniterTP\vendor\kenjis\codeigniter-ss-twig\src\CI4Twig\Twig.php(177): Twig\Environment->render('home.twig', Array)
#15 C:\xampp\htdocs\www\PHP\CodeIgniterTP\vendor\kenjis\codeigniter-ss-twig\src\CI4Twig\Twig.php(156): Kenjis\CI4Twig\Twig->render('home.twig', Array)
#16 C:\xampp\htdocs\www\PHP\CodeIgniterTP\app\Controllers\Home.php(9): Kenjis\CI4Twig\Twig->display('home')
#17 C:\xampp\htdocs\www\PHP\CodeIgniterTP\vendor\codeigniter4\framework\system\CodeIgniter.php(937): App\Controllers\Home->index()
#18 C:\xampp\htdocs\www\PHP\CodeIgniterTP\vendor\codeigniter4\framework\system\CodeIgniter.php(433): CodeIgniter\CodeIgniter->runController(Object(App\Controllers\Home))
#19 C:\xampp\htdocs\www\PHP\CodeIgniterTP\vendor\codeigniter4\framework\system\CodeIgniter.php(334): CodeIgniter\CodeIgniter->handleRequest(NULL, Object(Config\Cache), false)
#20 C:\xampp\htdocs\www\PHP\CodeIgniterTP\public\index.php(44): CodeIgniter\CodeIgniter->run()
#21 {main}
CRITICAL - 2021-03-11 03:26:43 --> Unexpected token "end of statement block" ("name" expected with value "as").
#0 C:\xampp\htdocs\www\PHP\CodeIgniterTP\vendor\twig\twig\src\TokenParser\ImportTokenParser.php(31): Twig\TokenStream->expect(5, 'as')
#1 C:\xampp\htdocs\www\PHP\CodeIgniterTP\vendor\twig\twig\src\Parser.php(171): Twig\TokenParser\ImportTokenParser->parse(Object(Twig\Token))
#2 C:\xampp\htdocs\www\PHP\CodeIgniterTP\vendor\twig\twig\src\Parser.php(84): Twig\Parser->subparse(NULL, false)
#3 C:\xampp\htdocs\www\PHP\CodeIgniterTP\vendor\twig\twig\src\Environment.php(479): Twig\Parser->parse(Object(Twig\TokenStream))
#4 C:\xampp\htdocs\www\PHP\CodeIgniterTP\vendor\twig\twig\src\Environment.php(507): Twig\Environment->parse(Object(Twig\TokenStream))
#5 C:\xampp\htdocs\www\PHP\CodeIgniterTP\vendor\twig\twig\src\Environment.php(348): Twig\Environment->compileSource(Object(Twig\Source))
#6 C:\xampp\htdocs\www\PHP\CodeIgniterTP\vendor\twig\twig\src\Environment.php(309): Twig\Environment->loadTemplate('__TwigTemplate_...', 'tag/searchTag.t...')
#7 C:\xampp\htdocs\www\PHP\CodeIgniterTP\vendor\twig\twig\src\Environment.php(277): Twig\Environment->load('tag/searchTag.t...')
#8 C:\xampp\htdocs\www\PHP\CodeIgniterTP\vendor\kenjis\codeigniter-ss-twig\src\CI4Twig\Twig.php(177): Twig\Environment->render('tag/searchTag.t...', Array)
#9 C:\xampp\htdocs\www\PHP\CodeIgniterTP\vendor\kenjis\codeigniter-ss-twig\src\CI4Twig\Twig.php(156): Kenjis\CI4Twig\Twig->render('tag/searchTag.t...', Array)
#10 C:\xampp\htdocs\www\PHP\CodeIgniterTP\app\Controllers\Tagcontroller.php(67): Kenjis\CI4Twig\Twig->display('tag/searchTag')
#11 C:\xampp\htdocs\www\PHP\CodeIgniterTP\vendor\codeigniter4\framework\system\CodeIgniter.php(937): App\Controllers\Tagcontroller->searchTag()
#12 C:\xampp\htdocs\www\PHP\CodeIgniterTP\vendor\codeigniter4\framework\system\CodeIgniter.php(433): CodeIgniter\CodeIgniter->runController(Object(App\Controllers\Tagcontroller))
#13 C:\xampp\htdocs\www\PHP\CodeIgniterTP\vendor\codeigniter4\framework\system\CodeIgniter.php(334): CodeIgniter\CodeIgniter->handleRequest(NULL, Object(Config\Cache), false)
#14 C:\xampp\htdocs\www\PHP\CodeIgniterTP\public\index.php(44): CodeIgniter\CodeIgniter->run()
#15 {main}
CRITICAL - 2021-03-11 03:27:38 --> Unable to find template "layout/form.twig" (looked into: C:\xampp\htdocs\www\PHP\CodeIgniterTP\app\Views) in "tag/searchTag.twig" at line 2.
#0 C:\xampp\htdocs\www\PHP\CodeIgniterTP\vendor\twig\twig\src\Loader\FilesystemLoader.php(131): Twig\Loader\FilesystemLoader->findTemplate('layout/form.twi...')
#1 C:\xampp\htdocs\www\PHP\CodeIgniterTP\vendor\twig\twig\src\Environment.php(261): Twig\Loader\FilesystemLoader->getCacheKey('layout/form.twi...')
#2 C:\xampp\htdocs\www\PHP\CodeIgniterTP\vendor\twig\twig\src\Template.php(319): Twig\Environment->getTemplateClass('layout/form.twi...')
#3 C:\xampp\htdocs\www\PHP\CodeIgniterTP\writable\cache\twig\15\15088700fb639d1161fd9ea745677adbe7e1e84357de241bebec4c141e1e1576.php(43): Twig\Template->loadTemplate('layout/form.twi...', 'tag/searchTag.t...', 2)
#4 C:\xampp\htdocs\www\PHP\CodeIgniterTP\vendor\twig\twig\src\Template.php(394): __TwigTemplate_a80bf2d9c92a3551c5b24ef6cbebdcb3474cc3b93d24f72e667492b0cad93602->doDisplay(Array, Array)
#5 C:\xampp\htdocs\www\PHP\CodeIgniterTP\vendor\twig\twig\src\Template.php(367): Twig\Template->displayWithErrorHandling(Array, Array)
#6 C:\xampp\htdocs\www\PHP\CodeIgniterTP\vendor\twig\twig\src\Template.php(379): Twig\Template->display(Array)
#7 C:\xampp\htdocs\www\PHP\CodeIgniterTP\vendor\twig\twig\src\TemplateWrapper.php(40): Twig\Template->render(Array, Array)
#8 C:\xampp\htdocs\www\PHP\CodeIgniterTP\vendor\twig\twig\src\Environment.php(277): Twig\TemplateWrapper->render(Array)
#9 C:\xampp\htdocs\www\PHP\CodeIgniterTP\vendor\kenjis\codeigniter-ss-twig\src\CI4Twig\Twig.php(177): Twig\Environment->render('tag/searchTag.t...', Array)
#10 C:\xampp\htdocs\www\PHP\CodeIgniterTP\vendor\kenjis\codeigniter-ss-twig\src\CI4Twig\Twig.php(156): Kenjis\CI4Twig\Twig->render('tag/searchTag.t...', Array)
#11 C:\xampp\htdocs\www\PHP\CodeIgniterTP\app\Controllers\Tagcontroller.php(67): Kenjis\CI4Twig\Twig->display('tag/searchTag')
#12 C:\xampp\htdocs\www\PHP\CodeIgniterTP\vendor\codeigniter4\framework\system\CodeIgniter.php(937): App\Controllers\Tagcontroller->searchTag()
#13 C:\xampp\htdocs\www\PHP\CodeIgniterTP\vendor\codeigniter4\framework\system\CodeIgniter.php(433): CodeIgniter\CodeIgniter->runController(Object(App\Controllers\Tagcontroller))
#14 C:\xampp\htdocs\www\PHP\CodeIgniterTP\vendor\codeigniter4\framework\system\CodeIgniter.php(334): CodeIgniter\CodeIgniter->handleRequest(NULL, Object(Config\Cache), false)
#15 C:\xampp\htdocs\www\PHP\CodeIgniterTP\public\index.php(44): CodeIgniter\CodeIgniter->run()
#16 {main}
CRITICAL - 2021-03-11 03:29:30 --> Unable to find template "tag/editTag.html.twig" (looked into: C:\xampp\htdocs\www\PHP\CodeIgniterTP\app\Views).
#0 C:\xampp\htdocs\www\PHP\CodeIgniterTP\vendor\twig\twig\src\Loader\FilesystemLoader.php(131): Twig\Loader\FilesystemLoader->findTemplate('tag/editTag.htm...')
#1 C:\xampp\htdocs\www\PHP\CodeIgniterTP\vendor\twig\twig\src\Environment.php(261): Twig\Loader\FilesystemLoader->getCacheKey('tag/editTag.htm...')
#2 C:\xampp\htdocs\www\PHP\CodeIgniterTP\vendor\twig\twig\src\Environment.php(309): Twig\Environment->getTemplateClass('tag/editTag.htm...')
#3 C:\xampp\htdocs\www\PHP\CodeIgniterTP\vendor\twig\twig\src\Environment.php(277): Twig\Environment->load('tag/editTag.htm...')
#4 C:\xampp\htdocs\www\PHP\CodeIgniterTP\vendor\kenjis\codeigniter-ss-twig\src\CI4Twig\Twig.php(177): Twig\Environment->render('tag/editTag.htm...', Array)
#5 C:\xampp\htdocs\www\PHP\CodeIgniterTP\vendor\kenjis\codeigniter-ss-twig\src\CI4Twig\Twig.php(156): Kenjis\CI4Twig\Twig->render('tag/editTag.htm...', Array)
#6 C:\xampp\htdocs\www\PHP\CodeIgniterTP\app\Controllers\Tagcontroller.php(55): Kenjis\CI4Twig\Twig->display('tag/editTag.htm...', Array)
#7 C:\xampp\htdocs\www\PHP\CodeIgniterTP\vendor\codeigniter4\framework\system\CodeIgniter.php(937): App\Controllers\Tagcontroller->editTag('3')
#8 C:\xampp\htdocs\www\PHP\CodeIgniterTP\vendor\codeigniter4\framework\system\CodeIgniter.php(433): CodeIgniter\CodeIgniter->runController(Object(App\Controllers\Tagcontroller))
#9 C:\xampp\htdocs\www\PHP\CodeIgniterTP\vendor\codeigniter4\framework\system\CodeIgniter.php(334): CodeIgniter\CodeIgniter->handleRequest(NULL, Object(Config\Cache), false)
#10 C:\xampp\htdocs\www\PHP\CodeIgniterTP\public\index.php(44): CodeIgniter\CodeIgniter->run()
#11 {main}
CRITICAL - 2021-03-11 03:29:41 --> Unable to find template "tag/editTag.html.twig" (looked into: C:\xampp\htdocs\www\PHP\CodeIgniterTP\app\Views).
#0 C:\xampp\htdocs\www\PHP\CodeIgniterTP\vendor\twig\twig\src\Loader\FilesystemLoader.php(131): Twig\Loader\FilesystemLoader->findTemplate('tag/editTag.htm...')
#1 C:\xampp\htdocs\www\PHP\CodeIgniterTP\vendor\twig\twig\src\Environment.php(261): Twig\Loader\FilesystemLoader->getCacheKey('tag/editTag.htm...')
#2 C:\xampp\htdocs\www\PHP\CodeIgniterTP\vendor\twig\twig\src\Environment.php(309): Twig\Environment->getTemplateClass('tag/editTag.htm...')
#3 C:\xampp\htdocs\www\PHP\CodeIgniterTP\vendor\twig\twig\src\Environment.php(277): Twig\Environment->load('tag/editTag.htm...')
#4 C:\xampp\htdocs\www\PHP\CodeIgniterTP\vendor\kenjis\codeigniter-ss-twig\src\CI4Twig\Twig.php(177): Twig\Environment->render('tag/editTag.htm...', Array)
#5 C:\xampp\htdocs\www\PHP\CodeIgniterTP\vendor\kenjis\codeigniter-ss-twig\src\CI4Twig\Twig.php(156): Kenjis\CI4Twig\Twig->render('tag/editTag.htm...', Array)
#6 C:\xampp\htdocs\www\PHP\CodeIgniterTP\app\Controllers\Tagcontroller.php(55): Kenjis\CI4Twig\Twig->display('tag/editTag.htm...', Array)
#7 C:\xampp\htdocs\www\PHP\CodeIgniterTP\vendor\codeigniter4\framework\system\CodeIgniter.php(937): App\Controllers\Tagcontroller->editTag('3')
#8 C:\xampp\htdocs\www\PHP\CodeIgniterTP\vendor\codeigniter4\framework\system\CodeIgniter.php(433): CodeIgniter\CodeIgniter->runController(Object(App\Controllers\Tagcontroller))
#9 C:\xampp\htdocs\www\PHP\CodeIgniterTP\vendor\codeigniter4\framework\system\CodeIgniter.php(334): CodeIgniter\CodeIgniter->handleRequest(NULL, Object(Config\Cache), false)
#10 C:\xampp\htdocs\www\PHP\CodeIgniterTP\public\index.php(44): CodeIgniter\CodeIgniter->run()
#11 {main}
CRITICAL - 2021-03-11 11:43:24 --> Unexpected "endblock" tag (expecting closing tag for the "for" tag defined near line 10).
#0 C:\xampp\htdocs\www\PHP\CodeIgniterTP\vendor\twig\twig\src\TokenParser\ForTokenParser.php(42): Twig\Parser->subparse(Array)
#1 C:\xampp\htdocs\www\PHP\CodeIgniterTP\vendor\twig\twig\src\Parser.php(171): Twig\TokenParser\ForTokenParser->parse(Object(Twig\Token))
#2 C:\xampp\htdocs\www\PHP\CodeIgniterTP\vendor\twig\twig\src\TokenParser\BlockTokenParser.php(47): Twig\Parser->subparse(Array, true)
#3 C:\xampp\htdocs\www\PHP\CodeIgniterTP\vendor\twig\twig\src\Parser.php(171): Twig\TokenParser\BlockTokenParser->parse(Object(Twig\Token))
#4 C:\xampp\htdocs\www\PHP\CodeIgniterTP\vendor\twig\twig\src\Parser.php(84): Twig\Parser->subparse(NULL, false)
#5 C:\xampp\htdocs\www\PHP\CodeIgniterTP\vendor\twig\twig\src\Environment.php(479): Twig\Parser->parse(Object(Twig\TokenStream))
#6 C:\xampp\htdocs\www\PHP\CodeIgniterTP\vendor\twig\twig\src\Environment.php(507): Twig\Environment->parse(Object(Twig\TokenStream))
#7 C:\xampp\htdocs\www\PHP\CodeIgniterTP\vendor\twig\twig\src\Environment.php(348): Twig\Environment->compileSource(Object(Twig\Source))
#8 C:\xampp\htdocs\www\PHP\CodeIgniterTP\vendor\twig\twig\src\Environment.php(309): Twig\Environment->loadTemplate('__TwigTemplate_...', 'tag/allTags.twi...')
#9 C:\xampp\htdocs\www\PHP\CodeIgniterTP\vendor\twig\twig\src\Environment.php(277): Twig\Environment->load('tag/allTags.twi...')
#10 C:\xampp\htdocs\www\PHP\CodeIgniterTP\vendor\kenjis\codeigniter-ss-twig\src\CI4Twig\Twig.php(177): Twig\Environment->render('tag/allTags.twi...', Array)
#11 C:\xampp\htdocs\www\PHP\CodeIgniterTP\vendor\kenjis\codeigniter-ss-twig\src\CI4Twig\Twig.php(156): Kenjis\CI4Twig\Twig->render('tag/allTags.twi...', Array)
#12 C:\xampp\htdocs\www\PHP\CodeIgniterTP\app\Controllers\Tagcontroller.php(17): Kenjis\CI4Twig\Twig->display('tag/allTags', Array)
#13 C:\xampp\htdocs\www\PHP\CodeIgniterTP\vendor\codeigniter4\framework\system\CodeIgniter.php(937): App\Controllers\Tagcontroller->allTags()
#14 C:\xampp\htdocs\www\PHP\CodeIgniterTP\vendor\codeigniter4\framework\system\CodeIgniter.php(433): CodeIgniter\CodeIgniter->runController(Object(App\Controllers\Tagcontroller))
#15 C:\xampp\htdocs\www\PHP\CodeIgniterTP\vendor\codeigniter4\framework\system\CodeIgniter.php(334): CodeIgniter\CodeIgniter->handleRequest(NULL, Object(Config\Cache), false)
#16 C:\xampp\htdocs\www\PHP\CodeIgniterTP\public\index.php(44): CodeIgniter\CodeIgniter->run()
#17 {main}
