CRITICAL - 2021-05-05 09:37:25 --> Access to undeclared static property App\Controllers\ArticleController::$articles
#0 C:\xampp\htdocs\www\PHP\NestiECommerce\vendor\codeigniter4\framework\system\CodeIgniter.php(937): App\Controllers\ArticleController->list()
#1 C:\xampp\htdocs\www\PHP\NestiECommerce\vendor\codeigniter4\framework\system\CodeIgniter.php(433): CodeIgniter\CodeIgniter->runController(Object(App\Controllers\ArticleController))
#2 C:\xampp\htdocs\www\PHP\NestiECommerce\vendor\codeigniter4\framework\system\CodeIgniter.php(334): CodeIgniter\CodeIgniter->handleRequest(NULL, Object(Config\Cache), false)
#3 C:\xampp\htdocs\www\PHP\NestiECommerce\public\index.php(44): CodeIgniter\CodeIgniter->run()
#4 {main}
CRITICAL - 2021-05-05 09:43:37 --> Uncaught BadMethodCallException: Call to undefined method App\Models\ArticleModel::id in C:\xampp\htdocs\www\PHP\NestiECommerce\vendor\codeigniter4\framework\system\Model.php:845
Stack trace:
#0 C:\xampp\htdocs\www\PHP\NestiECommerce\vendor\twig\twig\src\Extension\CoreExtension.php(1541): CodeIgniter\Model->__call('id', Array)
#1 C:\xampp\htdocs\www\PHP\NestiECommerce\writable\cache\twig\05\05fc5b3b33315423ead8658d1d42a91cfa013ad95156ef8c27800b0cb60f6c11.php(72): twig_get_attribute(Object(Twig\Environment), Object(Twig\Source), Object(App\Models\ArticleModel), 'id', Array, 'any', false, false, false, 18)
#2 C:\xampp\htdocs\www\PHP\NestiECommerce\vendor\twig\twig\src\Template.php(171): __TwigTemplate_313bf1f4f54ab9387a4d0f978641ff0fe8f9c1d79ab9a357c157aaa7c8cde116->block_body(Array, Array)
#3 C:\xampp\htdocs\www\PHP\NestiECommerce\writable\cache\twig\de\de1f96441334b04068d349f6b2db0a5fd65ab34ca18b03fd2eb031fb20bf2495.php(72): Twig\Template->displayBlock('body', Array, Array)
#4 C:\xampp\htdocs\www\PHP\NestiECommerce\vendor\twig\twig\src\Template.php(394): __TwigTemplate_b4d35fabcb46cd59ae1a2e5d5f8051bcae24104f676327e01bf53e39fa4b904a->doDisplay(Array, Array)
#5 C:\xampp\htdocs\www\PHP\NestiECommerce\vendor\twig\twig\src\Template.php(367): Twig\Template->displayWithErrorHandling(Array, Array)
#6 C:\xampp\htdocs\www\PHP\NestiECommerce\writable\cache\twig\05\05fc5b3b33315423ead8658d1d42a91cfa013ad95156ef8c27800b0cb60f6c11.php(43): Twig\Template->display(Array, Array)
#7 C:\xampp\htdocs\www\PHP\NestiECommerce\vendor\twig\twig\src\Template.php(394): __TwigTemplate_313bf1f4f54ab9387a4d0f978641ff0fe8f9c1d79ab9a357c157aaa7c8cde116->doDisplay(Array, Array)
#8 C:\xampp\htdocs\www\PHP\NestiECommerce\vendor\twig\twig\src\Template.php(367): Twig\Template->displayWithErrorHandling(Array, Array)
#9 C:\xampp\htdocs\www\PHP\NestiECommerce\vendor\twig\twig\src\Template.php(379): Twig\Template->display(Array)
#10 C:\xampp\htdocs\www\PHP\NestiECommerce\vendor\twig\twig\src\TemplateWrapper.php(40): Twig\Template->render(Array, Array)
#11 C:\xampp\htdocs\www\PHP\NestiECommerce\vendor\twig\twig\src\Environment.php(277): Twig\TemplateWrapper->render(Array)
#12 C:\xampp\htdocs\www\PHP\NestiECommerce\vendor\kenjis\codeigniter-ss-twig\src\CI4Twig\Twig.php(177): Twig\Environment->render('article/list.tw...', Array)
#13 C:\xampp\htdocs\www\PHP\NestiECommerce\vendor\kenjis\codeigniter-ss-twig\src\CI4Twig\Twig.php(156): Kenjis\CI4Twig\Twig->render('article/list.tw...', Array)
#14 C:\xampp\htdocs\www\PHP\NestiECommerce\app\Controllers\ArticleController.php(27): Kenjis\CI4Twig\Twig->display('article/list', Array)
#15 C:\xampp\htdocs\www\PHP\NestiECommerce\vendor\codeigniter4\framework\system\CodeIgniter.php(937): App\Controllers\ArticleController->list()
#16 C:\xampp\htdocs\www\PHP\NestiECommerce\vendor\codeigniter4\framework\system\CodeIgniter.php(433): CodeIgniter\CodeIgniter->runController(Object(App\Controllers\ArticleController))
#17 C:\xampp\htdocs\www\PHP\NestiECommerce\vendor\codeigniter4\framework\system\CodeIgniter.php(334): CodeIgniter\CodeIgniter->handleRequest(NULL, Object(Config\Cache), false)
#18 C:\xampp\htdocs\www\PHP\NestiECommerce\public\index.php(44): CodeIgniter\CodeIgniter->run()
#19 {main}
  thrown
#0 [internal function]: CodeIgniter\Debug\Exceptions->shutdownHandler()
#1 {main}
CRITICAL - 2021-05-05 09:44:09 --> Object of class App\Entities\Users could not be converted to string
#0 C:\xampp\htdocs\www\PHP\NestiECommerce\vendor\twig\twig\src\Template.php(171): __TwigTemplate_313bf1f4f54ab9387a4d0f978641ff0fe8f9c1d79ab9a357c157aaa7c8cde116->block_body(Array, Array)
#1 C:\xampp\htdocs\www\PHP\NestiECommerce\writable\cache\twig\de\de1f96441334b04068d349f6b2db0a5fd65ab34ca18b03fd2eb031fb20bf2495.php(72): Twig\Template->displayBlock('body', Array, Array)
#2 C:\xampp\htdocs\www\PHP\NestiECommerce\vendor\twig\twig\src\Template.php(394): __TwigTemplate_b4d35fabcb46cd59ae1a2e5d5f8051bcae24104f676327e01bf53e39fa4b904a->doDisplay(Array, Array)
#3 C:\xampp\htdocs\www\PHP\NestiECommerce\vendor\twig\twig\src\Template.php(367): Twig\Template->displayWithErrorHandling(Array, Array)
#4 C:\xampp\htdocs\www\PHP\NestiECommerce\writable\cache\twig\05\05fc5b3b33315423ead8658d1d42a91cfa013ad95156ef8c27800b0cb60f6c11.php(43): Twig\Template->display(Array, Array)
#5 C:\xampp\htdocs\www\PHP\NestiECommerce\vendor\twig\twig\src\Template.php(394): __TwigTemplate_313bf1f4f54ab9387a4d0f978641ff0fe8f9c1d79ab9a357c157aaa7c8cde116->doDisplay(Array, Array)
#6 C:\xampp\htdocs\www\PHP\NestiECommerce\vendor\twig\twig\src\Template.php(367): Twig\Template->displayWithErrorHandling(Array, Array)
#7 C:\xampp\htdocs\www\PHP\NestiECommerce\vendor\twig\twig\src\Template.php(379): Twig\Template->display(Array)
#8 C:\xampp\htdocs\www\PHP\NestiECommerce\vendor\twig\twig\src\TemplateWrapper.php(40): Twig\Template->render(Array, Array)
#9 C:\xampp\htdocs\www\PHP\NestiECommerce\vendor\twig\twig\src\Environment.php(277): Twig\TemplateWrapper->render(Array)
#10 C:\xampp\htdocs\www\PHP\NestiECommerce\vendor\kenjis\codeigniter-ss-twig\src\CI4Twig\Twig.php(177): Twig\Environment->render('article/list.tw...', Array)
#11 C:\xampp\htdocs\www\PHP\NestiECommerce\vendor\kenjis\codeigniter-ss-twig\src\CI4Twig\Twig.php(156): Kenjis\CI4Twig\Twig->render('article/list.tw...', Array)
#12 C:\xampp\htdocs\www\PHP\NestiECommerce\app\Controllers\ArticleController.php(27): Kenjis\CI4Twig\Twig->display('article/list', Array)
#13 C:\xampp\htdocs\www\PHP\NestiECommerce\vendor\codeigniter4\framework\system\CodeIgniter.php(937): App\Controllers\ArticleController->list()
#14 C:\xampp\htdocs\www\PHP\NestiECommerce\vendor\codeigniter4\framework\system\CodeIgniter.php(433): CodeIgniter\CodeIgniter->runController(Object(App\Controllers\ArticleController))
#15 C:\xampp\htdocs\www\PHP\NestiECommerce\vendor\codeigniter4\framework\system\CodeIgniter.php(334): CodeIgniter\CodeIgniter->handleRequest(NULL, Object(Config\Cache), false)
#16 C:\xampp\htdocs\www\PHP\NestiECommerce\public\index.php(44): CodeIgniter\CodeIgniter->run()
#17 {main}
CRITICAL - 2021-05-05 10:11:20 --> Call to a member function table() on null
#0 C:\xampp\htdocs\www\PHP\NestiECommerce\vendor\twig\twig\src\Extension\CoreExtension.php(1541): App\Entities\Article->getPrice('1')
#1 C:\xampp\htdocs\www\PHP\NestiECommerce\writable\cache\twig\05\05fc5b3b33315423ead8658d1d42a91cfa013ad95156ef8c27800b0cb60f6c11.php(114): twig_get_attribute(Object(Twig\Environment), Object(Twig\Source), Object(App\Entities\Article), 'getPrice', Array, 'method', false, false, false, 33)
#2 C:\xampp\htdocs\www\PHP\NestiECommerce\vendor\twig\twig\src\Template.php(171): __TwigTemplate_313bf1f4f54ab9387a4d0f978641ff0fe8f9c1d79ab9a357c157aaa7c8cde116->block_body(Array, Array)
#3 C:\xampp\htdocs\www\PHP\NestiECommerce\writable\cache\twig\de\de1f96441334b04068d349f6b2db0a5fd65ab34ca18b03fd2eb031fb20bf2495.php(72): Twig\Template->displayBlock('body', Array, Array)
#4 C:\xampp\htdocs\www\PHP\NestiECommerce\vendor\twig\twig\src\Template.php(394): __TwigTemplate_b4d35fabcb46cd59ae1a2e5d5f8051bcae24104f676327e01bf53e39fa4b904a->doDisplay(Array, Array)
#5 C:\xampp\htdocs\www\PHP\NestiECommerce\vendor\twig\twig\src\Template.php(367): Twig\Template->displayWithErrorHandling(Array, Array)
#6 C:\xampp\htdocs\www\PHP\NestiECommerce\writable\cache\twig\05\05fc5b3b33315423ead8658d1d42a91cfa013ad95156ef8c27800b0cb60f6c11.php(43): Twig\Template->display(Array, Array)
#7 C:\xampp\htdocs\www\PHP\NestiECommerce\vendor\twig\twig\src\Template.php(394): __TwigTemplate_313bf1f4f54ab9387a4d0f978641ff0fe8f9c1d79ab9a357c157aaa7c8cde116->doDisplay(Array, Array)
#8 C:\xampp\htdocs\www\PHP\NestiECommerce\vendor\twig\twig\src\Template.php(367): Twig\Template->displayWithErrorHandling(Array, Array)
#9 C:\xampp\htdocs\www\PHP\NestiECommerce\vendor\twig\twig\src\Template.php(379): Twig\Template->display(Array)
#10 C:\xampp\htdocs\www\PHP\NestiECommerce\vendor\twig\twig\src\TemplateWrapper.php(40): Twig\Template->render(Array, Array)
#11 C:\xampp\htdocs\www\PHP\NestiECommerce\vendor\twig\twig\src\Environment.php(277): Twig\TemplateWrapper->render(Array)
#12 C:\xampp\htdocs\www\PHP\NestiECommerce\vendor\kenjis\codeigniter-ss-twig\src\CI4Twig\Twig.php(177): Twig\Environment->render('article/list.tw...', Array)
#13 C:\xampp\htdocs\www\PHP\NestiECommerce\vendor\kenjis\codeigniter-ss-twig\src\CI4Twig\Twig.php(156): Kenjis\CI4Twig\Twig->render('article/list.tw...', Array)
#14 C:\xampp\htdocs\www\PHP\NestiECommerce\app\Controllers\ArticleController.php(29): Kenjis\CI4Twig\Twig->display('article/list', Array)
#15 C:\xampp\htdocs\www\PHP\NestiECommerce\vendor\codeigniter4\framework\system\CodeIgniter.php(937): App\Controllers\ArticleController->list()
#16 C:\xampp\htdocs\www\PHP\NestiECommerce\vendor\codeigniter4\framework\system\CodeIgniter.php(433): CodeIgniter\CodeIgniter->runController(Object(App\Controllers\ArticleController))
#17 C:\xampp\htdocs\www\PHP\NestiECommerce\vendor\codeigniter4\framework\system\CodeIgniter.php(334): CodeIgniter\CodeIgniter->handleRequest(NULL, Object(Config\Cache), false)
#18 C:\xampp\htdocs\www\PHP\NestiECommerce\public\index.php(44): CodeIgniter\CodeIgniter->run()
#19 {main}
CRITICAL - 2021-05-05 10:12:01 --> Call to a member function table() on null
#0 C:\xampp\htdocs\www\PHP\NestiECommerce\vendor\twig\twig\src\Extension\CoreExtension.php(1541): App\Entities\Article->getPrice('1')
#1 C:\xampp\htdocs\www\PHP\NestiECommerce\writable\cache\twig\05\05fc5b3b33315423ead8658d1d42a91cfa013ad95156ef8c27800b0cb60f6c11.php(114): twig_get_attribute(Object(Twig\Environment), Object(Twig\Source), Object(App\Entities\Article), 'getPrice', Array, 'method', false, false, false, 33)
#2 C:\xampp\htdocs\www\PHP\NestiECommerce\vendor\twig\twig\src\Template.php(171): __TwigTemplate_313bf1f4f54ab9387a4d0f978641ff0fe8f9c1d79ab9a357c157aaa7c8cde116->block_body(Array, Array)
#3 C:\xampp\htdocs\www\PHP\NestiECommerce\writable\cache\twig\de\de1f96441334b04068d349f6b2db0a5fd65ab34ca18b03fd2eb031fb20bf2495.php(72): Twig\Template->displayBlock('body', Array, Array)
#4 C:\xampp\htdocs\www\PHP\NestiECommerce\vendor\twig\twig\src\Template.php(394): __TwigTemplate_b4d35fabcb46cd59ae1a2e5d5f8051bcae24104f676327e01bf53e39fa4b904a->doDisplay(Array, Array)
#5 C:\xampp\htdocs\www\PHP\NestiECommerce\vendor\twig\twig\src\Template.php(367): Twig\Template->displayWithErrorHandling(Array, Array)
#6 C:\xampp\htdocs\www\PHP\NestiECommerce\writable\cache\twig\05\05fc5b3b33315423ead8658d1d42a91cfa013ad95156ef8c27800b0cb60f6c11.php(43): Twig\Template->display(Array, Array)
#7 C:\xampp\htdocs\www\PHP\NestiECommerce\vendor\twig\twig\src\Template.php(394): __TwigTemplate_313bf1f4f54ab9387a4d0f978641ff0fe8f9c1d79ab9a357c157aaa7c8cde116->doDisplay(Array, Array)
#8 C:\xampp\htdocs\www\PHP\NestiECommerce\vendor\twig\twig\src\Template.php(367): Twig\Template->displayWithErrorHandling(Array, Array)
#9 C:\xampp\htdocs\www\PHP\NestiECommerce\vendor\twig\twig\src\Template.php(379): Twig\Template->display(Array)
#10 C:\xampp\htdocs\www\PHP\NestiECommerce\vendor\twig\twig\src\TemplateWrapper.php(40): Twig\Template->render(Array, Array)
#11 C:\xampp\htdocs\www\PHP\NestiECommerce\vendor\twig\twig\src\Environment.php(277): Twig\TemplateWrapper->render(Array)
#12 C:\xampp\htdocs\www\PHP\NestiECommerce\vendor\kenjis\codeigniter-ss-twig\src\CI4Twig\Twig.php(177): Twig\Environment->render('article/list.tw...', Array)
#13 C:\xampp\htdocs\www\PHP\NestiECommerce\vendor\kenjis\codeigniter-ss-twig\src\CI4Twig\Twig.php(156): Kenjis\CI4Twig\Twig->render('article/list.tw...', Array)
#14 C:\xampp\htdocs\www\PHP\NestiECommerce\app\Controllers\ArticleController.php(29): Kenjis\CI4Twig\Twig->display('article/list', Array)
#15 C:\xampp\htdocs\www\PHP\NestiECommerce\vendor\codeigniter4\framework\system\CodeIgniter.php(937): App\Controllers\ArticleController->list()
#16 C:\xampp\htdocs\www\PHP\NestiECommerce\vendor\codeigniter4\framework\system\CodeIgniter.php(433): CodeIgniter\CodeIgniter->runController(Object(App\Controllers\ArticleController))
#17 C:\xampp\htdocs\www\PHP\NestiECommerce\vendor\codeigniter4\framework\system\CodeIgniter.php(334): CodeIgniter\CodeIgniter->handleRequest(NULL, Object(Config\Cache), false)
#18 C:\xampp\htdocs\www\PHP\NestiECommerce\public\index.php(44): CodeIgniter\CodeIgniter->run()
#19 {main}
CRITICAL - 2021-05-05 10:21:51 --> Call to a member function table() on null
#0 C:\xampp\htdocs\www\PHP\NestiECommerce\vendor\twig\twig\src\Extension\CoreExtension.php(1541): App\Entities\Article->getPrice('1')
#1 C:\xampp\htdocs\www\PHP\NestiECommerce\writable\cache\twig\05\05fc5b3b33315423ead8658d1d42a91cfa013ad95156ef8c27800b0cb60f6c11.php(114): twig_get_attribute(Object(Twig\Environment), Object(Twig\Source), Object(App\Entities\Article), 'getPrice', Array, 'method', false, false, false, 33)
#2 C:\xampp\htdocs\www\PHP\NestiECommerce\vendor\twig\twig\src\Template.php(171): __TwigTemplate_313bf1f4f54ab9387a4d0f978641ff0fe8f9c1d79ab9a357c157aaa7c8cde116->block_body(Array, Array)
#3 C:\xampp\htdocs\www\PHP\NestiECommerce\writable\cache\twig\de\de1f96441334b04068d349f6b2db0a5fd65ab34ca18b03fd2eb031fb20bf2495.php(72): Twig\Template->displayBlock('body', Array, Array)
#4 C:\xampp\htdocs\www\PHP\NestiECommerce\vendor\twig\twig\src\Template.php(394): __TwigTemplate_b4d35fabcb46cd59ae1a2e5d5f8051bcae24104f676327e01bf53e39fa4b904a->doDisplay(Array, Array)
#5 C:\xampp\htdocs\www\PHP\NestiECommerce\vendor\twig\twig\src\Template.php(367): Twig\Template->displayWithErrorHandling(Array, Array)
#6 C:\xampp\htdocs\www\PHP\NestiECommerce\writable\cache\twig\05\05fc5b3b33315423ead8658d1d42a91cfa013ad95156ef8c27800b0cb60f6c11.php(43): Twig\Template->display(Array, Array)
#7 C:\xampp\htdocs\www\PHP\NestiECommerce\vendor\twig\twig\src\Template.php(394): __TwigTemplate_313bf1f4f54ab9387a4d0f978641ff0fe8f9c1d79ab9a357c157aaa7c8cde116->doDisplay(Array, Array)
#8 C:\xampp\htdocs\www\PHP\NestiECommerce\vendor\twig\twig\src\Template.php(367): Twig\Template->displayWithErrorHandling(Array, Array)
#9 C:\xampp\htdocs\www\PHP\NestiECommerce\vendor\twig\twig\src\Template.php(379): Twig\Template->display(Array)
#10 C:\xampp\htdocs\www\PHP\NestiECommerce\vendor\twig\twig\src\TemplateWrapper.php(40): Twig\Template->render(Array, Array)
#11 C:\xampp\htdocs\www\PHP\NestiECommerce\vendor\twig\twig\src\Environment.php(277): Twig\TemplateWrapper->render(Array)
#12 C:\xampp\htdocs\www\PHP\NestiECommerce\vendor\kenjis\codeigniter-ss-twig\src\CI4Twig\Twig.php(177): Twig\Environment->render('article/list.tw...', Array)
#13 C:\xampp\htdocs\www\PHP\NestiECommerce\vendor\kenjis\codeigniter-ss-twig\src\CI4Twig\Twig.php(156): Kenjis\CI4Twig\Twig->render('article/list.tw...', Array)
#14 C:\xampp\htdocs\www\PHP\NestiECommerce\app\Controllers\ArticleController.php(29): Kenjis\CI4Twig\Twig->display('article/list', Array)
#15 C:\xampp\htdocs\www\PHP\NestiECommerce\vendor\codeigniter4\framework\system\CodeIgniter.php(937): App\Controllers\ArticleController->list()
#16 C:\xampp\htdocs\www\PHP\NestiECommerce\vendor\codeigniter4\framework\system\CodeIgniter.php(433): CodeIgniter\CodeIgniter->runController(Object(App\Controllers\ArticleController))
#17 C:\xampp\htdocs\www\PHP\NestiECommerce\vendor\codeigniter4\framework\system\CodeIgniter.php(334): CodeIgniter\CodeIgniter->handleRequest(NULL, Object(Config\Cache), false)
#18 C:\xampp\htdocs\www\PHP\NestiECommerce\public\index.php(44): CodeIgniter\CodeIgniter->run()
#19 {main}
CRITICAL - 2021-05-05 10:23:03 --> Object of class App\Entities\ArticlePrice could not be converted to string
#0 C:\xampp\htdocs\www\PHP\NestiECommerce\vendor\twig\twig\src\Template.php(171): __TwigTemplate_313bf1f4f54ab9387a4d0f978641ff0fe8f9c1d79ab9a357c157aaa7c8cde116->block_body(Array, Array)
#1 C:\xampp\htdocs\www\PHP\NestiECommerce\writable\cache\twig\de\de1f96441334b04068d349f6b2db0a5fd65ab34ca18b03fd2eb031fb20bf2495.php(72): Twig\Template->displayBlock('body', Array, Array)
#2 C:\xampp\htdocs\www\PHP\NestiECommerce\vendor\twig\twig\src\Template.php(394): __TwigTemplate_b4d35fabcb46cd59ae1a2e5d5f8051bcae24104f676327e01bf53e39fa4b904a->doDisplay(Array, Array)
#3 C:\xampp\htdocs\www\PHP\NestiECommerce\vendor\twig\twig\src\Template.php(367): Twig\Template->displayWithErrorHandling(Array, Array)
#4 C:\xampp\htdocs\www\PHP\NestiECommerce\writable\cache\twig\05\05fc5b3b33315423ead8658d1d42a91cfa013ad95156ef8c27800b0cb60f6c11.php(43): Twig\Template->display(Array, Array)
#5 C:\xampp\htdocs\www\PHP\NestiECommerce\vendor\twig\twig\src\Template.php(394): __TwigTemplate_313bf1f4f54ab9387a4d0f978641ff0fe8f9c1d79ab9a357c157aaa7c8cde116->doDisplay(Array, Array)
#6 C:\xampp\htdocs\www\PHP\NestiECommerce\vendor\twig\twig\src\Template.php(367): Twig\Template->displayWithErrorHandling(Array, Array)
#7 C:\xampp\htdocs\www\PHP\NestiECommerce\vendor\twig\twig\src\Template.php(379): Twig\Template->display(Array)
#8 C:\xampp\htdocs\www\PHP\NestiECommerce\vendor\twig\twig\src\TemplateWrapper.php(40): Twig\Template->render(Array, Array)
#9 C:\xampp\htdocs\www\PHP\NestiECommerce\vendor\twig\twig\src\Environment.php(277): Twig\TemplateWrapper->render(Array)
#10 C:\xampp\htdocs\www\PHP\NestiECommerce\vendor\kenjis\codeigniter-ss-twig\src\CI4Twig\Twig.php(177): Twig\Environment->render('article/list.tw...', Array)
#11 C:\xampp\htdocs\www\PHP\NestiECommerce\vendor\kenjis\codeigniter-ss-twig\src\CI4Twig\Twig.php(156): Kenjis\CI4Twig\Twig->render('article/list.tw...', Array)
#12 C:\xampp\htdocs\www\PHP\NestiECommerce\app\Controllers\ArticleController.php(29): Kenjis\CI4Twig\Twig->display('article/list', Array)
#13 C:\xampp\htdocs\www\PHP\NestiECommerce\vendor\codeigniter4\framework\system\CodeIgniter.php(937): App\Controllers\ArticleController->list()
#14 C:\xampp\htdocs\www\PHP\NestiECommerce\vendor\codeigniter4\framework\system\CodeIgniter.php(433): CodeIgniter\CodeIgniter->runController(Object(App\Controllers\ArticleController))
#15 C:\xampp\htdocs\www\PHP\NestiECommerce\vendor\codeigniter4\framework\system\CodeIgniter.php(334): CodeIgniter\CodeIgniter->handleRequest(NULL, Object(Config\Cache), false)
#16 C:\xampp\htdocs\www\PHP\NestiECommerce\public\index.php(44): CodeIgniter\CodeIgniter->run()
#17 {main}
ERROR - 2021-05-05 10:36:23 --> mysqli_sql_exception: Unknown column 'idArticle' in 'where clause' in C:\xampp\htdocs\www\PHP\NestiECommerce\vendor\codeigniter4\framework\system\Database\MySQLi\Connection.php:314
Stack trace:
#0 C:\xampp\htdocs\www\PHP\NestiECommerce\vendor\codeigniter4\framework\system\Database\MySQLi\Connection.php(314): mysqli->query('SELECT *\nFROM `...')
#1 C:\xampp\htdocs\www\PHP\NestiECommerce\vendor\codeigniter4\framework\system\Database\BaseConnection.php(713): CodeIgniter\Database\MySQLi\Connection->execute('SELECT *\nFROM `...')
#2 C:\xampp\htdocs\www\PHP\NestiECommerce\vendor\codeigniter4\framework\system\Database\BaseConnection.php(641): CodeIgniter\Database\BaseConnection->simpleQuery('SELECT *\nFROM `...')
#3 C:\xampp\htdocs\www\PHP\NestiECommerce\vendor\codeigniter4\framework\system\Database\BaseBuilder.php(1866): CodeIgniter\Database\BaseConnection->query('SELECT *\nFROM `...', Array, false)
#4 C:\xampp\htdocs\www\PHP\NestiECommerce\vendor\codeigniter4\framework\system\Model.php(247): CodeIgniter\Database\BaseBuilder->get()
#5 C:\xampp\htdocs\www\PHP\NestiECommerce\vendor\codeigniter4\framework\system\BaseModel.php(624): CodeIgniter\Model->doFirst()
#6 C:\xampp\htdocs\www\PHP\NestiECommerce\app\Entities\Article.php(37): CodeIgniter\BaseModel->first()
#7 C:\xampp\htdocs\www\PHP\NestiECommerce\vendor\twig\twig\src\Extension\CoreExtension.php(1541): App\Entities\Article->getImage(NULL)
#8 C:\xampp\htdocs\www\PHP\NestiECommerce\writable\cache\twig\05\05fc5b3b33315423ead8658d1d42a91cfa013ad95156ef8c27800b0cb60f6c11.php(100): twig_get_attribute(Object(Twig\Environment), Object(Twig\Source), Object(App\Entities\Article), 'getImage', Array, 'method', false, false, false, 29)
#9 C:\xampp\htdocs\www\PHP\NestiECommerce\vendor\twig\twig\src\Template.php(171): __TwigTemplate_313bf1f4f54ab9387a4d0f978641ff0fe8f9c1d79ab9a357c157aaa7c8cde116->block_body(Array, Array)
#10 C:\xampp\htdocs\www\PHP\NestiECommerce\writable\cache\twig\de\de1f96441334b04068d349f6b2db0a5fd65ab34ca18b03fd2eb031fb20bf2495.php(72): Twig\Template->displayBlock('body', Array, Array)
#11 C:\xampp\htdocs\www\PHP\NestiECommerce\vendor\twig\twig\src\Template.php(394): __TwigTemplate_b4d35fabcb46cd59ae1a2e5d5f8051bcae24104f676327e01bf53e39fa4b904a->doDisplay(Array, Array)
#12 C:\xampp\htdocs\www\PHP\NestiECommerce\vendor\twig\twig\src\Template.php(367): Twig\Template->displayWithErrorHandling(Array, Array)
#13 C:\xampp\htdocs\www\PHP\NestiECommerce\writable\cache\twig\05\05fc5b3b33315423ead8658d1d42a91cfa013ad95156ef8c27800b0cb60f6c11.php(43): Twig\Template->display(Array, Array)
#14 C:\xampp\htdocs\www\PHP\NestiECommerce\vendor\twig\twig\src\Template.php(394): __TwigTemplate_313bf1f4f54ab9387a4d0f978641ff0fe8f9c1d79ab9a357c157aaa7c8cde116->doDisplay(Array, Array)
#15 C:\xampp\htdocs\www\PHP\NestiECommerce\vendor\twig\twig\src\Template.php(367): Twig\Template->displayWithErrorHandling(Array, Array)
#16 C:\xampp\htdocs\www\PHP\NestiECommerce\vendor\twig\twig\src\Template.php(379): Twig\Template->display(Array)
#17 C:\xampp\htdocs\www\PHP\NestiECommerce\vendor\twig\twig\src\TemplateWrapper.php(40): Twig\Template->render(Array, Array)
#18 C:\xampp\htdocs\www\PHP\NestiECommerce\vendor\twig\twig\src\Environment.php(277): Twig\TemplateWrapper->render(Array)
#19 C:\xampp\htdocs\www\PHP\NestiECommerce\vendor\kenjis\codeigniter-ss-twig\src\CI4Twig\Twig.php(177): Twig\Environment->render('article/list.tw...', Array)
#20 C:\xampp\htdocs\www\PHP\NestiECommerce\vendor\kenjis\codeigniter-ss-twig\src\CI4Twig\Twig.php(156): Kenjis\CI4Twig\Twig->render('article/list.tw...', Array)
#21 C:\xampp\htdocs\www\PHP\NestiECommerce\app\Controllers\ArticleController.php(29): Kenjis\CI4Twig\Twig->display('article/list', Array)
#22 C:\xampp\htdocs\www\PHP\NestiECommerce\vendor\codeigniter4\framework\system\CodeIgniter.php(937): App\Controllers\ArticleController->list()
#23 C:\xampp\htdocs\www\PHP\NestiECommerce\vendor\codeigniter4\framework\system\CodeIgniter.php(433): CodeIgniter\CodeIgniter->runController(Object(App\Controllers\ArticleController))
#24 C:\xampp\htdocs\www\PHP\NestiECommerce\vendor\codeigniter4\framework\system\CodeIgniter.php(334): CodeIgniter\CodeIgniter->handleRequest(NULL, Object(Config\Cache), false)
#25 C:\xampp\htdocs\www\PHP\NestiECommerce\public\index.php(44): CodeIgniter\CodeIgniter->run()
#26 {main}
CRITICAL - 2021-05-05 10:36:24 --> An exception has been thrown during the rendering of a template ("Unknown column 'idArticle' in 'where clause'").
#0 C:\xampp\htdocs\www\PHP\NestiECommerce\writable\cache\twig\de\de1f96441334b04068d349f6b2db0a5fd65ab34ca18b03fd2eb031fb20bf2495.php(72): Twig\Template->displayBlock('body', Array, Array)
#1 C:\xampp\htdocs\www\PHP\NestiECommerce\vendor\twig\twig\src\Template.php(394): __TwigTemplate_b4d35fabcb46cd59ae1a2e5d5f8051bcae24104f676327e01bf53e39fa4b904a->doDisplay(Array, Array)
#2 C:\xampp\htdocs\www\PHP\NestiECommerce\vendor\twig\twig\src\Template.php(367): Twig\Template->displayWithErrorHandling(Array, Array)
#3 C:\xampp\htdocs\www\PHP\NestiECommerce\writable\cache\twig\05\05fc5b3b33315423ead8658d1d42a91cfa013ad95156ef8c27800b0cb60f6c11.php(43): Twig\Template->display(Array, Array)
#4 C:\xampp\htdocs\www\PHP\NestiECommerce\vendor\twig\twig\src\Template.php(394): __TwigTemplate_313bf1f4f54ab9387a4d0f978641ff0fe8f9c1d79ab9a357c157aaa7c8cde116->doDisplay(Array, Array)
#5 C:\xampp\htdocs\www\PHP\NestiECommerce\vendor\twig\twig\src\Template.php(367): Twig\Template->displayWithErrorHandling(Array, Array)
#6 C:\xampp\htdocs\www\PHP\NestiECommerce\vendor\twig\twig\src\Template.php(379): Twig\Template->display(Array)
#7 C:\xampp\htdocs\www\PHP\NestiECommerce\vendor\twig\twig\src\TemplateWrapper.php(40): Twig\Template->render(Array, Array)
#8 C:\xampp\htdocs\www\PHP\NestiECommerce\vendor\twig\twig\src\Environment.php(277): Twig\TemplateWrapper->render(Array)
#9 C:\xampp\htdocs\www\PHP\NestiECommerce\vendor\kenjis\codeigniter-ss-twig\src\CI4Twig\Twig.php(177): Twig\Environment->render('article/list.tw...', Array)
#10 C:\xampp\htdocs\www\PHP\NestiECommerce\vendor\kenjis\codeigniter-ss-twig\src\CI4Twig\Twig.php(156): Kenjis\CI4Twig\Twig->render('article/list.tw...', Array)
#11 C:\xampp\htdocs\www\PHP\NestiECommerce\app\Controllers\ArticleController.php(29): Kenjis\CI4Twig\Twig->display('article/list', Array)
#12 C:\xampp\htdocs\www\PHP\NestiECommerce\vendor\codeigniter4\framework\system\CodeIgniter.php(937): App\Controllers\ArticleController->list()
#13 C:\xampp\htdocs\www\PHP\NestiECommerce\vendor\codeigniter4\framework\system\CodeIgniter.php(433): CodeIgniter\CodeIgniter->runController(Object(App\Controllers\ArticleController))
#14 C:\xampp\htdocs\www\PHP\NestiECommerce\vendor\codeigniter4\framework\system\CodeIgniter.php(334): CodeIgniter\CodeIgniter->handleRequest(NULL, Object(Config\Cache), false)
#15 C:\xampp\htdocs\www\PHP\NestiECommerce\public\index.php(44): CodeIgniter\CodeIgniter->run()
#16 {main}
CRITICAL - 2021-05-05 10:36:28 --> Allowed memory size of 536870912 bytes exhausted (tried to allocate 251842560 bytes)
#0 [internal function]: CodeIgniter\Debug\Exceptions->shutdownHandler()
#1 {main}
ERROR - 2021-05-05 10:38:07 --> mysqli_sql_exception: Unknown column 'idArticle' in 'where clause' in C:\xampp\htdocs\www\PHP\NestiECommerce\vendor\codeigniter4\framework\system\Database\MySQLi\Connection.php:314
Stack trace:
#0 C:\xampp\htdocs\www\PHP\NestiECommerce\vendor\codeigniter4\framework\system\Database\MySQLi\Connection.php(314): mysqli->query('SELECT *\nFROM `...')
#1 C:\xampp\htdocs\www\PHP\NestiECommerce\vendor\codeigniter4\framework\system\Database\BaseConnection.php(713): CodeIgniter\Database\MySQLi\Connection->execute('SELECT *\nFROM `...')
#2 C:\xampp\htdocs\www\PHP\NestiECommerce\vendor\codeigniter4\framework\system\Database\BaseConnection.php(641): CodeIgniter\Database\BaseConnection->simpleQuery('SELECT *\nFROM `...')
#3 C:\xampp\htdocs\www\PHP\NestiECommerce\vendor\codeigniter4\framework\system\Database\BaseBuilder.php(1866): CodeIgniter\Database\BaseConnection->query('SELECT *\nFROM `...', Array, false)
#4 C:\xampp\htdocs\www\PHP\NestiECommerce\vendor\codeigniter4\framework\system\Model.php(247): CodeIgniter\Database\BaseBuilder->get()
#5 C:\xampp\htdocs\www\PHP\NestiECommerce\vendor\codeigniter4\framework\system\BaseModel.php(624): CodeIgniter\Model->doFirst()
#6 C:\xampp\htdocs\www\PHP\NestiECommerce\app\Entities\Article.php(37): CodeIgniter\BaseModel->first()
#7 C:\xampp\htdocs\www\PHP\NestiECommerce\vendor\twig\twig\src\Extension\CoreExtension.php(1541): App\Entities\Article->getImage(NULL)
#8 C:\xampp\htdocs\www\PHP\NestiECommerce\writable\cache\twig\05\05fc5b3b33315423ead8658d1d42a91cfa013ad95156ef8c27800b0cb60f6c11.php(100): twig_get_attribute(Object(Twig\Environment), Object(Twig\Source), Object(App\Entities\Article), 'getImage', Array, 'method', false, false, false, 29)
#9 C:\xampp\htdocs\www\PHP\NestiECommerce\vendor\twig\twig\src\Template.php(171): __TwigTemplate_313bf1f4f54ab9387a4d0f978641ff0fe8f9c1d79ab9a357c157aaa7c8cde116->block_body(Array, Array)
#10 C:\xampp\htdocs\www\PHP\NestiECommerce\writable\cache\twig\de\de1f96441334b04068d349f6b2db0a5fd65ab34ca18b03fd2eb031fb20bf2495.php(72): Twig\Template->displayBlock('body', Array, Array)
#11 C:\xampp\htdocs\www\PHP\NestiECommerce\vendor\twig\twig\src\Template.php(394): __TwigTemplate_b4d35fabcb46cd59ae1a2e5d5f8051bcae24104f676327e01bf53e39fa4b904a->doDisplay(Array, Array)
#12 C:\xampp\htdocs\www\PHP\NestiECommerce\vendor\twig\twig\src\Template.php(367): Twig\Template->displayWithErrorHandling(Array, Array)
#13 C:\xampp\htdocs\www\PHP\NestiECommerce\writable\cache\twig\05\05fc5b3b33315423ead8658d1d42a91cfa013ad95156ef8c27800b0cb60f6c11.php(43): Twig\Template->display(Array, Array)
#14 C:\xampp\htdocs\www\PHP\NestiECommerce\vendor\twig\twig\src\Template.php(394): __TwigTemplate_313bf1f4f54ab9387a4d0f978641ff0fe8f9c1d79ab9a357c157aaa7c8cde116->doDisplay(Array, Array)
#15 C:\xampp\htdocs\www\PHP\NestiECommerce\vendor\twig\twig\src\Template.php(367): Twig\Template->displayWithErrorHandling(Array, Array)
#16 C:\xampp\htdocs\www\PHP\NestiECommerce\vendor\twig\twig\src\Template.php(379): Twig\Template->display(Array)
#17 C:\xampp\htdocs\www\PHP\NestiECommerce\vendor\twig\twig\src\TemplateWrapper.php(40): Twig\Template->render(Array, Array)
#18 C:\xampp\htdocs\www\PHP\NestiECommerce\vendor\twig\twig\src\Environment.php(277): Twig\TemplateWrapper->render(Array)
#19 C:\xampp\htdocs\www\PHP\NestiECommerce\vendor\kenjis\codeigniter-ss-twig\src\CI4Twig\Twig.php(177): Twig\Environment->render('article/list.tw...', Array)
#20 C:\xampp\htdocs\www\PHP\NestiECommerce\vendor\kenjis\codeigniter-ss-twig\src\CI4Twig\Twig.php(156): Kenjis\CI4Twig\Twig->render('article/list.tw...', Array)
#21 C:\xampp\htdocs\www\PHP\NestiECommerce\app\Controllers\ArticleController.php(29): Kenjis\CI4Twig\Twig->display('article/list', Array)
#22 C:\xampp\htdocs\www\PHP\NestiECommerce\vendor\codeigniter4\framework\system\CodeIgniter.php(937): App\Controllers\ArticleController->list()
#23 C:\xampp\htdocs\www\PHP\NestiECommerce\vendor\codeigniter4\framework\system\CodeIgniter.php(433): CodeIgniter\CodeIgniter->runController(Object(App\Controllers\ArticleController))
#24 C:\xampp\htdocs\www\PHP\NestiECommerce\vendor\codeigniter4\framework\system\CodeIgniter.php(334): CodeIgniter\CodeIgniter->handleRequest(NULL, Object(Config\Cache), false)
#25 C:\xampp\htdocs\www\PHP\NestiECommerce\public\index.php(44): CodeIgniter\CodeIgniter->run()
#26 {main}
CRITICAL - 2021-05-05 10:38:07 --> An exception has been thrown during the rendering of a template ("Unknown column 'idArticle' in 'where clause'").
#0 C:\xampp\htdocs\www\PHP\NestiECommerce\writable\cache\twig\de\de1f96441334b04068d349f6b2db0a5fd65ab34ca18b03fd2eb031fb20bf2495.php(72): Twig\Template->displayBlock('body', Array, Array)
#1 C:\xampp\htdocs\www\PHP\NestiECommerce\vendor\twig\twig\src\Template.php(394): __TwigTemplate_b4d35fabcb46cd59ae1a2e5d5f8051bcae24104f676327e01bf53e39fa4b904a->doDisplay(Array, Array)
#2 C:\xampp\htdocs\www\PHP\NestiECommerce\vendor\twig\twig\src\Template.php(367): Twig\Template->displayWithErrorHandling(Array, Array)
#3 C:\xampp\htdocs\www\PHP\NestiECommerce\writable\cache\twig\05\05fc5b3b33315423ead8658d1d42a91cfa013ad95156ef8c27800b0cb60f6c11.php(43): Twig\Template->display(Array, Array)
#4 C:\xampp\htdocs\www\PHP\NestiECommerce\vendor\twig\twig\src\Template.php(394): __TwigTemplate_313bf1f4f54ab9387a4d0f978641ff0fe8f9c1d79ab9a357c157aaa7c8cde116->doDisplay(Array, Array)
#5 C:\xampp\htdocs\www\PHP\NestiECommerce\vendor\twig\twig\src\Template.php(367): Twig\Template->displayWithErrorHandling(Array, Array)
#6 C:\xampp\htdocs\www\PHP\NestiECommerce\vendor\twig\twig\src\Template.php(379): Twig\Template->display(Array)
#7 C:\xampp\htdocs\www\PHP\NestiECommerce\vendor\twig\twig\src\TemplateWrapper.php(40): Twig\Template->render(Array, Array)
#8 C:\xampp\htdocs\www\PHP\NestiECommerce\vendor\twig\twig\src\Environment.php(277): Twig\TemplateWrapper->render(Array)
#9 C:\xampp\htdocs\www\PHP\NestiECommerce\vendor\kenjis\codeigniter-ss-twig\src\CI4Twig\Twig.php(177): Twig\Environment->render('article/list.tw...', Array)
#10 C:\xampp\htdocs\www\PHP\NestiECommerce\vendor\kenjis\codeigniter-ss-twig\src\CI4Twig\Twig.php(156): Kenjis\CI4Twig\Twig->render('article/list.tw...', Array)
#11 C:\xampp\htdocs\www\PHP\NestiECommerce\app\Controllers\ArticleController.php(29): Kenjis\CI4Twig\Twig->display('article/list', Array)
#12 C:\xampp\htdocs\www\PHP\NestiECommerce\vendor\codeigniter4\framework\system\CodeIgniter.php(937): App\Controllers\ArticleController->list()
#13 C:\xampp\htdocs\www\PHP\NestiECommerce\vendor\codeigniter4\framework\system\CodeIgniter.php(433): CodeIgniter\CodeIgniter->runController(Object(App\Controllers\ArticleController))
#14 C:\xampp\htdocs\www\PHP\NestiECommerce\vendor\codeigniter4\framework\system\CodeIgniter.php(334): CodeIgniter\CodeIgniter->handleRequest(NULL, Object(Config\Cache), false)
#15 C:\xampp\htdocs\www\PHP\NestiECommerce\public\index.php(44): CodeIgniter\CodeIgniter->run()
#16 {main}
CRITICAL - 2021-05-05 10:38:12 --> Allowed memory size of 536870912 bytes exhausted (tried to allocate 251924480 bytes)
#0 [internal function]: CodeIgniter\Debug\Exceptions->shutdownHandler()
#1 {main}
ERROR - 2021-05-05 10:38:26 --> mysqli_sql_exception: Unknown column 'idArticle' in 'where clause' in C:\xampp\htdocs\www\PHP\NestiECommerce\vendor\codeigniter4\framework\system\Database\MySQLi\Connection.php:314
Stack trace:
#0 C:\xampp\htdocs\www\PHP\NestiECommerce\vendor\codeigniter4\framework\system\Database\MySQLi\Connection.php(314): mysqli->query('SELECT *\nFROM `...')
#1 C:\xampp\htdocs\www\PHP\NestiECommerce\vendor\codeigniter4\framework\system\Database\BaseConnection.php(713): CodeIgniter\Database\MySQLi\Connection->execute('SELECT *\nFROM `...')
#2 C:\xampp\htdocs\www\PHP\NestiECommerce\vendor\codeigniter4\framework\system\Database\BaseConnection.php(641): CodeIgniter\Database\BaseConnection->simpleQuery('SELECT *\nFROM `...')
#3 C:\xampp\htdocs\www\PHP\NestiECommerce\vendor\codeigniter4\framework\system\Database\BaseBuilder.php(1866): CodeIgniter\Database\BaseConnection->query('SELECT *\nFROM `...', Array, false)
#4 C:\xampp\htdocs\www\PHP\NestiECommerce\vendor\codeigniter4\framework\system\Model.php(247): CodeIgniter\Database\BaseBuilder->get()
#5 C:\xampp\htdocs\www\PHP\NestiECommerce\vendor\codeigniter4\framework\system\BaseModel.php(624): CodeIgniter\Model->doFirst()
#6 C:\xampp\htdocs\www\PHP\NestiECommerce\app\Entities\Article.php(37): CodeIgniter\BaseModel->first()
#7 C:\xampp\htdocs\www\PHP\NestiECommerce\vendor\twig\twig\src\Extension\CoreExtension.php(1541): App\Entities\Article->getImage(NULL)
#8 C:\xampp\htdocs\www\PHP\NestiECommerce\writable\cache\twig\05\05fc5b3b33315423ead8658d1d42a91cfa013ad95156ef8c27800b0cb60f6c11.php(100): twig_get_attribute(Object(Twig\Environment), Object(Twig\Source), Object(App\Entities\Article), 'getImage', Array, 'method', false, false, false, 29)
#9 C:\xampp\htdocs\www\PHP\NestiECommerce\vendor\twig\twig\src\Template.php(171): __TwigTemplate_313bf1f4f54ab9387a4d0f978641ff0fe8f9c1d79ab9a357c157aaa7c8cde116->block_body(Array, Array)
#10 C:\xampp\htdocs\www\PHP\NestiECommerce\writable\cache\twig\de\de1f96441334b04068d349f6b2db0a5fd65ab34ca18b03fd2eb031fb20bf2495.php(72): Twig\Template->displayBlock('body', Array, Array)
#11 C:\xampp\htdocs\www\PHP\NestiECommerce\vendor\twig\twig\src\Template.php(394): __TwigTemplate_b4d35fabcb46cd59ae1a2e5d5f8051bcae24104f676327e01bf53e39fa4b904a->doDisplay(Array, Array)
#12 C:\xampp\htdocs\www\PHP\NestiECommerce\vendor\twig\twig\src\Template.php(367): Twig\Template->displayWithErrorHandling(Array, Array)
#13 C:\xampp\htdocs\www\PHP\NestiECommerce\writable\cache\twig\05\05fc5b3b33315423ead8658d1d42a91cfa013ad95156ef8c27800b0cb60f6c11.php(43): Twig\Template->display(Array, Array)
#14 C:\xampp\htdocs\www\PHP\NestiECommerce\vendor\twig\twig\src\Template.php(394): __TwigTemplate_313bf1f4f54ab9387a4d0f978641ff0fe8f9c1d79ab9a357c157aaa7c8cde116->doDisplay(Array, Array)
#15 C:\xampp\htdocs\www\PHP\NestiECommerce\vendor\twig\twig\src\Template.php(367): Twig\Template->displayWithErrorHandling(Array, Array)
#16 C:\xampp\htdocs\www\PHP\NestiECommerce\vendor\twig\twig\src\Template.php(379): Twig\Template->display(Array)
#17 C:\xampp\htdocs\www\PHP\NestiECommerce\vendor\twig\twig\src\TemplateWrapper.php(40): Twig\Template->render(Array, Array)
#18 C:\xampp\htdocs\www\PHP\NestiECommerce\vendor\twig\twig\src\Environment.php(277): Twig\TemplateWrapper->render(Array)
#19 C:\xampp\htdocs\www\PHP\NestiECommerce\vendor\kenjis\codeigniter-ss-twig\src\CI4Twig\Twig.php(177): Twig\Environment->render('article/list.tw...', Array)
#20 C:\xampp\htdocs\www\PHP\NestiECommerce\vendor\kenjis\codeigniter-ss-twig\src\CI4Twig\Twig.php(156): Kenjis\CI4Twig\Twig->render('article/list.tw...', Array)
#21 C:\xampp\htdocs\www\PHP\NestiECommerce\app\Controllers\ArticleController.php(29): Kenjis\CI4Twig\Twig->display('article/list', Array)
#22 C:\xampp\htdocs\www\PHP\NestiECommerce\vendor\codeigniter4\framework\system\CodeIgniter.php(937): App\Controllers\ArticleController->list()
#23 C:\xampp\htdocs\www\PHP\NestiECommerce\vendor\codeigniter4\framework\system\CodeIgniter.php(433): CodeIgniter\CodeIgniter->runController(Object(App\Controllers\ArticleController))
#24 C:\xampp\htdocs\www\PHP\NestiECommerce\vendor\codeigniter4\framework\system\CodeIgniter.php(334): CodeIgniter\CodeIgniter->handleRequest(NULL, Object(Config\Cache), false)
#25 C:\xampp\htdocs\www\PHP\NestiECommerce\public\index.php(44): CodeIgniter\CodeIgniter->run()
#26 {main}
CRITICAL - 2021-05-05 10:38:26 --> An exception has been thrown during the rendering of a template ("Unknown column 'idArticle' in 'where clause'").
#0 C:\xampp\htdocs\www\PHP\NestiECommerce\writable\cache\twig\de\de1f96441334b04068d349f6b2db0a5fd65ab34ca18b03fd2eb031fb20bf2495.php(72): Twig\Template->displayBlock('body', Array, Array)
#1 C:\xampp\htdocs\www\PHP\NestiECommerce\vendor\twig\twig\src\Template.php(394): __TwigTemplate_b4d35fabcb46cd59ae1a2e5d5f8051bcae24104f676327e01bf53e39fa4b904a->doDisplay(Array, Array)
#2 C:\xampp\htdocs\www\PHP\NestiECommerce\vendor\twig\twig\src\Template.php(367): Twig\Template->displayWithErrorHandling(Array, Array)
#3 C:\xampp\htdocs\www\PHP\NestiECommerce\writable\cache\twig\05\05fc5b3b33315423ead8658d1d42a91cfa013ad95156ef8c27800b0cb60f6c11.php(43): Twig\Template->display(Array, Array)
#4 C:\xampp\htdocs\www\PHP\NestiECommerce\vendor\twig\twig\src\Template.php(394): __TwigTemplate_313bf1f4f54ab9387a4d0f978641ff0fe8f9c1d79ab9a357c157aaa7c8cde116->doDisplay(Array, Array)
#5 C:\xampp\htdocs\www\PHP\NestiECommerce\vendor\twig\twig\src\Template.php(367): Twig\Template->displayWithErrorHandling(Array, Array)
#6 C:\xampp\htdocs\www\PHP\NestiECommerce\vendor\twig\twig\src\Template.php(379): Twig\Template->display(Array)
#7 C:\xampp\htdocs\www\PHP\NestiECommerce\vendor\twig\twig\src\TemplateWrapper.php(40): Twig\Template->render(Array, Array)
#8 C:\xampp\htdocs\www\PHP\NestiECommerce\vendor\twig\twig\src\Environment.php(277): Twig\TemplateWrapper->render(Array)
#9 C:\xampp\htdocs\www\PHP\NestiECommerce\vendor\kenjis\codeigniter-ss-twig\src\CI4Twig\Twig.php(177): Twig\Environment->render('article/list.tw...', Array)
#10 C:\xampp\htdocs\www\PHP\NestiECommerce\vendor\kenjis\codeigniter-ss-twig\src\CI4Twig\Twig.php(156): Kenjis\CI4Twig\Twig->render('article/list.tw...', Array)
#11 C:\xampp\htdocs\www\PHP\NestiECommerce\app\Controllers\ArticleController.php(29): Kenjis\CI4Twig\Twig->display('article/list', Array)
#12 C:\xampp\htdocs\www\PHP\NestiECommerce\vendor\codeigniter4\framework\system\CodeIgniter.php(937): App\Controllers\ArticleController->list()
#13 C:\xampp\htdocs\www\PHP\NestiECommerce\vendor\codeigniter4\framework\system\CodeIgniter.php(433): CodeIgniter\CodeIgniter->runController(Object(App\Controllers\ArticleController))
#14 C:\xampp\htdocs\www\PHP\NestiECommerce\vendor\codeigniter4\framework\system\CodeIgniter.php(334): CodeIgniter\CodeIgniter->handleRequest(NULL, Object(Config\Cache), false)
#15 C:\xampp\htdocs\www\PHP\NestiECommerce\public\index.php(44): CodeIgniter\CodeIgniter->run()
#16 {main}
ERROR - 2021-05-05 10:38:35 --> mysqli_sql_exception: Unknown column 'idArticle' in 'where clause' in C:\xampp\htdocs\www\PHP\NestiECommerce\vendor\codeigniter4\framework\system\Database\MySQLi\Connection.php:314
Stack trace:
#0 C:\xampp\htdocs\www\PHP\NestiECommerce\vendor\codeigniter4\framework\system\Database\MySQLi\Connection.php(314): mysqli->query('SELECT *\nFROM `...')
#1 C:\xampp\htdocs\www\PHP\NestiECommerce\vendor\codeigniter4\framework\system\Database\BaseConnection.php(713): CodeIgniter\Database\MySQLi\Connection->execute('SELECT *\nFROM `...')
#2 C:\xampp\htdocs\www\PHP\NestiECommerce\vendor\codeigniter4\framework\system\Database\BaseConnection.php(641): CodeIgniter\Database\BaseConnection->simpleQuery('SELECT *\nFROM `...')
#3 C:\xampp\htdocs\www\PHP\NestiECommerce\vendor\codeigniter4\framework\system\Database\BaseBuilder.php(1866): CodeIgniter\Database\BaseConnection->query('SELECT *\nFROM `...', Array, false)
#4 C:\xampp\htdocs\www\PHP\NestiECommerce\vendor\codeigniter4\framework\system\Model.php(247): CodeIgniter\Database\BaseBuilder->get()
#5 C:\xampp\htdocs\www\PHP\NestiECommerce\vendor\codeigniter4\framework\system\BaseModel.php(624): CodeIgniter\Model->doFirst()
#6 C:\xampp\htdocs\www\PHP\NestiECommerce\app\Entities\Article.php(37): CodeIgniter\BaseModel->first()
#7 C:\xampp\htdocs\www\PHP\NestiECommerce\vendor\twig\twig\src\Extension\CoreExtension.php(1541): App\Entities\Article->getImage(NULL)
#8 C:\xampp\htdocs\www\PHP\NestiECommerce\writable\cache\twig\05\05fc5b3b33315423ead8658d1d42a91cfa013ad95156ef8c27800b0cb60f6c11.php(100): twig_get_attribute(Object(Twig\Environment), Object(Twig\Source), Object(App\Entities\Article), 'getImage', Array, 'method', false, false, false, 29)
#9 C:\xampp\htdocs\www\PHP\NestiECommerce\vendor\twig\twig\src\Template.php(171): __TwigTemplate_313bf1f4f54ab9387a4d0f978641ff0fe8f9c1d79ab9a357c157aaa7c8cde116->block_body(Array, Array)
#10 C:\xampp\htdocs\www\PHP\NestiECommerce\writable\cache\twig\de\de1f96441334b04068d349f6b2db0a5fd65ab34ca18b03fd2eb031fb20bf2495.php(72): Twig\Template->displayBlock('body', Array, Array)
#11 C:\xampp\htdocs\www\PHP\NestiECommerce\vendor\twig\twig\src\Template.php(394): __TwigTemplate_b4d35fabcb46cd59ae1a2e5d5f8051bcae24104f676327e01bf53e39fa4b904a->doDisplay(Array, Array)
#12 C:\xampp\htdocs\www\PHP\NestiECommerce\vendor\twig\twig\src\Template.php(367): Twig\Template->displayWithErrorHandling(Array, Array)
#13 C:\xampp\htdocs\www\PHP\NestiECommerce\writable\cache\twig\05\05fc5b3b33315423ead8658d1d42a91cfa013ad95156ef8c27800b0cb60f6c11.php(43): Twig\Template->display(Array, Array)
#14 C:\xampp\htdocs\www\PHP\NestiECommerce\vendor\twig\twig\src\Template.php(394): __TwigTemplate_313bf1f4f54ab9387a4d0f978641ff0fe8f9c1d79ab9a357c157aaa7c8cde116->doDisplay(Array, Array)
#15 C:\xampp\htdocs\www\PHP\NestiECommerce\vendor\twig\twig\src\Template.php(367): Twig\Template->displayWithErrorHandling(Array, Array)
#16 C:\xampp\htdocs\www\PHP\NestiECommerce\vendor\twig\twig\src\Template.php(379): Twig\Template->display(Array)
#17 C:\xampp\htdocs\www\PHP\NestiECommerce\vendor\twig\twig\src\TemplateWrapper.php(40): Twig\Template->render(Array, Array)
#18 C:\xampp\htdocs\www\PHP\NestiECommerce\vendor\twig\twig\src\Environment.php(277): Twig\TemplateWrapper->render(Array)
#19 C:\xampp\htdocs\www\PHP\NestiECommerce\vendor\kenjis\codeigniter-ss-twig\src\CI4Twig\Twig.php(177): Twig\Environment->render('article/list.tw...', Array)
#20 C:\xampp\htdocs\www\PHP\NestiECommerce\vendor\kenjis\codeigniter-ss-twig\src\CI4Twig\Twig.php(156): Kenjis\CI4Twig\Twig->render('article/list.tw...', Array)
#21 C:\xampp\htdocs\www\PHP\NestiECommerce\app\Controllers\ArticleController.php(29): Kenjis\CI4Twig\Twig->display('article/list', Array)
#22 C:\xampp\htdocs\www\PHP\NestiECommerce\vendor\codeigniter4\framework\system\CodeIgniter.php(937): App\Controllers\ArticleController->list()
#23 C:\xampp\htdocs\www\PHP\NestiECommerce\vendor\codeigniter4\framework\system\CodeIgniter.php(433): CodeIgniter\CodeIgniter->runController(Object(App\Controllers\ArticleController))
#24 C:\xampp\htdocs\www\PHP\NestiECommerce\vendor\codeigniter4\framework\system\CodeIgniter.php(334): CodeIgniter\CodeIgniter->handleRequest(NULL, Object(Config\Cache), false)
#25 C:\xampp\htdocs\www\PHP\NestiECommerce\public\index.php(44): CodeIgniter\CodeIgniter->run()
#26 {main}
CRITICAL - 2021-05-05 10:38:35 --> An exception has been thrown during the rendering of a template ("Unknown column 'idArticle' in 'where clause'").
#0 C:\xampp\htdocs\www\PHP\NestiECommerce\writable\cache\twig\de\de1f96441334b04068d349f6b2db0a5fd65ab34ca18b03fd2eb031fb20bf2495.php(72): Twig\Template->displayBlock('body', Array, Array)
#1 C:\xampp\htdocs\www\PHP\NestiECommerce\vendor\twig\twig\src\Template.php(394): __TwigTemplate_b4d35fabcb46cd59ae1a2e5d5f8051bcae24104f676327e01bf53e39fa4b904a->doDisplay(Array, Array)
#2 C:\xampp\htdocs\www\PHP\NestiECommerce\vendor\twig\twig\src\Template.php(367): Twig\Template->displayWithErrorHandling(Array, Array)
#3 C:\xampp\htdocs\www\PHP\NestiECommerce\writable\cache\twig\05\05fc5b3b33315423ead8658d1d42a91cfa013ad95156ef8c27800b0cb60f6c11.php(43): Twig\Template->display(Array, Array)
#4 C:\xampp\htdocs\www\PHP\NestiECommerce\vendor\twig\twig\src\Template.php(394): __TwigTemplate_313bf1f4f54ab9387a4d0f978641ff0fe8f9c1d79ab9a357c157aaa7c8cde116->doDisplay(Array, Array)
#5 C:\xampp\htdocs\www\PHP\NestiECommerce\vendor\twig\twig\src\Template.php(367): Twig\Template->displayWithErrorHandling(Array, Array)
#6 C:\xampp\htdocs\www\PHP\NestiECommerce\vendor\twig\twig\src\Template.php(379): Twig\Template->display(Array)
#7 C:\xampp\htdocs\www\PHP\NestiECommerce\vendor\twig\twig\src\TemplateWrapper.php(40): Twig\Template->render(Array, Array)
#8 C:\xampp\htdocs\www\PHP\NestiECommerce\vendor\twig\twig\src\Environment.php(277): Twig\TemplateWrapper->render(Array)
#9 C:\xampp\htdocs\www\PHP\NestiECommerce\vendor\kenjis\codeigniter-ss-twig\src\CI4Twig\Twig.php(177): Twig\Environment->render('article/list.tw...', Array)
#10 C:\xampp\htdocs\www\PHP\NestiECommerce\vendor\kenjis\codeigniter-ss-twig\src\CI4Twig\Twig.php(156): Kenjis\CI4Twig\Twig->render('article/list.tw...', Array)
#11 C:\xampp\htdocs\www\PHP\NestiECommerce\app\Controllers\ArticleController.php(29): Kenjis\CI4Twig\Twig->display('article/list', Array)
#12 C:\xampp\htdocs\www\PHP\NestiECommerce\vendor\codeigniter4\framework\system\CodeIgniter.php(937): App\Controllers\ArticleController->list()
#13 C:\xampp\htdocs\www\PHP\NestiECommerce\vendor\codeigniter4\framework\system\CodeIgniter.php(433): CodeIgniter\CodeIgniter->runController(Object(App\Controllers\ArticleController))
#14 C:\xampp\htdocs\www\PHP\NestiECommerce\vendor\codeigniter4\framework\system\CodeIgniter.php(334): CodeIgniter\CodeIgniter->handleRequest(NULL, Object(Config\Cache), false)
#15 C:\xampp\htdocs\www\PHP\NestiECommerce\public\index.php(44): CodeIgniter\CodeIgniter->run()
#16 {main}
ERROR - 2021-05-05 10:39:00 --> mysqli_sql_exception: Unknown column 'idArticle' in 'where clause' in C:\xampp\htdocs\www\PHP\NestiECommerce\vendor\codeigniter4\framework\system\Database\MySQLi\Connection.php:314
Stack trace:
#0 C:\xampp\htdocs\www\PHP\NestiECommerce\vendor\codeigniter4\framework\system\Database\MySQLi\Connection.php(314): mysqli->query('SELECT *\nFROM `...')
#1 C:\xampp\htdocs\www\PHP\NestiECommerce\vendor\codeigniter4\framework\system\Database\BaseConnection.php(713): CodeIgniter\Database\MySQLi\Connection->execute('SELECT *\nFROM `...')
#2 C:\xampp\htdocs\www\PHP\NestiECommerce\vendor\codeigniter4\framework\system\Database\BaseConnection.php(641): CodeIgniter\Database\BaseConnection->simpleQuery('SELECT *\nFROM `...')
#3 C:\xampp\htdocs\www\PHP\NestiECommerce\vendor\codeigniter4\framework\system\Database\BaseBuilder.php(1866): CodeIgniter\Database\BaseConnection->query('SELECT *\nFROM `...', Array, false)
#4 C:\xampp\htdocs\www\PHP\NestiECommerce\vendor\codeigniter4\framework\system\Model.php(247): CodeIgniter\Database\BaseBuilder->get()
#5 C:\xampp\htdocs\www\PHP\NestiECommerce\vendor\codeigniter4\framework\system\BaseModel.php(624): CodeIgniter\Model->doFirst()
#6 C:\xampp\htdocs\www\PHP\NestiECommerce\app\Entities\Article.php(37): CodeIgniter\BaseModel->first()
#7 C:\xampp\htdocs\www\PHP\NestiECommerce\vendor\twig\twig\src\Extension\CoreExtension.php(1541): App\Entities\Article->getImage('1')
#8 C:\xampp\htdocs\www\PHP\NestiECommerce\writable\cache\twig\05\05fc5b3b33315423ead8658d1d42a91cfa013ad95156ef8c27800b0cb60f6c11.php(100): twig_get_attribute(Object(Twig\Environment), Object(Twig\Source), Object(App\Entities\Article), 'getImage', Array, 'method', false, false, false, 29)
#9 C:\xampp\htdocs\www\PHP\NestiECommerce\vendor\twig\twig\src\Template.php(171): __TwigTemplate_313bf1f4f54ab9387a4d0f978641ff0fe8f9c1d79ab9a357c157aaa7c8cde116->block_body(Array, Array)
#10 C:\xampp\htdocs\www\PHP\NestiECommerce\writable\cache\twig\de\de1f96441334b04068d349f6b2db0a5fd65ab34ca18b03fd2eb031fb20bf2495.php(72): Twig\Template->displayBlock('body', Array, Array)
#11 C:\xampp\htdocs\www\PHP\NestiECommerce\vendor\twig\twig\src\Template.php(394): __TwigTemplate_b4d35fabcb46cd59ae1a2e5d5f8051bcae24104f676327e01bf53e39fa4b904a->doDisplay(Array, Array)
#12 C:\xampp\htdocs\www\PHP\NestiECommerce\vendor\twig\twig\src\Template.php(367): Twig\Template->displayWithErrorHandling(Array, Array)
#13 C:\xampp\htdocs\www\PHP\NestiECommerce\writable\cache\twig\05\05fc5b3b33315423ead8658d1d42a91cfa013ad95156ef8c27800b0cb60f6c11.php(43): Twig\Template->display(Array, Array)
#14 C:\xampp\htdocs\www\PHP\NestiECommerce\vendor\twig\twig\src\Template.php(394): __TwigTemplate_313bf1f4f54ab9387a4d0f978641ff0fe8f9c1d79ab9a357c157aaa7c8cde116->doDisplay(Array, Array)
#15 C:\xampp\htdocs\www\PHP\NestiECommerce\vendor\twig\twig\src\Template.php(367): Twig\Template->displayWithErrorHandling(Array, Array)
#16 C:\xampp\htdocs\www\PHP\NestiECommerce\vendor\twig\twig\src\Template.php(379): Twig\Template->display(Array)
#17 C:\xampp\htdocs\www\PHP\NestiECommerce\vendor\twig\twig\src\TemplateWrapper.php(40): Twig\Template->render(Array, Array)
#18 C:\xampp\htdocs\www\PHP\NestiECommerce\vendor\twig\twig\src\Environment.php(277): Twig\TemplateWrapper->render(Array)
#19 C:\xampp\htdocs\www\PHP\NestiECommerce\vendor\kenjis\codeigniter-ss-twig\src\CI4Twig\Twig.php(177): Twig\Environment->render('article/list.tw...', Array)
#20 C:\xampp\htdocs\www\PHP\NestiECommerce\vendor\kenjis\codeigniter-ss-twig\src\CI4Twig\Twig.php(156): Kenjis\CI4Twig\Twig->render('article/list.tw...', Array)
#21 C:\xampp\htdocs\www\PHP\NestiECommerce\app\Controllers\ArticleController.php(29): Kenjis\CI4Twig\Twig->display('article/list', Array)
#22 C:\xampp\htdocs\www\PHP\NestiECommerce\vendor\codeigniter4\framework\system\CodeIgniter.php(937): App\Controllers\ArticleController->list()
#23 C:\xampp\htdocs\www\PHP\NestiECommerce\vendor\codeigniter4\framework\system\CodeIgniter.php(433): CodeIgniter\CodeIgniter->runController(Object(App\Controllers\ArticleController))
#24 C:\xampp\htdocs\www\PHP\NestiECommerce\vendor\codeigniter4\framework\system\CodeIgniter.php(334): CodeIgniter\CodeIgniter->handleRequest(NULL, Object(Config\Cache), false)
#25 C:\xampp\htdocs\www\PHP\NestiECommerce\public\index.php(44): CodeIgniter\CodeIgniter->run()
#26 {main}
CRITICAL - 2021-05-05 10:39:00 --> An exception has been thrown during the rendering of a template ("Unknown column 'idArticle' in 'where clause'").
#0 C:\xampp\htdocs\www\PHP\NestiECommerce\writable\cache\twig\de\de1f96441334b04068d349f6b2db0a5fd65ab34ca18b03fd2eb031fb20bf2495.php(72): Twig\Template->displayBlock('body', Array, Array)
#1 C:\xampp\htdocs\www\PHP\NestiECommerce\vendor\twig\twig\src\Template.php(394): __TwigTemplate_b4d35fabcb46cd59ae1a2e5d5f8051bcae24104f676327e01bf53e39fa4b904a->doDisplay(Array, Array)
#2 C:\xampp\htdocs\www\PHP\NestiECommerce\vendor\twig\twig\src\Template.php(367): Twig\Template->displayWithErrorHandling(Array, Array)
#3 C:\xampp\htdocs\www\PHP\NestiECommerce\writable\cache\twig\05\05fc5b3b33315423ead8658d1d42a91cfa013ad95156ef8c27800b0cb60f6c11.php(43): Twig\Template->display(Array, Array)
#4 C:\xampp\htdocs\www\PHP\NestiECommerce\vendor\twig\twig\src\Template.php(394): __TwigTemplate_313bf1f4f54ab9387a4d0f978641ff0fe8f9c1d79ab9a357c157aaa7c8cde116->doDisplay(Array, Array)
#5 C:\xampp\htdocs\www\PHP\NestiECommerce\vendor\twig\twig\src\Template.php(367): Twig\Template->displayWithErrorHandling(Array, Array)
#6 C:\xampp\htdocs\www\PHP\NestiECommerce\vendor\twig\twig\src\Template.php(379): Twig\Template->display(Array)
#7 C:\xampp\htdocs\www\PHP\NestiECommerce\vendor\twig\twig\src\TemplateWrapper.php(40): Twig\Template->render(Array, Array)
#8 C:\xampp\htdocs\www\PHP\NestiECommerce\vendor\twig\twig\src\Environment.php(277): Twig\TemplateWrapper->render(Array)
#9 C:\xampp\htdocs\www\PHP\NestiECommerce\vendor\kenjis\codeigniter-ss-twig\src\CI4Twig\Twig.php(177): Twig\Environment->render('article/list.tw...', Array)
#10 C:\xampp\htdocs\www\PHP\NestiECommerce\vendor\kenjis\codeigniter-ss-twig\src\CI4Twig\Twig.php(156): Kenjis\CI4Twig\Twig->render('article/list.tw...', Array)
#11 C:\xampp\htdocs\www\PHP\NestiECommerce\app\Controllers\ArticleController.php(29): Kenjis\CI4Twig\Twig->display('article/list', Array)
#12 C:\xampp\htdocs\www\PHP\NestiECommerce\vendor\codeigniter4\framework\system\CodeIgniter.php(937): App\Controllers\ArticleController->list()
#13 C:\xampp\htdocs\www\PHP\NestiECommerce\vendor\codeigniter4\framework\system\CodeIgniter.php(433): CodeIgniter\CodeIgniter->runController(Object(App\Controllers\ArticleController))
#14 C:\xampp\htdocs\www\PHP\NestiECommerce\vendor\codeigniter4\framework\system\CodeIgniter.php(334): CodeIgniter\CodeIgniter->handleRequest(NULL, Object(Config\Cache), false)
#15 C:\xampp\htdocs\www\PHP\NestiECommerce\public\index.php(44): CodeIgniter\CodeIgniter->run()
#16 {main}
CRITICAL - 2021-05-05 10:39:05 --> Allowed memory size of 536870912 bytes exhausted (tried to allocate 251924480 bytes)
#0 [internal function]: CodeIgniter\Debug\Exceptions->shutdownHandler()
#1 {main}
ERROR - 2021-05-05 10:39:15 --> mysqli_sql_exception: Unknown column 'idArticle' in 'where clause' in C:\xampp\htdocs\www\PHP\NestiECommerce\vendor\codeigniter4\framework\system\Database\MySQLi\Connection.php:314
Stack trace:
#0 C:\xampp\htdocs\www\PHP\NestiECommerce\vendor\codeigniter4\framework\system\Database\MySQLi\Connection.php(314): mysqli->query('SELECT *\nFROM `...')
#1 C:\xampp\htdocs\www\PHP\NestiECommerce\vendor\codeigniter4\framework\system\Database\BaseConnection.php(713): CodeIgniter\Database\MySQLi\Connection->execute('SELECT *\nFROM `...')
#2 C:\xampp\htdocs\www\PHP\NestiECommerce\vendor\codeigniter4\framework\system\Database\BaseConnection.php(641): CodeIgniter\Database\BaseConnection->simpleQuery('SELECT *\nFROM `...')
#3 C:\xampp\htdocs\www\PHP\NestiECommerce\vendor\codeigniter4\framework\system\Database\BaseBuilder.php(1866): CodeIgniter\Database\BaseConnection->query('SELECT *\nFROM `...', Array, false)
#4 C:\xampp\htdocs\www\PHP\NestiECommerce\vendor\codeigniter4\framework\system\Model.php(247): CodeIgniter\Database\BaseBuilder->get()
#5 C:\xampp\htdocs\www\PHP\NestiECommerce\vendor\codeigniter4\framework\system\BaseModel.php(624): CodeIgniter\Model->doFirst()
#6 C:\xampp\htdocs\www\PHP\NestiECommerce\app\Entities\Article.php(37): CodeIgniter\BaseModel->first()
#7 C:\xampp\htdocs\www\PHP\NestiECommerce\vendor\twig\twig\src\Extension\CoreExtension.php(1541): App\Entities\Article->getImage('1')
#8 C:\xampp\htdocs\www\PHP\NestiECommerce\writable\cache\twig\05\05fc5b3b33315423ead8658d1d42a91cfa013ad95156ef8c27800b0cb60f6c11.php(100): twig_get_attribute(Object(Twig\Environment), Object(Twig\Source), Object(App\Entities\Article), 'getImage', Array, 'method', false, false, false, 29)
#9 C:\xampp\htdocs\www\PHP\NestiECommerce\vendor\twig\twig\src\Template.php(171): __TwigTemplate_313bf1f4f54ab9387a4d0f978641ff0fe8f9c1d79ab9a357c157aaa7c8cde116->block_body(Array, Array)
#10 C:\xampp\htdocs\www\PHP\NestiECommerce\writable\cache\twig\de\de1f96441334b04068d349f6b2db0a5fd65ab34ca18b03fd2eb031fb20bf2495.php(72): Twig\Template->displayBlock('body', Array, Array)
#11 C:\xampp\htdocs\www\PHP\NestiECommerce\vendor\twig\twig\src\Template.php(394): __TwigTemplate_b4d35fabcb46cd59ae1a2e5d5f8051bcae24104f676327e01bf53e39fa4b904a->doDisplay(Array, Array)
#12 C:\xampp\htdocs\www\PHP\NestiECommerce\vendor\twig\twig\src\Template.php(367): Twig\Template->displayWithErrorHandling(Array, Array)
#13 C:\xampp\htdocs\www\PHP\NestiECommerce\writable\cache\twig\05\05fc5b3b33315423ead8658d1d42a91cfa013ad95156ef8c27800b0cb60f6c11.php(43): Twig\Template->display(Array, Array)
#14 C:\xampp\htdocs\www\PHP\NestiECommerce\vendor\twig\twig\src\Template.php(394): __TwigTemplate_313bf1f4f54ab9387a4d0f978641ff0fe8f9c1d79ab9a357c157aaa7c8cde116->doDisplay(Array, Array)
#15 C:\xampp\htdocs\www\PHP\NestiECommerce\vendor\twig\twig\src\Template.php(367): Twig\Template->displayWithErrorHandling(Array, Array)
#16 C:\xampp\htdocs\www\PHP\NestiECommerce\vendor\twig\twig\src\Template.php(379): Twig\Template->display(Array)
#17 C:\xampp\htdocs\www\PHP\NestiECommerce\vendor\twig\twig\src\TemplateWrapper.php(40): Twig\Template->render(Array, Array)
#18 C:\xampp\htdocs\www\PHP\NestiECommerce\vendor\twig\twig\src\Environment.php(277): Twig\TemplateWrapper->render(Array)
#19 C:\xampp\htdocs\www\PHP\NestiECommerce\vendor\kenjis\codeigniter-ss-twig\src\CI4Twig\Twig.php(177): Twig\Environment->render('article/list.tw...', Array)
#20 C:\xampp\htdocs\www\PHP\NestiECommerce\vendor\kenjis\codeigniter-ss-twig\src\CI4Twig\Twig.php(156): Kenjis\CI4Twig\Twig->render('article/list.tw...', Array)
#21 C:\xampp\htdocs\www\PHP\NestiECommerce\app\Controllers\ArticleController.php(29): Kenjis\CI4Twig\Twig->display('article/list', Array)
#22 C:\xampp\htdocs\www\PHP\NestiECommerce\vendor\codeigniter4\framework\system\CodeIgniter.php(937): App\Controllers\ArticleController->list()
#23 C:\xampp\htdocs\www\PHP\NestiECommerce\vendor\codeigniter4\framework\system\CodeIgniter.php(433): CodeIgniter\CodeIgniter->runController(Object(App\Controllers\ArticleController))
#24 C:\xampp\htdocs\www\PHP\NestiECommerce\vendor\codeigniter4\framework\system\CodeIgniter.php(334): CodeIgniter\CodeIgniter->handleRequest(NULL, Object(Config\Cache), false)
#25 C:\xampp\htdocs\www\PHP\NestiECommerce\public\index.php(44): CodeIgniter\CodeIgniter->run()
#26 {main}
CRITICAL - 2021-05-05 10:39:15 --> An exception has been thrown during the rendering of a template ("Unknown column 'idArticle' in 'where clause'").
#0 C:\xampp\htdocs\www\PHP\NestiECommerce\writable\cache\twig\de\de1f96441334b04068d349f6b2db0a5fd65ab34ca18b03fd2eb031fb20bf2495.php(72): Twig\Template->displayBlock('body', Array, Array)
#1 C:\xampp\htdocs\www\PHP\NestiECommerce\vendor\twig\twig\src\Template.php(394): __TwigTemplate_b4d35fabcb46cd59ae1a2e5d5f8051bcae24104f676327e01bf53e39fa4b904a->doDisplay(Array, Array)
#2 C:\xampp\htdocs\www\PHP\NestiECommerce\vendor\twig\twig\src\Template.php(367): Twig\Template->displayWithErrorHandling(Array, Array)
#3 C:\xampp\htdocs\www\PHP\NestiECommerce\writable\cache\twig\05\05fc5b3b33315423ead8658d1d42a91cfa013ad95156ef8c27800b0cb60f6c11.php(43): Twig\Template->display(Array, Array)
#4 C:\xampp\htdocs\www\PHP\NestiECommerce\vendor\twig\twig\src\Template.php(394): __TwigTemplate_313bf1f4f54ab9387a4d0f978641ff0fe8f9c1d79ab9a357c157aaa7c8cde116->doDisplay(Array, Array)
#5 C:\xampp\htdocs\www\PHP\NestiECommerce\vendor\twig\twig\src\Template.php(367): Twig\Template->displayWithErrorHandling(Array, Array)
#6 C:\xampp\htdocs\www\PHP\NestiECommerce\vendor\twig\twig\src\Template.php(379): Twig\Template->display(Array)
#7 C:\xampp\htdocs\www\PHP\NestiECommerce\vendor\twig\twig\src\TemplateWrapper.php(40): Twig\Template->render(Array, Array)
#8 C:\xampp\htdocs\www\PHP\NestiECommerce\vendor\twig\twig\src\Environment.php(277): Twig\TemplateWrapper->render(Array)
#9 C:\xampp\htdocs\www\PHP\NestiECommerce\vendor\kenjis\codeigniter-ss-twig\src\CI4Twig\Twig.php(177): Twig\Environment->render('article/list.tw...', Array)
#10 C:\xampp\htdocs\www\PHP\NestiECommerce\vendor\kenjis\codeigniter-ss-twig\src\CI4Twig\Twig.php(156): Kenjis\CI4Twig\Twig->render('article/list.tw...', Array)
#11 C:\xampp\htdocs\www\PHP\NestiECommerce\app\Controllers\ArticleController.php(29): Kenjis\CI4Twig\Twig->display('article/list', Array)
#12 C:\xampp\htdocs\www\PHP\NestiECommerce\vendor\codeigniter4\framework\system\CodeIgniter.php(937): App\Controllers\ArticleController->list()
#13 C:\xampp\htdocs\www\PHP\NestiECommerce\vendor\codeigniter4\framework\system\CodeIgniter.php(433): CodeIgniter\CodeIgniter->runController(Object(App\Controllers\ArticleController))
#14 C:\xampp\htdocs\www\PHP\NestiECommerce\vendor\codeigniter4\framework\system\CodeIgniter.php(334): CodeIgniter\CodeIgniter->handleRequest(NULL, Object(Config\Cache), false)
#15 C:\xampp\htdocs\www\PHP\NestiECommerce\public\index.php(44): CodeIgniter\CodeIgniter->run()
#16 {main}
ERROR - 2021-05-05 10:39:24 --> mysqli_sql_exception: Unknown column 'idArticle' in 'where clause' in C:\xampp\htdocs\www\PHP\NestiECommerce\vendor\codeigniter4\framework\system\Database\MySQLi\Connection.php:314
Stack trace:
#0 C:\xampp\htdocs\www\PHP\NestiECommerce\vendor\codeigniter4\framework\system\Database\MySQLi\Connection.php(314): mysqli->query('SELECT *\nFROM `...')
#1 C:\xampp\htdocs\www\PHP\NestiECommerce\vendor\codeigniter4\framework\system\Database\BaseConnection.php(713): CodeIgniter\Database\MySQLi\Connection->execute('SELECT *\nFROM `...')
#2 C:\xampp\htdocs\www\PHP\NestiECommerce\vendor\codeigniter4\framework\system\Database\BaseConnection.php(641): CodeIgniter\Database\BaseConnection->simpleQuery('SELECT *\nFROM `...')
#3 C:\xampp\htdocs\www\PHP\NestiECommerce\vendor\codeigniter4\framework\system\Database\BaseBuilder.php(1866): CodeIgniter\Database\BaseConnection->query('SELECT *\nFROM `...', Array, false)
#4 C:\xampp\htdocs\www\PHP\NestiECommerce\vendor\codeigniter4\framework\system\Model.php(247): CodeIgniter\Database\BaseBuilder->get()
#5 C:\xampp\htdocs\www\PHP\NestiECommerce\vendor\codeigniter4\framework\system\BaseModel.php(624): CodeIgniter\Model->doFirst()
#6 C:\xampp\htdocs\www\PHP\NestiECommerce\app\Entities\Article.php(37): CodeIgniter\BaseModel->first()
#7 C:\xampp\htdocs\www\PHP\NestiECommerce\vendor\twig\twig\src\Extension\CoreExtension.php(1541): App\Entities\Article->getImage('1')
#8 C:\xampp\htdocs\www\PHP\NestiECommerce\writable\cache\twig\05\05fc5b3b33315423ead8658d1d42a91cfa013ad95156ef8c27800b0cb60f6c11.php(100): twig_get_attribute(Object(Twig\Environment), Object(Twig\Source), Object(App\Entities\Article), 'getImage', Array, 'method', false, false, false, 29)
#9 C:\xampp\htdocs\www\PHP\NestiECommerce\vendor\twig\twig\src\Template.php(171): __TwigTemplate_313bf1f4f54ab9387a4d0f978641ff0fe8f9c1d79ab9a357c157aaa7c8cde116->block_body(Array, Array)
#10 C:\xampp\htdocs\www\PHP\NestiECommerce\writable\cache\twig\de\de1f96441334b04068d349f6b2db0a5fd65ab34ca18b03fd2eb031fb20bf2495.php(72): Twig\Template->displayBlock('body', Array, Array)
#11 C:\xampp\htdocs\www\PHP\NestiECommerce\vendor\twig\twig\src\Template.php(394): __TwigTemplate_b4d35fabcb46cd59ae1a2e5d5f8051bcae24104f676327e01bf53e39fa4b904a->doDisplay(Array, Array)
#12 C:\xampp\htdocs\www\PHP\NestiECommerce\vendor\twig\twig\src\Template.php(367): Twig\Template->displayWithErrorHandling(Array, Array)
#13 C:\xampp\htdocs\www\PHP\NestiECommerce\writable\cache\twig\05\05fc5b3b33315423ead8658d1d42a91cfa013ad95156ef8c27800b0cb60f6c11.php(43): Twig\Template->display(Array, Array)
#14 C:\xampp\htdocs\www\PHP\NestiECommerce\vendor\twig\twig\src\Template.php(394): __TwigTemplate_313bf1f4f54ab9387a4d0f978641ff0fe8f9c1d79ab9a357c157aaa7c8cde116->doDisplay(Array, Array)
#15 C:\xampp\htdocs\www\PHP\NestiECommerce\vendor\twig\twig\src\Template.php(367): Twig\Template->displayWithErrorHandling(Array, Array)
#16 C:\xampp\htdocs\www\PHP\NestiECommerce\vendor\twig\twig\src\Template.php(379): Twig\Template->display(Array)
#17 C:\xampp\htdocs\www\PHP\NestiECommerce\vendor\twig\twig\src\TemplateWrapper.php(40): Twig\Template->render(Array, Array)
#18 C:\xampp\htdocs\www\PHP\NestiECommerce\vendor\twig\twig\src\Environment.php(277): Twig\TemplateWrapper->render(Array)
#19 C:\xampp\htdocs\www\PHP\NestiECommerce\vendor\kenjis\codeigniter-ss-twig\src\CI4Twig\Twig.php(177): Twig\Environment->render('article/list.tw...', Array)
#20 C:\xampp\htdocs\www\PHP\NestiECommerce\vendor\kenjis\codeigniter-ss-twig\src\CI4Twig\Twig.php(156): Kenjis\CI4Twig\Twig->render('article/list.tw...', Array)
#21 C:\xampp\htdocs\www\PHP\NestiECommerce\app\Controllers\ArticleController.php(29): Kenjis\CI4Twig\Twig->display('article/list', Array)
#22 C:\xampp\htdocs\www\PHP\NestiECommerce\vendor\codeigniter4\framework\system\CodeIgniter.php(937): App\Controllers\ArticleController->list()
#23 C:\xampp\htdocs\www\PHP\NestiECommerce\vendor\codeigniter4\framework\system\CodeIgniter.php(433): CodeIgniter\CodeIgniter->runController(Object(App\Controllers\ArticleController))
#24 C:\xampp\htdocs\www\PHP\NestiECommerce\vendor\codeigniter4\framework\system\CodeIgniter.php(334): CodeIgniter\CodeIgniter->handleRequest(NULL, Object(Config\Cache), false)
#25 C:\xampp\htdocs\www\PHP\NestiECommerce\public\index.php(44): CodeIgniter\CodeIgniter->run()
#26 {main}
CRITICAL - 2021-05-05 10:39:25 --> An exception has been thrown during the rendering of a template ("Unknown column 'idArticle' in 'where clause'").
#0 C:\xampp\htdocs\www\PHP\NestiECommerce\writable\cache\twig\de\de1f96441334b04068d349f6b2db0a5fd65ab34ca18b03fd2eb031fb20bf2495.php(72): Twig\Template->displayBlock('body', Array, Array)
#1 C:\xampp\htdocs\www\PHP\NestiECommerce\vendor\twig\twig\src\Template.php(394): __TwigTemplate_b4d35fabcb46cd59ae1a2e5d5f8051bcae24104f676327e01bf53e39fa4b904a->doDisplay(Array, Array)
#2 C:\xampp\htdocs\www\PHP\NestiECommerce\vendor\twig\twig\src\Template.php(367): Twig\Template->displayWithErrorHandling(Array, Array)
#3 C:\xampp\htdocs\www\PHP\NestiECommerce\writable\cache\twig\05\05fc5b3b33315423ead8658d1d42a91cfa013ad95156ef8c27800b0cb60f6c11.php(43): Twig\Template->display(Array, Array)
#4 C:\xampp\htdocs\www\PHP\NestiECommerce\vendor\twig\twig\src\Template.php(394): __TwigTemplate_313bf1f4f54ab9387a4d0f978641ff0fe8f9c1d79ab9a357c157aaa7c8cde116->doDisplay(Array, Array)
#5 C:\xampp\htdocs\www\PHP\NestiECommerce\vendor\twig\twig\src\Template.php(367): Twig\Template->displayWithErrorHandling(Array, Array)
#6 C:\xampp\htdocs\www\PHP\NestiECommerce\vendor\twig\twig\src\Template.php(379): Twig\Template->display(Array)
#7 C:\xampp\htdocs\www\PHP\NestiECommerce\vendor\twig\twig\src\TemplateWrapper.php(40): Twig\Template->render(Array, Array)
#8 C:\xampp\htdocs\www\PHP\NestiECommerce\vendor\twig\twig\src\Environment.php(277): Twig\TemplateWrapper->render(Array)
#9 C:\xampp\htdocs\www\PHP\NestiECommerce\vendor\kenjis\codeigniter-ss-twig\src\CI4Twig\Twig.php(177): Twig\Environment->render('article/list.tw...', Array)
#10 C:\xampp\htdocs\www\PHP\NestiECommerce\vendor\kenjis\codeigniter-ss-twig\src\CI4Twig\Twig.php(156): Kenjis\CI4Twig\Twig->render('article/list.tw...', Array)
#11 C:\xampp\htdocs\www\PHP\NestiECommerce\app\Controllers\ArticleController.php(29): Kenjis\CI4Twig\Twig->display('article/list', Array)
#12 C:\xampp\htdocs\www\PHP\NestiECommerce\vendor\codeigniter4\framework\system\CodeIgniter.php(937): App\Controllers\ArticleController->list()
#13 C:\xampp\htdocs\www\PHP\NestiECommerce\vendor\codeigniter4\framework\system\CodeIgniter.php(433): CodeIgniter\CodeIgniter->runController(Object(App\Controllers\ArticleController))
#14 C:\xampp\htdocs\www\PHP\NestiECommerce\vendor\codeigniter4\framework\system\CodeIgniter.php(334): CodeIgniter\CodeIgniter->handleRequest(NULL, Object(Config\Cache), false)
#15 C:\xampp\htdocs\www\PHP\NestiECommerce\public\index.php(44): CodeIgniter\CodeIgniter->run()
#16 {main}
ERROR - 2021-05-05 10:41:00 --> mysqli_sql_exception: Unknown column 'idArticle' in 'where clause' in C:\xampp\htdocs\www\PHP\NestiECommerce\vendor\codeigniter4\framework\system\Database\MySQLi\Connection.php:314
Stack trace:
#0 C:\xampp\htdocs\www\PHP\NestiECommerce\vendor\codeigniter4\framework\system\Database\MySQLi\Connection.php(314): mysqli->query('SELECT *\nFROM `...')
#1 C:\xampp\htdocs\www\PHP\NestiECommerce\vendor\codeigniter4\framework\system\Database\BaseConnection.php(713): CodeIgniter\Database\MySQLi\Connection->execute('SELECT *\nFROM `...')
#2 C:\xampp\htdocs\www\PHP\NestiECommerce\vendor\codeigniter4\framework\system\Database\BaseConnection.php(641): CodeIgniter\Database\BaseConnection->simpleQuery('SELECT *\nFROM `...')
#3 C:\xampp\htdocs\www\PHP\NestiECommerce\vendor\codeigniter4\framework\system\Database\BaseBuilder.php(1866): CodeIgniter\Database\BaseConnection->query('SELECT *\nFROM `...', Array, false)
#4 C:\xampp\htdocs\www\PHP\NestiECommerce\vendor\codeigniter4\framework\system\Model.php(247): CodeIgniter\Database\BaseBuilder->get()
#5 C:\xampp\htdocs\www\PHP\NestiECommerce\vendor\codeigniter4\framework\system\BaseModel.php(624): CodeIgniter\Model->doFirst()
#6 C:\xampp\htdocs\www\PHP\NestiECommerce\app\Entities\Article.php(37): CodeIgniter\BaseModel->first()
#7 C:\xampp\htdocs\www\PHP\NestiECommerce\vendor\twig\twig\src\Extension\CoreExtension.php(1541): App\Entities\Article->getImage('12')
#8 C:\xampp\htdocs\www\PHP\NestiECommerce\writable\cache\twig\05\05fc5b3b33315423ead8658d1d42a91cfa013ad95156ef8c27800b0cb60f6c11.php(100): twig_get_attribute(Object(Twig\Environment), Object(Twig\Source), Object(App\Entities\Article), 'getImage', Array, 'method', false, false, false, 29)
#9 C:\xampp\htdocs\www\PHP\NestiECommerce\vendor\twig\twig\src\Template.php(171): __TwigTemplate_313bf1f4f54ab9387a4d0f978641ff0fe8f9c1d79ab9a357c157aaa7c8cde116->block_body(Array, Array)
#10 C:\xampp\htdocs\www\PHP\NestiECommerce\writable\cache\twig\de\de1f96441334b04068d349f6b2db0a5fd65ab34ca18b03fd2eb031fb20bf2495.php(72): Twig\Template->displayBlock('body', Array, Array)
#11 C:\xampp\htdocs\www\PHP\NestiECommerce\vendor\twig\twig\src\Template.php(394): __TwigTemplate_b4d35fabcb46cd59ae1a2e5d5f8051bcae24104f676327e01bf53e39fa4b904a->doDisplay(Array, Array)
#12 C:\xampp\htdocs\www\PHP\NestiECommerce\vendor\twig\twig\src\Template.php(367): Twig\Template->displayWithErrorHandling(Array, Array)
#13 C:\xampp\htdocs\www\PHP\NestiECommerce\writable\cache\twig\05\05fc5b3b33315423ead8658d1d42a91cfa013ad95156ef8c27800b0cb60f6c11.php(43): Twig\Template->display(Array, Array)
#14 C:\xampp\htdocs\www\PHP\NestiECommerce\vendor\twig\twig\src\Template.php(394): __TwigTemplate_313bf1f4f54ab9387a4d0f978641ff0fe8f9c1d79ab9a357c157aaa7c8cde116->doDisplay(Array, Array)
#15 C:\xampp\htdocs\www\PHP\NestiECommerce\vendor\twig\twig\src\Template.php(367): Twig\Template->displayWithErrorHandling(Array, Array)
#16 C:\xampp\htdocs\www\PHP\NestiECommerce\vendor\twig\twig\src\Template.php(379): Twig\Template->display(Array)
#17 C:\xampp\htdocs\www\PHP\NestiECommerce\vendor\twig\twig\src\TemplateWrapper.php(40): Twig\Template->render(Array, Array)
#18 C:\xampp\htdocs\www\PHP\NestiECommerce\vendor\twig\twig\src\Environment.php(277): Twig\TemplateWrapper->render(Array)
#19 C:\xampp\htdocs\www\PHP\NestiECommerce\vendor\kenjis\codeigniter-ss-twig\src\CI4Twig\Twig.php(177): Twig\Environment->render('article/list.tw...', Array)
#20 C:\xampp\htdocs\www\PHP\NestiECommerce\vendor\kenjis\codeigniter-ss-twig\src\CI4Twig\Twig.php(156): Kenjis\CI4Twig\Twig->render('article/list.tw...', Array)
#21 C:\xampp\htdocs\www\PHP\NestiECommerce\app\Controllers\ArticleController.php(29): Kenjis\CI4Twig\Twig->display('article/list', Array)
#22 C:\xampp\htdocs\www\PHP\NestiECommerce\vendor\codeigniter4\framework\system\CodeIgniter.php(937): App\Controllers\ArticleController->list()
#23 C:\xampp\htdocs\www\PHP\NestiECommerce\vendor\codeigniter4\framework\system\CodeIgniter.php(433): CodeIgniter\CodeIgniter->runController(Object(App\Controllers\ArticleController))
#24 C:\xampp\htdocs\www\PHP\NestiECommerce\vendor\codeigniter4\framework\system\CodeIgniter.php(334): CodeIgniter\CodeIgniter->handleRequest(NULL, Object(Config\Cache), false)
#25 C:\xampp\htdocs\www\PHP\NestiECommerce\public\index.php(44): CodeIgniter\CodeIgniter->run()
#26 {main}
CRITICAL - 2021-05-05 10:41:01 --> An exception has been thrown during the rendering of a template ("Unknown column 'idArticle' in 'where clause'").
#0 C:\xampp\htdocs\www\PHP\NestiECommerce\writable\cache\twig\de\de1f96441334b04068d349f6b2db0a5fd65ab34ca18b03fd2eb031fb20bf2495.php(72): Twig\Template->displayBlock('body', Array, Array)
#1 C:\xampp\htdocs\www\PHP\NestiECommerce\vendor\twig\twig\src\Template.php(394): __TwigTemplate_b4d35fabcb46cd59ae1a2e5d5f8051bcae24104f676327e01bf53e39fa4b904a->doDisplay(Array, Array)
#2 C:\xampp\htdocs\www\PHP\NestiECommerce\vendor\twig\twig\src\Template.php(367): Twig\Template->displayWithErrorHandling(Array, Array)
#3 C:\xampp\htdocs\www\PHP\NestiECommerce\writable\cache\twig\05\05fc5b3b33315423ead8658d1d42a91cfa013ad95156ef8c27800b0cb60f6c11.php(43): Twig\Template->display(Array, Array)
#4 C:\xampp\htdocs\www\PHP\NestiECommerce\vendor\twig\twig\src\Template.php(394): __TwigTemplate_313bf1f4f54ab9387a4d0f978641ff0fe8f9c1d79ab9a357c157aaa7c8cde116->doDisplay(Array, Array)
#5 C:\xampp\htdocs\www\PHP\NestiECommerce\vendor\twig\twig\src\Template.php(367): Twig\Template->displayWithErrorHandling(Array, Array)
#6 C:\xampp\htdocs\www\PHP\NestiECommerce\vendor\twig\twig\src\Template.php(379): Twig\Template->display(Array)
#7 C:\xampp\htdocs\www\PHP\NestiECommerce\vendor\twig\twig\src\TemplateWrapper.php(40): Twig\Template->render(Array, Array)
#8 C:\xampp\htdocs\www\PHP\NestiECommerce\vendor\twig\twig\src\Environment.php(277): Twig\TemplateWrapper->render(Array)
#9 C:\xampp\htdocs\www\PHP\NestiECommerce\vendor\kenjis\codeigniter-ss-twig\src\CI4Twig\Twig.php(177): Twig\Environment->render('article/list.tw...', Array)
#10 C:\xampp\htdocs\www\PHP\NestiECommerce\vendor\kenjis\codeigniter-ss-twig\src\CI4Twig\Twig.php(156): Kenjis\CI4Twig\Twig->render('article/list.tw...', Array)
#11 C:\xampp\htdocs\www\PHP\NestiECommerce\app\Controllers\ArticleController.php(29): Kenjis\CI4Twig\Twig->display('article/list', Array)
#12 C:\xampp\htdocs\www\PHP\NestiECommerce\vendor\codeigniter4\framework\system\CodeIgniter.php(937): App\Controllers\ArticleController->list()
#13 C:\xampp\htdocs\www\PHP\NestiECommerce\vendor\codeigniter4\framework\system\CodeIgniter.php(433): CodeIgniter\CodeIgniter->runController(Object(App\Controllers\ArticleController))
#14 C:\xampp\htdocs\www\PHP\NestiECommerce\vendor\codeigniter4\framework\system\CodeIgniter.php(334): CodeIgniter\CodeIgniter->handleRequest(NULL, Object(Config\Cache), false)
#15 C:\xampp\htdocs\www\PHP\NestiECommerce\public\index.php(44): CodeIgniter\CodeIgniter->run()
#16 {main}
ERROR - 2021-05-05 10:41:09 --> mysqli_sql_exception: Unknown column 'idArticle' in 'where clause' in C:\xampp\htdocs\www\PHP\NestiECommerce\vendor\codeigniter4\framework\system\Database\MySQLi\Connection.php:314
Stack trace:
#0 C:\xampp\htdocs\www\PHP\NestiECommerce\vendor\codeigniter4\framework\system\Database\MySQLi\Connection.php(314): mysqli->query('SELECT *\nFROM `...')
#1 C:\xampp\htdocs\www\PHP\NestiECommerce\vendor\codeigniter4\framework\system\Database\BaseConnection.php(713): CodeIgniter\Database\MySQLi\Connection->execute('SELECT *\nFROM `...')
#2 C:\xampp\htdocs\www\PHP\NestiECommerce\vendor\codeigniter4\framework\system\Database\BaseConnection.php(641): CodeIgniter\Database\BaseConnection->simpleQuery('SELECT *\nFROM `...')
#3 C:\xampp\htdocs\www\PHP\NestiECommerce\vendor\codeigniter4\framework\system\Database\BaseBuilder.php(1866): CodeIgniter\Database\BaseConnection->query('SELECT *\nFROM `...', Array, false)
#4 C:\xampp\htdocs\www\PHP\NestiECommerce\vendor\codeigniter4\framework\system\Model.php(247): CodeIgniter\Database\BaseBuilder->get()
#5 C:\xampp\htdocs\www\PHP\NestiECommerce\vendor\codeigniter4\framework\system\BaseModel.php(624): CodeIgniter\Model->doFirst()
#6 C:\xampp\htdocs\www\PHP\NestiECommerce\app\Entities\Article.php(37): CodeIgniter\BaseModel->first()
#7 C:\xampp\htdocs\www\PHP\NestiECommerce\vendor\twig\twig\src\Extension\CoreExtension.php(1541): App\Entities\Article->getImage('12')
#8 C:\xampp\htdocs\www\PHP\NestiECommerce\writable\cache\twig\05\05fc5b3b33315423ead8658d1d42a91cfa013ad95156ef8c27800b0cb60f6c11.php(100): twig_get_attribute(Object(Twig\Environment), Object(Twig\Source), Object(App\Entities\Article), 'getImage', Array, 'method', false, false, false, 29)
#9 C:\xampp\htdocs\www\PHP\NestiECommerce\vendor\twig\twig\src\Template.php(171): __TwigTemplate_313bf1f4f54ab9387a4d0f978641ff0fe8f9c1d79ab9a357c157aaa7c8cde116->block_body(Array, Array)
#10 C:\xampp\htdocs\www\PHP\NestiECommerce\writable\cache\twig\de\de1f96441334b04068d349f6b2db0a5fd65ab34ca18b03fd2eb031fb20bf2495.php(72): Twig\Template->displayBlock('body', Array, Array)
#11 C:\xampp\htdocs\www\PHP\NestiECommerce\vendor\twig\twig\src\Template.php(394): __TwigTemplate_b4d35fabcb46cd59ae1a2e5d5f8051bcae24104f676327e01bf53e39fa4b904a->doDisplay(Array, Array)
#12 C:\xampp\htdocs\www\PHP\NestiECommerce\vendor\twig\twig\src\Template.php(367): Twig\Template->displayWithErrorHandling(Array, Array)
#13 C:\xampp\htdocs\www\PHP\NestiECommerce\writable\cache\twig\05\05fc5b3b33315423ead8658d1d42a91cfa013ad95156ef8c27800b0cb60f6c11.php(43): Twig\Template->display(Array, Array)
#14 C:\xampp\htdocs\www\PHP\NestiECommerce\vendor\twig\twig\src\Template.php(394): __TwigTemplate_313bf1f4f54ab9387a4d0f978641ff0fe8f9c1d79ab9a357c157aaa7c8cde116->doDisplay(Array, Array)
#15 C:\xampp\htdocs\www\PHP\NestiECommerce\vendor\twig\twig\src\Template.php(367): Twig\Template->displayWithErrorHandling(Array, Array)
#16 C:\xampp\htdocs\www\PHP\NestiECommerce\vendor\twig\twig\src\Template.php(379): Twig\Template->display(Array)
#17 C:\xampp\htdocs\www\PHP\NestiECommerce\vendor\twig\twig\src\TemplateWrapper.php(40): Twig\Template->render(Array, Array)
#18 C:\xampp\htdocs\www\PHP\NestiECommerce\vendor\twig\twig\src\Environment.php(277): Twig\TemplateWrapper->render(Array)
#19 C:\xampp\htdocs\www\PHP\NestiECommerce\vendor\kenjis\codeigniter-ss-twig\src\CI4Twig\Twig.php(177): Twig\Environment->render('article/list.tw...', Array)
#20 C:\xampp\htdocs\www\PHP\NestiECommerce\vendor\kenjis\codeigniter-ss-twig\src\CI4Twig\Twig.php(156): Kenjis\CI4Twig\Twig->render('article/list.tw...', Array)
#21 C:\xampp\htdocs\www\PHP\NestiECommerce\app\Controllers\ArticleController.php(29): Kenjis\CI4Twig\Twig->display('article/list', Array)
#22 C:\xampp\htdocs\www\PHP\NestiECommerce\vendor\codeigniter4\framework\system\CodeIgniter.php(937): App\Controllers\ArticleController->list()
#23 C:\xampp\htdocs\www\PHP\NestiECommerce\vendor\codeigniter4\framework\system\CodeIgniter.php(433): CodeIgniter\CodeIgniter->runController(Object(App\Controllers\ArticleController))
#24 C:\xampp\htdocs\www\PHP\NestiECommerce\vendor\codeigniter4\framework\system\CodeIgniter.php(334): CodeIgniter\CodeIgniter->handleRequest(NULL, Object(Config\Cache), false)
#25 C:\xampp\htdocs\www\PHP\NestiECommerce\public\index.php(44): CodeIgniter\CodeIgniter->run()
#26 {main}
CRITICAL - 2021-05-05 10:41:09 --> An exception has been thrown during the rendering of a template ("Unknown column 'idArticle' in 'where clause'").
#0 C:\xampp\htdocs\www\PHP\NestiECommerce\writable\cache\twig\de\de1f96441334b04068d349f6b2db0a5fd65ab34ca18b03fd2eb031fb20bf2495.php(72): Twig\Template->displayBlock('body', Array, Array)
#1 C:\xampp\htdocs\www\PHP\NestiECommerce\vendor\twig\twig\src\Template.php(394): __TwigTemplate_b4d35fabcb46cd59ae1a2e5d5f8051bcae24104f676327e01bf53e39fa4b904a->doDisplay(Array, Array)
#2 C:\xampp\htdocs\www\PHP\NestiECommerce\vendor\twig\twig\src\Template.php(367): Twig\Template->displayWithErrorHandling(Array, Array)
#3 C:\xampp\htdocs\www\PHP\NestiECommerce\writable\cache\twig\05\05fc5b3b33315423ead8658d1d42a91cfa013ad95156ef8c27800b0cb60f6c11.php(43): Twig\Template->display(Array, Array)
#4 C:\xampp\htdocs\www\PHP\NestiECommerce\vendor\twig\twig\src\Template.php(394): __TwigTemplate_313bf1f4f54ab9387a4d0f978641ff0fe8f9c1d79ab9a357c157aaa7c8cde116->doDisplay(Array, Array)
#5 C:\xampp\htdocs\www\PHP\NestiECommerce\vendor\twig\twig\src\Template.php(367): Twig\Template->displayWithErrorHandling(Array, Array)
#6 C:\xampp\htdocs\www\PHP\NestiECommerce\vendor\twig\twig\src\Template.php(379): Twig\Template->display(Array)
#7 C:\xampp\htdocs\www\PHP\NestiECommerce\vendor\twig\twig\src\TemplateWrapper.php(40): Twig\Template->render(Array, Array)
#8 C:\xampp\htdocs\www\PHP\NestiECommerce\vendor\twig\twig\src\Environment.php(277): Twig\TemplateWrapper->render(Array)
#9 C:\xampp\htdocs\www\PHP\NestiECommerce\vendor\kenjis\codeigniter-ss-twig\src\CI4Twig\Twig.php(177): Twig\Environment->render('article/list.tw...', Array)
#10 C:\xampp\htdocs\www\PHP\NestiECommerce\vendor\kenjis\codeigniter-ss-twig\src\CI4Twig\Twig.php(156): Kenjis\CI4Twig\Twig->render('article/list.tw...', Array)
#11 C:\xampp\htdocs\www\PHP\NestiECommerce\app\Controllers\ArticleController.php(29): Kenjis\CI4Twig\Twig->display('article/list', Array)
#12 C:\xampp\htdocs\www\PHP\NestiECommerce\vendor\codeigniter4\framework\system\CodeIgniter.php(937): App\Controllers\ArticleController->list()
#13 C:\xampp\htdocs\www\PHP\NestiECommerce\vendor\codeigniter4\framework\system\CodeIgniter.php(433): CodeIgniter\CodeIgniter->runController(Object(App\Controllers\ArticleController))
#14 C:\xampp\htdocs\www\PHP\NestiECommerce\vendor\codeigniter4\framework\system\CodeIgniter.php(334): CodeIgniter\CodeIgniter->handleRequest(NULL, Object(Config\Cache), false)
#15 C:\xampp\htdocs\www\PHP\NestiECommerce\public\index.php(44): CodeIgniter\CodeIgniter->run()
#16 {main}
CRITICAL - 2021-05-05 16:50:05 --> Class "App\Controllers\TagModel" not found
#0 C:\xampp\htdocs\www\PHP\NestiECommerce\vendor\codeigniter4\framework\system\CodeIgniter.php(937): App\Controllers\Recipecontroller->list()
#1 C:\xampp\htdocs\www\PHP\NestiECommerce\vendor\codeigniter4\framework\system\CodeIgniter.php(433): CodeIgniter\CodeIgniter->runController(Object(App\Controllers\Recipecontroller))
#2 C:\xampp\htdocs\www\PHP\NestiECommerce\vendor\codeigniter4\framework\system\CodeIgniter.php(334): CodeIgniter\CodeIgniter->handleRequest(NULL, Object(Config\Cache), false)
#3 C:\xampp\htdocs\www\PHP\NestiECommerce\public\index.php(44): CodeIgniter\CodeIgniter->run()
#4 {main}
