CRITICAL - 2021-04-23 11:05:44 --> Unknown "current_url" function.
#0 C:\xampp\htdocs\www\PHP\NestiECommerce\vendor\twig\twig\src\ExpressionParser.php(455): Twig\ExpressionParser->getFunctionNodeClass('current_url', 9)
#1 C:\xampp\htdocs\www\PHP\NestiECommerce\vendor\twig\twig\src\ExpressionParser.php(235): Twig\ExpressionParser->getFunctionNode('current_url', 9)
#2 C:\xampp\htdocs\www\PHP\NestiECommerce\vendor\twig\twig\src\ExpressionParser.php(175): Twig\ExpressionParser->parsePrimaryExpression()
#3 C:\xampp\htdocs\www\PHP\NestiECommerce\vendor\twig\twig\src\ExpressionParser.php(70): Twig\ExpressionParser->getPrimary()
#4 C:\xampp\htdocs\www\PHP\NestiECommerce\vendor\twig\twig\src\TokenParser\IfTokenParser.php(38): Twig\ExpressionParser->parseExpression()
#5 C:\xampp\htdocs\www\PHP\NestiECommerce\vendor\twig\twig\src\Parser.php(171): Twig\TokenParser\IfTokenParser->parse(Object(Twig\Token))
#6 C:\xampp\htdocs\www\PHP\NestiECommerce\vendor\twig\twig\src\Parser.php(84): Twig\Parser->subparse(NULL, false)
#7 C:\xampp\htdocs\www\PHP\NestiECommerce\vendor\twig\twig\src\Environment.php(479): Twig\Parser->parse(Object(Twig\TokenStream))
#8 C:\xampp\htdocs\www\PHP\NestiECommerce\vendor\twig\twig\src\Environment.php(507): Twig\Environment->parse(Object(Twig\TokenStream))
#9 C:\xampp\htdocs\www\PHP\NestiECommerce\vendor\twig\twig\src\Environment.php(348): Twig\Environment->compileSource(Object(Twig\Source))
#10 C:\xampp\htdocs\www\PHP\NestiECommerce\vendor\twig\twig\src\Environment.php(309): Twig\Environment->loadTemplate('__TwigTemplate_...', 'layout/partials...')
#11 C:\xampp\htdocs\www\PHP\NestiECommerce\vendor\twig\twig\src\Environment.php(433): Twig\Environment->load('layout/partials...')
#12 C:\xampp\htdocs\www\PHP\NestiECommerce\vendor\twig\twig\src\Extension\CoreExtension.php(1258): Twig\Environment->resolveTemplate('layout/partials...')
#13 C:\xampp\htdocs\www\PHP\NestiECommerce\writable\cache\twig\de\de1f96441334b04068d349f6b2db0a5fd65ab34ca18b03fd2eb031fb20bf2495.php(67): twig_include(Object(Twig\Environment), Array, 'layout/partials...')
#14 C:\xampp\htdocs\www\PHP\NestiECommerce\vendor\twig\twig\src\Template.php(394): __TwigTemplate_b4d35fabcb46cd59ae1a2e5d5f8051bcae24104f676327e01bf53e39fa4b904a->doDisplay(Array, Array)
#15 C:\xampp\htdocs\www\PHP\NestiECommerce\vendor\twig\twig\src\Template.php(367): Twig\Template->displayWithErrorHandling(Array, Array)
#16 C:\xampp\htdocs\www\PHP\NestiECommerce\writable\cache\twig\a4\a4e51cd09e1e6ac589218704033a44e3c0cc452f7656717d01e1ea152f534bbe.php(42): Twig\Template->display(Array, Array)
#17 C:\xampp\htdocs\www\PHP\NestiECommerce\vendor\twig\twig\src\Template.php(394): __TwigTemplate_f78dbbab9e9383265411648ad432b878abf9d424631fbbda5cea21e7e1554ff7->doDisplay(Array, Array)
#18 C:\xampp\htdocs\www\PHP\NestiECommerce\vendor\twig\twig\src\Template.php(367): Twig\Template->displayWithErrorHandling(Array, Array)
#19 C:\xampp\htdocs\www\PHP\NestiECommerce\vendor\twig\twig\src\Template.php(379): Twig\Template->display(Array)
#20 C:\xampp\htdocs\www\PHP\NestiECommerce\vendor\twig\twig\src\TemplateWrapper.php(40): Twig\Template->render(Array, Array)
#21 C:\xampp\htdocs\www\PHP\NestiECommerce\vendor\twig\twig\src\Environment.php(277): Twig\TemplateWrapper->render(Array)
#22 C:\xampp\htdocs\www\PHP\NestiECommerce\vendor\kenjis\codeigniter-ss-twig\src\CI4Twig\Twig.php(177): Twig\Environment->render('home.twig', Array)
#23 C:\xampp\htdocs\www\PHP\NestiECommerce\vendor\kenjis\codeigniter-ss-twig\src\CI4Twig\Twig.php(156): Kenjis\CI4Twig\Twig->render('home.twig', Array)
#24 C:\xampp\htdocs\www\PHP\NestiECommerce\app\Controllers\Home.php(9): Kenjis\CI4Twig\Twig->display('home')
#25 C:\xampp\htdocs\www\PHP\NestiECommerce\vendor\codeigniter4\framework\system\CodeIgniter.php(937): App\Controllers\Home->index()
#26 C:\xampp\htdocs\www\PHP\NestiECommerce\vendor\codeigniter4\framework\system\CodeIgniter.php(433): CodeIgniter\CodeIgniter->runController(Object(App\Controllers\Home))
#27 C:\xampp\htdocs\www\PHP\NestiECommerce\vendor\codeigniter4\framework\system\CodeIgniter.php(334): CodeIgniter\CodeIgniter->handleRequest(NULL, Object(Config\Cache), false)
#28 C:\xampp\htdocs\www\PHP\NestiECommerce\public\index.php(44): CodeIgniter\CodeIgniter->run()
#29 {main}
CRITICAL - 2021-04-23 11:16:04 --> Unknown "current_url" function.
#0 C:\xampp\htdocs\www\PHP\NestiECommerce\vendor\twig\twig\src\ExpressionParser.php(455): Twig\ExpressionParser->getFunctionNodeClass('current_url', 15)
#1 C:\xampp\htdocs\www\PHP\NestiECommerce\vendor\twig\twig\src\ExpressionParser.php(235): Twig\ExpressionParser->getFunctionNode('current_url', 15)
#2 C:\xampp\htdocs\www\PHP\NestiECommerce\vendor\twig\twig\src\ExpressionParser.php(175): Twig\ExpressionParser->parsePrimaryExpression()
#3 C:\xampp\htdocs\www\PHP\NestiECommerce\vendor\twig\twig\src\ExpressionParser.php(70): Twig\ExpressionParser->getPrimary()
#4 C:\xampp\htdocs\www\PHP\NestiECommerce\vendor\twig\twig\src\Parser.php(128): Twig\ExpressionParser->parseExpression()
#5 C:\xampp\htdocs\www\PHP\NestiECommerce\vendor\twig\twig\src\Parser.php(84): Twig\Parser->subparse(NULL, false)
#6 C:\xampp\htdocs\www\PHP\NestiECommerce\vendor\twig\twig\src\Environment.php(479): Twig\Parser->parse(Object(Twig\TokenStream))
#7 C:\xampp\htdocs\www\PHP\NestiECommerce\vendor\twig\twig\src\Environment.php(507): Twig\Environment->parse(Object(Twig\TokenStream))
#8 C:\xampp\htdocs\www\PHP\NestiECommerce\vendor\twig\twig\src\Environment.php(348): Twig\Environment->compileSource(Object(Twig\Source))
#9 C:\xampp\htdocs\www\PHP\NestiECommerce\vendor\twig\twig\src\Environment.php(309): Twig\Environment->loadTemplate('__TwigTemplate_...', 'layout/partials...')
#10 C:\xampp\htdocs\www\PHP\NestiECommerce\vendor\twig\twig\src\Environment.php(433): Twig\Environment->load('layout/partials...')
#11 C:\xampp\htdocs\www\PHP\NestiECommerce\vendor\twig\twig\src\Extension\CoreExtension.php(1258): Twig\Environment->resolveTemplate('layout/partials...')
#12 C:\xampp\htdocs\www\PHP\NestiECommerce\writable\cache\twig\de\de1f96441334b04068d349f6b2db0a5fd65ab34ca18b03fd2eb031fb20bf2495.php(67): twig_include(Object(Twig\Environment), Array, 'layout/partials...')
#13 C:\xampp\htdocs\www\PHP\NestiECommerce\vendor\twig\twig\src\Template.php(394): __TwigTemplate_b4d35fabcb46cd59ae1a2e5d5f8051bcae24104f676327e01bf53e39fa4b904a->doDisplay(Array, Array)
#14 C:\xampp\htdocs\www\PHP\NestiECommerce\vendor\twig\twig\src\Template.php(367): Twig\Template->displayWithErrorHandling(Array, Array)
#15 C:\xampp\htdocs\www\PHP\NestiECommerce\writable\cache\twig\05\05fc5b3b33315423ead8658d1d42a91cfa013ad95156ef8c27800b0cb60f6c11.php(42): Twig\Template->display(Array, Array)
#16 C:\xampp\htdocs\www\PHP\NestiECommerce\vendor\twig\twig\src\Template.php(394): __TwigTemplate_313bf1f4f54ab9387a4d0f978641ff0fe8f9c1d79ab9a357c157aaa7c8cde116->doDisplay(Array, Array)
#17 C:\xampp\htdocs\www\PHP\NestiECommerce\vendor\twig\twig\src\Template.php(367): Twig\Template->displayWithErrorHandling(Array, Array)
#18 C:\xampp\htdocs\www\PHP\NestiECommerce\vendor\twig\twig\src\Template.php(379): Twig\Template->display(Array)
#19 C:\xampp\htdocs\www\PHP\NestiECommerce\vendor\twig\twig\src\TemplateWrapper.php(40): Twig\Template->render(Array, Array)
#20 C:\xampp\htdocs\www\PHP\NestiECommerce\vendor\twig\twig\src\Environment.php(277): Twig\TemplateWrapper->render(Array)
#21 C:\xampp\htdocs\www\PHP\NestiECommerce\vendor\kenjis\codeigniter-ss-twig\src\CI4Twig\Twig.php(177): Twig\Environment->render('article/list.tw...', Array)
#22 C:\xampp\htdocs\www\PHP\NestiECommerce\vendor\kenjis\codeigniter-ss-twig\src\CI4Twig\Twig.php(156): Kenjis\CI4Twig\Twig->render('article/list.tw...', Array)
#23 C:\xampp\htdocs\www\PHP\NestiECommerce\app\Controllers\ArticleController.php(9): Kenjis\CI4Twig\Twig->display('article/list')
#24 C:\xampp\htdocs\www\PHP\NestiECommerce\vendor\codeigniter4\framework\system\CodeIgniter.php(937): App\Controllers\ArticleController->list()
#25 C:\xampp\htdocs\www\PHP\NestiECommerce\vendor\codeigniter4\framework\system\CodeIgniter.php(433): CodeIgniter\CodeIgniter->runController(Object(App\Controllers\ArticleController))
#26 C:\xampp\htdocs\www\PHP\NestiECommerce\vendor\codeigniter4\framework\system\CodeIgniter.php(334): CodeIgniter\CodeIgniter->handleRequest(NULL, Object(Config\Cache), false)
#27 C:\xampp\htdocs\www\PHP\NestiECommerce\public\index.php(44): CodeIgniter\CodeIgniter->run()
#28 {main}
CRITICAL - 2021-04-23 14:25:34 --> Arguments must be separated by a comma. Unexpected token "punctuation" of value "{" ("punctuation" expected with value ",").
#0 C:\xampp\htdocs\www\PHP\NestiECommerce\vendor\twig\twig\src\ExpressionParser.php(590): Twig\TokenStream->expect(9, ',', 'Arguments must ...')
#1 C:\xampp\htdocs\www\PHP\NestiECommerce\vendor\twig\twig\src\ExpressionParser.php(454): Twig\ExpressionParser->parseArguments(true)
#2 C:\xampp\htdocs\www\PHP\NestiECommerce\vendor\twig\twig\src\ExpressionParser.php(235): Twig\ExpressionParser->getFunctionNode('base_url', 14)
#3 C:\xampp\htdocs\www\PHP\NestiECommerce\vendor\twig\twig\src\ExpressionParser.php(175): Twig\ExpressionParser->parsePrimaryExpression()
#4 C:\xampp\htdocs\www\PHP\NestiECommerce\vendor\twig\twig\src\ExpressionParser.php(70): Twig\ExpressionParser->getPrimary()
#5 C:\xampp\htdocs\www\PHP\NestiECommerce\vendor\twig\twig\src\Parser.php(128): Twig\ExpressionParser->parseExpression()
#6 C:\xampp\htdocs\www\PHP\NestiECommerce\vendor\twig\twig\src\TokenParser\BlockTokenParser.php(47): Twig\Parser->subparse(Array, true)
#7 C:\xampp\htdocs\www\PHP\NestiECommerce\vendor\twig\twig\src\Parser.php(171): Twig\TokenParser\BlockTokenParser->parse(Object(Twig\Token))
#8 C:\xampp\htdocs\www\PHP\NestiECommerce\vendor\twig\twig\src\Parser.php(84): Twig\Parser->subparse(NULL, false)
#9 C:\xampp\htdocs\www\PHP\NestiECommerce\vendor\twig\twig\src\Environment.php(479): Twig\Parser->parse(Object(Twig\TokenStream))
#10 C:\xampp\htdocs\www\PHP\NestiECommerce\vendor\twig\twig\src\Environment.php(507): Twig\Environment->parse(Object(Twig\TokenStream))
#11 C:\xampp\htdocs\www\PHP\NestiECommerce\vendor\twig\twig\src\Environment.php(348): Twig\Environment->compileSource(Object(Twig\Source))
#12 C:\xampp\htdocs\www\PHP\NestiECommerce\vendor\twig\twig\src\Template.php(322): Twig\Environment->loadTemplate('__TwigTemplate_...', 'layout/base.twi...', NULL)
#13 C:\xampp\htdocs\www\PHP\NestiECommerce\writable\cache\twig\a4\a4e51cd09e1e6ac589218704033a44e3c0cc452f7656717d01e1ea152f534bbe.php(42): Twig\Template->loadTemplate('layout/base.twi...', 'home.twig', 1)
#14 C:\xampp\htdocs\www\PHP\NestiECommerce\vendor\twig\twig\src\Template.php(394): __TwigTemplate_f78dbbab9e9383265411648ad432b878abf9d424631fbbda5cea21e7e1554ff7->doDisplay(Array, Array)
#15 C:\xampp\htdocs\www\PHP\NestiECommerce\vendor\twig\twig\src\Template.php(367): Twig\Template->displayWithErrorHandling(Array, Array)
#16 C:\xampp\htdocs\www\PHP\NestiECommerce\vendor\twig\twig\src\Template.php(379): Twig\Template->display(Array)
#17 C:\xampp\htdocs\www\PHP\NestiECommerce\vendor\twig\twig\src\TemplateWrapper.php(40): Twig\Template->render(Array, Array)
#18 C:\xampp\htdocs\www\PHP\NestiECommerce\vendor\twig\twig\src\Environment.php(277): Twig\TemplateWrapper->render(Array)
#19 C:\xampp\htdocs\www\PHP\NestiECommerce\vendor\kenjis\codeigniter-ss-twig\src\CI4Twig\Twig.php(177): Twig\Environment->render('home.twig', Array)
#20 C:\xampp\htdocs\www\PHP\NestiECommerce\vendor\kenjis\codeigniter-ss-twig\src\CI4Twig\Twig.php(156): Kenjis\CI4Twig\Twig->render('home.twig', Array)
#21 C:\xampp\htdocs\www\PHP\NestiECommerce\app\Controllers\Home.php(10): Kenjis\CI4Twig\Twig->display('home', Array)
#22 C:\xampp\htdocs\www\PHP\NestiECommerce\vendor\codeigniter4\framework\system\CodeIgniter.php(937): App\Controllers\Home->index()
#23 C:\xampp\htdocs\www\PHP\NestiECommerce\vendor\codeigniter4\framework\system\CodeIgniter.php(433): CodeIgniter\CodeIgniter->runController(Object(App\Controllers\Home))
#24 C:\xampp\htdocs\www\PHP\NestiECommerce\vendor\codeigniter4\framework\system\CodeIgniter.php(334): CodeIgniter\CodeIgniter->handleRequest(NULL, Object(Config\Cache), false)
#25 C:\xampp\htdocs\www\PHP\NestiECommerce\public\index.php(44): CodeIgniter\CodeIgniter->run()
#26 {main}
CRITICAL - 2021-04-23 14:25:48 --> Arguments must be separated by a comma. Unexpected token "punctuation" of value "{" ("punctuation" expected with value ",").
#0 C:\xampp\htdocs\www\PHP\NestiECommerce\vendor\twig\twig\src\ExpressionParser.php(590): Twig\TokenStream->expect(9, ',', 'Arguments must ...')
#1 C:\xampp\htdocs\www\PHP\NestiECommerce\vendor\twig\twig\src\ExpressionParser.php(454): Twig\ExpressionParser->parseArguments(true)
#2 C:\xampp\htdocs\www\PHP\NestiECommerce\vendor\twig\twig\src\ExpressionParser.php(235): Twig\ExpressionParser->getFunctionNode('base_url', 14)
#3 C:\xampp\htdocs\www\PHP\NestiECommerce\vendor\twig\twig\src\ExpressionParser.php(175): Twig\ExpressionParser->parsePrimaryExpression()
#4 C:\xampp\htdocs\www\PHP\NestiECommerce\vendor\twig\twig\src\ExpressionParser.php(70): Twig\ExpressionParser->getPrimary()
#5 C:\xampp\htdocs\www\PHP\NestiECommerce\vendor\twig\twig\src\Parser.php(128): Twig\ExpressionParser->parseExpression()
#6 C:\xampp\htdocs\www\PHP\NestiECommerce\vendor\twig\twig\src\TokenParser\BlockTokenParser.php(47): Twig\Parser->subparse(Array, true)
#7 C:\xampp\htdocs\www\PHP\NestiECommerce\vendor\twig\twig\src\Parser.php(171): Twig\TokenParser\BlockTokenParser->parse(Object(Twig\Token))
#8 C:\xampp\htdocs\www\PHP\NestiECommerce\vendor\twig\twig\src\Parser.php(84): Twig\Parser->subparse(NULL, false)
#9 C:\xampp\htdocs\www\PHP\NestiECommerce\vendor\twig\twig\src\Environment.php(479): Twig\Parser->parse(Object(Twig\TokenStream))
#10 C:\xampp\htdocs\www\PHP\NestiECommerce\vendor\twig\twig\src\Environment.php(507): Twig\Environment->parse(Object(Twig\TokenStream))
#11 C:\xampp\htdocs\www\PHP\NestiECommerce\vendor\twig\twig\src\Environment.php(348): Twig\Environment->compileSource(Object(Twig\Source))
#12 C:\xampp\htdocs\www\PHP\NestiECommerce\vendor\twig\twig\src\Template.php(322): Twig\Environment->loadTemplate('__TwigTemplate_...', 'layout/base.twi...', NULL)
#13 C:\xampp\htdocs\www\PHP\NestiECommerce\writable\cache\twig\a4\a4e51cd09e1e6ac589218704033a44e3c0cc452f7656717d01e1ea152f534bbe.php(42): Twig\Template->loadTemplate('layout/base.twi...', 'home.twig', 1)
#14 C:\xampp\htdocs\www\PHP\NestiECommerce\vendor\twig\twig\src\Template.php(394): __TwigTemplate_f78dbbab9e9383265411648ad432b878abf9d424631fbbda5cea21e7e1554ff7->doDisplay(Array, Array)
#15 C:\xampp\htdocs\www\PHP\NestiECommerce\vendor\twig\twig\src\Template.php(367): Twig\Template->displayWithErrorHandling(Array, Array)
#16 C:\xampp\htdocs\www\PHP\NestiECommerce\vendor\twig\twig\src\Template.php(379): Twig\Template->display(Array)
#17 C:\xampp\htdocs\www\PHP\NestiECommerce\vendor\twig\twig\src\TemplateWrapper.php(40): Twig\Template->render(Array, Array)
#18 C:\xampp\htdocs\www\PHP\NestiECommerce\vendor\twig\twig\src\Environment.php(277): Twig\TemplateWrapper->render(Array)
#19 C:\xampp\htdocs\www\PHP\NestiECommerce\vendor\kenjis\codeigniter-ss-twig\src\CI4Twig\Twig.php(177): Twig\Environment->render('home.twig', Array)
#20 C:\xampp\htdocs\www\PHP\NestiECommerce\vendor\kenjis\codeigniter-ss-twig\src\CI4Twig\Twig.php(156): Kenjis\CI4Twig\Twig->render('home.twig', Array)
#21 C:\xampp\htdocs\www\PHP\NestiECommerce\app\Controllers\Home.php(10): Kenjis\CI4Twig\Twig->display('home', Array)
#22 C:\xampp\htdocs\www\PHP\NestiECommerce\vendor\codeigniter4\framework\system\CodeIgniter.php(937): App\Controllers\Home->index()
#23 C:\xampp\htdocs\www\PHP\NestiECommerce\vendor\codeigniter4\framework\system\CodeIgniter.php(433): CodeIgniter\CodeIgniter->runController(Object(App\Controllers\Home))
#24 C:\xampp\htdocs\www\PHP\NestiECommerce\vendor\codeigniter4\framework\system\CodeIgniter.php(334): CodeIgniter\CodeIgniter->handleRequest(NULL, Object(Config\Cache), false)
#25 C:\xampp\htdocs\www\PHP\NestiECommerce\public\index.php(44): CodeIgniter\CodeIgniter->run()
#26 {main}
CRITICAL - 2021-04-23 14:29:35 --> Arguments must be separated by a comma. Unexpected token "punctuation" of value "{" ("punctuation" expected with value ",").
#0 C:\xampp\htdocs\www\PHP\NestiECommerce\vendor\twig\twig\src\ExpressionParser.php(590): Twig\TokenStream->expect(9, ',', 'Arguments must ...')
#1 C:\xampp\htdocs\www\PHP\NestiECommerce\vendor\twig\twig\src\ExpressionParser.php(454): Twig\ExpressionParser->parseArguments(true)
#2 C:\xampp\htdocs\www\PHP\NestiECommerce\vendor\twig\twig\src\ExpressionParser.php(235): Twig\ExpressionParser->getFunctionNode('base_url', 14)
#3 C:\xampp\htdocs\www\PHP\NestiECommerce\vendor\twig\twig\src\ExpressionParser.php(175): Twig\ExpressionParser->parsePrimaryExpression()
#4 C:\xampp\htdocs\www\PHP\NestiECommerce\vendor\twig\twig\src\ExpressionParser.php(70): Twig\ExpressionParser->getPrimary()
#5 C:\xampp\htdocs\www\PHP\NestiECommerce\vendor\twig\twig\src\Parser.php(128): Twig\ExpressionParser->parseExpression()
#6 C:\xampp\htdocs\www\PHP\NestiECommerce\vendor\twig\twig\src\TokenParser\BlockTokenParser.php(47): Twig\Parser->subparse(Array, true)
#7 C:\xampp\htdocs\www\PHP\NestiECommerce\vendor\twig\twig\src\Parser.php(171): Twig\TokenParser\BlockTokenParser->parse(Object(Twig\Token))
#8 C:\xampp\htdocs\www\PHP\NestiECommerce\vendor\twig\twig\src\Parser.php(84): Twig\Parser->subparse(NULL, false)
#9 C:\xampp\htdocs\www\PHP\NestiECommerce\vendor\twig\twig\src\Environment.php(479): Twig\Parser->parse(Object(Twig\TokenStream))
#10 C:\xampp\htdocs\www\PHP\NestiECommerce\vendor\twig\twig\src\Environment.php(507): Twig\Environment->parse(Object(Twig\TokenStream))
#11 C:\xampp\htdocs\www\PHP\NestiECommerce\vendor\twig\twig\src\Environment.php(348): Twig\Environment->compileSource(Object(Twig\Source))
#12 C:\xampp\htdocs\www\PHP\NestiECommerce\vendor\twig\twig\src\Template.php(322): Twig\Environment->loadTemplate('__TwigTemplate_...', 'layout/base.twi...', NULL)
#13 C:\xampp\htdocs\www\PHP\NestiECommerce\writable\cache\twig\a4\a4e51cd09e1e6ac589218704033a44e3c0cc452f7656717d01e1ea152f534bbe.php(42): Twig\Template->loadTemplate('layout/base.twi...', 'home.twig', 1)
#14 C:\xampp\htdocs\www\PHP\NestiECommerce\vendor\twig\twig\src\Template.php(394): __TwigTemplate_f78dbbab9e9383265411648ad432b878abf9d424631fbbda5cea21e7e1554ff7->doDisplay(Array, Array)
#15 C:\xampp\htdocs\www\PHP\NestiECommerce\vendor\twig\twig\src\Template.php(367): Twig\Template->displayWithErrorHandling(Array, Array)
#16 C:\xampp\htdocs\www\PHP\NestiECommerce\vendor\twig\twig\src\Template.php(379): Twig\Template->display(Array)
#17 C:\xampp\htdocs\www\PHP\NestiECommerce\vendor\twig\twig\src\TemplateWrapper.php(40): Twig\Template->render(Array, Array)
#18 C:\xampp\htdocs\www\PHP\NestiECommerce\vendor\twig\twig\src\Environment.php(277): Twig\TemplateWrapper->render(Array)
#19 C:\xampp\htdocs\www\PHP\NestiECommerce\vendor\kenjis\codeigniter-ss-twig\src\CI4Twig\Twig.php(177): Twig\Environment->render('home.twig', Array)
#20 C:\xampp\htdocs\www\PHP\NestiECommerce\vendor\kenjis\codeigniter-ss-twig\src\CI4Twig\Twig.php(156): Kenjis\CI4Twig\Twig->render('home.twig', Array)
#21 C:\xampp\htdocs\www\PHP\NestiECommerce\app\Controllers\Home.php(10): Kenjis\CI4Twig\Twig->display('home', Array)
#22 C:\xampp\htdocs\www\PHP\NestiECommerce\vendor\codeigniter4\framework\system\CodeIgniter.php(937): App\Controllers\Home->index()
#23 C:\xampp\htdocs\www\PHP\NestiECommerce\vendor\codeigniter4\framework\system\CodeIgniter.php(433): CodeIgniter\CodeIgniter->runController(Object(App\Controllers\Home))
#24 C:\xampp\htdocs\www\PHP\NestiECommerce\vendor\codeigniter4\framework\system\CodeIgniter.php(334): CodeIgniter\CodeIgniter->handleRequest(NULL, Object(Config\Cache), false)
#25 C:\xampp\htdocs\www\PHP\NestiECommerce\public\index.php(44): CodeIgniter\CodeIgniter->run()
#26 {main}
CRITICAL - 2021-04-23 16:25:24 --> Unexpected character "#".
#0 C:\xampp\htdocs\www\PHP\NestiECommerce\vendor\twig\twig\src\Lexer.php(290): Twig\Lexer->lexExpression()
#1 C:\xampp\htdocs\www\PHP\NestiECommerce\vendor\twig\twig\src\Lexer.php(184): Twig\Lexer->lexVar()
#2 C:\xampp\htdocs\www\PHP\NestiECommerce\vendor\twig\twig\src\Environment.php(460): Twig\Lexer->tokenize(Object(Twig\Source))
#3 C:\xampp\htdocs\www\PHP\NestiECommerce\vendor\twig\twig\src\Environment.php(507): Twig\Environment->tokenize(Object(Twig\Source))
#4 C:\xampp\htdocs\www\PHP\NestiECommerce\vendor\twig\twig\src\Environment.php(348): Twig\Environment->compileSource(Object(Twig\Source))
#5 C:\xampp\htdocs\www\PHP\NestiECommerce\vendor\twig\twig\src\Environment.php(309): Twig\Environment->loadTemplate('__TwigTemplate_...', 'layout/partials...')
#6 C:\xampp\htdocs\www\PHP\NestiECommerce\vendor\twig\twig\src\Environment.php(433): Twig\Environment->load('layout/partials...')
#7 C:\xampp\htdocs\www\PHP\NestiECommerce\vendor\twig\twig\src\Extension\CoreExtension.php(1258): Twig\Environment->resolveTemplate('layout/partials...')
#8 C:\xampp\htdocs\www\PHP\NestiECommerce\writable\cache\twig\de\de1f96441334b04068d349f6b2db0a5fd65ab34ca18b03fd2eb031fb20bf2495.php(67): twig_include(Object(Twig\Environment), Array, 'layout/partials...')
#9 C:\xampp\htdocs\www\PHP\NestiECommerce\vendor\twig\twig\src\Template.php(394): __TwigTemplate_b4d35fabcb46cd59ae1a2e5d5f8051bcae24104f676327e01bf53e39fa4b904a->doDisplay(Array, Array)
#10 C:\xampp\htdocs\www\PHP\NestiECommerce\vendor\twig\twig\src\Template.php(367): Twig\Template->displayWithErrorHandling(Array, Array)
#11 C:\xampp\htdocs\www\PHP\NestiECommerce\writable\cache\twig\a1\a1f5fe914f3d443e292edbd44d848c999f6401a925d41b815f6e0eb4164ec08b.php(43): Twig\Template->display(Array, Array)
#12 C:\xampp\htdocs\www\PHP\NestiECommerce\vendor\twig\twig\src\Template.php(394): __TwigTemplate_2641a140de6d9486d533158c501ed80c0c9dcec648696e25af31e83d680d774f->doDisplay(Array, Array)
#13 C:\xampp\htdocs\www\PHP\NestiECommerce\vendor\twig\twig\src\Template.php(367): Twig\Template->displayWithErrorHandling(Array, Array)
#14 C:\xampp\htdocs\www\PHP\NestiECommerce\vendor\twig\twig\src\Template.php(379): Twig\Template->display(Array)
#15 C:\xampp\htdocs\www\PHP\NestiECommerce\vendor\twig\twig\src\TemplateWrapper.php(40): Twig\Template->render(Array, Array)
#16 C:\xampp\htdocs\www\PHP\NestiECommerce\vendor\twig\twig\src\Environment.php(277): Twig\TemplateWrapper->render(Array)
#17 C:\xampp\htdocs\www\PHP\NestiECommerce\vendor\kenjis\codeigniter-ss-twig\src\CI4Twig\Twig.php(177): Twig\Environment->render('users/oneUser.t...', Array)
#18 C:\xampp\htdocs\www\PHP\NestiECommerce\vendor\kenjis\codeigniter-ss-twig\src\CI4Twig\Twig.php(156): Kenjis\CI4Twig\Twig->render('users/oneUser.t...', Array)
#19 C:\xampp\htdocs\www\PHP\NestiECommerce\app\Controllers\UsersController.php(10): Kenjis\CI4Twig\Twig->display('users/oneUser', Array)
#20 C:\xampp\htdocs\www\PHP\NestiECommerce\vendor\codeigniter4\framework\system\CodeIgniter.php(937): App\Controllers\UsersController->oneUser()
#21 C:\xampp\htdocs\www\PHP\NestiECommerce\vendor\codeigniter4\framework\system\CodeIgniter.php(433): CodeIgniter\CodeIgniter->runController(Object(App\Controllers\UsersController))
#22 C:\xampp\htdocs\www\PHP\NestiECommerce\vendor\codeigniter4\framework\system\CodeIgniter.php(334): CodeIgniter\CodeIgniter->handleRequest(NULL, Object(Config\Cache), false)
#23 C:\xampp\htdocs\www\PHP\NestiECommerce\public\index.php(44): CodeIgniter\CodeIgniter->run()
#24 {main}
